(18,35)-(18,61)
(17,15)-(17,66)
(16,10)-(16,31)
(17,15)-(17,66)
(16,16)-(16,31)
(17,15)-(17,66)
(18,35)-(18,61)
(19,13)-(19,34)
(18,35)-(18,61)
(15,10)-(18,68)
(18,35)-(18,61)
(19,18)-(19,33)
(18,35)-(18,61)
(19,18)-(19,33)
(18,35)-(18,61)
(19,18)-(19,33)
(18,35)-(18,61)
(4,12)-(9,69)
(18,35)-(18,61)
(4,15)-(9,69)
(17,15)-(17,66)
(18,35)-(18,61)
(17,15)-(17,66)
(18,35)-(18,61)
(18,35)-(18,61)
(15,10)-(18,68)
(18,35)-(18,61)
(4,12)-(9,69)
(18,35)-(18,61)
(19,13)-(19,34)
(18,35)-(18,61)
(19,18)-(19,33)
(18,35)-(18,61)
(19,18)-(19,33)
(18,35)-(18,61)
(19,18)-(19,33)
(18,35)-(18,61)
(4,15)-(9,69)
(18,35)-(18,61)
(17,15)-(17,66)
