(19,51)-(19,72)
(21,24)-(21,55)
(22,18)-(22,44)
(19,51)-(19,72)
(21,24)-(21,55)
(22,18)-(22,44)
(19,51)-(19,72)
(21,24)-(21,55)
(22,18)-(22,44)
(19,51)-(19,72)
(21,24)-(21,55)
(22,18)-(22,44)
(19,51)-(19,72)
(21,24)-(21,55)
(22,18)-(22,44)
(19,51)-(19,72)
(21,24)-(21,55)
(22,18)-(22,44)
(19,51)-(19,72)
(21,24)-(21,55)
(22,18)-(22,44)
(19,51)-(19,72)
(21,24)-(21,55)
(22,18)-(22,44)
(19,6)-(19,72)
(21,24)-(21,55)
(22,18)-(22,44)
(19,6)-(19,72)
(21,24)-(21,55)
(22,18)-(22,44)
(19,6)-(19,72)
(21,24)-(21,55)
(22,18)-(22,44)
(19,6)-(19,72)
(21,24)-(21,55)
(22,18)-(22,44)
(19,6)-(19,72)
(21,24)-(21,55)
(22,18)-(22,44)
(19,6)-(19,72)
(21,24)-(21,55)
(22,18)-(22,44)
(19,6)-(19,72)
(21,24)-(21,55)
(22,18)-(22,44)
(19,6)-(19,72)
(21,24)-(21,55)
(22,18)-(22,44)
