(17,23)-(17,47)
(17,50)-(17,74)
(18,21)-(18,58)
(17,23)-(17,74)
(17,23)-(17,47)
(17,50)-(17,74)
(18,21)-(18,58)
(17,23)-(17,74)
(17,23)-(17,47)
(17,50)-(17,74)
(18,21)-(18,58)
(17,23)-(17,74)
(17,23)-(17,47)
(17,50)-(17,74)
(18,21)-(18,58)
(17,23)-(17,74)
(17,23)-(17,47)
(17,72)-(17,73)
(18,21)-(18,58)
(17,23)-(17,74)
(17,23)-(17,47)
(17,50)-(17,74)
(18,21)-(18,58)
(17,23)-(17,74)
(17,23)-(17,47)
(17,50)-(17,74)
(18,21)-(18,58)
(17,23)-(17,74)
(17,45)-(17,46)
(17,72)-(17,73)
(18,21)-(18,58)
(17,23)-(17,74)
(17,45)-(17,46)
(17,50)-(17,74)
(18,21)-(18,58)
(17,23)-(17,74)
(17,45)-(17,46)
(17,50)-(17,74)
(18,21)-(18,58)
(17,23)-(17,74)
(17,23)-(17,47)
(17,50)-(17,74)
(18,21)-(18,58)
(17,23)-(17,74)
(17,23)-(17,47)
(17,50)-(17,74)
(18,21)-(18,58)
(17,23)-(17,74)
(17,23)-(17,47)
(17,72)-(17,73)
(18,21)-(18,58)
(17,23)-(17,74)
(17,23)-(17,47)
(17,72)-(17,73)
(18,21)-(18,58)
(17,23)-(17,74)
(17,23)-(17,47)
(17,50)-(17,74)
(18,21)-(18,58)
(17,23)-(17,74)
(17,23)-(17,47)
(17,50)-(17,74)
(18,21)-(18,58)
(17,23)-(17,74)
(17,23)-(17,47)
(17,50)-(17,74)
(18,21)-(18,58)
(17,23)-(17,74)
(17,23)-(17,47)
(17,50)-(17,74)
(18,21)-(18,58)
(17,23)-(17,74)
(17,23)-(17,47)
(17,50)-(17,74)
(18,21)-(18,58)
(17,23)-(17,74)
(17,23)-(17,47)
(17,50)-(17,74)
(18,21)-(18,58)
(17,23)-(17,74)
(17,23)-(17,47)
(17,50)-(17,74)
(15,14)-(15,34)
(16,16)-(16,36)
(17,23)-(17,47)
(17,72)-(17,73)
(18,21)-(18,58)
(17,23)-(17,74)
(17,23)-(17,47)
(17,50)-(17,74)
(18,21)-(18,58)
(17,23)-(17,74)
(17,23)-(17,47)
(17,50)-(17,74)
(18,21)-(18,58)
(17,23)-(17,74)
