(18,18)-(18,44)
(19,13)-(19,34)
(18,18)-(18,44)
(19,13)-(19,34)
(18,18)-(18,44)
(14,10)-(18,51)
(18,18)-(18,44)
(14,10)-(18,51)
(18,18)-(18,44)
(19,18)-(19,33)
(18,18)-(18,44)
(19,18)-(19,33)
(18,18)-(18,44)
(19,18)-(19,33)
(18,18)-(18,44)
(19,18)-(19,33)
(18,18)-(18,44)
(19,18)-(19,33)
(18,18)-(18,44)
(19,18)-(19,33)
(18,18)-(18,44)
(5,16)-(8,67)
(18,18)-(18,44)
(5,16)-(8,67)
(18,18)-(18,44)
(5,19)-(8,67)
(18,18)-(18,44)
(5,19)-(8,67)
(18,18)-(18,44)
(3,44)-(3,66)
(18,18)-(18,44)
(3,44)-(3,66)
(18,18)-(18,44)
(19,18)-(19,33)
(18,18)-(18,44)
(19,13)-(19,34)
(18,18)-(18,44)
(14,10)-(18,51)
(18,18)-(18,44)
(19,18)-(19,33)
(18,18)-(18,44)
(19,18)-(19,33)
(18,18)-(18,44)
(5,19)-(8,67)
(18,18)-(18,44)
(5,16)-(8,67)
(18,18)-(18,44)
(3,44)-(3,66)
