(29,30)-(29,39)
(30,23)-(30,46)
(30,23)-(30,58)
(18,2)-(30,58)
(29,20)-(29,39)
(29,30)-(29,39)
(30,23)-(30,46)
(30,23)-(30,58)
(18,2)-(30,58)
(29,20)-(29,39)
(29,20)-(29,39)
(18,2)-(30,58)
(30,23)-(30,46)
(30,23)-(30,58)
(18,2)-(30,58)
(29,20)-(29,39)
(18,2)-(30,58)
(30,23)-(30,46)
(30,23)-(30,58)
(18,2)-(30,58)
(29,30)-(29,39)
(30,23)-(30,46)
(30,23)-(30,58)
(18,2)-(30,58)
(29,20)-(29,39)
(29,30)-(29,39)
(30,23)-(30,46)
(30,23)-(30,58)
(18,2)-(30,58)
(29,20)-(29,39)
(29,20)-(29,39)
(29,30)-(29,39)
(30,23)-(30,46)
(30,23)-(30,58)
(18,2)-(30,58)
(29,20)-(29,39)
(29,30)-(29,39)
(30,23)-(30,46)
(30,23)-(30,58)
(18,2)-(30,58)
