(37,14)-(37,34)
(38,14)-(38,45)
(40,14)-(40,39)
(26,15)-(26,39)
(38,14)-(38,45)
(40,14)-(40,39)
(26,25)-(26,39)
(38,14)-(38,45)
(40,14)-(40,39)
(26,15)-(26,39)
(38,14)-(38,45)
(40,14)-(40,39)
(37,14)-(37,34)
(38,14)-(38,45)
(40,14)-(40,39)
(26,25)-(26,39)
(38,14)-(38,45)
(40,14)-(40,39)
(26,15)-(26,39)
(24,16)-(24,67)
(40,14)-(40,39)
(37,14)-(37,34)
(24,16)-(24,67)
(40,14)-(40,39)
(26,25)-(26,39)
(24,16)-(24,67)
(40,14)-(40,39)
(26,15)-(26,39)
(24,38)-(24,67)
(40,14)-(40,39)
(37,14)-(37,34)
(24,38)-(24,67)
(40,14)-(40,39)
(26,25)-(26,39)
(24,38)-(24,67)
(40,14)-(40,39)
(37,14)-(37,34)
(38,14)-(38,45)
(40,14)-(40,39)
(26,15)-(26,39)
(38,14)-(38,45)
(40,14)-(40,39)
(37,14)-(37,34)
(38,14)-(38,45)
(40,14)-(40,39)
(26,15)-(26,39)
(38,14)-(38,45)
(40,14)-(40,39)
(26,15)-(26,39)
(24,16)-(24,67)
(40,14)-(40,39)
(37,14)-(37,34)
(24,16)-(24,67)
(40,14)-(40,39)
(26,15)-(26,39)
(24,38)-(24,67)
(40,14)-(40,39)
(37,14)-(37,34)
(24,38)-(24,67)
(40,14)-(40,39)
(26,25)-(26,39)
(38,14)-(38,45)
(40,14)-(40,39)
(26,25)-(26,39)
(38,14)-(38,45)
(40,14)-(40,39)
(26,25)-(26,39)
(24,16)-(24,67)
(40,14)-(40,39)
(26,25)-(26,39)
(24,38)-(24,67)
(40,14)-(40,39)
(26,15)-(26,39)
(38,14)-(38,45)
(18,15)-(18,46)
(37,14)-(37,34)
(38,14)-(38,45)
(18,15)-(18,46)
(26,15)-(26,39)
(38,14)-(38,45)
(18,15)-(18,46)
(37,14)-(37,34)
(38,14)-(38,45)
(18,15)-(18,46)
(26,15)-(26,39)
(24,16)-(24,67)
(18,15)-(18,46)
(37,14)-(37,34)
(24,16)-(24,67)
(18,15)-(18,46)
(26,15)-(26,39)
(24,38)-(24,67)
(18,15)-(18,46)
(37,14)-(37,34)
(24,38)-(24,67)
(18,15)-(18,46)
(26,25)-(26,39)
(38,14)-(38,45)
(18,15)-(18,46)
(26,25)-(26,39)
(38,14)-(38,45)
(18,15)-(18,46)
(26,25)-(26,39)
(24,16)-(24,67)
(18,15)-(18,46)
(26,25)-(26,39)
(24,38)-(24,67)
(18,15)-(18,46)
(26,15)-(26,39)
(38,14)-(38,45)
(18,28)-(18,46)
(37,14)-(37,34)
(38,14)-(38,45)
(18,28)-(18,46)
(26,15)-(26,39)
(38,14)-(38,45)
(18,28)-(18,46)
(37,14)-(37,34)
(38,14)-(38,45)
(18,28)-(18,46)
(26,15)-(26,39)
(24,16)-(24,67)
(18,28)-(18,46)
(37,14)-(37,34)
(24,16)-(24,67)
(18,28)-(18,46)
(37,14)-(37,34)
(24,38)-(24,67)
(18,28)-(18,46)
(26,15)-(26,39)
(24,38)-(24,67)
(18,28)-(18,46)
(26,25)-(26,39)
(38,14)-(38,45)
(18,28)-(18,46)
(26,25)-(26,39)
(38,14)-(38,45)
(18,28)-(18,46)
(26,25)-(26,39)
(24,16)-(24,67)
(18,28)-(18,46)
(26,25)-(26,39)
(24,38)-(24,67)
(18,28)-(18,46)
(37,14)-(37,34)
(38,14)-(38,45)
(40,14)-(40,39)
(37,14)-(37,34)
(24,16)-(24,67)
(40,14)-(40,39)
(37,14)-(37,34)
(38,14)-(38,45)
(18,15)-(18,46)
(37,14)-(37,34)
(24,16)-(24,67)
(18,15)-(18,46)
(37,14)-(37,34)
(38,14)-(38,45)
(40,14)-(40,39)
(37,14)-(37,34)
(24,16)-(24,67)
(40,14)-(40,39)
(37,14)-(37,34)
(38,14)-(38,45)
(18,28)-(18,46)
(37,14)-(37,34)
(24,16)-(24,67)
(18,28)-(18,46)
(37,14)-(37,34)
(38,14)-(38,45)
(40,14)-(40,39)
(37,14)-(37,34)
(38,14)-(38,45)
(40,14)-(40,39)
(37,14)-(37,34)
(38,14)-(38,45)
(18,15)-(18,46)
(37,14)-(37,34)
(38,14)-(38,45)
(18,28)-(18,46)
(37,14)-(37,34)
(24,38)-(24,67)
(40,14)-(40,39)
(37,14)-(37,34)
(24,38)-(24,67)
(40,14)-(40,39)
(37,14)-(37,34)
(24,38)-(24,67)
(18,15)-(18,46)
(37,14)-(37,34)
(24,38)-(24,67)
(18,28)-(18,46)
