(4,22)-(4,23)
(4,31)-(4,75)
(4,22)-(4,23)
(4,31)-(4,75)
(4,22)-(4,23)
(2,20)-(4,75)
(4,22)-(4,23)
(2,20)-(4,75)
(4,31)-(4,75)
(2,20)-(4,75)
(4,22)-(4,23)
(4,46)-(4,68)
(4,22)-(4,23)
(4,46)-(4,68)
(4,31)-(4,75)
(4,46)-(4,68)
(4,22)-(4,23)
(4,31)-(4,69)
(4,22)-(4,23)
(4,31)-(4,69)
(4,31)-(4,75)
(4,31)-(4,69)
(4,22)-(4,23)
(4,46)-(4,68)
(4,22)-(4,23)
(4,46)-(4,68)
(4,31)-(4,75)
(4,46)-(4,68)
(4,31)-(4,75)
(4,22)-(4,23)
(4,31)-(4,75)
(4,22)-(4,23)
(4,31)-(4,75)
(2,20)-(4,75)
(4,31)-(4,75)
(4,46)-(4,68)
(4,31)-(4,75)
(4,31)-(4,69)
(4,31)-(4,75)
(4,46)-(4,68)
