(17,18)-(17,44)
(18,13)-(18,34)
(17,18)-(17,44)
(18,13)-(18,34)
(16,15)-(16,35)
(18,13)-(18,34)
(16,15)-(16,35)
(18,13)-(18,34)
(17,18)-(17,44)
(13,10)-(17,51)
(17,18)-(17,44)
(13,10)-(17,51)
(16,15)-(16,35)
(13,10)-(17,51)
(16,15)-(16,35)
(13,10)-(17,51)
(17,18)-(17,44)
(18,18)-(18,33)
(17,18)-(17,44)
(18,18)-(18,33)
(16,15)-(16,35)
(18,18)-(18,33)
(16,15)-(16,35)
(18,18)-(18,33)
(17,18)-(17,44)
(18,18)-(18,33)
(17,18)-(17,44)
(18,18)-(18,33)
(16,15)-(16,35)
(18,18)-(18,33)
(16,15)-(16,35)
(18,18)-(18,33)
(17,18)-(17,44)
(18,18)-(18,33)
(17,18)-(17,44)
(18,18)-(18,33)
(16,15)-(16,35)
(18,18)-(18,33)
(16,15)-(16,35)
(18,18)-(18,33)
(17,18)-(17,44)
(4,12)-(7,70)
(17,18)-(17,44)
(4,12)-(7,70)
(16,15)-(16,35)
(4,12)-(7,70)
(16,15)-(16,35)
(4,12)-(7,70)
(17,18)-(17,44)
(4,15)-(7,70)
(17,18)-(17,44)
(4,15)-(7,70)
(16,15)-(16,35)
(4,15)-(7,70)
(16,15)-(16,35)
(4,15)-(7,70)
(17,18)-(17,44)
(7,3)-(7,35)
(17,18)-(17,44)
(7,3)-(7,35)
(16,15)-(16,35)
(7,3)-(7,35)
(16,15)-(16,35)
(7,3)-(7,35)
(17,18)-(17,44)
(7,3)-(7,35)
(17,18)-(17,44)
(7,3)-(7,35)
(16,15)-(16,35)
(7,3)-(7,35)
(16,15)-(16,35)
(7,3)-(7,35)
(17,18)-(17,44)
(7,3)-(7,35)
(17,18)-(17,44)
(7,3)-(7,35)
(16,15)-(16,35)
(7,3)-(7,35)
(16,15)-(16,35)
(7,3)-(7,35)
(17,18)-(17,44)
(16,28)-(16,35)
(17,18)-(17,44)
(16,28)-(16,35)
(16,15)-(16,35)
(16,28)-(16,35)
(16,15)-(16,35)
(16,28)-(16,35)
(17,18)-(17,44)
(18,13)-(18,34)
(17,18)-(17,44)
(18,18)-(18,33)
(17,18)-(17,44)
(18,18)-(18,33)
(17,18)-(17,44)
(13,10)-(17,51)
(17,18)-(17,44)
(18,18)-(18,33)
(17,18)-(17,44)
(4,12)-(7,70)
(17,18)-(17,44)
(7,3)-(7,35)
(17,18)-(17,44)
(4,15)-(7,70)
(17,18)-(17,44)
(7,3)-(7,35)
(17,18)-(17,44)
(7,3)-(7,35)
(17,18)-(17,44)
(16,28)-(16,35)
