(11,30)-(11,39)
(12,34)-(12,43)
(5,2)-(5,10)
(10,2)-(12,49)
(11,30)-(11,39)
(12,34)-(12,43)
(5,2)-(5,10)
(10,2)-(12,49)
(11,30)-(11,39)
(12,34)-(12,43)
(5,2)-(5,10)
(10,2)-(12,49)
(11,30)-(11,39)
(12,34)-(12,43)
(12,25)-(12,47)
(10,2)-(12,49)
(11,30)-(11,39)
(12,34)-(12,43)
(5,2)-(5,10)
(12,12)-(12,48)
(11,30)-(11,39)
(12,34)-(12,43)
(5,2)-(5,10)
(12,12)-(12,48)
(11,30)-(11,39)
(12,34)-(12,43)
(5,2)-(5,10)
(12,12)-(12,48)
(11,30)-(11,39)
(12,34)-(12,43)
(5,2)-(5,10)
(12,12)-(12,48)
(11,30)-(11,39)
(12,34)-(12,43)
(12,25)-(12,47)
(12,12)-(12,48)
(11,30)-(11,39)
(12,34)-(12,43)
(12,25)-(12,47)
(12,12)-(12,48)
(11,30)-(11,39)
(12,34)-(12,43)
(5,2)-(5,10)
(12,12)-(12,48)
(11,30)-(11,39)
(12,34)-(12,43)
(5,2)-(5,10)
(12,12)-(12,48)
(11,30)-(11,39)
(12,34)-(12,43)
(2,14)-(5,10)
(10,2)-(12,49)
(11,30)-(11,39)
(12,34)-(12,43)
(2,14)-(5,10)
(12,12)-(12,48)
(11,30)-(11,39)
(12,34)-(12,43)
(2,14)-(5,10)
(12,12)-(12,48)
(11,30)-(11,39)
(12,34)-(12,43)
(2,16)-(5,10)
(10,2)-(12,49)
(11,30)-(11,39)
(12,34)-(12,43)
(2,16)-(5,10)
(12,12)-(12,48)
(11,30)-(11,39)
(12,34)-(12,43)
(2,16)-(5,10)
(12,12)-(12,48)
(11,30)-(11,39)
(12,34)-(12,43)
(12,25)-(12,47)
(10,2)-(12,49)
(11,30)-(11,39)
(12,34)-(12,43)
(12,25)-(12,47)
(12,12)-(12,48)
(11,30)-(11,39)
(12,34)-(12,43)
(12,25)-(12,47)
(12,12)-(12,48)
(11,30)-(11,39)
(12,34)-(12,43)
(4,4)-(4,61)
(10,2)-(12,49)
(11,30)-(11,39)
(12,34)-(12,43)
(4,4)-(4,61)
(12,12)-(12,48)
(11,30)-(11,39)
(12,34)-(12,43)
(4,4)-(4,61)
(12,12)-(12,48)
(11,30)-(11,39)
(12,34)-(12,43)
(12,25)-(12,47)
(10,2)-(12,49)
(11,30)-(11,39)
(12,34)-(12,43)
(12,25)-(12,47)
(12,12)-(12,48)
(11,30)-(11,39)
(12,34)-(12,43)
(12,25)-(12,47)
(12,12)-(12,48)
(11,30)-(11,39)
(12,34)-(12,43)
(5,2)-(5,10)
(10,2)-(12,49)
(11,30)-(11,39)
(12,34)-(12,43)
(2,16)-(5,10)
(10,2)-(12,49)
(11,30)-(11,39)
(12,34)-(12,43)
(5,2)-(5,10)
(10,2)-(12,49)
(11,30)-(11,39)
(12,34)-(12,43)
(12,25)-(12,47)
(10,2)-(12,49)
(11,30)-(11,39)
(12,34)-(12,43)
(5,2)-(5,10)
(10,2)-(12,49)
(11,30)-(11,39)
(12,34)-(12,43)
(12,25)-(12,47)
(10,2)-(12,49)
(11,30)-(11,39)
(12,34)-(12,43)
(12,25)-(12,47)
(10,2)-(12,49)
(11,30)-(11,39)
(12,34)-(12,43)
(2,14)-(5,10)
(10,2)-(12,49)
(11,30)-(11,39)
(12,34)-(12,43)
(4,4)-(4,61)
(10,2)-(12,49)
