(21,11)-(21,20)
(33,12)-(33,18)
(27,2)-(45,71)
(32,12)-(32,18)
(33,12)-(33,18)
(27,2)-(45,71)
(21,11)-(21,20)
(23,11)-(23,20)
(27,2)-(45,71)
(32,12)-(32,18)
(23,11)-(23,20)
(27,2)-(45,71)
(21,11)-(21,20)
(33,12)-(33,18)
(28,7)-(28,27)
(32,12)-(32,18)
(33,12)-(33,18)
(28,7)-(28,27)
(21,11)-(21,20)
(23,11)-(23,20)
(28,7)-(28,27)
(32,12)-(32,18)
(23,11)-(23,20)
(28,7)-(28,27)
(21,11)-(21,20)
(33,12)-(33,18)
(28,7)-(28,27)
(32,12)-(32,18)
(33,12)-(33,18)
(28,7)-(28,27)
(21,11)-(21,20)
(23,11)-(23,20)
(28,7)-(28,27)
(32,12)-(32,18)
(23,11)-(23,20)
(28,7)-(28,27)
(21,11)-(21,20)
(23,11)-(23,20)
(28,7)-(28,27)
(32,12)-(32,18)
(23,11)-(23,20)
(28,7)-(28,27)
(21,11)-(21,20)
(33,12)-(33,18)
(28,7)-(28,27)
(32,12)-(32,18)
(33,12)-(33,18)
(28,7)-(28,27)
