(11,9)-(11,26)
(17,15)-(17,43)
(18,17)-(18,45)
(22,6)-(22,67)
(15,13)-(15,27)
(16,13)-(16,27)
(11,9)-(11,26)
(17,15)-(17,43)
(18,17)-(18,45)
(22,6)-(22,67)
(15,13)-(15,27)
(16,13)-(16,27)
(11,9)-(11,26)
(17,15)-(17,43)
(18,17)-(18,45)
(22,6)-(22,67)
(15,13)-(15,27)
(16,13)-(16,27)
(11,9)-(11,26)
(17,15)-(17,43)
(18,17)-(18,45)
(22,6)-(22,67)
(15,13)-(15,27)
(16,13)-(16,27)
(11,9)-(11,26)
(17,15)-(17,43)
(18,17)-(18,45)
(22,6)-(22,67)
(15,13)-(15,27)
(16,13)-(16,27)
(11,9)-(11,26)
(17,15)-(17,43)
(18,17)-(18,45)
(22,6)-(22,67)
(15,13)-(15,27)
(16,13)-(16,27)
(11,9)-(11,26)
(17,15)-(17,43)
(18,17)-(18,45)
(22,6)-(22,67)
(15,13)-(15,27)
(16,13)-(16,27)
(11,9)-(11,26)
(17,15)-(17,43)
(18,17)-(18,45)
(22,6)-(22,67)
(15,13)-(15,27)
(16,13)-(16,27)
(11,9)-(11,26)
(17,15)-(17,43)
(18,17)-(18,45)
(22,6)-(22,67)
(15,13)-(15,27)
(16,13)-(16,27)
(11,9)-(11,26)
(17,15)-(17,43)
(18,17)-(18,45)
(22,6)-(22,67)
(15,13)-(15,27)
(16,13)-(16,27)
(11,9)-(11,26)
(17,15)-(17,43)
(18,17)-(18,45)
(22,6)-(22,67)
(15,13)-(15,27)
(16,13)-(16,27)
(11,9)-(11,26)
(17,15)-(17,43)
(18,17)-(18,45)
(22,6)-(22,67)
(15,13)-(15,27)
(16,13)-(16,27)
(11,9)-(11,26)
(17,15)-(17,43)
(18,17)-(18,45)
(22,6)-(22,67)
(15,13)-(15,27)
(16,13)-(16,27)
(11,9)-(11,26)
(17,15)-(17,43)
(18,17)-(18,45)
(22,6)-(22,67)
(15,13)-(15,27)
(16,13)-(16,27)
(11,9)-(11,26)
(17,15)-(17,43)
(18,17)-(18,45)
(22,6)-(22,67)
(15,13)-(15,27)
(16,13)-(16,27)
(11,9)-(11,26)
(17,15)-(17,43)
(18,17)-(18,45)
(22,6)-(22,67)
(15,13)-(15,27)
(16,13)-(16,27)
(17,19)-(17,43)
(18,21)-(18,45)
(22,6)-(22,67)
(19,23)-(19,62)
(20,21)-(20,58)
(19,23)-(19,66)
(17,19)-(17,43)
(18,21)-(18,45)
(22,6)-(22,67)
(19,23)-(19,62)
(20,21)-(20,58)
(19,23)-(19,66)
(17,19)-(17,43)
(18,21)-(18,45)
(22,6)-(22,67)
(19,23)-(19,62)
(20,21)-(20,58)
(19,23)-(19,66)
(17,19)-(17,43)
(18,21)-(18,45)
(22,6)-(22,67)
(19,23)-(19,62)
(20,21)-(20,58)
(19,23)-(19,66)
(11,9)-(11,26)
(17,15)-(17,43)
(18,17)-(18,45)
(22,6)-(22,67)
(15,13)-(15,27)
(16,13)-(16,27)
(11,9)-(11,26)
(17,15)-(17,43)
(18,17)-(18,45)
(22,6)-(22,67)
(15,13)-(15,27)
(16,13)-(16,27)
(11,9)-(11,26)
(17,15)-(17,43)
(18,17)-(18,45)
(22,6)-(22,67)
(15,13)-(15,27)
(16,13)-(16,27)
(11,9)-(11,26)
(17,15)-(17,43)
(18,17)-(18,45)
(22,6)-(22,67)
(15,13)-(15,27)
(16,13)-(16,27)
(11,9)-(11,26)
(17,15)-(17,43)
(18,17)-(18,45)
(22,6)-(22,67)
(15,13)-(15,27)
(16,13)-(16,27)
(11,9)-(11,26)
(17,15)-(17,43)
(18,17)-(18,45)
(22,6)-(22,67)
(15,13)-(15,27)
(16,13)-(16,27)
(11,9)-(11,26)
(17,15)-(17,43)
(18,17)-(18,45)
(22,6)-(22,67)
(15,13)-(15,27)
(16,13)-(16,27)
(11,9)-(11,26)
(17,15)-(17,43)
(18,17)-(18,45)
(22,6)-(22,67)
(15,13)-(15,27)
(16,13)-(16,27)
(11,9)-(11,26)
(17,15)-(17,43)
(18,17)-(18,45)
(22,6)-(22,67)
(15,13)-(15,27)
(16,13)-(16,27)
(11,9)-(11,26)
(17,15)-(17,43)
(18,17)-(18,45)
(22,6)-(22,67)
(15,13)-(15,27)
(16,13)-(16,27)
(11,9)-(11,26)
(17,15)-(17,43)
(18,17)-(18,45)
(22,6)-(22,67)
(15,13)-(15,27)
(16,13)-(16,27)
