(18,16)-(18,27)
(16,2)-(18,47)
(18,16)-(18,27)
(16,2)-(18,47)
(17,11)-(17,24)
(16,2)-(18,47)
(17,11)-(17,28)
(16,2)-(18,47)
(17,11)-(17,28)
(16,2)-(18,47)
(17,27)-(17,28)
(16,2)-(18,47)
(17,11)-(17,24)
(16,2)-(18,47)
(18,16)-(18,27)
(16,2)-(18,47)
(18,16)-(18,27)
(16,2)-(18,47)
(17,11)-(17,24)
(16,2)-(18,47)
(17,11)-(17,28)
(16,2)-(18,47)
(17,11)-(17,28)
(16,2)-(18,47)
(17,27)-(17,28)
(16,2)-(18,47)
(17,11)-(17,24)
(16,2)-(18,47)
(18,31)-(18,46)
(18,16)-(18,27)
(18,31)-(18,46)
(18,16)-(18,27)
(18,31)-(18,46)
(17,11)-(17,24)
(18,31)-(18,46)
(17,11)-(17,28)
(18,31)-(18,46)
(16,2)-(18,47)
(18,31)-(18,46)
(17,11)-(17,28)
(18,31)-(18,46)
(17,11)-(17,24)
(18,31)-(18,46)
(17,27)-(17,28)
(18,31)-(18,46)
(16,2)-(18,47)
