(22,25)-(22,35)
(25,18)-(25,44)
(22,25)-(22,35)
(25,18)-(25,44)
(22,25)-(22,35)
(25,18)-(25,44)
(22,25)-(22,35)
(25,18)-(25,44)
(22,25)-(22,35)
(25,18)-(25,44)
(22,25)-(22,35)
(25,18)-(25,44)
(22,25)-(22,35)
(25,18)-(25,44)
(22,25)-(22,35)
(25,18)-(25,44)
(22,25)-(22,35)
(25,18)-(25,44)
(22,25)-(22,35)
(25,18)-(25,44)
(22,25)-(22,35)
(25,18)-(25,44)
(22,25)-(22,35)
(25,18)-(25,44)
(22,13)-(22,35)
(25,18)-(25,44)
(22,13)-(22,35)
(25,18)-(25,44)
(22,13)-(22,35)
(25,18)-(25,44)
(22,13)-(22,35)
(25,18)-(25,44)
