(12,30)-(12,55)
(10,2)-(12,68)
(9,28)-(12,68)
(12,30)-(12,55)
(10,2)-(12,68)
(9,28)-(12,68)
(12,30)-(12,55)
(12,39)-(12,54)
(9,28)-(12,68)
(12,30)-(12,55)
(12,39)-(12,54)
(9,28)-(12,68)
(12,30)-(12,55)
(2,16)-(5,36)
(9,28)-(12,68)
(12,30)-(12,55)
(2,16)-(5,36)
(9,28)-(12,68)
(12,30)-(12,55)
(5,22)-(5,36)
(9,28)-(12,68)
(12,30)-(12,55)
(5,22)-(5,36)
(9,28)-(12,68)
(12,30)-(12,55)
(10,2)-(12,68)
(12,9)-(12,68)
(12,30)-(12,55)
(10,2)-(12,68)
(12,9)-(12,68)
(12,30)-(12,55)
(12,39)-(12,54)
(12,9)-(12,68)
(12,30)-(12,55)
(12,39)-(12,54)
(12,9)-(12,68)
(12,30)-(12,55)
(2,16)-(5,36)
(12,9)-(12,68)
(12,30)-(12,55)
(2,16)-(5,36)
(12,9)-(12,68)
(12,30)-(12,55)
(5,22)-(5,36)
(12,9)-(12,68)
(12,30)-(12,55)
(5,22)-(5,36)
(12,9)-(12,68)
(12,30)-(12,55)
(10,2)-(12,68)
(9,30)-(12,68)
(12,30)-(12,55)
(10,2)-(12,68)
(9,30)-(12,68)
(12,30)-(12,55)
(12,39)-(12,54)
(9,30)-(12,68)
(12,30)-(12,55)
(12,39)-(12,54)
(9,30)-(12,68)
(12,30)-(12,55)
(2,16)-(5,36)
(9,30)-(12,68)
(12,30)-(12,55)
(2,16)-(5,36)
(9,30)-(12,68)
(12,30)-(12,55)
(5,22)-(5,36)
(9,30)-(12,68)
(12,30)-(12,55)
(5,22)-(5,36)
(9,30)-(12,68)
(12,30)-(12,55)
(10,2)-(12,68)
(12,9)-(12,68)
(12,30)-(12,55)
(10,2)-(12,68)
(12,9)-(12,68)
(12,30)-(12,55)
(2,16)-(5,36)
(12,9)-(12,68)
(12,30)-(12,55)
(2,16)-(5,36)
(12,9)-(12,68)
(12,30)-(12,55)
(12,39)-(12,54)
(12,9)-(12,68)
(12,30)-(12,55)
(12,39)-(12,54)
(12,9)-(12,68)
(12,30)-(12,55)
(5,22)-(5,36)
(12,9)-(12,68)
(12,30)-(12,55)
(5,22)-(5,36)
(12,9)-(12,68)
(12,30)-(12,55)
(10,2)-(12,68)
(12,9)-(12,68)
(12,30)-(12,55)
(5,22)-(5,36)
(12,9)-(12,68)
(12,30)-(12,55)
(12,39)-(12,54)
(12,9)-(12,68)
(12,30)-(12,55)
(10,2)-(12,68)
(12,9)-(12,68)
(12,30)-(12,55)
(5,22)-(5,36)
(12,9)-(12,68)
(12,30)-(12,55)
(12,39)-(12,54)
(12,9)-(12,68)
(12,30)-(12,55)
(2,16)-(5,36)
(12,9)-(12,68)
(12,30)-(12,55)
(2,16)-(5,36)
(12,9)-(12,68)
(12,29)-(12,68)
(5,22)-(5,36)
(12,9)-(12,68)
(12,29)-(12,68)
(5,22)-(5,36)
(12,9)-(12,68)
(12,29)-(12,68)
(5,22)-(5,36)
(12,9)-(12,68)
(12,29)-(12,68)
(5,22)-(5,36)
(9,28)-(12,68)
(12,29)-(12,68)
(12,39)-(12,54)
(12,9)-(12,68)
(12,29)-(12,68)
(12,39)-(12,54)
(12,9)-(12,68)
(12,29)-(12,68)
(12,39)-(12,54)
(12,9)-(12,68)
(12,29)-(12,68)
(12,39)-(12,54)
(9,28)-(12,68)
(12,29)-(12,68)
(5,22)-(5,36)
(9,30)-(12,68)
(12,29)-(12,68)
(12,39)-(12,54)
(9,30)-(12,68)
(12,29)-(12,68)
(2,16)-(5,36)
(12,9)-(12,68)
(12,29)-(12,68)
(2,16)-(5,36)
(12,9)-(12,68)
(12,29)-(12,68)
(2,16)-(5,36)
(12,9)-(12,68)
(12,29)-(12,68)
(2,16)-(5,36)
(9,28)-(12,68)
(12,29)-(12,68)
(2,16)-(5,36)
(9,30)-(12,68)
(12,29)-(12,68)
(10,2)-(12,68)
(12,9)-(12,68)
(12,29)-(12,68)
(10,2)-(12,68)
(12,9)-(12,68)
(12,29)-(12,68)
(10,2)-(12,68)
(12,9)-(12,68)
(12,29)-(12,68)
(10,2)-(12,68)
(9,28)-(12,68)
(12,29)-(12,68)
(10,2)-(12,68)
(9,30)-(12,68)
