(17,52)-(17,70)
(22,2)-(22,34)
(17,52)-(17,70)
(22,2)-(22,34)
(17,52)-(17,70)
(22,2)-(22,34)
(17,52)-(17,70)
(22,13)-(22,34)
(17,52)-(17,70)
(22,13)-(22,34)
(17,52)-(17,70)
(22,13)-(22,34)
(17,52)-(17,70)
(22,13)-(22,34)
(17,52)-(17,70)
(22,13)-(22,34)
(17,52)-(17,70)
(22,13)-(22,34)
(17,52)-(17,70)
(14,10)-(21,47)
(17,52)-(17,70)
(14,10)-(21,47)
(17,52)-(17,70)
(14,10)-(21,47)
(17,52)-(17,70)
(21,14)-(21,40)
(17,52)-(17,70)
(21,14)-(21,40)
(17,52)-(17,70)
(21,14)-(21,40)
(17,52)-(17,70)
(21,14)-(21,40)
(17,52)-(17,70)
(21,14)-(21,40)
(17,52)-(17,70)
(21,14)-(21,40)
(17,52)-(17,70)
(21,14)-(21,40)
(17,52)-(17,70)
(21,14)-(21,40)
(17,52)-(17,70)
(21,14)-(21,40)
(17,52)-(17,70)
(21,14)-(21,40)
(17,52)-(17,70)
(21,14)-(21,40)
(17,52)-(17,70)
(21,14)-(21,40)
(17,52)-(17,70)
(15,10)-(18,14)
(17,52)-(17,70)
(15,10)-(18,14)
(17,52)-(17,70)
(15,10)-(18,14)
(17,52)-(17,70)
(17,19)-(17,77)
(17,52)-(17,70)
(17,19)-(17,77)
(17,52)-(17,70)
(17,19)-(17,77)
(17,52)-(17,70)
(11,39)-(11,44)
(17,52)-(17,70)
(11,39)-(11,44)
(17,52)-(17,70)
(11,39)-(11,44)
(17,52)-(17,70)
(11,39)-(11,44)
(17,52)-(17,70)
(11,39)-(11,44)
(17,52)-(17,70)
(11,39)-(11,44)
(17,52)-(17,70)
(11,43)-(11,44)
(17,52)-(17,70)
(11,43)-(11,44)
(17,52)-(17,70)
(11,43)-(11,44)
(17,52)-(17,70)
(17,19)-(17,72)
(17,52)-(17,70)
(17,19)-(17,72)
(17,52)-(17,70)
(17,19)-(17,72)
(17,52)-(17,70)
(17,19)-(17,72)
(17,52)-(17,70)
(17,19)-(17,72)
(17,52)-(17,70)
(17,19)-(17,72)
(17,31)-(17,71)
(22,2)-(22,34)
(17,31)-(17,71)
(22,13)-(22,34)
(17,31)-(17,71)
(14,10)-(21,47)
(17,31)-(17,71)
(22,13)-(22,34)
(17,31)-(17,71)
(21,14)-(21,40)
(17,31)-(17,71)
(21,14)-(21,40)
(17,31)-(17,71)
(15,10)-(18,14)
(17,31)-(17,71)
(21,14)-(21,40)
(17,31)-(17,71)
(21,14)-(21,40)
(17,31)-(17,71)
(17,19)-(17,77)
(17,31)-(17,71)
(11,43)-(11,44)
(17,31)-(17,71)
(11,39)-(11,44)
(17,31)-(17,71)
(11,39)-(11,44)
(17,31)-(17,71)
(17,19)-(17,72)
(17,31)-(17,71)
(17,19)-(17,72)
