(3,51)-(3,61)
(3,24)-(3,46)
(3,51)-(3,61)
(3,24)-(3,46)
(3,51)-(3,61)
(3,24)-(3,46)
(3,51)-(3,61)
(2,20)-(3,65)
(3,51)-(3,61)
(2,20)-(3,65)
(3,51)-(3,61)
(2,20)-(3,65)
(3,51)-(3,61)
(3,2)-(3,65)
(3,51)-(3,61)
(3,2)-(3,65)
(3,51)-(3,61)
(3,2)-(3,65)
(3,51)-(3,61)
(3,24)-(3,65)
(3,51)-(3,61)
(3,24)-(3,65)
(3,51)-(3,61)
(3,24)-(3,65)
(3,51)-(3,61)
(3,24)-(3,46)
(3,51)-(3,61)
(3,24)-(3,46)
(3,51)-(3,61)
(3,24)-(3,46)
(3,50)-(3,65)
(3,24)-(3,46)
(3,50)-(3,65)
(2,20)-(3,65)
(3,50)-(3,65)
(3,2)-(3,65)
(3,50)-(3,65)
(3,24)-(3,46)
(3,50)-(3,65)
(3,24)-(3,65)
