(11,17)-(11,43)
(19,15)-(19,39)
(34,26)-(34,53)
(32,27)-(32,54)
(19,15)-(19,39)
(34,26)-(34,53)
(32,27)-(32,54)
(19,15)-(19,39)
(34,26)-(34,53)
(11,17)-(11,43)
(33,25)-(33,52)
(34,26)-(34,53)
(32,27)-(32,54)
(33,25)-(33,52)
(34,26)-(34,53)
(32,27)-(32,54)
(33,25)-(33,52)
(34,26)-(34,53)
(32,14)-(32,54)
(19,15)-(19,39)
(34,26)-(34,53)
(32,14)-(32,54)
(33,25)-(33,52)
(34,26)-(34,53)
(11,17)-(11,43)
(33,25)-(33,52)
(34,26)-(34,53)
(32,27)-(32,54)
(33,25)-(33,52)
(34,26)-(34,53)
(32,27)-(32,54)
(33,25)-(33,52)
(34,26)-(34,53)
(32,14)-(32,54)
(33,25)-(33,52)
(34,26)-(34,53)
(32,27)-(32,54)
(33,25)-(33,52)
(34,14)-(34,53)
(32,27)-(32,54)
(19,15)-(19,39)
(34,14)-(34,53)
(11,17)-(11,43)
(33,25)-(33,52)
(34,14)-(34,53)
(11,17)-(11,43)
(19,15)-(19,39)
(34,14)-(34,53)
(32,27)-(32,54)
(33,25)-(33,52)
(17,16)-(17,67)
(32,27)-(32,54)
(19,15)-(19,39)
(17,16)-(17,67)
(11,17)-(11,43)
(33,25)-(33,52)
(17,16)-(17,67)
(11,17)-(11,43)
(19,15)-(19,39)
(17,16)-(17,67)
(32,27)-(32,54)
(33,25)-(33,52)
(34,26)-(34,53)
(32,27)-(32,54)
(19,15)-(19,39)
(34,26)-(34,53)
(11,17)-(11,43)
(33,25)-(33,52)
(34,26)-(34,53)
(11,17)-(11,43)
(19,15)-(19,39)
(34,26)-(34,53)
(32,27)-(32,54)
(33,25)-(33,52)
(34,14)-(34,53)
(32,27)-(32,54)
(19,15)-(19,39)
(34,14)-(34,53)
(32,27)-(32,54)
(33,25)-(33,52)
(17,16)-(17,67)
(32,27)-(32,54)
(19,15)-(19,39)
(17,16)-(17,67)
(32,27)-(32,54)
(33,25)-(33,52)
(34,26)-(34,53)
(32,27)-(32,54)
(19,15)-(19,39)
(34,26)-(34,53)
(32,27)-(32,54)
(33,25)-(33,52)
(17,16)-(17,67)
(32,27)-(32,54)
(33,25)-(33,52)
(34,26)-(34,53)
(32,27)-(32,54)
(33,25)-(33,52)
(34,14)-(34,53)
(11,17)-(11,43)
(33,25)-(33,52)
(17,16)-(17,67)
(11,17)-(11,43)
(33,25)-(33,52)
(34,26)-(34,53)
(11,17)-(11,43)
(33,25)-(33,52)
(34,14)-(34,53)
(32,27)-(32,54)
(33,25)-(33,52)
(17,16)-(17,67)
(32,27)-(32,54)
(33,25)-(33,52)
(34,26)-(34,53)
(32,27)-(32,54)
(33,25)-(33,52)
(34,14)-(34,53)
(32,14)-(32,54)
(33,25)-(33,52)
(17,16)-(17,67)
(32,14)-(32,54)
(19,15)-(19,39)
(17,16)-(17,67)
(32,14)-(32,54)
(33,25)-(33,52)
(34,14)-(34,53)
(32,14)-(32,54)
(19,15)-(19,39)
(34,14)-(34,53)
(32,14)-(32,54)
(33,25)-(33,52)
(34,26)-(34,53)
(32,14)-(32,54)
(19,15)-(19,39)
(34,26)-(34,53)
(32,14)-(32,54)
(33,25)-(33,52)
(34,14)-(34,53)
(32,14)-(32,54)
(33,25)-(33,52)
(34,26)-(34,53)
(32,14)-(32,54)
(33,25)-(33,52)
(17,16)-(17,67)
(32,27)-(32,54)
(33,14)-(33,52)
(17,16)-(17,67)
(32,27)-(32,54)
(33,14)-(33,52)
(17,16)-(17,67)
(11,17)-(11,43)
(33,14)-(33,52)
(17,16)-(17,67)
(32,27)-(32,54)
(33,14)-(33,52)
(34,26)-(34,53)
(32,27)-(32,54)
(33,14)-(33,52)
(34,26)-(34,53)
(11,17)-(11,43)
(33,14)-(33,52)
(34,26)-(34,53)
(32,27)-(32,54)
(33,14)-(33,52)
(34,14)-(34,53)
(32,27)-(32,54)
(33,14)-(33,52)
(34,14)-(34,53)
(11,17)-(11,43)
(33,14)-(33,52)
(34,14)-(34,53)
(32,27)-(32,54)
(33,14)-(33,52)
(34,26)-(34,53)
(32,27)-(32,54)
(33,14)-(33,52)
(34,26)-(34,53)
(11,17)-(11,43)
(33,14)-(33,52)
(34,26)-(34,53)
(32,14)-(32,54)
(33,14)-(33,52)
(17,16)-(17,67)
(32,14)-(32,54)
(33,14)-(33,52)
(34,26)-(34,53)
(32,14)-(32,54)
(33,14)-(33,52)
(34,14)-(34,53)
(32,14)-(32,54)
(33,14)-(33,52)
(34,26)-(34,53)
