(2,14)-(7,23)
(14,9)-(14,71)
(11,7)-(11,69)
(2,16)-(7,23)
(14,9)-(14,71)
(11,7)-(11,69)
(7,2)-(7,23)
(14,9)-(14,71)
(11,7)-(11,69)
(7,2)-(7,23)
(14,9)-(14,71)
(11,7)-(11,69)
(7,2)-(7,23)
(14,9)-(14,71)
(11,7)-(11,69)
(6,16)-(6,47)
(14,9)-(14,71)
(11,7)-(11,69)
(11,13)-(11,69)
(14,9)-(14,65)
(13,4)-(14,71)
(11,13)-(11,69)
(14,9)-(14,65)
(13,4)-(14,71)
(11,13)-(11,69)
(14,60)-(14,64)
(13,4)-(14,71)
(7,2)-(7,23)
(14,9)-(14,71)
(10,2)-(14,71)
(7,2)-(7,23)
(14,9)-(14,71)
(10,2)-(14,71)
(2,16)-(7,23)
(14,9)-(14,71)
(10,2)-(14,71)
(2,14)-(7,23)
(14,9)-(14,71)
(10,2)-(14,71)
(7,2)-(7,23)
(14,9)-(14,71)
(10,2)-(14,71)
(7,2)-(7,23)
(14,9)-(14,71)
(10,2)-(14,71)
(7,2)-(7,23)
(14,9)-(14,71)
(10,2)-(14,71)
(2,16)-(7,23)
(14,9)-(14,71)
(10,2)-(14,71)
(2,14)-(7,23)
(14,9)-(14,71)
(10,2)-(14,71)
(7,2)-(7,23)
(14,9)-(14,71)
(10,2)-(14,71)
(7,2)-(7,23)
(14,9)-(14,71)
(13,4)-(14,71)
(7,2)-(7,23)
(14,9)-(14,71)
(13,4)-(14,71)
(2,16)-(7,23)
(14,9)-(14,71)
(13,4)-(14,71)
(2,14)-(7,23)
(14,9)-(14,71)
(13,4)-(14,71)
(7,2)-(7,23)
(14,9)-(14,71)
(13,4)-(14,71)
(6,16)-(6,47)
(14,9)-(14,71)
(10,2)-(14,71)
(6,16)-(6,47)
(14,9)-(14,71)
(10,2)-(14,71)
(6,16)-(6,47)
(14,9)-(14,71)
(13,4)-(14,71)
(11,13)-(11,69)
(14,9)-(14,65)
(13,4)-(14,71)
(11,13)-(11,69)
(14,9)-(14,65)
(13,4)-(14,71)
(11,13)-(11,69)
(14,60)-(14,64)
(13,4)-(14,71)
(2,16)-(7,23)
(11,7)-(11,69)
(13,4)-(14,71)
(7,2)-(7,23)
(11,7)-(11,69)
(13,4)-(14,71)
(7,2)-(7,23)
(11,7)-(11,69)
(13,4)-(14,71)
(7,2)-(7,23)
(11,7)-(11,69)
(13,4)-(14,71)
(2,14)-(7,23)
(11,7)-(11,69)
(13,4)-(14,71)
(6,16)-(6,47)
(11,7)-(11,69)
(13,4)-(14,71)
