(28,24)-(28,45)
(29,22)-(29,43)
(30,23)-(30,44)
(22,2)-(30,44)
(28,24)-(28,45)
(29,22)-(29,43)
(30,23)-(30,44)
(22,2)-(30,44)
(28,24)-(28,45)
(29,22)-(29,43)
(30,23)-(30,44)
(22,2)-(30,44)
(28,24)-(28,45)
(29,22)-(29,43)
(30,23)-(30,44)
(22,2)-(30,44)
(28,24)-(28,45)
(29,22)-(29,43)
(30,23)-(30,44)
(22,2)-(30,44)
(28,24)-(28,45)
(29,22)-(29,43)
(30,23)-(30,44)
(22,2)-(30,44)
(28,24)-(28,45)
(29,22)-(29,43)
(30,23)-(30,44)
(22,2)-(30,44)
(28,24)-(28,45)
(29,22)-(29,43)
(30,23)-(30,44)
(22,2)-(30,44)
(28,24)-(28,45)
(29,22)-(29,43)
(30,11)-(30,44)
(22,2)-(30,44)
(28,24)-(28,45)
(29,22)-(29,43)
(30,11)-(30,44)
(22,2)-(30,44)
(28,24)-(28,45)
(29,22)-(29,43)
(30,11)-(30,44)
(22,2)-(30,44)
(28,24)-(28,45)
(29,22)-(29,43)
(30,11)-(30,44)
(22,2)-(30,44)
(28,24)-(28,45)
(29,22)-(29,43)
(17,16)-(17,67)
(22,2)-(30,44)
(28,24)-(28,45)
(29,22)-(29,43)
(17,16)-(17,67)
(22,2)-(30,44)
(28,24)-(28,45)
(29,22)-(29,43)
(17,16)-(17,67)
(22,2)-(30,44)
(28,24)-(28,45)
(29,22)-(29,43)
(17,16)-(17,67)
(22,2)-(30,44)
(28,24)-(28,45)
(29,11)-(29,43)
(17,16)-(17,67)
(22,2)-(30,44)
(28,24)-(28,45)
(29,11)-(29,43)
(30,11)-(30,44)
(22,2)-(30,44)
(28,24)-(28,45)
(29,11)-(29,43)
(17,16)-(17,67)
(22,2)-(30,44)
(28,24)-(28,45)
(29,11)-(29,43)
(30,11)-(30,44)
(22,2)-(30,44)
(28,24)-(28,45)
(29,11)-(29,43)
(30,23)-(30,44)
(22,2)-(30,44)
(28,24)-(28,45)
(29,11)-(29,43)
(30,23)-(30,44)
(22,2)-(30,44)
(28,24)-(28,45)
(19,15)-(19,39)
(17,16)-(17,67)
(22,2)-(30,44)
(28,24)-(28,45)
(19,15)-(19,39)
(30,11)-(30,44)
(22,2)-(30,44)
(28,24)-(28,45)
(19,15)-(19,39)
(17,16)-(17,67)
(22,2)-(30,44)
(28,24)-(28,45)
(19,15)-(19,39)
(30,11)-(30,44)
(22,2)-(30,44)
(28,24)-(28,45)
(19,15)-(19,39)
(30,23)-(30,44)
(22,2)-(30,44)
(28,24)-(28,45)
(19,15)-(19,39)
(30,23)-(30,44)
(22,2)-(30,44)
(28,24)-(28,45)
(29,11)-(29,43)
(30,23)-(30,44)
(22,2)-(30,44)
(28,24)-(28,45)
(29,11)-(29,43)
(30,23)-(30,44)
(22,2)-(30,44)
(28,24)-(28,45)
(19,15)-(19,39)
(30,23)-(30,44)
(22,2)-(30,44)
(28,24)-(28,45)
(19,15)-(19,39)
(30,23)-(30,44)
(22,2)-(30,44)
(28,11)-(28,45)
(29,22)-(29,43)
(30,11)-(30,44)
(22,2)-(30,44)
(28,11)-(28,45)
(29,22)-(29,43)
(30,11)-(30,44)
(22,2)-(30,44)
(28,11)-(28,45)
(29,22)-(29,43)
(30,23)-(30,44)
(22,2)-(30,44)
(28,11)-(28,45)
(29,22)-(29,43)
(30,23)-(30,44)
(22,2)-(30,44)
(28,11)-(28,45)
(29,11)-(29,43)
(30,11)-(30,44)
(22,2)-(30,44)
(28,11)-(28,45)
(29,11)-(29,43)
(30,23)-(30,44)
(22,2)-(30,44)
(28,11)-(28,45)
(29,22)-(29,43)
(17,16)-(17,67)
(22,2)-(30,44)
(28,11)-(28,45)
(29,22)-(29,43)
(17,16)-(17,67)
(22,2)-(30,44)
(28,11)-(28,45)
(29,11)-(29,43)
(17,16)-(17,67)
(22,2)-(30,44)
(28,11)-(28,45)
(19,15)-(19,39)
(30,11)-(30,44)
(22,2)-(30,44)
(28,11)-(28,45)
(19,15)-(19,39)
(30,23)-(30,44)
(22,2)-(30,44)
(28,11)-(28,45)
(19,15)-(19,39)
(17,16)-(17,67)
(22,2)-(30,44)
(11,17)-(11,43)
(29,22)-(29,43)
(30,11)-(30,44)
(22,2)-(30,44)
(11,17)-(11,43)
(29,22)-(29,43)
(30,11)-(30,44)
(22,2)-(30,44)
(11,17)-(11,43)
(29,22)-(29,43)
(30,23)-(30,44)
(22,2)-(30,44)
(11,17)-(11,43)
(29,22)-(29,43)
(30,23)-(30,44)
(22,2)-(30,44)
(11,17)-(11,43)
(29,22)-(29,43)
(17,16)-(17,67)
(22,2)-(30,44)
(11,17)-(11,43)
(29,22)-(29,43)
(17,16)-(17,67)
(22,2)-(30,44)
(11,17)-(11,43)
(29,11)-(29,43)
(30,23)-(30,44)
(22,2)-(30,44)
(11,17)-(11,43)
(29,11)-(29,43)
(30,11)-(30,44)
(22,2)-(30,44)
(11,17)-(11,43)
(29,11)-(29,43)
(17,16)-(17,67)
(22,2)-(30,44)
(11,17)-(11,43)
(19,15)-(19,39)
(30,23)-(30,44)
(22,2)-(30,44)
(11,17)-(11,43)
(19,15)-(19,39)
(30,11)-(30,44)
(22,2)-(30,44)
(11,17)-(11,43)
(19,15)-(19,39)
(17,16)-(17,67)
(22,2)-(30,44)
(28,11)-(28,45)
(29,22)-(29,43)
(30,23)-(30,44)
(22,2)-(30,44)
(28,11)-(28,45)
(29,22)-(29,43)
(30,23)-(30,44)
(22,2)-(30,44)
(28,11)-(28,45)
(29,11)-(29,43)
(30,23)-(30,44)
(22,2)-(30,44)
(11,17)-(11,43)
(29,22)-(29,43)
(30,23)-(30,44)
(22,2)-(30,44)
(11,17)-(11,43)
(29,22)-(29,43)
(30,23)-(30,44)
(22,2)-(30,44)
(11,17)-(11,43)
(29,11)-(29,43)
(30,23)-(30,44)
(22,2)-(30,44)
(28,11)-(28,45)
(19,15)-(19,39)
(30,23)-(30,44)
(22,2)-(30,44)
(11,17)-(11,43)
(19,15)-(19,39)
(30,23)-(30,44)
(22,2)-(30,44)
