(21,18)-(21,30)
(21,14)-(21,30)
(22,16)-(22,29)
(21,18)-(21,30)
(21,14)-(21,30)
(22,16)-(22,29)
(21,18)-(21,30)
(21,14)-(21,30)
(22,16)-(22,29)
(21,18)-(21,30)
(21,14)-(21,30)
(22,16)-(22,29)
(21,18)-(21,30)
(21,14)-(21,30)
(22,16)-(22,29)
(21,18)-(21,30)
(21,14)-(21,30)
(22,16)-(22,29)
(21,18)-(21,30)
(21,14)-(21,30)
(22,16)-(22,29)
(21,18)-(21,30)
(21,14)-(21,30)
(22,16)-(22,29)
(21,18)-(21,30)
(21,14)-(21,30)
(22,16)-(22,29)
(21,18)-(21,30)
(19,13)-(19,22)
(20,13)-(20,22)
(21,18)-(21,30)
(11,11)-(11,20)
(20,13)-(20,22)
(21,18)-(21,30)
(19,13)-(19,22)
(20,13)-(20,22)
(21,18)-(21,30)
(19,13)-(19,22)
(20,13)-(20,22)
(21,18)-(21,30)
(19,13)-(19,22)
(20,13)-(20,22)
(21,18)-(21,30)
(11,11)-(11,20)
(20,13)-(20,22)
(21,18)-(21,30)
(19,13)-(19,22)
(20,13)-(20,22)
(21,18)-(21,30)
(19,13)-(19,22)
(20,13)-(20,22)
(21,18)-(21,30)
(19,13)-(19,22)
(20,13)-(20,22)
(21,18)-(21,30)
(11,11)-(11,20)
(20,13)-(20,22)
(21,18)-(21,30)
(19,13)-(19,22)
(20,13)-(20,22)
(21,18)-(21,30)
(19,13)-(19,22)
(20,13)-(20,22)
(21,18)-(21,30)
(19,13)-(19,22)
(13,11)-(13,20)
(21,18)-(21,30)
(11,11)-(11,20)
(13,11)-(13,20)
(21,18)-(21,30)
(19,13)-(19,22)
(13,11)-(13,20)
(21,18)-(21,30)
(19,13)-(19,22)
(13,11)-(13,20)
(21,18)-(21,30)
(21,14)-(21,30)
(22,16)-(22,29)
(21,18)-(21,30)
(21,14)-(21,30)
(22,16)-(22,29)
(21,18)-(21,30)
(21,14)-(21,30)
(22,16)-(22,29)
(21,18)-(21,30)
(21,14)-(21,30)
(22,16)-(22,29)
(21,18)-(21,30)
(19,13)-(19,22)
(20,13)-(20,22)
(21,18)-(21,30)
(11,11)-(11,20)
(20,13)-(20,22)
(21,18)-(21,30)
(19,13)-(19,22)
(20,13)-(20,22)
(21,18)-(21,30)
(21,14)-(21,30)
(22,16)-(22,29)
(21,18)-(21,30)
(21,14)-(21,30)
(22,16)-(22,29)
(21,18)-(21,30)
(19,13)-(19,22)
(20,13)-(20,22)
(21,18)-(21,30)
(11,11)-(11,20)
(20,13)-(20,22)
(21,18)-(21,30)
(19,13)-(19,22)
(20,13)-(20,22)
(21,18)-(21,30)
(19,13)-(19,22)
(20,13)-(20,22)
(21,18)-(21,30)
(11,11)-(11,20)
(20,13)-(20,22)
(21,18)-(21,30)
(19,13)-(19,22)
(20,13)-(20,22)
(21,18)-(21,30)
(19,13)-(19,22)
(13,11)-(13,20)
(21,18)-(21,30)
(11,11)-(11,20)
(13,11)-(13,20)
(21,18)-(21,30)
(19,13)-(19,22)
(13,11)-(13,20)
(21,18)-(21,30)
(19,13)-(19,22)
(20,13)-(20,22)
(21,18)-(21,30)
(19,13)-(19,22)
(20,13)-(20,22)
(21,18)-(21,30)
(19,13)-(19,22)
(20,13)-(20,22)
(21,18)-(21,30)
(19,13)-(19,22)
(13,11)-(13,20)
(21,18)-(21,30)
(21,14)-(21,30)
(22,16)-(22,29)
(21,18)-(21,30)
(21,14)-(21,30)
(22,16)-(22,29)
(21,18)-(21,30)
(21,14)-(21,30)
(22,16)-(22,29)
