(5,19)-(11,73)
(19,42)-(19,68)
(5,21)-(11,73)
(19,42)-(19,68)
(11,34)-(11,73)
(19,42)-(19,68)
(11,34)-(11,73)
(19,42)-(19,68)
(5,19)-(11,73)
(19,42)-(19,68)
(5,21)-(11,73)
(19,42)-(19,68)
(11,34)-(11,73)
(19,42)-(19,68)
(11,34)-(11,73)
(19,42)-(19,68)
(5,19)-(11,73)
(19,42)-(19,68)
(5,21)-(11,73)
(19,42)-(19,68)
(11,34)-(11,73)
(19,42)-(19,68)
(11,34)-(11,73)
(19,42)-(19,68)
(5,19)-(11,73)
(19,42)-(19,68)
(5,21)-(11,73)
(19,42)-(19,68)
(11,34)-(11,73)
(19,42)-(19,68)
(11,34)-(11,73)
(19,42)-(19,68)
