(40,50)-(40,59)
(38,4)-(40,63)
(42,42)-(42,68)
(40,50)-(40,58)
(38,4)-(40,63)
(42,42)-(42,68)
(40,50)-(40,58)
(38,4)-(40,63)
(42,42)-(42,68)
(40,50)-(40,58)
(38,4)-(40,63)
(42,42)-(42,68)
(40,50)-(40,58)
(40,41)-(40,47)
(42,42)-(42,68)
(17,11)-(26,34)
(39,12)-(39,34)
(42,42)-(42,68)
(26,2)-(26,34)
(39,12)-(39,34)
(42,42)-(42,68)
(26,2)-(26,34)
(39,12)-(39,34)
(42,42)-(42,68)
(40,15)-(40,48)
(39,12)-(39,34)
(42,42)-(42,68)
(40,15)-(40,48)
(39,12)-(39,34)
(42,42)-(42,68)
(40,15)-(40,48)
(39,12)-(39,34)
(42,42)-(42,68)
(17,14)-(26,34)
(39,12)-(39,34)
(42,42)-(42,68)
(17,11)-(26,34)
(39,12)-(39,29)
(42,42)-(42,68)
(26,2)-(26,34)
(39,12)-(39,29)
(42,42)-(42,68)
(26,2)-(26,34)
(39,12)-(39,29)
(42,42)-(42,68)
(40,15)-(40,48)
(39,12)-(39,29)
(42,42)-(42,68)
(40,15)-(40,48)
(39,12)-(39,29)
(42,42)-(42,68)
(40,15)-(40,48)
(39,12)-(39,29)
(42,42)-(42,68)
(17,14)-(26,34)
(39,12)-(39,29)
(42,42)-(42,68)
(17,11)-(26,34)
(39,12)-(39,29)
(42,42)-(42,68)
(26,2)-(26,34)
(39,12)-(39,29)
(42,42)-(42,68)
(26,2)-(26,34)
(39,12)-(39,29)
(42,42)-(42,68)
(40,15)-(40,48)
(39,12)-(39,29)
(42,42)-(42,68)
(40,15)-(40,48)
(39,12)-(39,29)
(42,42)-(42,68)
(40,15)-(40,48)
(39,12)-(39,29)
(42,42)-(42,68)
(17,14)-(26,34)
(39,12)-(39,29)
(42,42)-(42,68)
(17,11)-(26,34)
(39,12)-(39,34)
(42,42)-(42,68)
(26,2)-(26,34)
(39,12)-(39,34)
(42,42)-(42,68)
(26,2)-(26,34)
(39,12)-(39,34)
(42,42)-(42,68)
(40,50)-(40,59)
(38,4)-(40,63)
(42,42)-(42,68)
(40,15)-(40,48)
(39,12)-(39,34)
(42,42)-(42,68)
(40,15)-(40,48)
(39,12)-(39,34)
(42,42)-(42,68)
(40,50)-(40,58)
(38,4)-(40,63)
(42,42)-(42,68)
(17,11)-(26,34)
(39,12)-(39,29)
(42,42)-(42,68)
(26,2)-(26,34)
(39,12)-(39,29)
(42,42)-(42,68)
(26,2)-(26,34)
(39,12)-(39,29)
(42,42)-(42,68)
(40,15)-(40,48)
(39,12)-(39,29)
(42,42)-(42,68)
(40,15)-(40,48)
(39,12)-(39,29)
(42,42)-(42,68)
(40,15)-(40,48)
(39,12)-(39,34)
(42,42)-(42,68)
(40,15)-(40,48)
(39,12)-(39,29)
(42,42)-(42,68)
(40,50)-(40,59)
(38,4)-(40,63)
(42,42)-(42,68)
(17,11)-(26,34)
(39,12)-(39,34)
(42,42)-(42,68)
(26,2)-(26,34)
(39,12)-(39,34)
(42,42)-(42,68)
(26,2)-(26,34)
(39,12)-(39,34)
(42,42)-(42,68)
(40,15)-(40,48)
(39,12)-(39,34)
(42,42)-(42,68)
(40,15)-(40,48)
(39,12)-(39,34)
(42,42)-(42,68)
(17,11)-(26,34)
(39,12)-(39,29)
(42,42)-(42,68)
(26,2)-(26,34)
(39,12)-(39,29)
(42,42)-(42,68)
(26,2)-(26,34)
(39,12)-(39,29)
(42,42)-(42,68)
(40,15)-(40,48)
(39,12)-(39,29)
(42,42)-(42,68)
(40,15)-(40,48)
(39,12)-(39,29)
(42,42)-(42,68)
(40,50)-(40,59)
(38,4)-(40,63)
(42,42)-(42,68)
(17,11)-(26,34)
(39,12)-(39,34)
(42,42)-(42,68)
(26,2)-(26,34)
(39,12)-(39,34)
(42,42)-(42,68)
(26,2)-(26,34)
(39,12)-(39,34)
(42,42)-(42,68)
(40,15)-(40,48)
(39,12)-(39,34)
(42,42)-(42,68)
(17,11)-(26,34)
(39,12)-(39,29)
(42,42)-(42,68)
(26,2)-(26,34)
(39,12)-(39,29)
(42,42)-(42,68)
(26,2)-(26,34)
(39,12)-(39,29)
(42,42)-(42,68)
(40,15)-(40,48)
(39,12)-(39,29)
(42,42)-(42,68)
(40,15)-(40,48)
(39,12)-(39,34)
(42,42)-(42,68)
(40,15)-(40,48)
(39,12)-(39,29)
(42,42)-(42,68)
(26,2)-(26,34)
(28,21)-(34,73)
(42,42)-(42,68)
(26,2)-(26,34)
(28,21)-(34,73)
(42,42)-(42,68)
(26,2)-(26,34)
(28,21)-(34,73)
(42,42)-(42,68)
(26,2)-(26,34)
(28,21)-(34,73)
(42,42)-(42,68)
(17,11)-(26,34)
(28,21)-(34,73)
(42,42)-(42,68)
(17,11)-(26,34)
(28,21)-(34,73)
(42,42)-(42,68)
(26,2)-(26,34)
(39,12)-(39,29)
(42,42)-(42,68)
(26,2)-(26,34)
(39,12)-(39,29)
(42,42)-(42,68)
(26,2)-(26,34)
(34,34)-(34,73)
(42,42)-(42,68)
(26,2)-(26,34)
(34,34)-(34,73)
(42,42)-(42,68)
(26,2)-(26,34)
(28,19)-(34,73)
(42,42)-(42,68)
(26,2)-(26,34)
(28,19)-(34,73)
(42,42)-(42,68)
(26,2)-(26,34)
(34,34)-(34,73)
(42,42)-(42,68)
(26,2)-(26,34)
(34,34)-(34,73)
(42,42)-(42,68)
(26,2)-(26,34)
(39,12)-(39,29)
(42,42)-(42,68)
(26,2)-(26,34)
(39,12)-(39,29)
(42,42)-(42,68)
(26,2)-(26,34)
(39,12)-(39,29)
(42,42)-(42,68)
(26,2)-(26,34)
(34,34)-(34,73)
(42,42)-(42,68)
(26,2)-(26,34)
(34,34)-(34,73)
(42,42)-(42,68)
(26,2)-(26,34)
(39,12)-(39,29)
(42,42)-(42,68)
(26,2)-(26,34)
(34,34)-(34,73)
(42,42)-(42,68)
(26,2)-(26,34)
(34,34)-(34,73)
(42,42)-(42,68)
(26,2)-(26,34)
(28,19)-(34,73)
(42,42)-(42,68)
(26,2)-(26,34)
(28,19)-(34,73)
(42,42)-(42,68)
(26,2)-(26,34)
(39,12)-(39,29)
(42,42)-(42,68)
(26,2)-(26,34)
(34,34)-(34,73)
(42,42)-(42,68)
(26,2)-(26,34)
(39,12)-(39,29)
(42,42)-(42,68)
(26,2)-(26,34)
(34,34)-(34,73)
(42,42)-(42,68)
(26,2)-(26,34)
(39,12)-(39,29)
(42,42)-(42,68)
(26,2)-(26,34)
(39,12)-(39,29)
(42,42)-(42,68)
(26,2)-(26,34)
(28,19)-(34,73)
(42,42)-(42,68)
(26,2)-(26,34)
(28,19)-(34,73)
(42,42)-(42,68)
(26,2)-(26,34)
(39,12)-(39,29)
(42,42)-(42,68)
(26,2)-(26,34)
(34,34)-(34,73)
(42,42)-(42,68)
(26,2)-(26,34)
(39,12)-(39,29)
(42,42)-(42,68)
(26,2)-(26,34)
(34,34)-(34,73)
(42,42)-(42,68)
(26,2)-(26,34)
(39,12)-(39,29)
(42,42)-(42,68)
(26,2)-(26,34)
(39,12)-(39,29)
(42,42)-(42,68)
(26,2)-(26,34)
(34,34)-(34,73)
(42,42)-(42,68)
(26,2)-(26,34)
(34,34)-(34,73)
(42,42)-(42,68)
(26,2)-(26,34)
(28,21)-(34,73)
(42,42)-(42,68)
(26,2)-(26,34)
(28,21)-(34,73)
(42,42)-(42,68)
(26,2)-(26,34)
(28,19)-(34,73)
(42,42)-(42,68)
(26,2)-(26,34)
(28,19)-(34,73)
(42,42)-(42,68)
(26,2)-(26,34)
(34,34)-(34,73)
(42,42)-(42,68)
(26,2)-(26,34)
(34,34)-(34,73)
(42,42)-(42,68)
(26,2)-(26,34)
(28,21)-(34,73)
(42,42)-(42,68)
(26,2)-(26,34)
(28,21)-(34,73)
(42,42)-(42,68)
(40,50)-(40,58)
(38,4)-(40,63)
(42,42)-(42,68)
(40,50)-(40,58)
(38,4)-(40,63)
(42,42)-(42,68)
(40,50)-(40,58)
(38,4)-(40,63)
(42,42)-(42,68)
(40,50)-(40,58)
(38,4)-(40,63)
(42,42)-(42,68)
(40,50)-(40,58)
(38,4)-(40,63)
(42,42)-(42,68)
(40,50)-(40,58)
(38,4)-(40,63)
(42,42)-(42,68)
(40,50)-(40,58)
(38,4)-(40,63)
(42,42)-(42,68)
(40,50)-(40,58)
(38,4)-(40,63)
(42,42)-(42,68)
(17,11)-(26,34)
(39,12)-(39,29)
(42,42)-(42,68)
(17,11)-(26,34)
(34,34)-(34,73)
(42,42)-(42,68)
(17,11)-(26,34)
(39,12)-(39,29)
(42,42)-(42,68)
(17,11)-(26,34)
(34,34)-(34,73)
(42,42)-(42,68)
(17,11)-(26,34)
(39,12)-(39,29)
(42,42)-(42,68)
(40,15)-(40,48)
(39,12)-(39,29)
(42,42)-(42,68)
(40,15)-(40,48)
(34,34)-(34,73)
(42,42)-(42,68)
(40,15)-(40,48)
(39,12)-(39,29)
(42,42)-(42,68)
(40,15)-(40,48)
(34,34)-(34,73)
(42,42)-(42,68)
(40,15)-(40,48)
(39,12)-(39,29)
(42,42)-(42,68)
(40,15)-(40,48)
(39,12)-(39,29)
(42,42)-(42,68)
(40,15)-(40,48)
(34,34)-(34,73)
(42,42)-(42,68)
(40,15)-(40,48)
(39,12)-(39,29)
(42,42)-(42,68)
(40,15)-(40,48)
(34,34)-(34,73)
(42,42)-(42,68)
(40,15)-(40,48)
(39,12)-(39,29)
(42,42)-(42,68)
(17,14)-(26,34)
(39,12)-(39,29)
(42,42)-(42,68)
(17,14)-(26,34)
(34,34)-(34,73)
(42,42)-(42,68)
(17,14)-(26,34)
(39,12)-(39,29)
(42,42)-(42,68)
(40,15)-(40,48)
(39,12)-(39,29)
(42,42)-(42,68)
(40,15)-(40,48)
(34,34)-(34,73)
(42,42)-(42,68)
(17,14)-(26,34)
(39,12)-(39,29)
(42,42)-(42,68)
(17,14)-(26,34)
(34,34)-(34,73)
(42,42)-(42,68)
(40,15)-(40,48)
(39,12)-(39,29)
(42,42)-(42,68)
(40,15)-(40,48)
(34,34)-(34,73)
(42,42)-(42,68)
(17,14)-(26,34)
(39,12)-(39,34)
(42,42)-(42,68)
(17,14)-(26,34)
(39,12)-(39,29)
(42,42)-(42,68)
(17,14)-(26,34)
(39,12)-(39,29)
(42,42)-(42,68)
(40,15)-(40,48)
(39,12)-(39,34)
(42,42)-(42,68)
(40,15)-(40,48)
(39,12)-(39,34)
(42,42)-(42,68)
(17,14)-(26,34)
(39,12)-(39,34)
(42,42)-(42,68)
(17,14)-(26,34)
(39,12)-(39,34)
(42,42)-(42,68)
(40,15)-(40,48)
(39,12)-(39,29)
(42,42)-(42,68)
(40,15)-(40,48)
(39,12)-(39,29)
(42,42)-(42,68)
(40,14)-(40,59)
(38,4)-(40,63)
(42,42)-(42,68)
(40,14)-(40,59)
(38,4)-(40,63)
(42,42)-(42,68)
(40,14)-(40,59)
(38,4)-(40,63)
(42,42)-(42,68)
(17,11)-(26,34)
(34,34)-(34,73)
(42,42)-(42,68)
(40,15)-(40,48)
(34,34)-(34,73)
(42,42)-(42,68)
(17,14)-(26,34)
(34,34)-(34,73)
(42,42)-(42,68)
(40,15)-(40,48)
(34,34)-(34,73)
(42,42)-(42,68)
(17,11)-(26,34)
(34,34)-(34,73)
(42,42)-(42,68)
(40,15)-(40,48)
(34,34)-(34,73)
(42,42)-(42,68)
(17,14)-(26,34)
(34,34)-(34,73)
(42,42)-(42,68)
(40,15)-(40,48)
(34,34)-(34,73)
(42,42)-(42,68)
(17,11)-(26,34)
(39,12)-(39,29)
(42,42)-(42,68)
(40,15)-(40,48)
(39,12)-(39,29)
(42,42)-(42,68)
(17,14)-(26,34)
(39,12)-(39,29)
(42,42)-(42,68)
(40,15)-(40,48)
(39,12)-(39,29)
(42,42)-(42,68)
(17,11)-(26,34)
(28,21)-(34,73)
(42,42)-(42,68)
(40,15)-(40,48)
(28,21)-(34,73)
(42,42)-(42,68)
(17,14)-(26,34)
(28,21)-(34,73)
(42,42)-(42,68)
(40,15)-(40,48)
(28,21)-(34,73)
(42,42)-(42,68)
(17,14)-(26,34)
(28,21)-(34,73)
(42,42)-(42,68)
(40,15)-(40,48)
(28,21)-(34,73)
(42,42)-(42,68)
(40,15)-(40,48)
(28,21)-(34,73)
(42,42)-(42,68)
(17,11)-(26,34)
(28,19)-(34,73)
(42,42)-(42,68)
(40,15)-(40,48)
(28,19)-(34,73)
(42,42)-(42,68)
(17,14)-(26,34)
(28,19)-(34,73)
(42,42)-(42,68)
(17,11)-(26,34)
(28,19)-(34,73)
(42,42)-(42,68)
(40,15)-(40,48)
(28,19)-(34,73)
(42,42)-(42,68)
(17,14)-(26,34)
(28,19)-(34,73)
(42,42)-(42,68)
(40,15)-(40,48)
(28,19)-(34,73)
(42,42)-(42,68)
(40,15)-(40,48)
(28,19)-(34,73)
(42,42)-(42,68)
(17,11)-(26,34)
(34,34)-(34,73)
(42,42)-(42,68)
(40,15)-(40,48)
(34,34)-(34,73)
(42,42)-(42,68)
(17,14)-(26,34)
(34,34)-(34,73)
(42,42)-(42,68)
(40,15)-(40,48)
(34,34)-(34,73)
(42,42)-(42,68)
(17,11)-(26,34)
(39,12)-(39,29)
(42,42)-(42,68)
(40,15)-(40,48)
(39,12)-(39,29)
(42,42)-(42,68)
(17,14)-(26,34)
(39,12)-(39,29)
(42,42)-(42,68)
(40,15)-(40,48)
(39,12)-(39,29)
(42,42)-(42,68)
(40,15)-(40,48)
(34,34)-(34,73)
(42,42)-(42,68)
(40,15)-(40,48)
(39,12)-(39,29)
(42,42)-(42,68)
(17,11)-(26,34)
(34,34)-(34,73)
(42,42)-(42,68)
(17,11)-(26,34)
(39,12)-(39,29)
(42,42)-(42,68)
(40,15)-(40,48)
(28,19)-(34,73)
(42,42)-(42,68)
(17,11)-(26,34)
(28,19)-(34,73)
(42,42)-(42,68)
(40,15)-(40,48)
(28,21)-(34,73)
(42,42)-(42,68)
(17,11)-(26,34)
(28,21)-(34,73)
(42,42)-(42,68)
(17,14)-(26,34)
(34,34)-(34,73)
(42,42)-(42,68)
(17,14)-(26,34)
(39,12)-(39,29)
(42,42)-(42,68)
(17,14)-(26,34)
(28,19)-(34,73)
(42,42)-(42,68)
(17,14)-(26,34)
(28,21)-(34,73)
(42,42)-(42,68)
(40,15)-(40,48)
(34,34)-(34,73)
(42,42)-(42,68)
(17,11)-(26,34)
(34,34)-(34,73)
(42,42)-(42,68)
(17,14)-(26,34)
(34,34)-(34,73)
(42,42)-(42,68)
(40,15)-(40,48)
(34,34)-(34,73)
(42,42)-(42,68)
(40,15)-(40,48)
(39,12)-(39,29)
(42,42)-(42,68)
(40,15)-(40,48)
(28,19)-(34,73)
(42,42)-(42,68)
(40,15)-(40,48)
(28,21)-(34,73)
(42,42)-(42,68)
(40,15)-(40,48)
(39,12)-(39,29)
(42,42)-(42,68)
(17,11)-(26,34)
(39,12)-(39,29)
(42,42)-(42,68)
(40,15)-(40,48)
(39,12)-(39,29)
(42,42)-(42,68)
(15,23)-(15,25)
(15,56)-(15,57)
(42,42)-(42,68)
(15,23)-(15,25)
(15,56)-(15,57)
(42,42)-(42,68)
(40,15)-(40,48)
(34,34)-(34,73)
(42,42)-(42,68)
(40,15)-(40,48)
(34,34)-(34,73)
(42,42)-(42,68)
(40,15)-(40,48)
(28,19)-(34,73)
(42,42)-(42,68)
(17,11)-(26,34)
(34,34)-(34,73)
(42,42)-(42,68)
(17,11)-(26,34)
(28,19)-(34,73)
(42,42)-(42,68)
(40,15)-(40,48)
(34,34)-(34,73)
(42,42)-(42,68)
(40,15)-(40,48)
(28,19)-(34,73)
(42,42)-(42,68)
(17,14)-(26,34)
(34,34)-(34,73)
(42,42)-(42,68)
(17,14)-(26,34)
(28,19)-(34,73)
(42,42)-(42,68)
(17,14)-(26,34)
(39,12)-(39,29)
(42,42)-(42,68)
(17,14)-(26,34)
(39,12)-(39,29)
(42,42)-(42,68)
(40,15)-(40,48)
(28,21)-(34,73)
(42,42)-(42,68)
(40,15)-(40,48)
(28,21)-(34,73)
(42,42)-(42,68)
(17,14)-(26,34)
(28,21)-(34,73)
(42,42)-(42,68)
(40,15)-(40,48)
(34,34)-(34,73)
(42,42)-(42,68)
(40,15)-(40,48)
(34,34)-(34,73)
(42,42)-(42,68)
(40,15)-(40,48)
(39,12)-(39,29)
(42,42)-(42,68)
(40,15)-(40,48)
(34,34)-(34,73)
(42,42)-(42,68)
(40,15)-(40,48)
(39,12)-(39,29)
(42,42)-(42,68)
(40,15)-(40,48)
(28,19)-(34,73)
(42,42)-(42,68)
(40,15)-(40,48)
(28,19)-(34,73)
(42,42)-(42,68)
(40,15)-(40,48)
(28,19)-(34,73)
(42,42)-(42,68)
(40,15)-(40,48)
(28,21)-(34,73)
(42,42)-(42,68)
(40,15)-(40,48)
(28,21)-(34,73)
(42,42)-(42,68)
(40,15)-(40,48)
(28,21)-(34,73)
(42,42)-(42,68)
(40,14)-(40,59)
(39,12)-(39,29)
(42,42)-(42,68)
(40,14)-(40,59)
(34,34)-(34,73)
(42,42)-(42,68)
(40,14)-(40,59)
(39,12)-(39,29)
(42,42)-(42,68)
(40,14)-(40,59)
(39,12)-(39,29)
(42,42)-(42,68)
(40,14)-(40,59)
(34,34)-(34,73)
(42,42)-(42,68)
(40,14)-(40,59)
(39,12)-(39,29)
(42,42)-(42,68)
(40,14)-(40,59)
(39,12)-(39,34)
(42,42)-(42,68)
(40,14)-(40,59)
(39,12)-(39,34)
(42,42)-(42,68)
(40,14)-(40,59)
(28,19)-(34,73)
(42,42)-(42,68)
(40,14)-(40,59)
(28,19)-(34,73)
(42,42)-(42,68)
(15,36)-(15,48)
(14,19)-(15,57)
(42,42)-(42,68)
(15,36)-(15,48)
(14,19)-(15,57)
(42,42)-(42,68)
(15,36)-(15,48)
(14,19)-(15,57)
(42,42)-(42,68)
(15,36)-(15,48)
(14,19)-(15,57)
(42,42)-(42,68)
(15,36)-(15,48)
(14,19)-(15,57)
(42,42)-(42,68)
(15,36)-(15,48)
(14,19)-(15,57)
(42,42)-(42,68)
(40,50)-(40,58)
(40,41)-(40,47)
(42,42)-(42,68)
(15,36)-(15,48)
(14,19)-(15,57)
(42,42)-(42,68)
(15,36)-(15,48)
(14,19)-(15,57)
(42,42)-(42,68)
(15,36)-(15,48)
(14,19)-(15,57)
(42,42)-(42,68)
(40,15)-(40,48)
(34,34)-(34,73)
(42,42)-(42,68)
(40,15)-(40,48)
(39,12)-(39,29)
(42,42)-(42,68)
(40,15)-(40,48)
(34,34)-(34,73)
(42,42)-(42,68)
(40,15)-(40,48)
(39,12)-(39,29)
(42,42)-(42,68)
(15,36)-(15,48)
(14,19)-(15,57)
(42,42)-(42,68)
(15,36)-(15,48)
(14,19)-(15,57)
(42,42)-(42,68)
(15,36)-(15,48)
(14,19)-(15,57)
(42,42)-(42,68)
(40,15)-(40,48)
(34,34)-(34,73)
(42,42)-(42,68)
(40,15)-(40,48)
(28,19)-(34,73)
(42,42)-(42,68)
(40,15)-(40,48)
(28,21)-(34,73)
(42,42)-(42,68)
(40,15)-(40,48)
(39,12)-(39,29)
(42,42)-(42,68)
(15,23)-(15,25)
(15,56)-(15,57)
(42,42)-(42,68)
(15,23)-(15,25)
(15,56)-(15,57)
(42,42)-(42,68)
(40,14)-(40,59)
(28,21)-(34,73)
(42,42)-(42,68)
(40,14)-(40,59)
(34,34)-(34,73)
(42,42)-(42,68)
(40,14)-(40,59)
(28,21)-(34,73)
(42,42)-(42,68)
(40,14)-(40,59)
(34,34)-(34,73)
(42,42)-(42,68)
(40,14)-(40,59)
(34,34)-(34,73)
(42,42)-(42,68)
(40,14)-(40,59)
(39,12)-(39,29)
(42,42)-(42,68)
(40,14)-(40,59)
(39,12)-(39,29)
(42,42)-(42,68)
(40,14)-(40,59)
(28,19)-(34,73)
(42,42)-(42,68)
(40,14)-(40,59)
(39,12)-(39,34)
(42,42)-(42,68)
(40,14)-(40,59)
(28,21)-(34,73)
(42,42)-(42,68)
(40,14)-(40,59)
(34,34)-(34,73)
(42,42)-(42,68)
(40,50)-(40,58)
(40,41)-(40,47)
(42,42)-(42,68)
(40,14)-(40,59)
(39,12)-(39,29)
(42,42)-(42,68)
(40,14)-(40,59)
(39,12)-(39,29)
(42,42)-(42,68)
(40,14)-(40,59)
(28,19)-(34,73)
(42,42)-(42,68)
(40,14)-(40,59)
(39,12)-(39,29)
(42,42)-(42,68)
(40,14)-(40,59)
(39,12)-(39,29)
(42,42)-(42,68)
(40,14)-(40,59)
(39,12)-(39,29)
(42,42)-(42,68)
(40,14)-(40,59)
(34,34)-(34,73)
(42,42)-(42,68)
(40,14)-(40,59)
(34,34)-(34,73)
(42,42)-(42,68)
(40,14)-(40,59)
(39,12)-(39,34)
(42,42)-(42,68)
(40,50)-(40,58)
(40,41)-(40,47)
(42,42)-(42,68)
(40,14)-(40,59)
(39,12)-(39,29)
(42,42)-(42,68)
(40,14)-(40,59)
(38,4)-(40,63)
(42,42)-(42,68)
(40,14)-(40,59)
(28,21)-(34,73)
(42,42)-(42,68)
