(13,14)-(13,24)
(11,20)-(11,28)
(15,16)-(15,67)
(23,14)-(39,24)
(13,14)-(13,24)
(11,16)-(11,28)
(15,38)-(15,67)
(23,14)-(39,24)
(13,18)-(13,24)
(11,16)-(11,28)
(15,38)-(15,67)
(23,14)-(39,24)
(13,14)-(13,24)
(11,16)-(11,28)
(15,16)-(15,67)
(23,14)-(39,24)
(13,18)-(13,24)
(11,16)-(11,28)
(15,16)-(15,67)
(23,14)-(39,24)
(13,14)-(13,24)
(11,20)-(11,28)
(15,38)-(15,67)
(23,14)-(39,24)
(13,18)-(13,24)
(11,20)-(11,28)
(15,38)-(15,67)
(23,14)-(39,24)
(13,18)-(13,24)
(11,20)-(11,28)
(15,16)-(15,67)
(23,14)-(39,24)
(13,14)-(13,24)
(11,20)-(11,28)
(35,11)-(37,72)
(23,14)-(39,24)
(13,18)-(13,24)
(11,16)-(11,28)
(35,11)-(37,72)
(23,14)-(39,24)
(13,18)-(13,24)
(11,20)-(11,28)
(35,11)-(37,72)
(23,14)-(39,24)
(13,14)-(13,24)
(11,16)-(11,28)
(35,11)-(37,72)
(23,14)-(39,24)
