(17,32)-(17,40)
(17,26)-(17,41)
(19,23)-(19,60)
(14,2)-(24,28)
(22,6)-(24,28)
(13,13)-(24,28)
(17,32)-(17,40)
(17,26)-(17,41)
(19,23)-(19,60)
(14,2)-(24,28)
(22,6)-(24,28)
(13,13)-(24,28)
(17,32)-(17,40)
(17,26)-(17,41)
(19,59)-(19,60)
(14,2)-(24,28)
(22,6)-(24,28)
(13,13)-(24,28)
(17,32)-(17,40)
(17,26)-(17,41)
(19,59)-(19,60)
(14,2)-(24,28)
(22,6)-(24,28)
(13,13)-(24,28)
(14,2)-(24,28)
(17,26)-(17,41)
(19,23)-(19,60)
(14,2)-(24,28)
(22,6)-(24,28)
(13,13)-(24,28)
(14,2)-(24,28)
(17,26)-(17,41)
(19,23)-(19,60)
(14,2)-(24,28)
(22,6)-(24,28)
(13,13)-(24,28)
(14,2)-(24,28)
(17,26)-(17,41)
(19,23)-(19,60)
(14,2)-(24,28)
(22,6)-(24,28)
(13,13)-(24,28)
(14,2)-(24,28)
(17,26)-(17,41)
(19,23)-(19,60)
(14,2)-(24,28)
(22,6)-(24,28)
(13,13)-(24,28)
(14,2)-(24,28)
(17,19)-(17,42)
(19,23)-(19,60)
(14,2)-(24,28)
(22,6)-(24,28)
(13,13)-(24,28)
(14,2)-(24,28)
(17,19)-(17,42)
(19,23)-(19,60)
(14,2)-(24,28)
(22,6)-(24,28)
(13,13)-(24,28)
(17,32)-(17,40)
(17,19)-(17,42)
(19,59)-(19,60)
(14,2)-(24,28)
(22,6)-(24,28)
(13,13)-(24,28)
(17,32)-(17,40)
(17,19)-(17,42)
(19,23)-(19,60)
(14,2)-(24,28)
(22,6)-(24,28)
(13,13)-(24,28)
(17,32)-(17,40)
(17,26)-(17,41)
(19,23)-(19,60)
(14,2)-(24,28)
(22,6)-(24,28)
(13,13)-(24,28)
(17,32)-(17,40)
(17,19)-(17,42)
(19,23)-(19,60)
(14,2)-(24,28)
(22,6)-(24,28)
(13,13)-(24,28)
(17,32)-(17,40)
(17,26)-(17,41)
(19,23)-(19,60)
(14,2)-(24,28)
(22,6)-(24,28)
(13,13)-(24,28)
(14,2)-(24,28)
(17,19)-(17,42)
(19,23)-(19,60)
(14,2)-(24,28)
(22,6)-(24,28)
(13,13)-(24,28)
(14,2)-(24,28)
(17,26)-(17,41)
(19,59)-(19,60)
(14,2)-(24,28)
(22,6)-(24,28)
(13,13)-(24,28)
(14,2)-(24,28)
(17,26)-(17,41)
(19,59)-(19,60)
(14,2)-(24,28)
(22,6)-(24,28)
(13,13)-(24,28)
(14,2)-(24,28)
(17,19)-(17,42)
(19,59)-(19,60)
(14,2)-(24,28)
(22,6)-(24,28)
(13,13)-(24,28)
(14,2)-(24,28)
(17,19)-(17,42)
(19,23)-(19,60)
(14,2)-(24,28)
(22,6)-(24,28)
(13,13)-(24,28)
(14,2)-(24,28)
(17,19)-(17,42)
(19,59)-(19,60)
(14,2)-(24,28)
(22,6)-(24,28)
(13,13)-(24,28)
(17,32)-(17,40)
(17,19)-(17,42)
(19,23)-(19,60)
(14,2)-(24,28)
(22,6)-(24,28)
(13,13)-(24,28)
(17,32)-(17,40)
(17,19)-(17,42)
(19,23)-(19,60)
(14,2)-(24,28)
(22,6)-(24,28)
(13,13)-(24,28)
(17,32)-(17,40)
(17,19)-(17,42)
(19,59)-(19,60)
(14,2)-(24,28)
(22,6)-(24,28)
(13,13)-(24,28)
