(19,33)-(19,49)
(24,46)-(24,59)
(22,10)-(24,65)
(19,33)-(19,49)
(24,46)-(24,59)
(22,10)-(24,65)
(19,32)-(19,60)
(24,46)-(24,59)
(22,10)-(24,65)
(19,32)-(19,60)
(24,46)-(24,59)
(22,10)-(24,65)
(19,8)-(19,60)
(19,32)-(19,60)
(22,10)-(24,65)
(19,23)-(19,26)
(19,32)-(19,60)
(22,10)-(24,65)
(19,33)-(19,49)
(24,46)-(24,59)
(22,10)-(24,65)
(19,33)-(19,49)
(24,46)-(24,59)
(22,10)-(24,65)
(19,33)-(19,49)
(24,46)-(24,64)
(22,10)-(24,65)
(19,32)-(19,60)
(24,46)-(24,64)
(22,10)-(24,65)
(19,33)-(19,49)
(24,46)-(24,64)
(22,10)-(24,65)
(19,33)-(19,49)
(24,46)-(24,59)
(23,28)-(23,35)
(19,33)-(19,49)
(24,46)-(24,59)
(23,28)-(23,35)
(19,32)-(19,60)
(24,46)-(24,59)
(23,28)-(23,35)
(19,32)-(19,60)
(24,46)-(24,59)
(23,28)-(23,35)
(19,33)-(19,49)
(24,46)-(24,59)
(23,28)-(23,35)
(19,33)-(19,49)
(24,46)-(24,59)
(23,28)-(23,35)
(19,23)-(19,26)
(19,32)-(19,60)
(23,28)-(23,35)
(19,8)-(19,60)
(19,32)-(19,60)
(23,28)-(23,35)
(19,33)-(19,49)
(24,46)-(24,64)
(23,28)-(23,35)
(19,32)-(19,60)
(24,46)-(24,64)
(23,28)-(23,35)
(19,33)-(19,49)
(24,46)-(24,64)
(23,28)-(23,35)
(18,22)-(19,60)
(23,28)-(23,35)
(23,43)-(23,54)
(18,22)-(19,60)
(19,32)-(19,60)
(22,10)-(24,65)
(18,22)-(19,60)
(19,33)-(19,49)
(22,10)-(24,65)
(18,22)-(19,60)
(19,32)-(19,60)
(23,28)-(23,35)
(18,22)-(19,60)
(19,33)-(19,49)
(23,28)-(23,35)
(18,22)-(19,60)
(19,33)-(19,49)
(22,10)-(24,65)
(18,22)-(19,60)
(19,33)-(19,49)
(23,28)-(23,35)
(18,22)-(19,60)
(23,28)-(23,35)
(23,43)-(23,54)
(18,22)-(19,60)
(23,28)-(23,35)
(23,18)-(23,54)
(18,22)-(19,60)
(22,10)-(24,65)
(23,43)-(23,54)
(18,22)-(19,60)
(22,10)-(24,65)
(23,43)-(23,54)
(18,22)-(19,60)
(22,10)-(24,65)
(23,18)-(23,54)
