(17,38)-(17,64)
(18,13)-(18,34)
(17,38)-(17,64)
(18,13)-(18,34)
(17,38)-(17,64)
(18,13)-(18,34)
(17,38)-(17,64)
(14,10)-(17,71)
(17,38)-(17,64)
(14,10)-(17,71)
(17,38)-(17,64)
(14,10)-(17,71)
(17,38)-(17,64)
(18,18)-(18,33)
(17,38)-(17,64)
(18,18)-(18,33)
(17,38)-(17,64)
(18,18)-(18,33)
(17,38)-(17,64)
(18,18)-(18,33)
(17,38)-(17,64)
(18,18)-(18,33)
(17,38)-(17,64)
(18,18)-(18,33)
(17,38)-(17,64)
(18,18)-(18,33)
(17,38)-(17,64)
(18,18)-(18,33)
(17,38)-(17,64)
(18,18)-(18,33)
(17,38)-(17,64)
(5,12)-(8,77)
(17,38)-(17,64)
(5,12)-(8,77)
(17,38)-(17,64)
(5,12)-(8,77)
(17,38)-(17,64)
(5,15)-(8,77)
(17,38)-(17,64)
(5,15)-(8,77)
(17,38)-(17,64)
(5,15)-(8,77)
(17,38)-(17,64)
(17,15)-(17,20)
(17,38)-(17,64)
(17,15)-(17,20)
(17,38)-(17,64)
(17,15)-(17,20)
(17,38)-(17,64)
(18,13)-(18,34)
(17,38)-(17,64)
(14,10)-(17,71)
(17,38)-(17,64)
(18,18)-(18,33)
(17,38)-(17,64)
(18,18)-(18,33)
(17,38)-(17,64)
(5,15)-(8,77)
(17,38)-(17,64)
(5,12)-(8,77)
(17,38)-(17,64)
(18,18)-(18,33)
(17,38)-(17,64)
(17,15)-(17,20)
