(22,19)-(22,43)
(23,18)-(23,44)
(2,14)-(5,15)
(23,18)-(23,44)
(2,16)-(5,15)
(23,18)-(23,44)
(5,2)-(5,15)
(23,18)-(23,44)
(5,2)-(5,15)
(23,18)-(23,44)
(22,19)-(22,43)
(23,18)-(23,44)
(2,14)-(5,15)
(23,18)-(23,44)
(2,16)-(5,15)
(23,18)-(23,44)
(5,2)-(5,15)
(23,18)-(23,44)
(5,2)-(5,15)
(23,18)-(23,44)
(2,14)-(5,15)
(23,18)-(23,44)
(22,19)-(22,43)
(23,18)-(23,44)
(2,16)-(5,15)
(23,18)-(23,44)
(5,2)-(5,15)
(23,18)-(23,44)
(5,2)-(5,15)
(23,18)-(23,44)
(22,19)-(22,43)
(23,18)-(23,44)
(22,19)-(22,43)
(23,18)-(23,44)
(22,19)-(22,43)
(23,18)-(23,44)
