(38,7)-(38,61)
(38,34)-(38,59)
(39,14)-(39,39)
(38,6)-(39,41)
(38,6)-(40,11)
(38,7)-(38,61)
(38,34)-(38,59)
(39,14)-(39,39)
(39,9)-(39,40)
(38,6)-(40,11)
(38,7)-(38,61)
(38,34)-(38,59)
(39,14)-(39,39)
(39,9)-(39,40)
(38,6)-(40,11)
(38,7)-(38,61)
(38,34)-(38,59)
(39,14)-(39,39)
(39,9)-(39,40)
(38,6)-(40,11)
(38,7)-(38,61)
(38,34)-(38,59)
(39,14)-(39,39)
(38,6)-(39,41)
(38,6)-(40,11)
(38,7)-(38,61)
(38,34)-(38,59)
(39,14)-(39,39)
(39,9)-(39,40)
(38,6)-(40,11)
(38,7)-(38,61)
(38,34)-(38,59)
(39,14)-(39,39)
(38,6)-(39,41)
(38,6)-(40,11)
(38,7)-(38,61)
(38,34)-(38,59)
(39,14)-(39,39)
(39,9)-(39,40)
(38,6)-(40,11)
(38,7)-(38,61)
(38,34)-(38,59)
(39,14)-(39,39)
(38,6)-(39,41)
(38,6)-(40,11)
(38,7)-(38,61)
(38,34)-(38,59)
(39,14)-(39,39)
(39,9)-(39,40)
(38,6)-(40,11)
(38,7)-(38,61)
(38,34)-(38,59)
(39,14)-(39,39)
(38,6)-(39,41)
(38,6)-(40,11)
(38,7)-(38,61)
(38,34)-(38,59)
(39,14)-(39,39)
(39,9)-(39,40)
(38,6)-(40,11)
(38,7)-(38,61)
(38,34)-(38,59)
(39,14)-(39,39)
(39,9)-(39,40)
(38,6)-(40,11)
(38,7)-(38,61)
(38,34)-(38,59)
(39,14)-(39,39)
(38,6)-(39,41)
(38,6)-(40,11)
(38,7)-(38,61)
(38,34)-(38,59)
(39,14)-(39,39)
(38,6)-(39,41)
(38,6)-(40,11)
(38,7)-(38,61)
(38,34)-(38,59)
(39,14)-(39,39)
(38,6)-(39,41)
(38,6)-(40,11)
