(8,34)-(8,40)
(8,6)-(9,60)
(8,34)-(8,40)
(6,10)-(6,12)
(8,34)-(8,40)
(6,10)-(6,12)
(8,34)-(8,40)
(9,37)-(9,60)
(8,34)-(8,40)
(9,37)-(9,60)
(8,34)-(8,40)
(9,37)-(9,60)
(8,34)-(8,40)
(9,37)-(9,60)
(8,34)-(8,40)
(8,12)-(8,40)
(8,34)-(8,40)
(8,14)-(8,40)
(8,18)-(8,40)
(6,10)-(6,12)
(8,18)-(8,40)
(8,34)-(8,40)
(8,18)-(8,40)
(8,6)-(9,60)
(8,18)-(8,40)
(6,10)-(6,12)
(8,18)-(8,40)
(9,37)-(9,60)
(8,18)-(8,40)
(9,37)-(9,60)
(8,18)-(8,40)
(9,37)-(9,60)
(8,18)-(8,40)
(9,37)-(9,60)
(8,18)-(8,40)
(8,12)-(8,40)
