(28,9)-(28,33)
(28,7)-(28,61)
(28,6)-(30,12)
(31,19)-(31,36)
(16,2)-(31,36)
(28,31)-(28,32)
(28,7)-(28,61)
(28,6)-(30,12)
(31,19)-(31,36)
(16,2)-(31,36)
(28,9)-(28,33)
(28,7)-(28,61)
(28,6)-(30,12)
(31,19)-(31,36)
(16,2)-(31,36)
(28,31)-(28,32)
(28,7)-(28,61)
(28,6)-(30,12)
(31,19)-(31,36)
(16,2)-(31,36)
(28,31)-(28,32)
(28,59)-(28,60)
(28,6)-(30,12)
(31,19)-(31,36)
(16,2)-(31,36)
(28,9)-(28,33)
(28,59)-(28,60)
(28,6)-(30,12)
(31,19)-(31,36)
(16,2)-(31,36)
(28,9)-(28,33)
(28,7)-(28,61)
(28,6)-(30,12)
(31,19)-(31,36)
(16,2)-(31,36)
(28,31)-(28,32)
(28,7)-(28,61)
(28,6)-(30,12)
(31,19)-(31,36)
(16,2)-(31,36)
(28,31)-(28,32)
(28,7)-(28,61)
(28,6)-(30,12)
(31,19)-(31,36)
(16,2)-(31,36)
(28,9)-(28,33)
(28,7)-(28,61)
(28,6)-(30,12)
(31,19)-(31,36)
(16,2)-(31,36)
(28,31)-(28,32)
(28,59)-(28,60)
(28,6)-(30,12)
(31,19)-(31,36)
(16,2)-(31,36)
(28,9)-(28,33)
(28,59)-(28,60)
(28,6)-(30,12)
(31,19)-(31,36)
(16,2)-(31,36)
(28,31)-(28,32)
(28,7)-(28,61)
(30,11)-(30,12)
(31,19)-(31,36)
(16,2)-(31,36)
(28,9)-(28,33)
(28,7)-(28,61)
(30,11)-(30,12)
(31,19)-(31,36)
(16,2)-(31,36)
(28,31)-(28,32)
(28,7)-(28,61)
(30,11)-(30,12)
(31,19)-(31,36)
(16,2)-(31,36)
(28,9)-(28,33)
(28,7)-(28,61)
(30,11)-(30,12)
(31,19)-(31,36)
(16,2)-(31,36)
(28,31)-(28,32)
(28,59)-(28,60)
(30,11)-(30,12)
(31,19)-(31,36)
(16,2)-(31,36)
(28,9)-(28,33)
(28,59)-(28,60)
(30,11)-(30,12)
(31,19)-(31,36)
(16,2)-(31,36)
(28,31)-(28,32)
(28,7)-(28,61)
(28,6)-(30,12)
(31,19)-(31,23)
(16,2)-(31,36)
(28,9)-(28,33)
(28,7)-(28,61)
(28,6)-(30,12)
(31,19)-(31,23)
(16,2)-(31,36)
(28,31)-(28,32)
(28,7)-(28,61)
(28,6)-(30,12)
(31,19)-(31,23)
(16,2)-(31,36)
(28,9)-(28,33)
(28,7)-(28,61)
(28,6)-(30,12)
(31,19)-(31,23)
(16,2)-(31,36)
(28,31)-(28,32)
(28,7)-(28,61)
(28,6)-(30,12)
(31,19)-(31,23)
(16,2)-(31,36)
(28,9)-(28,33)
(28,7)-(28,61)
(28,6)-(30,12)
(31,19)-(31,23)
(16,2)-(31,36)
(28,31)-(28,32)
(28,7)-(28,61)
(28,6)-(30,12)
(31,19)-(31,23)
(16,2)-(31,36)
(28,9)-(28,33)
(28,7)-(28,61)
(28,6)-(30,12)
(31,19)-(31,23)
(16,2)-(31,36)
(28,31)-(28,32)
(28,7)-(28,61)
(30,11)-(30,12)
(31,19)-(31,23)
(16,2)-(31,36)
(28,9)-(28,33)
(28,7)-(28,61)
(30,11)-(30,12)
(31,19)-(31,23)
(16,2)-(31,36)
(28,31)-(28,32)
(28,7)-(28,61)
(30,11)-(30,12)
(31,19)-(31,23)
(16,2)-(31,36)
(28,9)-(28,33)
(28,7)-(28,61)
(30,11)-(30,12)
(31,19)-(31,23)
(16,2)-(31,36)
(28,31)-(28,32)
(28,59)-(28,60)
(28,6)-(30,12)
(31,19)-(31,23)
(16,2)-(31,36)
(28,9)-(28,33)
(28,59)-(28,60)
(28,6)-(30,12)
(31,19)-(31,23)
(16,2)-(31,36)
(28,31)-(28,32)
(28,59)-(28,60)
(28,6)-(30,12)
(31,19)-(31,23)
(16,2)-(31,36)
(28,9)-(28,33)
(28,59)-(28,60)
(28,6)-(30,12)
(31,19)-(31,23)
(16,2)-(31,36)
(28,31)-(28,32)
(28,59)-(28,60)
(30,11)-(30,12)
(31,19)-(31,23)
(16,2)-(31,36)
(28,9)-(28,33)
(28,59)-(28,60)
(30,11)-(30,12)
(31,19)-(31,23)
(16,2)-(31,36)
(28,9)-(28,33)
(28,7)-(28,61)
(28,6)-(30,12)
(31,19)-(31,36)
(31,27)-(31,36)
(28,31)-(28,32)
(28,7)-(28,61)
(28,6)-(30,12)
(31,19)-(31,36)
(31,27)-(31,36)
(28,9)-(28,33)
(28,7)-(28,61)
(28,6)-(30,12)
(31,19)-(31,36)
(31,27)-(31,36)
(28,31)-(28,32)
(28,7)-(28,61)
(28,6)-(30,12)
(31,19)-(31,36)
(31,27)-(31,36)
(28,31)-(28,32)
(28,7)-(28,61)
(28,6)-(30,12)
(31,19)-(31,36)
(31,27)-(31,36)
(28,9)-(28,33)
(28,7)-(28,61)
(28,6)-(30,12)
(31,19)-(31,36)
(31,27)-(31,36)
(28,31)-(28,32)
(28,7)-(28,61)
(28,6)-(30,12)
(31,19)-(31,36)
(31,27)-(31,36)
(28,9)-(28,33)
(28,7)-(28,61)
(28,6)-(30,12)
(31,19)-(31,36)
(31,27)-(31,36)
(28,31)-(28,32)
(28,7)-(28,61)
(30,11)-(30,12)
(31,19)-(31,36)
(31,27)-(31,36)
(28,9)-(28,33)
(28,7)-(28,61)
(30,11)-(30,12)
(31,19)-(31,36)
(31,27)-(31,36)
(28,31)-(28,32)
(28,7)-(28,61)
(30,11)-(30,12)
(31,19)-(31,36)
(31,27)-(31,36)
(28,9)-(28,33)
(28,7)-(28,61)
(30,11)-(30,12)
(31,19)-(31,36)
(31,27)-(31,36)
(28,31)-(28,32)
(28,7)-(28,61)
(28,6)-(30,12)
(31,19)-(31,23)
(31,27)-(31,36)
(28,9)-(28,33)
(28,7)-(28,61)
(28,6)-(30,12)
(31,19)-(31,23)
(31,27)-(31,36)
(28,31)-(28,32)
(28,7)-(28,61)
(28,6)-(30,12)
(31,19)-(31,23)
(31,27)-(31,36)
(28,9)-(28,33)
(28,7)-(28,61)
(28,6)-(30,12)
(31,19)-(31,23)
(31,27)-(31,36)
(28,31)-(28,32)
(28,7)-(28,61)
(28,6)-(30,12)
(31,19)-(31,23)
(31,27)-(31,36)
(28,9)-(28,33)
(28,7)-(28,61)
(28,6)-(30,12)
(31,19)-(31,23)
(31,27)-(31,36)
(28,31)-(28,32)
(28,7)-(28,61)
(28,6)-(30,12)
(31,19)-(31,23)
(31,27)-(31,36)
(28,9)-(28,33)
(28,7)-(28,61)
(28,6)-(30,12)
(31,19)-(31,23)
(31,27)-(31,36)
(28,31)-(28,32)
(28,7)-(28,61)
(30,11)-(30,12)
(31,19)-(31,23)
(31,27)-(31,36)
(28,9)-(28,33)
(28,7)-(28,61)
(30,11)-(30,12)
(31,19)-(31,23)
(31,27)-(31,36)
(28,31)-(28,32)
(28,7)-(28,61)
(30,11)-(30,12)
(31,19)-(31,23)
(31,27)-(31,36)
(28,9)-(28,33)
(28,7)-(28,61)
(30,11)-(30,12)
(31,19)-(31,23)
(31,27)-(31,36)
(28,31)-(28,32)
(28,59)-(28,60)
(28,6)-(30,12)
(31,19)-(31,36)
(31,27)-(31,36)
(28,31)-(28,32)
(28,59)-(28,60)
(28,6)-(30,12)
(31,19)-(31,36)
(31,27)-(31,36)
(28,9)-(28,33)
(28,59)-(28,60)
(28,6)-(30,12)
(31,19)-(31,36)
(31,27)-(31,36)
(28,9)-(28,33)
(28,59)-(28,60)
(28,6)-(30,12)
(31,19)-(31,36)
(31,27)-(31,36)
(28,31)-(28,32)
(28,59)-(28,60)
(30,11)-(30,12)
(31,19)-(31,36)
(31,27)-(31,36)
(28,9)-(28,33)
(28,59)-(28,60)
(30,11)-(30,12)
(31,19)-(31,36)
(31,27)-(31,36)
(28,31)-(28,32)
(28,59)-(28,60)
(28,6)-(30,12)
(31,19)-(31,23)
(31,27)-(31,36)
(28,31)-(28,32)
(28,59)-(28,60)
(28,6)-(30,12)
(31,19)-(31,23)
(31,27)-(31,36)
(28,9)-(28,33)
(28,59)-(28,60)
(28,6)-(30,12)
(31,19)-(31,23)
(31,27)-(31,36)
(28,9)-(28,33)
(28,59)-(28,60)
(28,6)-(30,12)
(31,19)-(31,23)
(31,27)-(31,36)
(28,31)-(28,32)
(28,59)-(28,60)
(30,11)-(30,12)
(31,19)-(31,23)
(31,27)-(31,36)
(28,9)-(28,33)
(28,59)-(28,60)
(30,11)-(30,12)
(31,19)-(31,23)
(31,27)-(31,36)
(28,9)-(28,33)
(28,7)-(28,61)
(28,6)-(30,12)
(31,19)-(31,36)
(31,27)-(31,36)
(28,9)-(28,33)
(28,7)-(28,61)
(28,6)-(30,12)
(31,19)-(31,36)
(31,27)-(31,36)
(28,9)-(28,33)
(28,7)-(28,61)
(28,6)-(30,12)
(31,19)-(31,36)
(31,27)-(31,36)
(28,9)-(28,33)
(28,7)-(28,61)
(28,6)-(30,12)
(31,19)-(31,36)
(31,27)-(31,36)
(28,9)-(28,33)
(28,7)-(28,61)
(28,6)-(30,12)
(31,19)-(31,36)
(16,2)-(31,36)
(28,9)-(28,33)
(28,7)-(28,61)
(28,6)-(30,12)
(31,19)-(31,36)
(16,2)-(31,36)
(28,9)-(28,33)
(28,7)-(28,61)
(28,6)-(30,12)
(31,19)-(31,36)
(16,2)-(31,36)
(28,9)-(28,33)
(28,7)-(28,61)
(28,6)-(30,12)
(31,19)-(31,36)
(16,2)-(31,36)
(28,9)-(28,33)
(28,7)-(28,61)
(28,6)-(30,12)
(31,19)-(31,23)
(31,27)-(31,36)
(28,9)-(28,33)
(28,7)-(28,61)
(28,6)-(30,12)
(31,19)-(31,23)
(31,27)-(31,36)
(28,9)-(28,33)
(28,7)-(28,61)
(28,6)-(30,12)
(31,19)-(31,23)
(31,27)-(31,36)
(28,9)-(28,33)
(28,7)-(28,61)
(28,6)-(30,12)
(31,19)-(31,23)
(31,27)-(31,36)
(28,9)-(28,33)
(28,7)-(28,61)
(28,6)-(30,12)
(31,19)-(31,23)
(16,2)-(31,36)
(28,9)-(28,33)
(28,7)-(28,61)
(28,6)-(30,12)
(31,19)-(31,23)
(16,2)-(31,36)
(28,9)-(28,33)
(28,7)-(28,61)
(28,6)-(30,12)
(31,19)-(31,23)
(16,2)-(31,36)
(28,9)-(28,33)
(28,7)-(28,61)
(28,6)-(30,12)
(31,19)-(31,23)
(16,2)-(31,36)
(28,9)-(28,33)
(28,59)-(28,60)
(28,6)-(30,12)
(31,19)-(31,36)
(31,27)-(31,36)
(28,9)-(28,33)
(28,59)-(28,60)
(28,6)-(30,12)
(31,19)-(31,36)
(31,27)-(31,36)
(28,9)-(28,33)
(28,59)-(28,60)
(28,6)-(30,12)
(31,19)-(31,36)
(16,2)-(31,36)
(28,9)-(28,33)
(28,59)-(28,60)
(28,6)-(30,12)
(31,19)-(31,36)
(16,2)-(31,36)
(28,9)-(28,33)
(28,59)-(28,60)
(28,6)-(30,12)
(31,19)-(31,23)
(16,2)-(31,36)
(28,9)-(28,33)
(28,59)-(28,60)
(28,6)-(30,12)
(31,19)-(31,23)
(16,2)-(31,36)
(28,9)-(28,33)
(28,59)-(28,60)
(28,6)-(30,12)
(31,19)-(31,23)
(31,27)-(31,36)
(28,9)-(28,33)
(28,59)-(28,60)
(28,6)-(30,12)
(31,19)-(31,23)
(31,27)-(31,36)
(28,9)-(28,33)
(28,7)-(28,61)
(30,11)-(30,12)
(31,19)-(31,36)
(16,2)-(31,36)
(28,9)-(28,33)
(28,7)-(28,61)
(30,11)-(30,12)
(31,19)-(31,36)
(16,2)-(31,36)
(28,9)-(28,33)
(28,7)-(28,61)
(30,11)-(30,12)
(31,19)-(31,36)
(31,27)-(31,36)
(28,9)-(28,33)
(28,7)-(28,61)
(30,11)-(30,12)
(31,19)-(31,36)
(31,27)-(31,36)
(28,9)-(28,33)
(28,7)-(28,61)
(30,11)-(30,12)
(31,19)-(31,23)
(16,2)-(31,36)
(28,9)-(28,33)
(28,7)-(28,61)
(30,11)-(30,12)
(31,19)-(31,23)
(16,2)-(31,36)
(28,9)-(28,33)
(28,7)-(28,61)
(30,11)-(30,12)
(31,19)-(31,23)
(31,27)-(31,36)
(28,9)-(28,33)
(28,7)-(28,61)
(30,11)-(30,12)
(31,19)-(31,23)
(31,27)-(31,36)
(28,9)-(28,33)
(28,59)-(28,60)
(30,11)-(30,12)
(31,19)-(31,36)
(16,2)-(31,36)
(28,9)-(28,33)
(28,59)-(28,60)
(30,11)-(30,12)
(31,19)-(31,36)
(31,27)-(31,36)
(28,9)-(28,33)
(28,59)-(28,60)
(30,11)-(30,12)
(31,19)-(31,23)
(16,2)-(31,36)
(28,9)-(28,33)
(28,59)-(28,60)
(30,11)-(30,12)
(31,19)-(31,23)
(31,27)-(31,36)
