(29,44)-(29,51)
(29,2)-(29,57)
(29,44)-(29,51)
(29,2)-(29,57)
(29,44)-(29,51)
(29,2)-(29,57)
(29,44)-(29,51)
(29,24)-(29,57)
(29,44)-(29,51)
(29,24)-(29,57)
(29,44)-(29,51)
(29,24)-(29,57)
(29,44)-(29,51)
(29,24)-(29,57)
(29,44)-(29,51)
(29,24)-(29,57)
(29,44)-(29,51)
(29,24)-(29,57)
(29,44)-(29,51)
(17,11)-(26,34)
(29,44)-(29,51)
(17,11)-(26,34)
(29,44)-(29,51)
(17,11)-(26,34)
(29,44)-(29,51)
(17,14)-(26,34)
(29,44)-(29,51)
(17,14)-(26,34)
(29,44)-(29,51)
(17,14)-(26,34)
(29,43)-(29,54)
(29,2)-(29,57)
(29,43)-(29,54)
(29,24)-(29,57)
(29,43)-(29,54)
(29,24)-(29,57)
(29,43)-(29,54)
(17,11)-(26,34)
(29,43)-(29,54)
(17,14)-(26,34)
