(31,37)-(31,44)
(30,19)-(31,58)
(31,37)-(31,44)
(30,19)-(31,58)
(31,37)-(31,44)
(30,19)-(31,58)
(31,37)-(31,44)
(31,25)-(31,58)
(31,37)-(31,44)
(31,25)-(31,58)
(31,37)-(31,44)
(31,25)-(31,58)
(31,37)-(31,44)
(30,21)-(31,58)
(31,37)-(31,44)
(30,21)-(31,58)
(31,37)-(31,44)
(30,21)-(31,58)
(31,37)-(31,44)
(31,2)-(31,58)
(31,37)-(31,44)
(31,2)-(31,58)
(31,37)-(31,44)
(31,2)-(31,58)
(31,37)-(31,44)
(31,25)-(31,58)
(31,37)-(31,44)
(31,25)-(31,58)
(31,37)-(31,44)
(31,25)-(31,58)
(31,36)-(31,58)
(31,25)-(31,58)
(31,36)-(31,58)
(30,19)-(31,58)
(31,36)-(31,58)
(31,25)-(31,58)
(31,36)-(31,58)
(31,2)-(31,58)
(31,36)-(31,58)
(30,21)-(31,58)
