(31,45)-(31,52)
(30,19)-(31,55)
(31,45)-(31,52)
(30,19)-(31,55)
(31,45)-(31,52)
(30,19)-(31,55)
(31,45)-(31,52)
(31,33)-(31,55)
(31,45)-(31,52)
(31,33)-(31,55)
(31,45)-(31,52)
(31,33)-(31,55)
(31,45)-(31,52)
(30,21)-(31,55)
(31,45)-(31,52)
(30,21)-(31,55)
(31,45)-(31,52)
(30,21)-(31,55)
(31,45)-(31,52)
(31,2)-(31,55)
(31,45)-(31,52)
(31,2)-(31,55)
(31,45)-(31,52)
(31,2)-(31,55)
(31,45)-(31,52)
(31,33)-(31,55)
(31,45)-(31,52)
(31,33)-(31,55)
(31,45)-(31,52)
(31,33)-(31,55)
(31,44)-(31,55)
(31,33)-(31,55)
(31,44)-(31,55)
(31,2)-(31,55)
(31,44)-(31,55)
(30,19)-(31,55)
(31,44)-(31,55)
(30,21)-(31,55)
(31,44)-(31,55)
(31,33)-(31,55)
