(31,47)-(31,54)
(16,14)-(28,34)
(30,19)-(31,58)
(31,47)-(31,54)
(31,2)-(31,58)
(30,19)-(31,58)
(31,47)-(31,54)
(16,14)-(28,34)
(30,19)-(31,58)
(31,47)-(31,54)
(31,2)-(31,58)
(30,19)-(31,58)
(31,47)-(31,54)
(16,14)-(28,34)
(30,19)-(31,58)
(31,47)-(31,54)
(31,2)-(31,58)
(30,19)-(31,58)
(31,47)-(31,54)
(31,16)-(31,19)
(30,19)-(31,58)
(31,47)-(31,54)
(31,16)-(31,19)
(30,19)-(31,58)
(31,47)-(31,54)
(31,16)-(31,19)
(30,19)-(31,58)
(31,47)-(31,54)
(31,2)-(31,58)
(30,19)-(31,58)
(31,47)-(31,54)
(31,2)-(31,58)
(30,19)-(31,58)
(31,47)-(31,54)
(31,2)-(31,58)
(30,19)-(31,58)
(31,47)-(31,54)
(31,25)-(31,58)
(30,19)-(31,58)
(31,47)-(31,54)
(31,25)-(31,58)
(30,19)-(31,58)
(31,47)-(31,54)
(31,25)-(31,58)
(30,19)-(31,58)
(31,47)-(31,54)
(16,11)-(28,34)
(30,19)-(31,58)
(31,47)-(31,54)
(16,11)-(28,34)
(30,19)-(31,58)
(31,47)-(31,54)
(16,11)-(28,34)
(30,19)-(31,58)
(31,47)-(31,54)
(31,25)-(31,58)
(30,19)-(31,58)
(31,47)-(31,54)
(31,25)-(31,58)
(30,19)-(31,58)
(31,47)-(31,54)
(31,25)-(31,58)
(30,19)-(31,58)
(31,46)-(31,57)
(16,14)-(28,34)
(30,19)-(31,58)
(31,46)-(31,57)
(31,25)-(31,58)
(30,19)-(31,58)
(31,46)-(31,57)
(31,2)-(31,58)
(30,19)-(31,58)
(31,46)-(31,57)
(16,11)-(28,34)
(30,19)-(31,58)
(31,46)-(31,57)
(31,2)-(31,58)
(30,19)-(31,58)
(31,46)-(31,57)
(31,16)-(31,19)
(30,19)-(31,58)
(31,46)-(31,57)
(31,25)-(31,58)
(30,19)-(31,58)
(31,47)-(31,54)
(16,14)-(28,34)
(30,21)-(31,58)
(31,47)-(31,54)
(16,14)-(28,34)
(30,21)-(31,58)
(31,47)-(31,54)
(16,14)-(28,34)
(30,21)-(31,58)
(31,47)-(31,54)
(31,2)-(31,58)
(30,21)-(31,58)
(31,47)-(31,54)
(31,2)-(31,58)
(30,21)-(31,58)
(31,47)-(31,54)
(31,2)-(31,58)
(30,21)-(31,58)
(31,47)-(31,54)
(31,25)-(31,58)
(30,21)-(31,58)
(31,47)-(31,54)
(31,25)-(31,58)
(30,21)-(31,58)
(31,47)-(31,54)
(31,25)-(31,58)
(30,21)-(31,58)
(31,47)-(31,54)
(16,14)-(28,34)
(31,32)-(31,58)
(31,47)-(31,54)
(31,25)-(31,58)
(31,32)-(31,58)
(31,47)-(31,54)
(16,11)-(28,34)
(31,32)-(31,58)
(31,47)-(31,54)
(16,14)-(28,34)
(31,32)-(31,58)
(31,47)-(31,54)
(31,25)-(31,58)
(31,32)-(31,58)
(31,47)-(31,54)
(16,11)-(28,34)
(31,32)-(31,58)
(31,47)-(31,54)
(31,2)-(31,58)
(31,32)-(31,58)
(31,47)-(31,54)
(31,2)-(31,58)
(31,32)-(31,58)
(31,47)-(31,54)
(31,16)-(31,19)
(31,32)-(31,58)
(31,47)-(31,54)
(31,16)-(31,19)
(31,32)-(31,58)
(31,47)-(31,54)
(31,25)-(31,58)
(31,32)-(31,58)
(31,47)-(31,54)
(31,25)-(31,58)
(31,32)-(31,58)
(31,47)-(31,54)
(31,2)-(31,58)
(31,32)-(31,58)
(31,47)-(31,54)
(31,2)-(31,58)
(31,32)-(31,58)
(31,47)-(31,54)
(16,11)-(28,34)
(30,21)-(31,58)
(31,47)-(31,54)
(16,11)-(28,34)
(30,21)-(31,58)
(31,47)-(31,54)
(31,2)-(31,58)
(30,21)-(31,58)
(31,47)-(31,54)
(31,2)-(31,58)
(30,21)-(31,58)
(31,47)-(31,54)
(31,16)-(31,19)
(30,21)-(31,58)
(31,47)-(31,54)
(31,16)-(31,19)
(30,21)-(31,58)
(31,47)-(31,54)
(31,25)-(31,58)
(30,21)-(31,58)
(31,47)-(31,54)
(31,25)-(31,58)
(30,21)-(31,58)
(31,47)-(31,54)
(16,14)-(28,34)
(31,32)-(31,58)
(31,47)-(31,54)
(31,25)-(31,58)
(31,32)-(31,58)
(31,47)-(31,54)
(31,2)-(31,58)
(31,32)-(31,58)
(31,47)-(31,54)
(31,2)-(31,58)
(30,21)-(31,58)
(31,47)-(31,54)
(31,2)-(31,58)
(31,32)-(31,58)
(31,47)-(31,54)
(31,16)-(31,19)
(30,21)-(31,58)
(31,47)-(31,54)
(31,16)-(31,19)
(31,32)-(31,58)
(31,47)-(31,54)
(16,11)-(28,34)
(30,21)-(31,58)
(31,47)-(31,54)
(16,11)-(28,34)
(31,32)-(31,58)
(31,47)-(31,54)
(31,25)-(31,58)
(30,21)-(31,58)
(31,47)-(31,54)
(31,25)-(31,58)
(31,32)-(31,58)
(31,46)-(31,57)
(16,14)-(28,34)
(30,21)-(31,58)
(31,46)-(31,57)
(31,2)-(31,58)
(30,21)-(31,58)
(31,46)-(31,57)
(31,25)-(31,58)
(30,21)-(31,58)
(31,46)-(31,57)
(16,14)-(28,34)
(31,32)-(31,58)
(31,46)-(31,57)
(31,2)-(31,58)
(31,32)-(31,58)
(31,46)-(31,57)
(31,25)-(31,58)
(31,32)-(31,58)
(31,46)-(31,57)
(31,2)-(31,58)
(31,32)-(31,58)
(31,46)-(31,57)
(31,2)-(31,58)
(30,21)-(31,58)
(31,46)-(31,57)
(31,16)-(31,19)
(31,32)-(31,58)
(31,46)-(31,57)
(31,16)-(31,19)
(30,21)-(31,58)
(31,46)-(31,57)
(16,11)-(28,34)
(31,32)-(31,58)
(31,46)-(31,57)
(16,11)-(28,34)
(30,21)-(31,58)
(31,46)-(31,57)
(31,25)-(31,58)
(31,32)-(31,58)
(31,46)-(31,57)
(31,25)-(31,58)
(30,21)-(31,58)
