(31,58)-(31,65)
(30,19)-(31,77)
(31,58)-(31,65)
(30,19)-(31,77)
(31,58)-(31,65)
(30,19)-(31,77)
(31,58)-(31,65)
(31,46)-(31,77)
(31,58)-(31,65)
(31,46)-(31,77)
(31,58)-(31,65)
(31,46)-(31,77)
(31,58)-(31,65)
(30,21)-(31,77)
(31,58)-(31,65)
(30,21)-(31,77)
(31,58)-(31,65)
(30,21)-(31,77)
(31,58)-(31,65)
(31,25)-(31,77)
(31,58)-(31,65)
(31,25)-(31,77)
(31,58)-(31,65)
(31,25)-(31,77)
(31,58)-(31,65)
(31,46)-(31,77)
(31,58)-(31,65)
(31,46)-(31,77)
(31,58)-(31,65)
(31,46)-(31,77)
(31,57)-(31,77)
(30,21)-(31,77)
(31,57)-(31,77)
(30,19)-(31,77)
(31,57)-(31,77)
(31,25)-(31,77)
(31,57)-(31,77)
(31,46)-(31,77)
(31,57)-(31,77)
(31,46)-(31,77)
