(8,42)-(8,43)
(9,24)-(9,49)
(7,2)-(9,49)
(8,42)-(8,43)
(9,24)-(9,49)
(7,2)-(9,49)
(8,42)-(8,43)
(9,24)-(9,49)
(8,7)-(8,49)
(8,42)-(8,43)
(9,24)-(9,49)
(8,7)-(8,49)
(8,42)-(8,43)
(9,24)-(9,49)
(8,7)-(8,49)
(8,42)-(8,43)
(9,24)-(9,49)
(8,7)-(8,49)
(8,42)-(8,43)
(9,24)-(9,49)
(3,2)-(3,54)
(8,42)-(8,43)
(9,24)-(9,44)
(9,7)-(9,49)
(8,42)-(8,43)
(9,24)-(9,44)
(9,7)-(9,49)
(8,42)-(8,43)
(9,24)-(9,44)
(9,7)-(9,49)
(8,42)-(8,43)
(9,24)-(9,49)
(9,7)-(9,49)
(8,41)-(8,49)
(9,24)-(9,49)
(7,2)-(9,49)
(8,41)-(8,49)
(9,24)-(9,49)
(7,2)-(9,49)
(8,41)-(8,49)
(9,24)-(9,49)
(8,7)-(8,49)
(8,41)-(8,49)
(9,24)-(9,49)
(8,7)-(8,49)
(8,41)-(8,49)
(9,24)-(9,49)
(8,7)-(8,49)
(8,41)-(8,49)
(9,24)-(9,49)
(8,7)-(8,49)
(8,41)-(8,49)
(9,24)-(9,49)
(3,2)-(3,54)
(8,41)-(8,49)
(9,24)-(9,49)
(3,46)-(3,54)
(8,41)-(8,49)
(9,24)-(9,44)
(9,7)-(9,49)
(8,41)-(8,49)
(9,24)-(9,44)
(9,7)-(9,49)
(8,41)-(8,49)
(9,24)-(9,44)
(9,7)-(9,49)
(8,41)-(8,49)
(9,24)-(9,49)
(9,7)-(9,49)
