(3,24)-(3,25)
(10,24)-(10,74)
(10,6)-(10,76)
(3,24)-(3,25)
(10,24)-(10,74)
(10,6)-(10,76)
(3,24)-(3,25)
(10,24)-(10,74)
(10,6)-(10,76)
(3,24)-(3,25)
(10,24)-(10,74)
(8,6)-(8,76)
(3,24)-(3,25)
(10,24)-(10,74)
(8,6)-(8,76)
(3,24)-(3,25)
(10,24)-(10,74)
(8,6)-(8,76)
(3,24)-(3,25)
(10,24)-(10,74)
(10,11)-(10,75)
(3,24)-(3,25)
(10,24)-(10,74)
(10,11)-(10,75)
(3,24)-(3,25)
(10,24)-(10,74)
(10,11)-(10,75)
(3,24)-(3,25)
(10,24)-(10,74)
(10,11)-(10,75)
(3,24)-(3,25)
(10,24)-(10,74)
(10,11)-(10,75)
(3,24)-(3,25)
(10,24)-(10,74)
(10,11)-(10,75)
