(21,25)-(21,43)
(23,13)-(23,34)
(21,25)-(21,43)
(23,13)-(23,34)
(21,25)-(21,43)
(14,10)-(22,51)
(21,25)-(21,43)
(14,10)-(22,51)
(21,25)-(21,43)
(23,18)-(23,33)
(21,25)-(21,43)
(23,18)-(23,33)
(21,25)-(21,43)
(23,18)-(23,33)
(21,25)-(21,43)
(23,18)-(23,33)
(21,25)-(21,43)
(23,18)-(23,33)
(21,25)-(21,43)
(23,18)-(23,33)
(21,25)-(21,43)
(4,12)-(6,69)
(21,25)-(21,43)
(4,12)-(6,69)
(21,25)-(21,43)
(4,15)-(6,69)
(21,25)-(21,43)
(4,15)-(6,69)
(21,25)-(21,43)
(5,3)-(5,67)
(21,25)-(21,43)
(5,3)-(5,67)
(21,25)-(21,43)
(21,47)-(21,55)
(21,25)-(21,43)
(21,47)-(21,55)
(21,25)-(21,43)
(5,3)-(5,67)
(21,25)-(21,43)
(5,3)-(5,67)
(21,25)-(21,43)
(5,3)-(5,67)
(21,25)-(21,43)
(5,3)-(5,67)
(21,24)-(21,62)
(23,13)-(23,34)
(21,24)-(21,62)
(14,10)-(22,51)
(21,24)-(21,62)
(4,12)-(6,69)
(21,24)-(21,62)
(23,18)-(23,33)
(21,24)-(21,62)
(4,15)-(6,69)
(21,24)-(21,62)
(23,18)-(23,33)
(21,24)-(21,62)
(23,18)-(23,33)
(21,24)-(21,62)
(21,47)-(21,55)
(21,24)-(21,62)
(5,3)-(5,67)
(21,24)-(21,62)
(5,3)-(5,67)
(21,24)-(21,62)
(5,3)-(5,67)
