(18,15)-(18,45)
(19,15)-(19,38)
(18,21)-(18,44)
(19,15)-(19,38)
(18,21)-(18,44)
(19,15)-(19,38)
(18,21)-(18,44)
(19,15)-(19,38)
(18,15)-(18,45)
(19,15)-(19,38)
(18,21)-(18,44)
(19,15)-(19,38)
(18,21)-(18,44)
(19,15)-(19,38)
(18,21)-(18,44)
(19,15)-(19,38)
(18,15)-(18,45)
(19,21)-(19,37)
(18,21)-(18,44)
(19,21)-(19,37)
(18,21)-(18,44)
(19,21)-(19,37)
(18,21)-(18,44)
(19,21)-(19,37)
(18,15)-(18,45)
(19,21)-(19,37)
(18,21)-(18,44)
(19,21)-(19,37)
(18,21)-(18,44)
(19,21)-(19,37)
(18,21)-(18,44)
(19,21)-(19,37)
(18,15)-(18,45)
(19,21)-(19,37)
(18,21)-(18,44)
(19,21)-(19,37)
(18,21)-(18,44)
(19,21)-(19,37)
(18,21)-(18,44)
(19,21)-(19,37)
(18,15)-(18,45)
(19,15)-(19,38)
(18,15)-(18,45)
(19,21)-(19,37)
(18,15)-(18,45)
(19,21)-(19,37)
(18,15)-(18,45)
(19,15)-(19,38)
(18,15)-(18,45)
(19,21)-(19,37)
