(7,22)-(7,39)
(7,19)-(7,64)
(7,38)-(7,39)
(7,19)-(7,64)
(7,22)-(7,39)
(7,19)-(7,64)
(7,38)-(7,39)
(7,19)-(7,64)
(7,38)-(7,39)
(7,55)-(7,64)
(7,22)-(7,39)
(7,55)-(7,64)
(7,38)-(7,39)
(7,55)-(7,64)
(7,22)-(7,39)
(7,55)-(7,64)
(7,38)-(7,39)
(2,12)-(5,6)
(7,22)-(7,39)
(2,12)-(5,6)
(7,22)-(7,39)
(5,2)-(5,6)
(7,38)-(7,39)
(5,2)-(5,6)
(7,22)-(7,39)
(5,2)-(5,6)
(7,38)-(7,39)
(5,2)-(5,6)
(7,22)-(7,39)
(7,19)-(7,64)
(7,22)-(7,39)
(7,19)-(7,64)
(7,22)-(7,39)
(2,12)-(5,6)
(7,22)-(7,39)
(7,55)-(7,64)
(7,22)-(7,39)
(7,55)-(7,64)
(7,22)-(7,39)
(5,2)-(5,6)
(7,22)-(7,39)
(5,2)-(5,6)
