(4,30)-(4,31)
(10,15)-(11,68)
(11,40)-(11,68)
(4,30)-(4,31)
(11,40)-(11,68)
(11,9)-(11,19)
(4,30)-(4,31)
(11,40)-(11,68)
(8,17)-(8,36)
(4,30)-(4,31)
(11,40)-(11,68)
(8,21)-(8,32)
(4,30)-(4,31)
(11,40)-(11,68)
(8,21)-(8,32)
(4,30)-(4,31)
(11,9)-(11,19)
(12,4)-(12,8)
(4,30)-(4,31)
(11,40)-(11,68)
(12,4)-(12,8)
(4,30)-(4,31)
(10,15)-(11,68)
(12,4)-(12,8)
(4,30)-(4,31)
(8,17)-(8,36)
(12,4)-(12,8)
(4,30)-(4,31)
(8,21)-(8,32)
(12,4)-(12,8)
(4,30)-(4,31)
(8,21)-(8,32)
(12,4)-(12,8)
(4,30)-(4,31)
(11,40)-(11,68)
(11,44)-(11,60)
(4,30)-(4,31)
(11,9)-(11,19)
(11,44)-(11,60)
(4,30)-(4,31)
(10,15)-(11,68)
(11,44)-(11,60)
(4,30)-(4,31)
(8,17)-(8,36)
(11,44)-(11,60)
(4,30)-(4,31)
(8,21)-(8,32)
(11,44)-(11,60)
(4,30)-(4,31)
(8,21)-(8,32)
(11,44)-(11,60)
(4,30)-(4,31)
(11,40)-(11,68)
(9,16)-(9,27)
(4,30)-(4,31)
(11,9)-(11,19)
(9,16)-(9,27)
(4,30)-(4,31)
(10,15)-(11,68)
(9,16)-(9,27)
(4,30)-(4,31)
(8,17)-(8,36)
(9,16)-(9,27)
(4,30)-(4,31)
(8,21)-(8,32)
(9,16)-(9,27)
(4,30)-(4,31)
(8,21)-(8,32)
(9,16)-(9,27)
(4,30)-(4,31)
(11,40)-(11,68)
(9,24)-(9,27)
(4,30)-(4,31)
(11,9)-(11,19)
(9,24)-(9,27)
(4,30)-(4,31)
(10,15)-(11,68)
(9,24)-(9,27)
(4,30)-(4,31)
(8,17)-(8,36)
(9,24)-(9,27)
(4,30)-(4,31)
(8,21)-(8,32)
(9,24)-(9,27)
(4,30)-(4,31)
(8,21)-(8,32)
(9,24)-(9,27)
