(31,41)-(31,72)
(34,18)-(34,44)
(31,41)-(31,72)
(34,18)-(34,44)
(31,41)-(31,72)
(24,10)-(31,74)
(31,41)-(31,72)
(24,12)-(31,74)
(31,41)-(31,72)
(27,6)-(31,74)
(31,47)-(31,71)
(27,6)-(31,74)
(31,47)-(31,71)
(27,6)-(31,74)
(31,47)-(31,71)
(27,6)-(31,74)
(31,47)-(31,71)
(28,33)-(28,51)
(31,41)-(31,72)
(28,33)-(28,51)
(31,47)-(31,71)
(28,33)-(28,51)
(31,47)-(31,71)
(28,33)-(28,51)
(31,47)-(31,71)
(28,33)-(28,51)
(31,41)-(31,72)
(28,33)-(28,51)
(31,47)-(31,71)
(28,33)-(28,51)
(31,47)-(31,71)
(28,33)-(28,51)
(31,47)-(31,71)
(28,33)-(28,51)
(31,41)-(31,72)
(28,33)-(28,51)
(31,47)-(31,71)
(28,33)-(28,51)
(31,47)-(31,71)
(28,33)-(28,51)
(31,41)-(31,72)
(34,18)-(34,44)
(31,41)-(31,72)
(34,18)-(34,44)
(31,41)-(31,72)
(24,10)-(31,74)
(31,41)-(31,72)
(24,12)-(31,74)
(31,41)-(31,72)
(28,33)-(28,51)
(31,41)-(31,72)
(28,33)-(28,51)
(31,41)-(31,72)
(28,33)-(28,51)
(31,41)-(31,72)
(27,6)-(31,74)
