(16,10)-(18,68)
(22,18)-(22,64)
(18,31)-(18,46)
(22,18)-(22,64)
(18,31)-(18,46)
(22,18)-(22,64)
(16,10)-(18,68)
(22,19)-(22,34)
(18,31)-(18,46)
(22,19)-(22,34)
(18,31)-(18,46)
(22,19)-(22,34)
(16,10)-(18,68)
(22,19)-(22,34)
(18,31)-(18,46)
(22,19)-(22,34)
(18,31)-(18,46)
(22,19)-(22,34)
(16,10)-(18,68)
(22,19)-(22,34)
(18,31)-(18,46)
(22,19)-(22,34)
(18,31)-(18,46)
(22,19)-(22,34)
(16,10)-(18,68)
(4,12)-(7,59)
(18,31)-(18,46)
(4,12)-(7,59)
(18,31)-(18,46)
(4,12)-(7,59)
(16,10)-(18,68)
(4,15)-(7,59)
(18,31)-(18,46)
(4,15)-(7,59)
(18,31)-(18,46)
(4,15)-(7,59)
(21,18)-(21,44)
(22,18)-(22,64)
(21,18)-(21,44)
(22,19)-(22,34)
(21,18)-(21,44)
(22,19)-(22,34)
(21,18)-(21,44)
(4,12)-(7,59)
(21,18)-(21,44)
(22,19)-(22,34)
(21,18)-(21,44)
(4,15)-(7,59)
