(24,18)-(24,44)
(25,18)-(25,64)
(16,10)-(21,76)
(25,18)-(25,64)
(22,16)-(22,19)
(25,18)-(25,64)
(24,18)-(24,44)
(25,19)-(25,34)
(16,10)-(21,76)
(25,19)-(25,34)
(22,16)-(22,19)
(25,19)-(25,34)
(24,18)-(24,44)
(25,19)-(25,34)
(16,10)-(21,76)
(25,19)-(25,34)
(22,16)-(22,19)
(25,19)-(25,34)
(24,18)-(24,44)
(25,19)-(25,34)
(16,10)-(21,76)
(25,19)-(25,34)
(22,16)-(22,19)
(25,19)-(25,34)
(24,18)-(24,44)
(4,12)-(7,59)
(16,10)-(21,76)
(4,12)-(7,59)
(22,16)-(22,19)
(4,12)-(7,59)
(24,18)-(24,44)
(4,15)-(7,59)
(16,10)-(21,76)
(4,15)-(7,59)
(22,16)-(22,19)
(4,15)-(7,59)
(24,18)-(24,44)
(25,18)-(25,64)
(24,18)-(24,44)
(25,19)-(25,34)
(24,18)-(24,44)
(25,19)-(25,34)
(24,18)-(24,44)
(25,19)-(25,34)
(24,18)-(24,44)
(4,12)-(7,59)
(24,18)-(24,44)
(4,15)-(7,59)
