(17,11)-(26,34)
(45,13)-(45,28)
(46,20)-(46,46)
(17,11)-(26,34)
(43,47)-(43,64)
(46,20)-(46,46)
(17,11)-(26,34)
(43,47)-(43,64)
(46,20)-(46,46)
(17,11)-(26,34)
(28,19)-(34,66)
(46,20)-(46,46)
(17,11)-(26,34)
(28,21)-(34,66)
(46,20)-(46,46)
(17,11)-(26,34)
(34,53)-(34,65)
(46,20)-(46,46)
(17,11)-(26,34)
(45,13)-(45,28)
(40,8)-(43,70)
(17,11)-(26,34)
(43,47)-(43,64)
(40,8)-(43,70)
(17,11)-(26,34)
(43,47)-(43,64)
(40,8)-(43,70)
(17,11)-(26,34)
(28,19)-(34,66)
(40,8)-(43,70)
(17,11)-(26,34)
(28,21)-(34,66)
(40,8)-(43,70)
(17,11)-(26,34)
(34,53)-(34,65)
(40,8)-(43,70)
(17,11)-(26,34)
(45,13)-(45,28)
(40,10)-(43,70)
(17,11)-(26,34)
(43,47)-(43,64)
(40,10)-(43,70)
(17,11)-(26,34)
(43,47)-(43,64)
(40,10)-(43,70)
(17,11)-(26,34)
(28,19)-(34,66)
(40,10)-(43,70)
(17,11)-(26,34)
(28,21)-(34,66)
(40,10)-(43,70)
(17,11)-(26,34)
(34,53)-(34,65)
(40,10)-(43,70)
(17,11)-(26,34)
(45,13)-(45,28)
(43,26)-(43,28)
(17,11)-(26,34)
(43,47)-(43,64)
(43,26)-(43,28)
(17,11)-(26,34)
(43,47)-(43,64)
(43,26)-(43,28)
(17,11)-(26,34)
(28,19)-(34,66)
(43,26)-(43,28)
(17,11)-(26,34)
(28,21)-(34,66)
(43,26)-(43,28)
(17,11)-(26,34)
(34,53)-(34,65)
(43,26)-(43,28)
(43,39)-(43,70)
(45,13)-(45,28)
(40,10)-(43,70)
(43,39)-(43,70)
(43,47)-(43,64)
(40,10)-(43,70)
(43,39)-(43,70)
(45,13)-(45,28)
(40,8)-(43,70)
(43,39)-(43,70)
(43,47)-(43,64)
(40,8)-(43,70)
(43,39)-(43,70)
(45,13)-(45,28)
(46,20)-(46,46)
(43,39)-(43,70)
(43,47)-(43,64)
(46,20)-(46,46)
(43,39)-(43,70)
(43,47)-(43,64)
(40,8)-(43,70)
(43,39)-(43,70)
(43,47)-(43,64)
(46,20)-(46,46)
(43,39)-(43,70)
(43,47)-(43,64)
(40,10)-(43,70)
(43,39)-(43,70)
(28,19)-(34,66)
(40,10)-(43,70)
(43,39)-(43,70)
(28,19)-(34,66)
(40,8)-(43,70)
(43,39)-(43,70)
(28,19)-(34,66)
(46,20)-(46,46)
(43,39)-(43,70)
(45,13)-(45,28)
(43,26)-(43,28)
(43,39)-(43,70)
(43,47)-(43,64)
(43,26)-(43,28)
(43,39)-(43,70)
(43,47)-(43,64)
(43,26)-(43,28)
(43,39)-(43,70)
(28,19)-(34,66)
(43,26)-(43,28)
(43,39)-(43,70)
(34,53)-(34,65)
(40,10)-(43,70)
(43,39)-(43,70)
(34,53)-(34,65)
(40,8)-(43,70)
(43,39)-(43,70)
(34,53)-(34,65)
(46,20)-(46,46)
(43,39)-(43,70)
(34,53)-(34,65)
(43,26)-(43,28)
(43,39)-(43,70)
(28,21)-(34,66)
(40,10)-(43,70)
(43,39)-(43,70)
(28,21)-(34,66)
(40,8)-(43,70)
(43,39)-(43,70)
(28,21)-(34,66)
(46,20)-(46,46)
(43,39)-(43,70)
(28,21)-(34,66)
(43,26)-(43,28)
