(42,25)-(42,27)
(45,20)-(45,46)
(42,25)-(42,27)
(45,20)-(45,46)
(42,25)-(42,27)
(45,20)-(45,46)
(42,25)-(42,27)
(44,13)-(44,23)
(42,25)-(42,27)
(44,13)-(44,23)
(42,25)-(42,27)
(44,13)-(44,23)
(42,25)-(42,27)
(37,36)-(37,72)
(42,25)-(42,27)
(40,8)-(42,75)
(42,25)-(42,27)
(40,10)-(42,75)
(42,25)-(42,27)
(37,36)-(37,72)
(42,25)-(42,27)
(37,56)-(37,72)
(42,25)-(42,27)
(37,57)-(37,71)
(42,25)-(42,27)
(37,57)-(37,71)
(42,25)-(42,27)
(37,57)-(37,71)
(42,38)-(42,75)
(45,20)-(45,46)
(42,38)-(42,75)
(40,8)-(42,75)
(42,38)-(42,75)
(40,10)-(42,75)
