(27,26)-(27,45)
(27,48)-(27,67)
(16,2)-(28,27)
(16,2)-(28,27)
(27,26)-(27,67)
(27,26)-(27,45)
(27,48)-(27,67)
(16,2)-(28,27)
(16,2)-(28,27)
(27,26)-(27,67)
(27,26)-(27,45)
(27,48)-(27,67)
(16,2)-(28,27)
(28,19)-(28,27)
(27,26)-(27,67)
(27,26)-(27,45)
(27,48)-(27,67)
(16,2)-(28,27)
(28,19)-(28,27)
(27,26)-(27,67)
(27,26)-(27,45)
(27,48)-(27,67)
(16,2)-(28,27)
(16,2)-(28,27)
(27,26)-(27,67)
(27,26)-(27,45)
(27,48)-(27,67)
(16,2)-(28,27)
(16,2)-(28,27)
(27,26)-(27,67)
(27,26)-(27,45)
(27,48)-(27,67)
(16,2)-(28,27)
(28,19)-(28,27)
(27,26)-(27,67)
(27,26)-(27,45)
(27,48)-(27,67)
(16,2)-(28,27)
(28,19)-(28,27)
(27,26)-(27,67)
(27,26)-(27,45)
(27,65)-(27,66)
(16,2)-(28,27)
(16,2)-(28,27)
(27,26)-(27,67)
(27,26)-(27,45)
(27,48)-(27,67)
(16,2)-(28,27)
(16,2)-(28,27)
(27,26)-(27,67)
(27,26)-(27,45)
(27,48)-(27,67)
(16,2)-(28,27)
(16,2)-(28,27)
(27,26)-(27,67)
(27,26)-(27,45)
(27,65)-(27,66)
(16,2)-(28,27)
(28,19)-(28,27)
(27,26)-(27,67)
(27,26)-(27,45)
(27,48)-(27,67)
(16,2)-(28,27)
(28,19)-(28,27)
(27,26)-(27,67)
(27,26)-(27,45)
(27,48)-(27,67)
(16,2)-(28,27)
(28,19)-(28,27)
(27,26)-(27,67)
(27,43)-(27,44)
(27,65)-(27,66)
(16,2)-(28,27)
(16,2)-(28,27)
(27,26)-(27,67)
(27,43)-(27,44)
(27,48)-(27,67)
(16,2)-(28,27)
(16,2)-(28,27)
(27,26)-(27,67)
(27,43)-(27,44)
(27,65)-(27,66)
(16,2)-(28,27)
(28,19)-(28,27)
(27,26)-(27,67)
(27,43)-(27,44)
(27,48)-(27,67)
(16,2)-(28,27)
(28,19)-(28,27)
(27,26)-(27,67)
(27,43)-(27,44)
(27,48)-(27,67)
(16,2)-(28,27)
(16,2)-(28,27)
(27,26)-(27,67)
(27,43)-(27,44)
(27,48)-(27,67)
(16,2)-(28,27)
(28,19)-(28,27)
(27,26)-(27,67)
(27,26)-(27,45)
(27,65)-(27,66)
(16,2)-(28,27)
(16,2)-(28,27)
(27,26)-(27,67)
(27,26)-(27,45)
(27,48)-(27,67)
(16,2)-(28,27)
(16,2)-(28,27)
(27,26)-(27,67)
(27,26)-(27,45)
(27,65)-(27,66)
(16,2)-(28,27)
(28,19)-(28,27)
(27,26)-(27,67)
(27,26)-(27,45)
(27,48)-(27,67)
(16,2)-(28,27)
(28,19)-(28,27)
(27,26)-(27,67)
(27,26)-(27,45)
(27,48)-(27,67)
(16,2)-(28,27)
(16,2)-(28,27)
(27,26)-(27,67)
(27,26)-(27,45)
(27,48)-(27,67)
(16,2)-(28,27)
(28,19)-(28,27)
(27,26)-(27,67)
(27,26)-(27,45)
(27,48)-(27,67)
(16,2)-(28,27)
(28,19)-(28,27)
(27,26)-(27,67)
(27,26)-(27,45)
(27,48)-(27,67)
(16,2)-(28,27)
(28,19)-(28,27)
(27,26)-(27,67)
(27,26)-(27,45)
(27,48)-(27,67)
(16,2)-(28,27)
(16,2)-(28,27)
(27,26)-(27,67)
(27,26)-(27,45)
(27,48)-(27,67)
(16,2)-(28,27)
(16,2)-(28,27)
(27,26)-(27,67)
(27,26)-(27,45)
(27,65)-(27,66)
(16,2)-(28,27)
(16,2)-(28,27)
(27,26)-(27,67)
(27,26)-(27,45)
(27,65)-(27,66)
(16,2)-(28,27)
(28,19)-(28,27)
(27,26)-(27,67)
(27,26)-(27,45)
(27,48)-(27,67)
(16,2)-(28,27)
(28,19)-(28,27)
(27,26)-(27,67)
(27,26)-(27,45)
(27,48)-(27,67)
(16,2)-(28,27)
(16,2)-(28,27)
(27,26)-(27,67)
(27,26)-(27,45)
(27,48)-(27,67)
(16,2)-(28,27)
(16,2)-(28,27)
(27,26)-(27,67)
(27,26)-(27,45)
(27,48)-(27,67)
(16,2)-(28,27)
(28,19)-(28,27)
(27,26)-(27,67)
(27,26)-(27,45)
(27,48)-(27,67)
(16,2)-(28,27)
(16,2)-(28,27)
(27,26)-(27,67)
(27,26)-(27,45)
(27,48)-(27,67)
(16,2)-(28,27)
(28,19)-(28,27)
(27,26)-(27,67)
(27,26)-(27,45)
(27,48)-(27,67)
(16,2)-(28,27)
(16,2)-(28,27)
(27,26)-(27,67)
(27,26)-(27,45)
(27,48)-(27,67)
(16,2)-(28,27)
(28,19)-(28,27)
(27,26)-(27,67)
(27,26)-(27,45)
(27,65)-(27,66)
(16,2)-(28,27)
(16,2)-(28,27)
(27,26)-(27,67)
(27,26)-(27,45)
(27,48)-(27,67)
(16,2)-(28,27)
(16,2)-(28,27)
(27,26)-(27,67)
(27,26)-(27,45)
(27,65)-(27,66)
(16,2)-(28,27)
(28,19)-(28,27)
(27,26)-(27,67)
(27,26)-(27,45)
(27,48)-(27,67)
(16,2)-(28,27)
(28,19)-(28,27)
(27,26)-(27,67)
(27,26)-(27,45)
(27,48)-(27,67)
(16,2)-(28,27)
(28,19)-(28,27)
(27,26)-(27,67)
(27,26)-(27,45)
(27,48)-(27,67)
(16,2)-(28,27)
(16,2)-(28,27)
(27,26)-(27,67)
