(38,7)-(38,67)
(36,2)-(38,67)
(35,19)-(38,67)
(38,29)-(38,39)
(36,2)-(38,67)
(35,19)-(38,67)
(22,11)-(33,34)
(36,2)-(38,67)
(35,19)-(38,67)
(33,18)-(33,33)
(36,2)-(38,67)
(35,19)-(38,67)
(4,12)-(13,17)
(36,2)-(38,67)
(35,19)-(38,67)
(38,7)-(38,67)
(36,2)-(38,67)
(35,19)-(38,67)
(38,29)-(38,39)
(36,2)-(38,67)
(35,19)-(38,67)
(22,11)-(33,34)
(36,2)-(38,67)
(35,19)-(38,67)
(33,18)-(33,33)
(36,2)-(38,67)
(35,19)-(38,67)
(4,12)-(13,17)
(36,2)-(38,67)
(35,19)-(38,67)
(38,7)-(38,67)
(37,7)-(37,8)
(35,19)-(38,67)
(38,29)-(38,39)
(37,7)-(37,8)
(35,19)-(38,67)
(22,11)-(33,34)
(37,7)-(37,8)
(35,19)-(38,67)
(33,18)-(33,33)
(37,7)-(37,8)
(35,19)-(38,67)
(4,12)-(13,17)
(37,7)-(37,8)
(35,19)-(38,67)
(38,7)-(38,67)
(36,2)-(38,67)
(38,41)-(38,66)
(38,29)-(38,39)
(36,2)-(38,67)
(38,41)-(38,66)
(22,11)-(33,34)
(36,2)-(38,67)
(38,41)-(38,66)
(38,7)-(38,67)
(36,2)-(38,67)
(38,41)-(38,66)
(38,29)-(38,39)
(36,2)-(38,67)
(38,41)-(38,66)
(22,11)-(33,34)
(36,2)-(38,67)
(38,41)-(38,66)
(33,18)-(33,33)
(36,2)-(38,67)
(38,41)-(38,66)
(33,18)-(33,33)
(36,2)-(38,67)
(38,41)-(38,66)
(38,7)-(38,67)
(37,7)-(37,8)
(38,41)-(38,66)
(38,29)-(38,39)
(37,7)-(37,8)
(38,41)-(38,66)
(22,11)-(33,34)
(37,7)-(37,8)
(38,41)-(38,66)
(33,18)-(33,33)
(37,7)-(37,8)
(38,41)-(38,66)
(4,12)-(13,17)
(36,2)-(38,67)
(38,41)-(38,66)
(4,12)-(13,17)
(36,2)-(38,67)
(38,41)-(38,66)
(4,12)-(13,17)
(37,7)-(37,8)
(38,41)-(38,66)
(38,7)-(38,67)
(36,2)-(38,67)
(38,41)-(38,66)
(38,7)-(38,67)
(38,7)-(38,67)
(38,41)-(38,66)
(38,7)-(38,67)
(38,29)-(38,39)
(38,41)-(38,66)
(38,7)-(38,67)
(36,2)-(38,67)
(38,41)-(38,66)
(38,7)-(38,67)
(22,11)-(33,34)
(38,41)-(38,66)
(38,7)-(38,67)
(36,2)-(38,67)
(35,19)-(38,67)
(38,7)-(38,67)
(38,7)-(38,67)
(35,19)-(38,67)
(38,7)-(38,67)
(38,29)-(38,39)
(35,19)-(38,67)
(38,7)-(38,67)
(36,2)-(38,67)
(35,19)-(38,67)
(38,7)-(38,67)
(22,11)-(33,34)
(35,19)-(38,67)
(38,7)-(38,67)
(33,18)-(33,33)
(35,19)-(38,67)
(38,7)-(38,67)
(33,18)-(33,33)
(38,41)-(38,66)
(38,7)-(38,67)
(4,12)-(13,17)
(35,19)-(38,67)
(38,7)-(38,67)
(4,12)-(13,17)
(38,41)-(38,66)
(38,7)-(38,67)
(37,7)-(37,8)
(35,19)-(38,67)
(38,7)-(38,67)
(37,7)-(37,8)
(38,41)-(38,66)
