(38,28)-(38,64)
(35,19)-(38,64)
(38,28)-(38,64)
(35,19)-(38,64)
(22,11)-(33,34)
(35,19)-(38,64)
(38,28)-(38,64)
(35,19)-(38,64)
(22,14)-(33,34)
(35,19)-(38,64)
(33,2)-(33,34)
(35,19)-(38,64)
(33,2)-(33,34)
(35,19)-(38,64)
(38,28)-(38,64)
(38,40)-(38,63)
(38,28)-(38,64)
(38,40)-(38,63)
(22,11)-(33,34)
(38,40)-(38,63)
(38,28)-(38,64)
(38,40)-(38,63)
(22,14)-(33,34)
(38,40)-(38,63)
(33,2)-(33,34)
(38,40)-(38,63)
(33,2)-(33,34)
(38,40)-(38,63)
(38,7)-(38,64)
(38,40)-(38,63)
(38,7)-(38,64)
(35,19)-(38,64)
