(25,39)-(25,56)
(27,36)-(28,51)
(34,25)-(34,73)
(25,39)-(25,56)
(27,36)-(28,51)
(34,25)-(34,73)
(25,39)-(25,56)
(27,36)-(28,51)
(34,25)-(34,73)
(25,39)-(25,56)
(28,24)-(28,50)
(34,25)-(34,73)
(25,39)-(25,56)
(28,24)-(28,50)
(34,25)-(34,73)
(25,39)-(25,56)
(28,24)-(28,50)
(34,25)-(34,73)
(25,39)-(25,56)
(28,24)-(28,50)
(34,25)-(34,73)
(25,39)-(25,56)
(28,24)-(28,50)
(34,25)-(34,73)
(25,39)-(25,56)
(28,24)-(28,50)
(34,25)-(34,73)
(25,39)-(25,56)
(28,24)-(28,50)
(34,25)-(34,73)
(25,39)-(25,56)
(28,24)-(28,50)
(34,25)-(34,73)
(25,39)-(25,56)
(28,24)-(28,50)
(34,25)-(34,73)
(25,39)-(25,56)
(28,24)-(28,50)
(34,50)-(34,72)
(25,39)-(25,56)
(28,24)-(28,50)
(34,50)-(34,72)
(25,39)-(25,56)
(27,36)-(28,51)
(34,50)-(34,72)
(25,39)-(25,56)
(27,36)-(28,51)
(34,50)-(34,72)
(25,39)-(25,56)
(28,24)-(28,50)
(34,50)-(34,72)
(25,39)-(25,56)
(28,24)-(28,50)
(34,50)-(34,72)
(25,39)-(25,56)
(28,24)-(28,50)
(34,50)-(34,72)
(25,39)-(25,56)
(28,24)-(28,50)
(34,50)-(34,72)
(25,39)-(25,56)
(28,24)-(28,50)
(34,50)-(34,72)
(25,39)-(25,56)
(27,36)-(28,51)
(34,50)-(34,72)
(25,39)-(25,56)
(28,24)-(28,50)
(34,50)-(34,72)
(25,39)-(25,56)
(28,24)-(28,50)
(34,50)-(34,72)
(25,39)-(25,56)
(28,24)-(28,50)
(34,50)-(34,72)
(25,39)-(25,56)
(28,24)-(28,50)
(34,50)-(34,72)
(25,39)-(25,56)
(27,36)-(28,51)
(34,50)-(34,72)
(25,39)-(25,56)
(27,36)-(28,51)
(34,50)-(34,72)
(25,39)-(25,56)
(28,24)-(28,50)
(34,50)-(34,72)
(25,39)-(25,56)
(28,24)-(28,50)
(34,50)-(34,72)
(25,39)-(25,56)
(28,24)-(28,50)
(34,50)-(34,72)
(25,39)-(25,56)
(28,24)-(28,50)
(34,50)-(34,72)
(25,39)-(25,56)
(28,24)-(28,50)
(34,50)-(34,72)
(25,39)-(25,56)
(27,36)-(28,51)
(34,50)-(34,72)
(25,39)-(25,56)
(28,24)-(28,50)
(34,50)-(34,72)
(25,39)-(25,56)
(28,24)-(28,50)
(34,50)-(34,72)
(25,39)-(25,56)
(28,24)-(28,50)
(34,50)-(34,72)
(25,39)-(25,56)
(28,24)-(28,50)
(34,50)-(34,72)
(25,39)-(25,56)
(27,36)-(28,51)
(34,50)-(34,72)
(25,39)-(25,56)
(27,36)-(28,51)
(34,50)-(34,72)
(25,39)-(25,56)
(28,24)-(28,50)
(34,50)-(34,72)
(25,39)-(25,56)
(28,24)-(28,50)
(34,50)-(34,72)
(25,39)-(25,56)
(28,24)-(28,50)
(34,50)-(34,72)
(25,39)-(25,56)
(28,24)-(28,50)
(34,50)-(34,72)
(25,39)-(25,56)
(28,24)-(28,50)
(34,50)-(34,72)
(25,39)-(25,56)
(27,36)-(28,51)
(34,50)-(34,72)
(25,39)-(25,56)
(28,24)-(28,50)
(34,50)-(34,72)
(25,39)-(25,56)
(28,24)-(28,50)
(34,50)-(34,72)
(25,29)-(25,57)
(28,24)-(28,50)
(34,50)-(34,72)
(25,29)-(25,57)
(27,36)-(28,51)
(34,50)-(34,72)
(25,29)-(25,57)
(28,24)-(28,50)
(34,50)-(34,72)
(25,29)-(25,57)
(27,36)-(28,51)
(34,50)-(34,72)
(25,29)-(25,57)
(28,24)-(28,50)
(34,50)-(34,72)
(25,29)-(25,57)
(28,24)-(28,50)
(34,50)-(34,72)
(25,29)-(25,57)
(28,24)-(28,50)
(34,25)-(34,73)
(25,29)-(25,57)
(27,36)-(28,51)
(34,25)-(34,73)
(25,29)-(25,57)
(28,24)-(28,50)
(34,25)-(34,73)
(25,29)-(25,57)
(28,24)-(28,50)
(34,50)-(34,72)
(25,29)-(25,57)
(27,36)-(28,51)
(34,50)-(34,72)
(25,29)-(25,57)
(28,24)-(28,50)
(34,50)-(34,72)
(25,29)-(25,57)
(28,24)-(28,50)
(34,50)-(34,72)
(25,29)-(25,57)
(28,24)-(28,50)
(34,50)-(34,72)
(25,29)-(25,57)
(28,24)-(28,50)
(34,25)-(34,73)
(25,29)-(25,57)
(28,24)-(28,50)
(34,50)-(34,72)
