(22,27)-(22,49)
(24,13)-(24,34)
(22,27)-(22,49)
(24,13)-(24,34)
(22,27)-(22,49)
(17,10)-(23,51)
(22,27)-(22,49)
(17,10)-(23,51)
(22,27)-(22,49)
(24,18)-(24,33)
(22,27)-(22,49)
(24,18)-(24,33)
(22,27)-(22,49)
(24,18)-(24,33)
(22,27)-(22,49)
(24,18)-(24,33)
(22,27)-(22,49)
(24,18)-(24,33)
(22,27)-(22,49)
(24,18)-(24,33)
(22,27)-(22,49)
(4,12)-(11,17)
(22,27)-(22,49)
(4,12)-(11,17)
(22,27)-(22,49)
(4,15)-(11,17)
(22,27)-(22,49)
(4,15)-(11,17)
(22,27)-(22,49)
(22,41)-(22,48)
(22,27)-(22,49)
(22,41)-(22,48)
(22,17)-(22,50)
(24,18)-(24,33)
(22,17)-(22,50)
(24,13)-(24,34)
(22,17)-(22,50)
(17,10)-(23,51)
(22,17)-(22,50)
(24,18)-(24,33)
(22,17)-(22,50)
(22,41)-(22,48)
(22,17)-(22,50)
(24,18)-(24,33)
(22,17)-(22,50)
(4,15)-(11,17)
(22,17)-(22,50)
(4,12)-(11,17)
