(18,18)-(18,44)
(19,13)-(19,34)
(18,18)-(18,44)
(19,13)-(19,34)
(18,18)-(18,44)
(14,10)-(18,51)
(18,18)-(18,44)
(14,10)-(18,51)
(18,18)-(18,44)
(19,18)-(19,33)
(18,18)-(18,44)
(19,18)-(19,33)
(18,18)-(18,44)
(19,18)-(19,33)
(18,18)-(18,44)
(19,18)-(19,33)
(18,18)-(18,44)
(19,18)-(19,33)
(18,18)-(18,44)
(19,18)-(19,33)
(18,18)-(18,44)
(4,12)-(8,57)
(18,18)-(18,44)
(4,12)-(8,57)
(18,18)-(18,44)
(4,15)-(8,57)
(18,18)-(18,44)
(4,15)-(8,57)
(18,18)-(18,44)
(17,28)-(17,35)
(18,18)-(18,44)
(17,28)-(17,35)
(18,18)-(18,44)
(19,13)-(19,34)
(18,18)-(18,44)
(14,10)-(18,51)
(18,18)-(18,44)
(4,15)-(8,57)
(18,18)-(18,44)
(4,12)-(8,57)
(18,18)-(18,44)
(19,18)-(19,33)
(18,18)-(18,44)
(19,18)-(19,33)
(18,18)-(18,44)
(17,28)-(17,35)
(18,18)-(18,44)
(19,18)-(19,33)
