(34,26)-(34,45)
(34,48)-(34,59)
(36,42)-(36,68)
(34,26)-(34,45)
(34,48)-(34,59)
(36,42)-(36,68)
(34,26)-(34,45)
(34,48)-(34,59)
(36,42)-(36,68)
(34,26)-(34,45)
(34,48)-(34,59)
(36,42)-(36,68)
(34,26)-(34,45)
(34,48)-(34,59)
(32,8)-(34,62)
(34,26)-(34,45)
(34,48)-(34,59)
(32,8)-(34,62)
(34,26)-(34,45)
(34,48)-(34,59)
(32,10)-(34,62)
(34,26)-(34,45)
(34,48)-(34,59)
(32,10)-(34,62)
(34,26)-(34,45)
(34,48)-(34,59)
(34,16)-(34,61)
(34,26)-(34,45)
(34,48)-(34,59)
(34,16)-(34,61)
(34,26)-(34,45)
(34,48)-(34,59)
(34,16)-(34,61)
(34,26)-(34,45)
(34,48)-(34,59)
(34,16)-(34,61)
(34,26)-(34,45)
(34,48)-(34,59)
(34,16)-(34,61)
(34,26)-(34,45)
(34,48)-(34,59)
(34,16)-(34,61)
(34,25)-(34,60)
(34,49)-(34,51)
(36,42)-(36,68)
(34,25)-(34,60)
(34,49)-(34,51)
(36,42)-(36,68)
(34,25)-(34,60)
(34,49)-(34,51)
(32,8)-(34,62)
(34,25)-(34,60)
(34,49)-(34,51)
(32,10)-(34,62)
(34,25)-(34,60)
(34,49)-(34,51)
(34,16)-(34,61)
(34,25)-(34,60)
(34,48)-(34,59)
(36,42)-(36,68)
(34,25)-(34,60)
(34,48)-(34,59)
(36,42)-(36,68)
(34,25)-(34,60)
(34,48)-(34,59)
(32,8)-(34,62)
(34,25)-(34,60)
(34,48)-(34,59)
(32,10)-(34,62)
(34,25)-(34,60)
(34,48)-(34,59)
(34,16)-(34,61)
(34,25)-(34,60)
(34,49)-(34,51)
(34,16)-(34,61)
(34,25)-(34,60)
(34,48)-(34,59)
(34,16)-(34,61)
(34,25)-(34,60)
(34,49)-(34,51)
(34,16)-(34,61)
(34,25)-(34,60)
(34,48)-(34,59)
(34,16)-(34,61)
