(29,45)-(29,52)
(29,24)-(29,55)
(29,45)-(29,52)
(29,24)-(29,55)
(29,45)-(29,52)
(29,24)-(29,55)
(29,45)-(29,52)
(29,24)-(29,55)
(29,45)-(29,52)
(29,24)-(29,55)
(29,45)-(29,52)
(29,24)-(29,55)
(29,45)-(29,52)
(17,11)-(26,34)
(29,45)-(29,52)
(17,11)-(26,34)
(29,45)-(29,52)
(17,11)-(26,34)
(29,45)-(29,52)
(17,14)-(26,34)
(29,45)-(29,52)
(17,14)-(26,34)
(29,45)-(29,52)
(17,14)-(26,34)
(29,44)-(29,55)
(29,24)-(29,55)
(29,44)-(29,55)
(29,24)-(29,55)
(29,44)-(29,55)
(17,11)-(26,34)
(29,44)-(29,55)
(17,14)-(26,34)
