(28,9)-(28,29)
(29,31)-(29,35)
(33,17)-(33,28)
(28,28)-(28,29)
(29,31)-(29,35)
(33,17)-(33,28)
(28,9)-(28,25)
(29,31)-(29,35)
(33,17)-(33,28)
(28,9)-(28,29)
(29,11)-(29,35)
(33,17)-(33,28)
(28,28)-(28,29)
(29,11)-(29,35)
(33,17)-(33,28)
(28,9)-(28,25)
(29,11)-(29,35)
(33,17)-(33,28)
(28,9)-(28,25)
(29,31)-(29,35)
(33,17)-(33,28)
(28,9)-(28,25)
(29,11)-(29,35)
(33,17)-(33,28)
(28,9)-(28,29)
(29,11)-(29,35)
(33,17)-(33,28)
(28,28)-(28,29)
(29,11)-(29,35)
(33,17)-(33,28)
(28,9)-(28,25)
(29,11)-(29,35)
(33,17)-(33,28)
(28,9)-(28,25)
(29,11)-(29,35)
(33,17)-(33,28)
(28,9)-(28,29)
(29,31)-(29,35)
(33,17)-(33,28)
(28,9)-(28,29)
(29,11)-(29,35)
(33,17)-(33,28)
(28,9)-(28,29)
(29,11)-(29,35)
(33,17)-(33,28)
