(18,7)-(18,11)
(18,38)-(18,58)
(18,61)-(18,68)
(18,30)-(18,70)
(19,19)-(19,52)
(18,7)-(18,11)
(18,38)-(18,58)
(18,61)-(18,68)
(18,30)-(18,70)
(19,19)-(19,52)
(18,7)-(18,11)
(18,38)-(18,58)
(18,62)-(18,63)
(18,30)-(18,70)
(19,19)-(19,52)
(18,7)-(18,11)
(18,38)-(18,58)
(18,62)-(18,63)
(18,30)-(18,70)
(19,19)-(19,52)
(18,7)-(18,11)
(18,38)-(18,58)
(18,61)-(18,68)
(18,30)-(18,70)
(19,19)-(19,52)
(18,7)-(18,11)
(18,38)-(18,58)
(18,61)-(18,68)
(18,30)-(18,70)
(19,19)-(19,52)
(18,7)-(18,11)
(18,38)-(18,58)
(18,62)-(18,63)
(18,30)-(18,70)
(19,19)-(19,52)
(18,7)-(18,11)
(18,38)-(18,58)
(18,62)-(18,63)
(18,30)-(18,70)
(19,19)-(19,52)
(18,7)-(18,11)
(18,38)-(18,58)
(18,61)-(18,68)
(18,37)-(18,69)
(19,19)-(19,52)
(18,7)-(18,11)
(18,38)-(18,58)
(18,61)-(18,68)
(18,37)-(18,69)
(19,19)-(19,52)
(18,7)-(18,11)
(18,38)-(18,58)
(18,62)-(18,63)
(18,37)-(18,69)
(19,19)-(19,52)
(18,7)-(18,11)
(18,38)-(18,58)
(18,62)-(18,63)
(18,37)-(18,69)
(19,19)-(19,52)
(18,7)-(18,11)
(18,38)-(18,58)
(18,62)-(18,63)
(18,37)-(18,69)
(19,19)-(19,52)
(18,7)-(18,11)
(18,38)-(18,58)
(18,62)-(18,63)
(18,37)-(18,69)
(19,19)-(19,52)
(18,7)-(18,11)
(18,38)-(18,58)
(18,61)-(18,68)
(18,37)-(18,69)
(19,19)-(19,52)
(18,7)-(18,11)
(18,38)-(18,58)
(18,61)-(18,68)
(18,37)-(18,69)
(19,19)-(19,52)
(18,7)-(18,11)
(18,38)-(18,58)
(18,61)-(18,68)
(18,37)-(18,69)
(19,19)-(19,52)
(18,7)-(18,11)
(18,38)-(18,58)
(18,61)-(18,68)
(18,37)-(18,69)
(19,19)-(19,52)
(18,7)-(18,11)
(18,38)-(18,58)
(18,62)-(18,63)
(18,37)-(18,69)
(19,19)-(19,52)
(18,7)-(18,11)
(18,38)-(18,58)
(18,62)-(18,63)
(18,37)-(18,69)
(19,19)-(19,52)
(18,7)-(18,11)
(18,38)-(18,58)
(18,61)-(18,68)
(18,30)-(18,70)
(19,19)-(19,52)
(18,7)-(18,11)
(18,38)-(18,58)
(18,61)-(18,68)
(18,30)-(18,70)
(19,19)-(19,52)
(18,7)-(18,11)
(18,38)-(18,58)
(18,62)-(18,63)
(18,30)-(18,70)
(19,19)-(19,52)
(18,7)-(18,11)
(18,38)-(18,58)
(18,62)-(18,63)
(18,30)-(18,70)
(19,19)-(19,52)
(18,7)-(18,11)
(18,38)-(18,58)
(18,61)-(18,68)
(18,30)-(18,70)
(19,19)-(19,52)
(18,7)-(18,11)
(18,38)-(18,58)
(18,61)-(18,68)
(18,30)-(18,70)
(19,19)-(19,52)
(18,7)-(18,11)
(18,38)-(18,58)
(18,62)-(18,63)
(18,30)-(18,70)
(19,19)-(19,52)
(18,7)-(18,11)
(18,38)-(18,58)
(18,62)-(18,63)
(18,30)-(18,70)
(19,19)-(19,52)
(18,7)-(18,11)
(18,38)-(18,58)
(18,61)-(18,68)
(18,37)-(18,69)
(19,19)-(19,52)
(18,7)-(18,11)
(18,38)-(18,58)
(18,61)-(18,68)
(18,37)-(18,69)
(19,19)-(19,52)
(18,7)-(18,11)
(18,38)-(18,58)
(18,62)-(18,63)
(18,37)-(18,69)
(19,19)-(19,52)
(18,7)-(18,11)
(18,38)-(18,58)
(18,62)-(18,63)
(18,37)-(18,69)
(19,19)-(19,52)
(18,7)-(18,11)
(18,38)-(18,58)
(18,61)-(18,68)
(18,37)-(18,69)
(19,19)-(19,52)
(18,7)-(18,11)
(18,38)-(18,58)
(18,62)-(18,63)
(18,37)-(18,69)
(19,19)-(19,52)
(18,7)-(18,11)
(18,38)-(18,58)
(18,61)-(18,68)
(18,37)-(18,69)
(19,19)-(19,52)
(18,7)-(18,11)
(18,38)-(18,58)
(18,62)-(18,63)
(18,37)-(18,69)
(19,19)-(19,52)
(18,7)-(18,11)
(18,38)-(18,58)
(18,61)-(18,68)
(18,37)-(18,69)
(19,19)-(19,52)
(18,7)-(18,11)
(18,38)-(18,58)
(18,62)-(18,63)
(18,37)-(18,69)
(19,19)-(19,52)
(18,7)-(18,11)
(18,38)-(18,58)
(18,61)-(18,68)
(18,37)-(18,69)
(19,19)-(19,52)
(18,7)-(18,11)
(18,38)-(18,58)
(18,62)-(18,63)
(18,37)-(18,69)
(19,19)-(19,52)
(18,6)-(18,27)
(18,38)-(18,58)
(18,62)-(18,63)
(18,30)-(18,70)
(19,19)-(19,52)
(18,6)-(18,27)
(18,38)-(18,58)
(18,62)-(18,63)
(18,30)-(18,70)
(19,19)-(19,52)
(18,6)-(18,27)
(18,38)-(18,58)
(18,61)-(18,68)
(18,30)-(18,70)
(19,19)-(19,52)
(18,6)-(18,27)
(18,38)-(18,58)
(18,61)-(18,68)
(18,30)-(18,70)
(19,19)-(19,52)
(18,6)-(18,27)
(18,38)-(18,58)
(18,62)-(18,63)
(18,37)-(18,69)
(19,19)-(19,52)
(18,6)-(18,27)
(18,38)-(18,58)
(18,61)-(18,68)
(18,37)-(18,69)
(19,19)-(19,52)
(18,6)-(18,27)
(18,38)-(18,58)
(18,61)-(18,68)
(18,37)-(18,69)
(19,19)-(19,52)
(18,6)-(18,27)
(18,38)-(18,58)
(18,62)-(18,63)
(18,37)-(18,69)
(19,19)-(19,52)
(18,6)-(18,27)
(18,38)-(18,58)
(18,61)-(18,68)
(18,30)-(18,70)
(19,19)-(19,52)
(18,6)-(18,27)
(18,38)-(18,58)
(18,61)-(18,68)
(18,30)-(18,70)
(19,19)-(19,52)
(18,6)-(18,27)
(18,38)-(18,58)
(18,62)-(18,63)
(18,30)-(18,70)
(19,19)-(19,52)
(18,6)-(18,27)
(18,38)-(18,58)
(18,62)-(18,63)
(18,30)-(18,70)
(19,19)-(19,52)
(18,6)-(18,27)
(18,38)-(18,58)
(18,61)-(18,68)
(18,37)-(18,69)
(19,19)-(19,52)
(18,6)-(18,27)
(18,38)-(18,58)
(18,62)-(18,63)
(18,37)-(18,69)
(19,19)-(19,52)
(18,6)-(18,27)
(18,38)-(18,58)
(18,61)-(18,68)
(18,37)-(18,69)
(19,19)-(19,52)
(18,6)-(18,27)
(18,38)-(18,58)
(18,62)-(18,63)
(18,37)-(18,69)
(19,19)-(19,52)
(18,6)-(18,27)
(18,38)-(18,58)
(18,61)-(18,68)
(18,30)-(18,70)
(19,19)-(19,52)
(18,6)-(18,27)
(18,38)-(18,58)
(18,61)-(18,68)
(18,30)-(18,70)
(19,19)-(19,52)
(18,6)-(18,27)
(18,38)-(18,58)
(18,62)-(18,63)
(18,30)-(18,70)
(19,19)-(19,52)
(18,6)-(18,27)
(18,38)-(18,58)
(18,62)-(18,63)
(18,30)-(18,70)
(19,19)-(19,52)
(18,6)-(18,27)
(18,38)-(18,58)
(18,62)-(18,63)
(18,37)-(18,69)
(19,19)-(19,52)
(18,6)-(18,27)
(18,38)-(18,58)
(18,61)-(18,68)
(18,37)-(18,69)
(19,19)-(19,52)
(18,6)-(18,27)
(18,38)-(18,58)
(18,62)-(18,63)
(18,37)-(18,69)
(19,19)-(19,52)
(18,6)-(18,27)
(18,38)-(18,58)
(18,61)-(18,68)
(18,37)-(18,69)
(19,19)-(19,52)
(18,6)-(18,27)
(18,38)-(18,58)
(18,61)-(18,68)
(18,37)-(18,69)
(19,19)-(19,52)
(18,6)-(18,27)
(18,38)-(18,58)
(18,62)-(18,63)
(18,37)-(18,69)
(19,19)-(19,52)
(18,6)-(18,27)
(18,38)-(18,58)
(18,62)-(18,63)
(18,37)-(18,69)
(19,19)-(19,52)
(18,6)-(18,27)
(18,38)-(18,58)
(18,61)-(18,68)
(18,37)-(18,69)
(19,19)-(19,52)
(18,6)-(18,27)
(18,38)-(18,58)
(18,61)-(18,68)
(18,30)-(18,70)
(19,19)-(19,52)
(18,6)-(18,27)
(18,38)-(18,58)
(18,61)-(18,68)
(18,30)-(18,70)
(19,19)-(19,52)
(18,6)-(18,27)
(18,38)-(18,58)
(18,61)-(18,68)
(18,37)-(18,69)
(19,19)-(19,52)
(18,6)-(18,27)
(18,38)-(18,58)
(18,61)-(18,68)
(18,37)-(18,69)
(19,19)-(19,52)
(18,6)-(18,27)
(18,38)-(18,58)
(18,62)-(18,63)
(18,30)-(18,70)
(19,19)-(19,52)
(18,6)-(18,27)
(18,38)-(18,58)
(18,62)-(18,63)
(18,30)-(18,70)
(19,19)-(19,52)
(18,6)-(18,27)
(18,38)-(18,58)
(18,62)-(18,63)
(18,37)-(18,69)
(19,19)-(19,52)
(18,6)-(18,27)
(18,38)-(18,58)
(18,62)-(18,63)
(18,37)-(18,69)
(19,19)-(19,52)
(18,6)-(18,27)
(18,38)-(18,58)
(18,62)-(18,63)
(18,37)-(18,69)
(19,19)-(19,52)
(18,6)-(18,27)
(18,38)-(18,58)
(18,61)-(18,68)
(18,37)-(18,69)
(19,19)-(19,52)
(18,6)-(18,27)
(18,38)-(18,58)
(18,62)-(18,63)
(18,37)-(18,69)
(19,19)-(19,52)
(18,6)-(18,27)
(18,38)-(18,58)
(18,61)-(18,68)
(18,37)-(18,69)
(19,19)-(19,52)
