(40,53)-(40,60)
(40,32)-(40,67)
(40,53)-(40,60)
(40,32)-(40,67)
(40,53)-(40,60)
(40,32)-(40,67)
(40,53)-(40,60)
(40,32)-(40,67)
(40,53)-(40,60)
(40,32)-(40,67)
(40,53)-(40,60)
(40,32)-(40,67)
(40,53)-(40,60)
(40,32)-(40,67)
(40,53)-(40,60)
(40,32)-(40,67)
(40,53)-(40,60)
(40,32)-(40,67)
(40,53)-(40,60)
(14,11)-(37,34)
(40,53)-(40,60)
(14,11)-(37,34)
(40,53)-(40,60)
(14,11)-(37,34)
(40,53)-(40,60)
(14,14)-(37,34)
(40,53)-(40,60)
(14,14)-(37,34)
(40,53)-(40,60)
(14,14)-(37,34)
(40,52)-(40,63)
(40,32)-(40,67)
(40,52)-(40,63)
(40,32)-(40,67)
(40,52)-(40,63)
(40,32)-(40,67)
(40,52)-(40,63)
(14,11)-(37,34)
(40,52)-(40,63)
(14,14)-(37,34)
