------------------------------------------------------------------
File "0097.ml", line 19, characters 33-34:
This expression has type 'a * 'b list -> 'c -> 'd list
but is here used with type 'a * 'b list -> 'c -> 'a * 'b list
Relevant code: f
------------------------------------------------------------------
File "0097.ml", line 19, characters 33-34:
Try replacing
    f
with
    f; [[...]]
of type
    int * 'e list -> 'f * 'g -> int * 'e list
within context
    let f a x = (match a with 
                 | (c, h :: t) ->
                   []) in let base = 0, [] in
      let args = (List.combine (List.rev l1) (List.rev l2)) in
      let (_, res) = (List.fold_left (f; [[...]]) base  args) in res
==============================
File "0097.ml", line 19, characters 18-32:
Try replacing
    List.fold_left
with
    List.fold_left; [[...]]
of type
    ('h * 'i list -> 'j -> 'k list) -> int * 'l list -> ('m * 'n) list -> 'o * 'p
within context
    let f a x = (match a with 
                 | (c, h :: t) ->
                   []) in let base = 0, [] in
      let args = (List.combine (List.rev l1) (List.rev l2)) in
      let (_, res) = ((List.fold_left; [[...]]) f base  args) in res
==============================
File "0097.ml", line 16, characters 10-45:
Try replacing
    fun a x -> (match a with 
                | (c, h :: t) -> [])
with
    fun a x -> (match a with 
                | (c, h :: t) -> []); [[...]]
of type
    'q
within context
    fun l1 l2 -> (let add (l1, l2) = let f = fun a x -> (match a with 
                                                         | (c, h :: t) ->
                                                           []); [[...]] in let base
              =
              0, []
              in
              let args = (List.combine (List.rev l1) (List.rev l2)) in
              let (_, res) = (List.fold_left f base  args) in
              res in (removeZero (add (padZero l1 l2))))
==============================
