------------------------------------------------------------------
File "0233.ml", line 19, characters 63-64:
This expression has type int but is here used with type float
Relevant code: 2
------------------------------------------------------------------
File "0233.ml", line 19, characters 63-64:
Try replacing
    2
with
    2; [[...]]
of type
    float
within context
    let rec eval (e, x, y) = (match e with 
                              | VarX -> x
                              | VarY -> y
                              | Sine a -> (sin (pi *. (eval (a, x, y))))
                              | Cosine a -> (cos (pi *. (eval (a, x, y))))
                              | Average (a, b) ->
                                (((eval (a, x, y)) +. (eval (b, x, y)))
                                      /. 2; [[...]])
                              | Times (a, b) ->
                                ((eval (a, x, y)) *. (eval (b, x, y)))
                              | Thresh (a, b, c, d) ->
                                (if (eval (a, x, y)) < (eval (b, x, y)) then
                                    (eval (c, x, y))
                                    else
                                    (eval (d, x, y)))) ;; 
==============================
File "0233.ml", line 19, characters 60-62:
Try replacing
    /.
with
    /.; [[...]]
of type
    float -> int -> float
within context
    let rec eval (e, x, y) = (match e with 
                              | VarX -> x
                              | VarY -> y
                              | Sine a -> (sin (pi *. (eval (a, x, y))))
                              | Cosine a -> (cos (pi *. (eval (a, x, y))))
                              | Average (a, b) ->
                                (((eval (a, x, y)) +. (eval (b, x, y)))
                                      /.; [[...]] 2)
                              | Times (a, b) ->
                                ((eval (a, x, y)) *. (eval (b, x, y)))
                              | Thresh (a, b, c, d) ->
                                (if (eval (a, x, y)) < (eval (b, x, y)) then
                                    (eval (c, x, y))
                                    else
                                    (eval (d, x, y)))) ;; 
==============================
