------------------------------------------------------------------
File "0336.ml", line 18, characters 34-35:
This expression has type expr but is here used with type expr * float * float
Relevant code: e
------------------------------------------------------------------
Triaged the following locations:
File "0336.ml", line 19, characters 23-67:
File "0336.ml", line 20, characters 21-59:
File "0336.ml", line 22, characters 6-100:
And modified the following location:
File "0336.ml", line 18, characters 20-44:
Your code has several type errors.  If you ignore other surrounding code, try replacing
    (pi *. (eval e)), x, y
with
    [[...]]
The actual replacement has type
    float
within context
    let rec eval (e, x, y) = (match e with 
                              | VarX -> x
                              | VarY -> y
                              | Sine e -> (sin (pi *. (eval (e, x, y))))
                              | Cosine e -> (cos [[...]])
                              | Average (e1, e2) -> [[...other program...]]
                              | Times (e1, e2) -> [[...other program...]]
                              | Thresh (e1, e2, e3, e4) ->
                                [[...other program...]]) ;; 
==============================
Triaged the following locations:
File "0336.ml", line 18, characters 16-44:
File "0336.ml", line 20, characters 21-59:
File "0336.ml", line 22, characters 6-100:
And modified the following location:
File "0336.ml", line 19, characters 64-65:
Your code has several type errors.  If you ignore other surrounding code, try replacing
    /
with
    /; [[...]]
The actual replacement has type
    float -> int -> float
within context
    let rec eval (e, x, y) = (match e with 
                              | VarX -> x
                              | VarY -> y
                              | Sine e -> (sin (pi *. (eval (e, x, y))))
                              | Cosine e -> [[...other program...]]
                              | Average (e1, e2) ->
                                (((eval (e1, x, y)) +. (eval (e2, x, y)))
                                      /; [[...]] 2)
                              | Times (e1, e2) -> [[...other program...]]
                              | Thresh (e1, e2, e3, e4) ->
                                [[...other program...]]) ;; 
==============================
Triaged the following locations:
File "0336.ml", line 18, characters 16-44:
File "0336.ml", line 19, characters 23-67:
File "0336.ml", line 20, characters 21-59:
And modified the following location:
File "0336.ml", line 22, characters 10-14:
Your code has several type errors.  If you ignore other surrounding code, try replacing
    eval
with
    eval
The actual replacement has type
    expr * float * float -> float
within context
    let rec eval (e, x, y) = (match e with 
                              | VarX -> x
                              | VarY -> y
                              | Sine e -> (sin (pi *. (eval (e, x, y))))
                              | Cosine e -> [[...other program...]]
                              | Average (e1, e2) -> [[...other program...]]
                              | Times (e1, e2) -> [[...other program...]]
                              | Thresh (e1, e2, e3, e4) ->
                                (if (eval (e1, x, y)) < (eval (e2, x, y)) then
                                    (eval (e3, x, y))
                                    else
                                    (eval (e4, x, y)))) ;; 
==============================
Triaged the following locations:
File "0336.ml", line 18, characters 16-44:
File "0336.ml", line 19, characters 23-67:
File "0336.ml", line 20, characters 21-59:
And modified the following location:
File "0336.ml", line 22, characters 16-18:
Your code has several type errors.  If you ignore other surrounding code, try replacing
    e1
with
    e3
The actual replacement has type
    expr * float * float
within context
    let rec eval (e, x, y) = (match e with 
                              | VarX -> x
                              | VarY -> y
                              | Sine e -> (sin (pi *. (eval (e, x, y))))
                              | Cosine e -> [[...other program...]]
                              | Average (e1, e2) -> [[...other program...]]
                              | Times (e1, e2) -> [[...other program...]]
                              | Thresh (e1, e2, e3, e4) ->
                                (if (eval (e3, x, y)) < (eval (e2, x, y)) then
                                    (eval (e3, x, y))
                                    else
                                    (eval (e4, x, y)))) ;; 
==============================
Triaged the following locations:
File "0336.ml", line 18, characters 16-44:
File "0336.ml", line 19, characters 23-67:
File "0336.ml", line 20, characters 21-59:
And modified the following location:
File "0336.ml", line 22, characters 16-18:
Your code has several type errors.  If you ignore other surrounding code, try replacing
    e1
with
    e4
The actual replacement has type
    expr * float * float
within context
    let rec eval (e, x, y) = (match e with 
                              | VarX -> x
                              | VarY -> y
                              | Sine e -> (sin (pi *. (eval (e, x, y))))
                              | Cosine e -> [[...other program...]]
                              | Average (e1, e2) -> [[...other program...]]
                              | Times (e1, e2) -> [[...other program...]]
                              | Thresh (e1, e2, e3, e4) ->
                                (if (eval (e4, x, y)) < (eval (e2, x, y)) then
                                    (eval (e3, x, y))
                                    else
                                    (eval (e4, x, y)))) ;; 
==============================
Triaged the following locations:
File "0336.ml", line 18, characters 16-44:
File "0336.ml", line 19, characters 23-67:
File "0336.ml", line 20, characters 21-59:
And modified the following location:
File "0336.ml", line 22, characters 16-18:
Your code has several type errors.  If you ignore other surrounding code, try replacing
    e1
with
    e
The actual replacement has type
    expr * float * float
within context
    let rec eval (e, x, y) = (match e with 
                              | VarX -> x
                              | VarY -> y
                              | Sine e -> (sin (pi *. (eval (e, x, y))))
                              | Cosine e -> [[...other program...]]
                              | Average (e1, e2) -> [[...other program...]]
                              | Times (e1, e2) -> [[...other program...]]
                              | Thresh (e1, e2, e3, e4) ->
                                (if (eval (e, x, y)) < (eval (e2, x, y)) then
                                    (eval (e3, x, y))
                                    else
                                    (eval (e4, x, y)))) ;; 
==============================
Triaged the following locations:
File "0336.ml", line 18, characters 16-44:
File "0336.ml", line 19, characters 23-67:
File "0336.ml", line 20, characters 21-59:
And modified the following location:
File "0336.ml", line 22, characters 16-18:
Your code has several type errors.  If you ignore other surrounding code, try replacing
    e1
with
    e2
The actual replacement has type
    expr * float * float
within context
    let rec eval (e, x, y) = (match e with 
                              | VarX -> x
                              | VarY -> y
                              | Sine e -> (sin (pi *. (eval (e, x, y))))
                              | Cosine e -> [[...other program...]]
                              | Average (e1, e2) -> [[...other program...]]
                              | Times (e1, e2) -> [[...other program...]]
                              | Thresh (e1, e2, e3, e4) ->
                                (if (eval (e2, x, y)) < (eval (e2, x, y)) then
                                    (eval (e3, x, y))
                                    else
                                    (eval (e4, x, y)))) ;; 
==============================
Triaged the following locations:
File "0336.ml", line 18, characters 16-44:
File "0336.ml", line 19, characters 23-67:
File "0336.ml", line 20, characters 21-59:
And modified the following location:
File "0336.ml", line 22, characters 16-18:
Your code has several type errors.  If you ignore other surrounding code, try replacing
    e1
with
    e1
The actual replacement has type
    expr * float * float
within context
    let rec eval (e, x, y) = (match e with 
                              | VarX -> x
                              | VarY -> y
                              | Sine e -> (sin (pi *. (eval (e, x, y))))
                              | Cosine e -> [[...other program...]]
                              | Average (e1, e2) -> [[...other program...]]
                              | Times (e1, e2) -> [[...other program...]]
                              | Thresh (e1, e2, e3, e4) ->
                                (if (eval (e1, x, y)) < (eval (e2, x, y)) then
                                    (eval (e3, x, y))
                                    else
                                    (eval (e4, x, y)))) ;; 
==============================
Triaged the following locations:
File "0336.ml", line 18, characters 16-44:
File "0336.ml", line 19, characters 23-67:
File "0336.ml", line 20, characters 21-59:
And modified the following location:
File "0336.ml", line 22, characters 20-21:
Your code has several type errors.  If you ignore other surrounding code, try replacing
    x
with
    y
The actual replacement has type
    expr * float * float
within context
    let rec eval (e, x, y) = (match e with 
                              | VarX -> x
                              | VarY -> y
                              | Sine e -> (sin (pi *. (eval (e, x, y))))
                              | Cosine e -> [[...other program...]]
                              | Average (e1, e2) -> [[...other program...]]
                              | Times (e1, e2) -> [[...other program...]]
                              | Thresh (e1, e2, e3, e4) ->
                                (if (eval (e1, y, y)) < (eval (e2, x, y)) then
                                    (eval (e3, x, y))
                                    else
                                    (eval (e4, x, y)))) ;; 
==============================
Triaged the following locations:
File "0336.ml", line 18, characters 16-44:
File "0336.ml", line 19, characters 23-67:
File "0336.ml", line 20, characters 21-59:
And modified the following location:
File "0336.ml", line 22, characters 20-21:
Your code has several type errors.  If you ignore other surrounding code, try replacing
    x
with
    x
The actual replacement has type
    expr * float * float
within context
    let rec eval (e, x, y) = (match e with 
                              | VarX -> x
                              | VarY -> y
                              | Sine e -> (sin (pi *. (eval (e, x, y))))
                              | Cosine e -> [[...other program...]]
                              | Average (e1, e2) -> [[...other program...]]
                              | Times (e1, e2) -> [[...other program...]]
                              | Thresh (e1, e2, e3, e4) ->
                                (if (eval (e1, x, y)) < (eval (e2, x, y)) then
                                    (eval (e3, x, y))
                                    else
                                    (eval (e4, x, y)))) ;; 
==============================
Triaged the following locations:
File "0336.ml", line 18, characters 16-44:
File "0336.ml", line 19, characters 23-67:
File "0336.ml", line 20, characters 21-59:
And modified the following location:
File "0336.ml", line 22, characters 16-21:
Your code has several type errors.  If you ignore other surrounding code, try replacing
    e1, x, y
with
    e1, x, y
The actual replacement has type
    expr * float * float
within context
    let rec eval (e, x, y) = (match e with 
                              | VarX -> x
                              | VarY -> y
                              | Sine e -> (sin (pi *. (eval (e, x, y))))
                              | Cosine e -> [[...other program...]]
                              | Average (e1, e2) -> [[...other program...]]
                              | Times (e1, e2) -> [[...other program...]]
                              | Thresh (e1, e2, e3, e4) ->
                                (if (eval (e1, x, y)) < (eval (e2, x, y)) then
                                    (eval (e3, x, y))
                                    else
                                    (eval (e4, x, y)))) ;; 
==============================
Triaged the following locations:
File "0336.ml", line 18, characters 16-44:
File "0336.ml", line 19, characters 23-67:
File "0336.ml", line 20, characters 21-59:
And modified the following location:
File "0336.ml", line 22, characters 23-24:
Your code has several type errors.  If you ignore other surrounding code, try replacing
    y
with
    x
The actual replacement has type
    expr * float * float
within context
    let rec eval (e, x, y) = (match e with 
                              | VarX -> x
                              | VarY -> y
                              | Sine e -> (sin (pi *. (eval (e, x, y))))
                              | Cosine e -> [[...other program...]]
                              | Average (e1, e2) -> [[...other program...]]
                              | Times (e1, e2) -> [[...other program...]]
                              | Thresh (e1, e2, e3, e4) ->
                                (if (eval (e1, x, x)) < (eval (e2, x, y)) then
                                    (eval (e3, x, y))
                                    else
                                    (eval (e4, x, y)))) ;; 
==============================
Triaged the following locations:
File "0336.ml", line 18, characters 16-44:
File "0336.ml", line 19, characters 23-67:
File "0336.ml", line 20, characters 21-59:
And modified the following location:
File "0336.ml", line 22, characters 23-24:
Your code has several type errors.  If you ignore other surrounding code, try replacing
    y
with
    y
The actual replacement has type
    expr * float * float
within context
    let rec eval (e, x, y) = (match e with 
                              | VarX -> x
                              | VarY -> y
                              | Sine e -> (sin (pi *. (eval (e, x, y))))
                              | Cosine e -> [[...other program...]]
                              | Average (e1, e2) -> [[...other program...]]
                              | Times (e1, e2) -> [[...other program...]]
                              | Thresh (e1, e2, e3, e4) ->
                                (if (eval (e1, x, y)) < (eval (e2, x, y)) then
                                    (eval (e3, x, y))
                                    else
                                    (eval (e4, x, y)))) ;; 
==============================
Triaged the following locations:
File "0336.ml", line 18, characters 16-44:
File "0336.ml", line 19, characters 23-67:
File "0336.ml", line 20, characters 21-59:
And modified the following location:
File "0336.ml", line 22, characters 20-24:
Your code has several type errors.  If you ignore other surrounding code, try replacing
    e1, x, y
with
    e1, y, x
The actual replacement has type
    expr * float * float
within context
    let rec eval (e, x, y) = (match e with 
                              | VarX -> x
                              | VarY -> y
                              | Sine e -> (sin (pi *. (eval (e, x, y))))
                              | Cosine e -> [[...other program...]]
                              | Average (e1, e2) -> [[...other program...]]
                              | Times (e1, e2) -> [[...other program...]]
                              | Thresh (e1, e2, e3, e4) ->
                                (if (eval (e1, y, x)) < (eval (e2, x, y)) then
                                    (eval (e3, x, y))
                                    else
                                    (eval (e4, x, y)))) ;; 
==============================
Triaged the following locations:
File "0336.ml", line 18, characters 16-44:
File "0336.ml", line 19, characters 23-67:
File "0336.ml", line 20, characters 21-59:
And modified the following location:
File "0336.ml", line 22, characters 10-25:
Your code has several type errors.  If you ignore other surrounding code, try replacing
    (eval (e1, x, y))
with
    (eval ((e1, x, y)))
The actual replacement has type
    float
within context
    let rec eval (e, x, y) = (match e with 
                              | VarX -> x
                              | VarY -> y
                              | Sine e -> (sin (pi *. (eval (e, x, y))))
                              | Cosine e -> [[...other program...]]
                              | Average (e1, e2) -> [[...other program...]]
                              | Times (e1, e2) -> [[...other program...]]
                              | Thresh (e1, e2, e3, e4) ->
                                (if (eval ((e1, x, y))) < (eval (e2, x, y)) then
                                    (eval (e3, x, y))
                                    else
                                    (eval (e4, x, y)))) ;; 
==============================
