------------------------------------------------------------------
File "0365.ml", line 3, characters 58-59:
This expression has type 'a -> 'b -> ('a -> 'c) -> 'c
but is here used with type 'a -> 'b -> 'a
Relevant code: f
------------------------------------------------------------------
File "0365.ml", line 3, characters 8-13:
Try replacing
    fun a x x -> (x a)
with
    fun x x a -> (x a)
of type
    'd -> ('e -> 'f) -> 'e -> 'f
within context
    let pipe fs =
    let f x x a = (x a) in let base x1 = x1 in (List.fold_left f base  fs)
    ;; 
==============================
File "0365.ml", line 3, characters 43-57:
Try replacing
    List.fold_left
with
    base
of type
    (('g -> 'g) -> 'h -> (('g -> 'g) -> 'i) -> 'i) ->
    ('g -> 'g) -> 'h -> (('g -> 'g) -> 'i) -> 'i
within context
    let pipe fs = let f a x x = (x a) in let base x1 = x1 in (base f base  fs) ;; 
==============================
File "0365.ml", line 3, characters 43-57:
Try replacing
    List.fold_left
with
    f
of type
    ('j -> 'k -> ('j -> 'l) -> 'l) ->
    ('m -> 'm) -> (('j -> 'k -> ('j -> 'l) -> 'l) -> 'n) -> 'n
within context
    let pipe fs = let f a x x = (x a) in let base x1 = x1 in (f f base  fs) ;; 
==============================
