------------------------------------------------------------------
File "0401.ml", line 6, characters 54-64:
This expression has type ('a * bool) * 'a but is here used with type
  ('b -> 'b * bool) * 'b
Relevant code: ((f b), b)
------------------------------------------------------------------
File "0401.ml", line 6, characters 8-43:
Try replacing
    fun x -> (let xx = (f b) in xx, (xx <> b))
with
    fun x _ -> (let xx = (f b) in xx, (xx <> b))
of type
    'c -> 'd -> 'e * bool
within context
    let fixpoint (f, b) =
    let f x _ = let xx = (f b) in xx, (xx <> b) in (wwhile ((f b), b))
    ;; 
==============================
File "0401.ml", line 6, characters 8-43:
Try replacing
    fun x -> (let xx = (f b) in xx, (xx <> b))
with
    fun _ x -> (let xx = (f b) in xx, (xx <> b))
of type
    'f -> 'g -> 'h * bool
within context
    let fixpoint (f, b) =
    let f _ x = let xx = (f b) in xx, (xx <> b) in (wwhile ((f b), b))
    ;; 
==============================
File "0401.ml", line 6, characters 2-64:
Try replacing
    let f x = let xx = (f b) in xx, (xx <> b) in (wwhile ((f b), b))
with
    (wwhile ((f b), b))
of type
    'i
within context
    let fixpoint (f, b) = (wwhile ((f b), b)) ;; 
==============================
File "0401.ml", line 6, characters 47-53:
Try replacing
    wwhile
with
    <>
of type
    ('j * bool) * 'j -> ('j * bool) * 'j -> bool
within context
    let fixpoint (f, b) =
    let f x = let xx = (f b) in xx, (xx <> b) in (<> ((f b), b))
    ;; 
==============================
File "0401.ml", line 6, characters 47-53:
Try replacing
    wwhile
with
    =
of type
    ('k * bool) * 'k -> ('k * bool) * 'k -> bool
within context
    let fixpoint (f, b) =
    let f x = let xx = (f b) in xx, (xx <> b) in (= ((f b), b))
    ;; 
==============================
File "0401.ml", line 6, characters 47-53:
Try replacing
    wwhile
with
    f
of type
    ('l * bool) * 'l -> 'l * bool
within context
    let fixpoint (f, b) =
    let f x = let xx = (f b) in xx, (xx <> b) in (f ((f b), b))
    ;; 
==============================
