------------------------------------------------------------------
File "0404.ml", line 19, characters 22-38:
This expression has type float but is here used with type int
Relevant code: (eval (a, x, y))
------------------------------------------------------------------
Triaged the following locations:
File "0404.ml", line 19, characters 59-60:
And modified the following location:
File "0404.ml", line 19, characters 39-40:
Your code has several type errors.  The following subexpressions are type-correct on their own, but do not fit with the rest of the program:
    /
If you ignore other surrounding code, try replacing
    +
with
    +; [[...]]
The actual replacement has type
    float -> float -> 'a
within context
    let rec eval (e, x, y) = (match e with 
                              | VarX -> (float x)
                              | VarY -> (float y)
                              | Sine a -> (sin (pi *. (eval (a, x, y))))
                              | Cosine a -> (cos (pi *. (eval (a, x, y))))
                              | Average (a, b) ->
                                (((eval (a, x, y)) +; [[...]] (eval (b, x, y)))
                                      /; [[...]] 2)
                              | Times (a, b) ->
                                ((eval (a, x, y)) *. (eval (b, x, y)))
                              | Thresh (a, b, c, d) ->
                                (if (eval (a, x, y)) < (eval (b, x, y)) then
                                    (eval (c, x, y))
                                    else
                                    (eval (d, x, y)))) ;; 
==============================
Triaged the following locations:
File "0404.ml", line 19, characters 59-60:
And modified the following location:
File "0404.ml", line 19, characters 39-40:
Your code has several type errors.  The following subexpressions are type-correct on their own, but do not fit with the rest of the program:
    /
If you ignore other surrounding code, try replacing
    +
with
    <
The actual replacement has type
    float -> float -> bool
within context
    let rec eval (e, x, y) = (match e with 
                              | VarX -> (float x)
                              | VarY -> (float y)
                              | Sine a -> (sin (pi *. (eval (a, x, y))))
                              | Cosine a -> (cos (pi *. (eval (a, x, y))))
                              | Average (a, b) ->
                                ((eval (a, x, y)) < (eval (b, x, y)) /; [[...]] 2)
                              | Times (a, b) ->
                                ((eval (a, x, y)) *. (eval (b, x, y)))
                              | Thresh (a, b, c, d) ->
                                (if (eval (a, x, y)) < (eval (b, x, y)) then
                                    (eval (c, x, y))
                                    else
                                    (eval (d, x, y)))) ;; 
==============================
