------------------------------------------------------------------
File "0465.ml", line 19, characters 23-63:
This expression has type float but is here used with type int
Relevant code: ((eval (e1, x, y)) +. (eval (e2, x, y)))
------------------------------------------------------------------
File "0465.ml", line 19, characters 64-65:
Try replacing
    /
with
    /; [[...]]
of type
    float -> int -> float
within context
    let rec eval (e, x, y) = (match e with 
                              | VarX -> x
                              | VarY -> y
                              | Sine e -> (sin (pi *. (eval (e, x, y))))
                              | Cosine e -> (cos (pi *. (eval (e, x, y))))
                              | Average (e1, e2) ->
                                (((eval (e1, x, y)) +. (eval (e2, x, y)))
                                      /; [[...]] 2)
                              | Times (e1, e2) ->
                                ((eval (e1, x, y)) *. (eval (e2, x, y)))
                              | Thresh (a, b, a_less, b_less) ->
                                (if (eval (a, x, y)) < (eval (b, x, y)) then
                                    (eval (a_less, x, y))
                                    else
                                    (eval (b_less, x, y)))) ;; 
==============================
