------------------------------------------------------------------
File "0524.ml", line 17, characters 19-21:
This expression has type float but is here used with type int
Relevant code: pi
------------------------------------------------------------------
Triaged the following locations:
File "0524.ml", line 18, characters 16-43:
File "0524.ml", line 19, characters 23-68:
And modified the following location:
File "0524.ml", line 17, characters 22-23:
Your code has several type errors.  If you ignore other surrounding code, try replacing
    *
with
    *; [[...]]
The actual replacement has type
    float -> float -> float
within context
    let rec eval (e, x, y) = (match e with 
                              | VarX -> x
                              | VarY -> y
                              | Sine i -> (sin (pi *; [[...]] (eval (i, x, y))))
                              | Cosine i -> [[...other program...]]
                              | Average (i1, i2) -> [[...other program...]]) ;; 
==============================
Triaged the following locations:
File "0524.ml", line 17, characters 14-41:
File "0524.ml", line 18, characters 16-43:
And modified the following location:
File "0524.ml", line 19, characters 63-64:
Your code has several type errors.  If you ignore other surrounding code, try replacing
    /
with
    /; [[...]]
The actual replacement has type
    int -> float -> int
within context
    let rec eval (e, x, y) = (match e with 
                              | VarX -> x
                              | VarY -> y
                              | Sine i -> [[...other program...]]
                              | Cosine i -> [[...other program...]]
                              | Average (i1, i2) ->
                                ((eval (i1, x, y)) + (eval (i2, x, y))
                                      /; [[...]] 2.0)) ;; 
==============================
Triaged the following locations:
File "0524.ml", line 17, characters 14-41:
File "0524.ml", line 18, characters 16-43:
And modified the following location:
File "0524.ml", line 19, characters 65-68:
Your code has several type errors.  If you ignore other surrounding code, try replacing
    2.0
with
    2.0; [[...]]
The actual replacement has type
    int
within context
    let rec eval (e, x, y) = (match e with 
                              | VarX -> x
                              | VarY -> y
                              | Sine i -> [[...other program...]]
                              | Cosine i -> [[...other program...]]
                              | Average (i1, i2) ->
                                ((eval (i1, x, y)) + (eval (i2, x, y)))
                                    / (2.0; [[...]])) ;; 
==============================
Triaged the following locations:
File "0524.ml", line 17, characters 14-41:
File "0524.ml", line 19, characters 23-68:
And modified the following location:
File "0524.ml", line 18, characters 24-25:
Your code has several type errors.  If you ignore other surrounding code, try replacing
    *
with
    *; [[...]]
The actual replacement has type
    float -> float -> float
within context
    let rec eval (e, x, y) = (match e with 
                              | VarX -> x
                              | VarY -> y
                              | Sine i -> [[...other program...]]
                              | Cosine i -> (cos (pi *; [[...]] (eval (i, x, y))))
                              | Average (i1, i2) -> [[...other program...]]) ;; 
==============================
