
------------------------------------------------------------------
File "0536.ml", line 38, characters 30-33:
This expression is not a function, it cannot be applied
Relevant code: max
------------------------------------------------------------------
File "0536.ml", line 38, characters 30-33:
Try replacing
    max
with
    max'
of type
    float -> float -> float
within context
    let max' a b = (if a > b then a else b) in
      let my_log l' = let l = (max' 0.1 l') in ((log l) /. (log 10.0)) in
      (if (eval (c, x, y)) < 0.0 then
          (my_log (a *. 100.0)) ** (sin ((pi *. b) *. 100.0)) -. 1.0
          else
          (-1.0 *. (my_log (b *. 100.0)) ** (pi *. (sin (a *. 100.0))) -. 1.0))
==============================
