------------------------------------------------------------------
File "0538.ml", line 30, characters 6-9:
This expression is not a function, it cannot be applied
Relevant code: max
------------------------------------------------------------------
File "0538.ml", line 30, characters 6-9:
Try replacing
    max
with
    max; [[...]]
of type
    float -> float -> float
within context
    let rec eval (e, x, y) = (match e with 
                              | VarX -> x
                              | VarY -> y
                              | Sine i -> (sin (pi *. (eval (i, x, y))))
                              | Cosine i -> (cos (pi *. (eval (i, x, y))))
                              | Average (i1, i2) ->
                                (((eval (i1, x, y)) +. (eval (i2, x, y))) /. 2.0)
                              | Times (i1, i2) ->
                                ((eval (i1, x, y)) *. (eval (i2, x, y)))
                              | Thresh (i1, i2, i3, i4) ->
                                (if (eval (i1, x, y)) < (eval (i2, x, y)) then
                                    (eval (i3, x, y))
                                    else
                                    (eval (i4, x, y)))
                              | ECosSin (a, b) ->
                                ((max; [[...]])
                                    1.0
                                    (min
                                      1.0
                                      (2.71 **
                                            (((sin (pi *. (eval (a, x, y))))
                                                    +.
                                                    (cos (pi *. (eval (b, x, y)))))
                                                -. 1.0)
                                          -. 1.0)))
                              | SinLog (a', b', c) -> 1.0) ;; 
==============================
