------------------------------------------------------------------
File "0540.ml", line 29, characters 12-15:
This expression has type float but is here used with type int
Relevant code: 0.0
------------------------------------------------------------------
File "0540.ml", line 29, characters 16-17:
Try replacing
    -
with
    -; [[...]]
of type
    float -> float -> float
within context
    fun (e, x, y) -> (match e with 
                      | VarX -> x
                      | VarY -> y
                      | Sine i -> (sin (pi *. (eval (i, x, y))))
                      | Cosine i -> (cos (pi *. (eval (i, x, y))))
                      | Average (i1, i2) ->
                        (((eval (i1, x, y)) +. (eval (i2, x, y))) /. 2.0)
                      | Times (i1, i2) -> ((eval (i1, x, y)) *. (eval (i2, x, y)))
                      | Thresh (i1, i2, i3, i4) ->
                        (if (eval (i1, x, y)) < (eval (i2, x, y)) then
                            (eval (i3, x, y))
                            else
                            (eval (i4, x, y)))
                      | ECosSin (a, b) ->
                        (let max' a b = (if a < b then b else a) in
                              (max'
                                  (0.0 -; [[...]] 1.0)
                                  (min
                                    1.0
                                    (2.71 **
                                          (((sin (pi *. (eval (a, x, y))))
                                                  +. (cos (pi *. (eval (b, x, y)))))
                                              -. 1.0)
                                        -. 1.0))))
                      | SinLog (a', b', c) -> 1.0)
==============================
