------------------------------------------------------------------
File "0549.ml", line 5, characters 9-70:
This expression has type bool * bool but is here used with type
  ('a -> 'a * bool) * 'a
Relevant code: (if (f b) = b then ((f b), false) else ((failwith "asd"), b))
------------------------------------------------------------------
File "0549.ml", line 5, characters 49-68:
Try replacing
    (failwith "asd"), b
with
    b, (failwith "asd")
of type
    (bool -> bool * bool) * bool
within context
    let fixpoint (f, b) =
    (wwhile (if (f b) = b then (f b), false else b, (failwith "asd")))
    ;; 
==============================
File "0549.ml", line 5, characters 2-8:
Try replacing
    wwhile
with
    =
of type
    bool * bool -> bool * bool -> bool
within context
    let fixpoint (f, b) =
    (= (if (f b) = b then (f b), false else (failwith "asd"), b))
    ;; 
==============================
