------------------------------------------------------------------
File "0580.ml", line 6, characters 28-76:
This expression has type ('a -> 'b -> 'c * bool) * 'c
but is here used with type ('a -> 'a * bool) * 'a
Relevant code: ((fun y  -> fun x  -> ((f x), ((f x) != b))), b)
------------------------------------------------------------------
File "0580.ml", line 6, characters 34-45:
Try replacing
    fun y x -> ((f x), (f x) != b)
with
    fun (y, x) -> ((f x), (f x) != b)
of type
    ('d * 'e -> ('d * 'e) * bool) * ('d * 'e)
within context
    let fixpoint (f, b) = (wwhile ((fun (y, x) -> ((f x), (f x) != b)), b)) ;; 
==============================
File "0580.ml", line 6, characters 21-27:
Try replacing
    wwhile
with
    !=
of type
    ('f -> 'g -> 'h * bool) * 'h -> ('f -> 'g -> 'h * bool) * 'h -> bool
within context
    let fixpoint (f, b) = (!= ((fun y x -> ((f x), (f x) != b)), b)) ;; 
==============================
