------------------------------------------------------------------
File "0618.ml", line 18, characters 40-41:
This expression has type 'a * 'b but is here used with type 'c list
Relevant code: x
------------------------------------------------------------------
Triaged the following locations:
File "0618.ml", line 19, characters 11-17:
And modified the following location:
File "0618.ml", line 18, characters 40-41:
Your code has several type errors.  The following subexpressions are type-correct on their own, but do not fit with the rest of the program:
    c :: s
If you ignore other surrounding code, try replacing
    x
with
    x; [[...]]
The actual replacement has type
    'd list
within context
    fun a
      x ->
        (let (x', x'') = x in
            let (c, s) = a in
            (if (List.length s) = (List.length (x; [[...]])) then (c :: s; [[...]])
                else
                ((c + x') + x'') / 10, (mod ((c + x') + x'') 10) :: s))
==============================
Triaged the following locations:
File "0618.ml", line 19, characters 11-17:
And modified the following location:
File "0618.ml", line 18, characters 28-39:
Your code has several type errors.  The following subexpressions are type-correct on their own, but do not fit with the rest of the program:
    c :: s
If you ignore other surrounding code, try replacing
    List.length
with
    List.length; [[...]]
The actual replacement has type
    int * int -> int
within context
    fun a
      x ->
        (let (x', x'') = x in
            let (c, s) = a in
            (if (List.length s) = ((List.length; [[...]]) x) then (c :: s; [[...]])
                else
                ((c + x') + x'') / 10, (mod ((c + x') + x'') 10) :: s))
==============================
