------------------------------------------------------------------
File "0706.ml", line 9, characters 32-50:
This expression has type string but is here used with type 'a -> 'b
Relevant code: (sepConcat "; " l)
------------------------------------------------------------------
File "0706.ml", line 9, characters 23-31:
Try replacing
    List.map
with
    f
of type
    string -> string list -> 'c
within context
    let stringOfList f l = (f (sepConcat "; " l) l) ;; 
==============================
File "0706.ml", line 9, characters 33-42:
Try replacing
    sepConcat
with
    f
of type
    string -> 'd list -> 'd -> 'e
within context
    let stringOfList f l = (List.map (f "; " l) l) ;; 
==============================
