------------------------------------------------------------------
File "0739.ml", line 5, characters 53-63:
This expression has type ('a * bool) * 'a but is here used with type
  ('b -> 'b * bool) * 'b
Relevant code: ((g b), b)
------------------------------------------------------------------
File "0739.ml", line 5, characters 35-49:
Try replacing
    fun z -> (z, false)
with
    fun _ z -> (z, false)
of type
    'c -> 'd -> 'd * bool
within context
    let fixpoint (f, b) = (wwhile (let g _ z = z, false in (g b), b)) ;; 
==============================
File "0739.ml", line 5, characters 35-49:
Try replacing
    fun z -> (z, false)
with
    fun z _ -> (z, false)
of type
    'e -> 'f -> 'e * bool
within context
    let fixpoint (f, b) = (wwhile (let g z _ = z, false in (g b), b)) ;; 
==============================
File "0739.ml", line 5, characters 21-27:
Try replacing
    wwhile
with
    f
of type
    ('g * bool) * 'g -> 'h
within context
    let fixpoint (f, b) = (f (let g z = z, false in (g b), b)) ;; 
==============================
File "0739.ml", line 5, characters 55-56:
Try replacing
    g
with
    f
of type
    'i -> 'i -> 'i * bool
within context
    fun (f, b) -> (wwhile (let g z = z, false in (f b), b))
==============================
