------------------------------------------------------------------
File "0793.ml", line 6, characters 28-35:
This expression has type unit * 'a but is here used with type
  ('b -> 'b * bool) * 'b
Relevant code: ((), b)
------------------------------------------------------------------
File "0793.ml", line 6, characters 29-34:
Try replacing
    (), b
with
    b, ()
of type
    (unit -> unit * bool) * unit
within context
    let fixpoint (f, b) = (wwhile (b, ())) ;; 
==============================
File "0793.ml", line 6, characters 21-27:
Try replacing
    wwhile
with
    f
of type
    unit * 'c -> 'd
within context
    let fixpoint (f, b) = (f ((), b)) ;; 
==============================
