------------------------------------------------------------------
File "0806.ml", line 27, characters 24-40:
This expression has type float but is here used with type int
Relevant code: (eval (e, x, y))
------------------------------------------------------------------
File "0806.ml", line 27, characters 20-23:
Try replacing
    abs
with
    sin
of type
    float -> float
within context
    let rec eval (e, x, y) = (match e with 
                              | VarX -> x
                              | VarY -> y
                              | Sine e' -> (sin (pi *. (eval (e', x, y))))
                              | Cosine e' -> (cos (pi *. (eval (e', x, y))))
                              | Average (e1, e2) ->
                                (((eval (e1, x, y)) +. (eval (e2, x, y))) /. 2.0)
                              | Times (e1, e2) ->
                                ((eval (e1, x, y)) *. (eval (e2, x, y)))
                              | Thresh (e1, e2, e3, e4) ->
                                (if (eval (e1, x, y)) < (eval (e2, x, y)) then
                                    (eval (e3, x, y))
                                    else
                                    (eval (e4, x, y)))
                              | Sqrt e -> (sqrt (sin (eval (e, x, y))))
                              | _ ->
                                (failwith
                                    "we are seriously writing a lisp compiler god save us all")) ;; 
==============================
File "0806.ml", line 27, characters 20-23:
Try replacing
    abs
with
    cos
of type
    float -> float
within context
    let rec eval (e, x, y) = (match e with 
                              | VarX -> x
                              | VarY -> y
                              | Sine e' -> (sin (pi *. (eval (e', x, y))))
                              | Cosine e' -> (cos (pi *. (eval (e', x, y))))
                              | Average (e1, e2) ->
                                (((eval (e1, x, y)) +. (eval (e2, x, y))) /. 2.0)
                              | Times (e1, e2) ->
                                ((eval (e1, x, y)) *. (eval (e2, x, y)))
                              | Thresh (e1, e2, e3, e4) ->
                                (if (eval (e1, x, y)) < (eval (e2, x, y)) then
                                    (eval (e3, x, y))
                                    else
                                    (eval (e4, x, y)))
                              | Sqrt e -> (sqrt (cos (eval (e, x, y))))
                              | _ ->
                                (failwith
                                    "we are seriously writing a lisp compiler god save us all")) ;; 
==============================
