------------------------------------------------------------------
File "0881.ml", line 4, characters 49-50:
This expression has type 'a -> 'b -> ('b -> 'a -> 'c) -> 'c
but is here used with type 'a -> 'b -> 'a
Relevant code: f
------------------------------------------------------------------
File "0881.ml", line 4, characters 34-48:
Try replacing
    List.fold_left
with
    base
of type
    (('d -> 'd) -> 'e -> ('e -> ('d -> 'd) -> 'f) -> 'f) ->
    ('d -> 'd) -> 'e -> ('e -> ('d -> 'd) -> 'f) -> 'f
within context
    let pipe fs = let f a x f' = (f' x a) in let base y = y in (base f base  fs) ;; 
==============================
File "0881.ml", line 4, characters 34-48:
Try replacing
    List.fold_left
with
    f
of type
    ('g -> 'h -> ('h -> 'g -> 'i) -> 'i) ->
    ('j -> 'j) ->
    (('j -> 'j) -> ('g -> 'h -> ('h -> 'g -> 'i) -> 'i) -> 'k) -> 'k
within context
    let pipe fs = let f a x f' = (f' x a) in let base y = y in (f f base  fs) ;; 
==============================
