------------------------------------------------------------------
File "0935.ml", line 18, characters 15-23:
This function is applied to too many arguments,
maybe you forgot a `;'
Relevant code: List.rev
------------------------------------------------------------------
File "0935.ml", line 18, characters 15-36:
Try replacing
    (List.rev List.combine l1  l2)
with
    (List.rev (List.combine l1 l2))
of type
    (int * int) list
within context
    let add (l1, l2) =
      let f a x =
        ((fst x) + (snd x)) / 10, (fst a) + (mod ((fst x) + (snd x)) 10) :: (snd a)
        in
        let base = 0, [] in
        let args = (List.rev (List.combine l1 l2)) in
        let (_, res) = (List.fold_left f base  args) in res
      in
      (removeZero (add (padZero l1 l2)))
==============================
