------------------------------------------------------------------
File "1010.ml", line 3, characters 58-59:
This expression has type ('a -> 'b) -> 'c -> 'a -> 'a -> 'b
but is here used with type ('a -> 'b) -> 'c -> 'a -> 'b
Relevant code: f
------------------------------------------------------------------
File "1010.ml", line 3, characters 8-11:
Try replacing
    fun a x d x -> (a x)
with
    fun x a d x -> (a x)
of type
    'd -> ('e -> 'f) -> 'g -> 'e -> 'f
within context
    let pipe fs =
    let f x a d x = (a x) in let base d = d in (List.fold_left f base  fs)
    ;; 
==============================
File "1010.ml", line 3, characters 43-59:
Try replacing
    (List.fold_left f base  fs)
with
    (List.fold_left (f base fs))
of type
    'h -> 'h list -> 'h
within context
    let pipe fs =
    let f a x d x = (a x) in let base d = d in (List.fold_left (f base fs))
    ;; 
==============================
File "1010.ml", line 3, characters 43-57:
Try replacing
    List.fold_left
with
    f
of type
    (('i -> 'j) -> 'k -> 'l -> 'i -> 'j) ->
    ('m -> 'm) -> 'n -> ('i -> 'j) -> 'k -> 'l -> 'i -> 'j
within context
    let pipe fs = let f a x d x = (a x) in let base d = d in (f f base  fs) ;; 
==============================
File "1010.ml", line 3, characters 43-57:
Try replacing
    List.fold_left
with
    base
of type
    (('o -> 'o) -> 'p -> 'q -> 'o -> 'o) -> ('o -> 'o) -> 'p -> 'q -> 'o -> 'o
within context
    let pipe fs = let f a x d x = (a x) in let base d = d in (base f base  fs) ;; 
==============================
File "1010.ml", line 3, characters 18-19:
Try replacing
    a
with
    List.fold_left
of type
    ('r -> 's -> 'r) -> 'r -> 's list -> 'r
within context
    fun a x d x -> (List.fold_left x)
==============================
File "1010.ml", line 3, characters 18-19:
Try replacing
    a
with
    d
of type
    't -> 'u
within context
    fun a x d x -> (d x)
==============================
