------------------------------------------------------------------
File "1151.ml", line 3, characters 2-84:
This expression has type int list but is here used with type int
Relevant code: if n < 0
  then []
  else if n < 10 then [n] else [digitsOfInt (n / 10); n mod 10]
------------------------------------------------------------------
File "1151.ml", line 2, characters 20-108:
Try replacing
    fun n ->
      (if n < 0 then [] else
        (if n < 10 then [n] else [(digitsOfInt (n / 10)) ; (mod n 10)]))
with
    fun n ->
      (if n < 0 then [] else
        (if n < 10 then [n] else [(digitsOfInt (n / 10)) ; (mod n 10)]));
    [[...]]
of type
    int -> int
==============================
