------------------------------------------------------------------
File "1217.ml", line 5, characters 28-65:
This expression has type ('a -> 'a * bool) * ('a -> 'a * bool)
but is here used with type ('a -> 'a * bool) * 'a
Relevant code: ((let f x = wwhile (f, x) in f b), b)
------------------------------------------------------------------
File "1217.ml", line 5, characters 47-53:
Try replacing
    (wwhile (f, x))
with
    (wwhile f x)
of type
    'b -> 'b * bool
within context
    fun (f, b) -> (wwhile ((let f x = (wwhile f x) in (f b)), b))
==============================
File "1217.ml", line 5, characters 63-64:
Try replacing
    b
with
    wwhile
of type
    ((('c -> 'c * bool) * 'c -> 'c) -> (('c -> 'c * bool) * 'c -> 'c) * bool) *
    (('c -> 'c * bool) * 'c -> 'c)
within context
    let fixpoint (f, b) = (wwhile ((let f x = (wwhile (f, x)) in (f b)), wwhile))
    ;; 
==============================
