------------------------------------------------------------------
File "1226.ml", line 24, characters 40-44:
This expression has type ('a * 'b) list but is here used with type
  (int * int) list list
Relevant code: args
------------------------------------------------------------------
File "1226.ml", line 24, characters 18-32:
Try replacing
    List.fold_left
with
    List.fold_left; [[...]]
of type
    (int list -> (int * int) list -> int list) ->
    'c list -> ('d * 'e) list -> 'f * 'g
within context
    let f a x = (match x with 
                 | (w, y) :: t -> (w + y) / 10 :: (mod (w + y) 10) :: a
                 | _ ->
                   a) in let base = [] in
      let args = (List.rev (List.combine l1 l2)) in
      let (_, res) = ((List.fold_left; [[...]]) f base  args) in res
==============================
