------------------------------------------------------------------
File "1244.ml", line 25, characters 18-44:
This expression has type int list but is here used with type 'a * 'b
Relevant code: List.fold_left f base args
------------------------------------------------------------------
File "1244.ml", line 25, characters 18-44:
Try replacing
    (List.fold_left f base  args)
with
    (List.fold_left f base  args); [[...]]
of type
    'c * 'd
within context
    fun (l1, l2) -> (let f a x = let z = (fst x) + (snd x) in (match a with 
                                                               | h :: t ->
                                                                 (h + z) / 10 ::
                                                                       (mod
                                                                         (h + z) 10)
                                                                       ::
                                                                       t
                                                               | _ ->
                                                                 [
                                                                       z / 10 ;
                                                                       (mod z 10)
                                                                       ]) in let
          base
          =
          []
          in
          let args = (List.rev (List.combine l1 l2)) in
          let (_, res) = (List.fold_left f base  args); [[...]] in res)
==============================
