------------------------------------------------------------------
File "1283.ml", line 3, characters 2-76:
This expression has type 'a list but is here used with type 'a
Relevant code: if n <= 0 then [] else (match n with | n -> [] @ [digitsOfInt (n mod 10)])
------------------------------------------------------------------
File "1283.ml", line 3, characters 52-63:
Try replacing
    digitsOfInt
with
    <=
of type
    int -> int -> bool
within context
    (if (n <= 0) then [] else (match n with 
                               | n -> [] @ [(<= (mod n 10))]))
==============================
File "1283.ml", line 3, characters 52-63:
Try replacing
    digitsOfInt
with
    mod
of type
    int -> int -> int
within context
    (if (n <= 0) then [] else (match n with 
                               | n -> [] @ [(mod (mod n 10))]))
==============================
