------------------------------------------------------------------
File "1310.ml", line 22, characters 13-34:
This expression has type int list list but is here used with type int list
Relevant code: (add (padZero l1 l2))
------------------------------------------------------------------
File "1310.ml", line 22, characters 2-12:
Try replacing
    removeZero
with
    =
of type
    int list list -> int list list -> bool
within context
    let bigAdd l1 l2 = let add (l1, l2) = let f a x = (match x with 
                                                       | (h1, h2) ->
                                                         (removeZero
                                                                 [
                                                                     (h1 + h2) / 10
                                                                     ;
                                                                     (mod
                                                                       (h1 + h2) 10)
                                                                     ])
                                                               ::
                                                               a
                                                       | _ ->
                                                         a) in let base = [] in
        let args = (List.combine l1 l2) in
        let res = (List.fold_left f base  args) in
        res in (= (add (padZero l1 l2))) ;; 
==============================
