------------------------------------------------------------------
File "1421.ml", line 5, characters 64-74:
This expression has type int but is here used with type 'a list
Relevant code: (n mod 10)
------------------------------------------------------------------
File "1421.ml", line 5, characters 64-74:
Try replacing
    (mod n 10)
with
    (mod n 10); [[...]]
of type
    int list
within context
    let rec digitsOfInt n = (if n < 0 then [] else (match n with 
                                                    | 0 -> [0]
                                                    | _ ->
                                                      (digitsOfInt (n / 10))
                                                          @
                                                          ((mod n 10);
                                                            [[...]]))) ;; 
==============================
File "1421.ml", line 5, characters 62-63:
Try replacing
    @
with
    @; [[...]]
of type
    int list -> int -> int list
within context
    let rec digitsOfInt n = (if n < 0 then [] else (match n with 
                                                    | 0 -> [0]
                                                    | _ ->
                                                      ((digitsOfInt (n / 10))
                                                            @; [[...]]
                                                            (mod n 10)))) ;; 
==============================
