------------------------------------------------------------------
File "1466.ml", line 25, characters 62-66:
This expression has type int but is here used with type int list
Relevant code: args
------------------------------------------------------------------
Triaged the following locations:
File "1466.ml", line 25, characters 26-73:
And modified the following location:
File "1466.ml", line 25, characters 15-16:
Your code has several type errors.  If you ignore other surrounding code, try replacing
    f
with
    f; [[...]]
The actual replacement has type
    'a -> 'b -> 'c
within context
    let add (l1, l2) =
      let f a x = a + x in
        let base = 0 in let args = ((f; [[...]]) l1 l2) in [[...other program...]]
      in
      (removeZero (add (padZero l1 l2)))
==============================
Triaged the following locations:
File "1466.ml", line 25, characters 26-73:
And modified the following location:
File "1466.ml", line 25, characters 15-16:
Your code has several type errors.  If you ignore other surrounding code, try replacing
    f
with
    =
The actual replacement has type
    'd -> 'd -> bool
within context
    let add (l1, l2) =
      let f a x = a + x in
        let base = 0 in let args = (= l1 l2) in [[...other program...]]
      in
      (removeZero (add (padZero l1 l2)))
==============================
Triaged the following locations:
File "1466.ml", line 25, characters 26-73:
And modified the following location:
File "1466.ml", line 25, characters 15-16:
Your code has several type errors.  If you ignore other surrounding code, try replacing
    f
with
    >
The actual replacement has type
    'e -> 'e -> bool
within context
    let add (l1, l2) =
      let f a x = a + x in
        let base = 0 in let args = (> l1 l2) in [[...other program...]]
      in
      (removeZero (add (padZero l1 l2)))
==============================
Triaged the following locations:
File "1466.ml", line 25, characters 26-73:
And modified the following location:
File "1466.ml", line 25, characters 15-16:
Your code has several type errors.  If you ignore other surrounding code, try replacing
    f
with
    @
The actual replacement has type
    'f list -> 'f list -> 'f list
within context
    let add (l1, l2) =
      let f a x = a + x in
        let base = 0 in let args = (@ l1 l2) in [[...other program...]]
      in
      (removeZero (add (padZero l1 l2)))
==============================
Triaged the following locations:
File "1466.ml", line 25, characters 26-73:
And modified the following location:
File "1466.ml", line 25, characters 4-73:
Your code has several type errors.  If you ignore other surrounding code, try replacing
    let args = (f l1 l2) in let (_, res) = (List.fold_left f base  args) in res
with
    [[...other program...]]
The actual replacement has type
    'g
within context
    let add (l1, l2) = let f a x = a + x in let base = 0 in [[...other program...]]
      in
      (removeZero (add (padZero l1 l2)))
==============================
