------------------------------------------------------------------
File "1520.ml", line 3, characters 60-61:
This expression has type ('a -> 'b) -> 'c -> ('c -> 'a) -> 'b
but is here used with type ('a -> 'b) -> 'c -> 'a -> 'b
Relevant code: f
------------------------------------------------------------------
File "1520.ml", line 3, characters 10-13:
Try replacing
    fun x y -> (a (y x))
with
    fun y x -> (a (y x))
of type
    ('d -> 'e) -> 'd -> 'f
within context
    let pipe fs =
    let f a y x = (a (y x)) in let base x = x in (List.fold_left f base  fs)
    ;; 
==============================
File "1520.ml", line 3, characters 10-13:
Try replacing
    fun a x y -> (a (y x))
with
    fun a y x -> (a (y x))
of type
    ('g -> 'h) -> ('i -> 'g) -> 'i -> 'h
within context
    let pipe fs =
    let f a y x = (a (y x)) in let base x = x in (List.fold_left f base  fs)
    ;; 
==============================
File "1520.ml", line 3, characters 45-59:
Try replacing
    List.fold_left
with
    base
of type
    (('j -> 'j) -> 'k -> ('k -> 'j) -> 'j) ->
    ('j -> 'j) -> 'k -> ('k -> 'j) -> 'j
within context
    let pipe fs = let f a x y = (a (y x)) in let base x = x in (base f base  fs) ;; 
==============================
File "1520.ml", line 3, characters 45-59:
Try replacing
    List.fold_left
with
    f
of type
    (('l -> 'm) -> 'n -> ('n -> 'l) -> 'm) ->
    ('o -> 'o) -> (('o -> 'o) -> 'l -> 'm) -> 'n -> ('n -> 'l) -> 'm
within context
    let pipe fs = let f a x y = (a (y x)) in let base x = x in (f f base  fs) ;; 
==============================
File "1520.ml", line 3, characters 19-20:
Try replacing
    y
with
    a
of type
    'p -> 'p
within context
    fun a x y -> (a (a x))
==============================
File "1520.ml", line 3, characters 19-20:
Try replacing
    y
with
    List.fold_left
of type
    ('q -> 'r -> 'q) -> 'q -> 'r list -> 'q
within context
    fun a x y -> (a (List.fold_left x))
==============================
