------------------------------------------------------------------
File "1542.ml", line 4, characters 17-19:
This expression has type 'a list but is here used with type int
Relevant code: xs
------------------------------------------------------------------
File "1542.ml", line 4, characters 17-19:
Try replacing
    xs
with
    xs; [[...]]
of type
    int
within context
    let sqsum xs = let f a x = (match xs with 
                                | [] -> a
                                | hd :: tl ->
                                  a +
                                      x
                                        *
                                        x) in let base = (f 0 (xs; [[...]])) in
      (List.fold_left f base  xs) ;; 
==============================
File "1542.ml", line 4, characters 13-14:
Try replacing
    f
with
    f; [[...]]
of type
    int -> int list -> 'b
within context
    let sqsum xs = let f a x = (match xs with 
                                | [] -> a
                                | hd :: tl ->
                                  a +
                                      x
                                        *
                                        x) in let base = ((f; [[...]]) 0 xs) in
      (List.fold_left f base  xs) ;; 
==============================
File "1542.ml", line 3, characters 8-61:
Try replacing
    fun a x -> (match xs with 
                | [] -> a
                | hd :: tl -> a + x * x)
with
    fun a x -> (match xs with 
                | [] -> a
                | hd :: tl -> a + x * x); [[...]]
of type
    'c
==============================
