------------------------------------------------------------------
File "1623.ml", line 7, characters 48-52:
This expression has type 'a list list but is here used with type 'a list
Relevant code: seen
------------------------------------------------------------------
File "1623.ml", line 7, characters 20-52:
Try replacing
    (if (List.mem h seen) then h @ seen)
with
    [[...]]
of type
    'b
within context
    fun l -> (let rec helper (seen, rest) = (match rest with 
                                             | [] -> seen
                                             | h :: t ->
                                               (let seen' = [[...]] in
                                                     let rest' = t in
                                                     (helper
                                                         (seen',
                                                             rest')))) in (List.rev
              (helper ([], l))))
==============================
