------------------------------------------------------------------
File "1629.ml", line 7, characters 64-65:
This expression has type 'a but is here used with type 'a list
Relevant code: h
------------------------------------------------------------------
File "1629.ml", line 7, characters 20-66:
Try replacing
    (if (List.mem h seen) = false then [seen] @ [h])
with
    [[...]]
of type
    'b
within context
    fun l -> (let rec helper (seen, rest) = (match rest with 
                                             | [] -> seen
                                             | h :: t ->
                                               (let seen' = [[...]] in
                                                     let rest' = t in
                                                     (helper
                                                         (seen',
                                                             rest')))) in (List.rev
              (helper ([], l))))
==============================
