------------------------------------------------------------------
File "1643.ml", line 27, characters 35-36:
This expression has type int but is here used with type float
Relevant code: 2
------------------------------------------------------------------
Triaged the following locations:
File "1643.ml", line 20, characters 16-44:
File "1643.ml", line 21, characters 21-66:
File "1643.ml", line 22, characters 19-55:
File "1643.ml", line 24, characters 6-96:
File "1643.ml", line 27, characters 15-36:
File "1643.ml", line 29, characters 6-108:
And modified the following location:
File "1643.ml", line 19, characters 19-21:
Your code has several type errors.  If you ignore other surrounding code, try replacing
    pi
with
    pi
The actual replacement has type
    float
within context
    let rec eval (e, x, y) = (match e with 
                              | VarX -> x
                              | VarY -> y
                              | Sine u -> (sin (pi *. (eval (u, x, y))))
                              | Cosine u -> [[...other program...]]
                              | Average (u, v) -> [[...other program...]]
                              | Times (u, v) -> [[...other program...]]
                              | Thresh (s, t, u, v) -> [[...other program...]]
                              | Halve u -> [[...other program...]]
                              | Wow (u, v, w) -> [[...other program...]]) ;; 
==============================
Triaged the following locations:
File "1643.ml", line 20, characters 16-44:
File "1643.ml", line 21, characters 21-66:
File "1643.ml", line 22, characters 19-55:
File "1643.ml", line 24, characters 6-96:
File "1643.ml", line 27, characters 15-36:
File "1643.ml", line 29, characters 6-108:
And modified the following location:
File "1643.ml", line 19, characters 26-40:
Your code has several type errors.  If you ignore other surrounding code, try replacing
    (eval (u, x, y))
with
    (eval ((u, x, y)))
The actual replacement has type
    float
within context
    let rec eval (e, x, y) = (match e with 
                              | VarX -> x
                              | VarY -> y
                              | Sine u -> (sin (pi *. (eval ((u, x, y)))))
                              | Cosine u -> [[...other program...]]
                              | Average (u, v) -> [[...other program...]]
                              | Times (u, v) -> [[...other program...]]
                              | Thresh (s, t, u, v) -> [[...other program...]]
                              | Halve u -> [[...other program...]]
                              | Wow (u, v, w) -> [[...other program...]]) ;; 
==============================
Triaged the following locations:
File "1643.ml", line 20, characters 16-44:
File "1643.ml", line 21, characters 21-66:
File "1643.ml", line 22, characters 19-55:
File "1643.ml", line 24, characters 6-96:
File "1643.ml", line 27, characters 15-36:
File "1643.ml", line 29, characters 6-108:
And modified the following location:
File "1643.ml", line 19, characters 32-33:
Your code has several type errors.  If you ignore other surrounding code, try replacing
    u
with
    e
The actual replacement has type
    expr * float * float
within context
    let rec eval (e, x, y) = (match e with 
                              | VarX -> x
                              | VarY -> y
                              | Sine u -> (sin (pi *. (eval (e, x, y))))
                              | Cosine u -> [[...other program...]]
                              | Average (u, v) -> [[...other program...]]
                              | Times (u, v) -> [[...other program...]]
                              | Thresh (s, t, u, v) -> [[...other program...]]
                              | Halve u -> [[...other program...]]
                              | Wow (u, v, w) -> [[...other program...]]) ;; 
==============================
Triaged the following locations:
File "1643.ml", line 20, characters 16-44:
File "1643.ml", line 21, characters 21-66:
File "1643.ml", line 22, characters 19-55:
File "1643.ml", line 24, characters 6-96:
File "1643.ml", line 27, characters 15-36:
File "1643.ml", line 29, characters 6-108:
And modified the following location:
File "1643.ml", line 19, characters 32-33:
Your code has several type errors.  If you ignore other surrounding code, try replacing
    u
with
    u
The actual replacement has type
    expr * float * float
within context
    let rec eval (e, x, y) = (match e with 
                              | VarX -> x
                              | VarY -> y
                              | Sine u -> (sin (pi *. (eval (u, x, y))))
                              | Cosine u -> [[...other program...]]
                              | Average (u, v) -> [[...other program...]]
                              | Times (u, v) -> [[...other program...]]
                              | Thresh (s, t, u, v) -> [[...other program...]]
                              | Halve u -> [[...other program...]]
                              | Wow (u, v, w) -> [[...other program...]]) ;; 
==============================
Triaged the following locations:
File "1643.ml", line 20, characters 16-44:
File "1643.ml", line 21, characters 21-66:
File "1643.ml", line 22, characters 19-55:
File "1643.ml", line 24, characters 6-96:
File "1643.ml", line 27, characters 15-36:
File "1643.ml", line 29, characters 6-108:
And modified the following location:
File "1643.ml", line 19, characters 35-36:
Your code has several type errors.  If you ignore other surrounding code, try replacing
    x
with
    y
The actual replacement has type
    expr * float * float
within context
    let rec eval (e, x, y) = (match e with 
                              | VarX -> x
                              | VarY -> y
                              | Sine u -> (sin (pi *. (eval (u, y, y))))
                              | Cosine u -> [[...other program...]]
                              | Average (u, v) -> [[...other program...]]
                              | Times (u, v) -> [[...other program...]]
                              | Thresh (s, t, u, v) -> [[...other program...]]
                              | Halve u -> [[...other program...]]
                              | Wow (u, v, w) -> [[...other program...]]) ;; 
==============================
Triaged the following locations:
File "1643.ml", line 20, characters 16-44:
File "1643.ml", line 21, characters 21-66:
File "1643.ml", line 22, characters 19-55:
File "1643.ml", line 24, characters 6-96:
File "1643.ml", line 27, characters 15-36:
File "1643.ml", line 29, characters 6-108:
And modified the following location:
File "1643.ml", line 19, characters 35-36:
Your code has several type errors.  If you ignore other surrounding code, try replacing
    x
with
    x
The actual replacement has type
    expr * float * float
within context
    let rec eval (e, x, y) = (match e with 
                              | VarX -> x
                              | VarY -> y
                              | Sine u -> (sin (pi *. (eval (u, x, y))))
                              | Cosine u -> [[...other program...]]
                              | Average (u, v) -> [[...other program...]]
                              | Times (u, v) -> [[...other program...]]
                              | Thresh (s, t, u, v) -> [[...other program...]]
                              | Halve u -> [[...other program...]]
                              | Wow (u, v, w) -> [[...other program...]]) ;; 
==============================
Triaged the following locations:
File "1643.ml", line 20, characters 16-44:
File "1643.ml", line 21, characters 21-66:
File "1643.ml", line 22, characters 19-55:
File "1643.ml", line 24, characters 6-96:
File "1643.ml", line 27, characters 15-36:
File "1643.ml", line 29, characters 6-108:
And modified the following location:
File "1643.ml", line 19, characters 38-39:
Your code has several type errors.  If you ignore other surrounding code, try replacing
    y
with
    x
The actual replacement has type
    expr * float * float
within context
    let rec eval (e, x, y) = (match e with 
                              | VarX -> x
                              | VarY -> y
                              | Sine u -> (sin (pi *. (eval (u, x, x))))
                              | Cosine u -> [[...other program...]]
                              | Average (u, v) -> [[...other program...]]
                              | Times (u, v) -> [[...other program...]]
                              | Thresh (s, t, u, v) -> [[...other program...]]
                              | Halve u -> [[...other program...]]
                              | Wow (u, v, w) -> [[...other program...]]) ;; 
==============================
Triaged the following locations:
File "1643.ml", line 20, characters 16-44:
File "1643.ml", line 21, characters 21-66:
File "1643.ml", line 22, characters 19-55:
File "1643.ml", line 24, characters 6-96:
File "1643.ml", line 27, characters 15-36:
File "1643.ml", line 29, characters 6-108:
And modified the following location:
File "1643.ml", line 19, characters 38-39:
Your code has several type errors.  If you ignore other surrounding code, try replacing
    y
with
    y
The actual replacement has type
    expr * float * float
within context
    let rec eval (e, x, y) = (match e with 
                              | VarX -> x
                              | VarY -> y
                              | Sine u -> (sin (pi *. (eval (u, x, y))))
                              | Cosine u -> [[...other program...]]
                              | Average (u, v) -> [[...other program...]]
                              | Times (u, v) -> [[...other program...]]
                              | Thresh (s, t, u, v) -> [[...other program...]]
                              | Halve u -> [[...other program...]]
                              | Wow (u, v, w) -> [[...other program...]]) ;; 
==============================
Triaged the following locations:
File "1643.ml", line 20, characters 16-44:
File "1643.ml", line 21, characters 21-66:
File "1643.ml", line 22, characters 19-55:
File "1643.ml", line 24, characters 6-96:
File "1643.ml", line 27, characters 15-36:
File "1643.ml", line 29, characters 6-108:
And modified the following location:
File "1643.ml", line 19, characters 32-36:
Your code has several type errors.  If you ignore other surrounding code, try replacing
    u, x, y
with
    u, x, y
The actual replacement has type
    expr * float * float
within context
    let rec eval (e, x, y) = (match e with 
                              | VarX -> x
                              | VarY -> y
                              | Sine u -> (sin (pi *. (eval (u, x, y))))
                              | Cosine u -> [[...other program...]]
                              | Average (u, v) -> [[...other program...]]
                              | Times (u, v) -> [[...other program...]]
                              | Thresh (s, t, u, v) -> [[...other program...]]
                              | Halve u -> [[...other program...]]
                              | Wow (u, v, w) -> [[...other program...]]) ;; 
==============================
Triaged the following locations:
File "1643.ml", line 20, characters 16-44:
File "1643.ml", line 21, characters 21-66:
File "1643.ml", line 22, characters 19-55:
File "1643.ml", line 24, characters 6-96:
File "1643.ml", line 27, characters 15-36:
File "1643.ml", line 29, characters 6-108:
And modified the following location:
File "1643.ml", line 19, characters 35-39:
Your code has several type errors.  If you ignore other surrounding code, try replacing
    u, x, y
with
    u, y, x
The actual replacement has type
    expr * float * float
within context
    let rec eval (e, x, y) = (match e with 
                              | VarX -> x
                              | VarY -> y
                              | Sine u -> (sin (pi *. (eval (u, y, x))))
                              | Cosine u -> [[...other program...]]
                              | Average (u, v) -> [[...other program...]]
                              | Times (u, v) -> [[...other program...]]
                              | Thresh (s, t, u, v) -> [[...other program...]]
                              | Halve u -> [[...other program...]]
                              | Wow (u, v, w) -> [[...other program...]]) ;; 
==============================
Triaged the following locations:
File "1643.ml", line 20, characters 16-44:
File "1643.ml", line 21, characters 21-66:
File "1643.ml", line 22, characters 19-55:
File "1643.ml", line 24, characters 6-96:
File "1643.ml", line 27, characters 15-36:
File "1643.ml", line 29, characters 6-108:
And modified the following location:
File "1643.ml", line 19, characters 26-30:
Your code has several type errors.  If you ignore other surrounding code, try replacing
    eval
with
    eval
The actual replacement has type
    expr * float * float -> float
within context
    let rec eval (e, x, y) = (match e with 
                              | VarX -> x
                              | VarY -> y
                              | Sine u -> (sin (pi *. (eval (u, x, y))))
                              | Cosine u -> [[...other program...]]
                              | Average (u, v) -> [[...other program...]]
                              | Times (u, v) -> [[...other program...]]
                              | Thresh (s, t, u, v) -> [[...other program...]]
                              | Halve u -> [[...other program...]]
                              | Wow (u, v, w) -> [[...other program...]]) ;; 
==============================
Triaged the following locations:
File "1643.ml", line 20, characters 16-44:
File "1643.ml", line 21, characters 21-66:
File "1643.ml", line 22, characters 19-55:
File "1643.ml", line 24, characters 6-96:
File "1643.ml", line 27, characters 15-36:
File "1643.ml", line 29, characters 6-108:
And modified the following location:
File "1643.ml", line 19, characters 14-17:
Your code has several type errors.  If you ignore other surrounding code, try replacing
    sin
with
    sin
The actual replacement has type
    float -> float
within context
    let rec eval (e, x, y) = (match e with 
                              | VarX -> x
                              | VarY -> y
                              | Sine u -> (sin (pi *. (eval (u, x, y))))
                              | Cosine u -> [[...other program...]]
                              | Average (u, v) -> [[...other program...]]
                              | Times (u, v) -> [[...other program...]]
                              | Thresh (s, t, u, v) -> [[...other program...]]
                              | Halve u -> [[...other program...]]
                              | Wow (u, v, w) -> [[...other program...]]) ;; 
==============================
Triaged the following locations:
File "1643.ml", line 20, characters 16-44:
File "1643.ml", line 21, characters 21-66:
File "1643.ml", line 22, characters 19-55:
File "1643.ml", line 24, characters 6-96:
File "1643.ml", line 27, characters 15-36:
File "1643.ml", line 29, characters 6-108:
And modified the following location:
File "1643.ml", line 19, characters 14-17:
Your code has several type errors.  If you ignore other surrounding code, try replacing
    sin
with
    cos
The actual replacement has type
    float -> float
within context
    let rec eval (e, x, y) = (match e with 
                              | VarX -> x
                              | VarY -> y
                              | Sine u -> (cos (pi *. (eval (u, x, y))))
                              | Cosine u -> [[...other program...]]
                              | Average (u, v) -> [[...other program...]]
                              | Times (u, v) -> [[...other program...]]
                              | Thresh (s, t, u, v) -> [[...other program...]]
                              | Halve u -> [[...other program...]]
                              | Wow (u, v, w) -> [[...other program...]]) ;; 
==============================
Triaged the following locations:
File "1643.ml", line 19, characters 14-42:
File "1643.ml", line 20, characters 16-44:
File "1643.ml", line 21, characters 21-66:
File "1643.ml", line 22, characters 19-55:
File "1643.ml", line 27, characters 15-36:
File "1643.ml", line 29, characters 6-108:
And modified the following location:
File "1643.ml", line 26, characters 20-21:
Your code has several type errors.  If you ignore other surrounding code, try replacing
    x
with
    u
The actual replacement has type
    expr * expr * expr
within context
    let rec eval (e, x, y) = (match e with 
                              | VarX -> x
                              | VarY -> y
                              | Sine u -> [[...other program...]]
                              | Cosine u -> [[...other program...]]
                              | Average (u, v) -> [[...other program...]]
                              | Times (u, v) -> [[...other program...]]
                              | Thresh (s, t, u, v) ->
                                (if (eval (s, x, y)) < (eval (t, x, y)) then
                                    (eval (u, x, y))
                                    else
                                    (eval (v, u, y)))
                              | Halve u -> [[...other program...]]
                              | Wow (u, v, w) -> [[...other program...]]) ;; 
==============================
Triaged the following locations:
File "1643.ml", line 19, characters 14-42:
File "1643.ml", line 20, characters 16-44:
File "1643.ml", line 22, characters 19-55:
File "1643.ml", line 24, characters 6-96:
File "1643.ml", line 27, characters 15-36:
File "1643.ml", line 29, characters 6-108:
And modified the following location:
File "1643.ml", line 21, characters 43-57:
Your code has several type errors.  If you ignore other surrounding code, try replacing
    (eval (v, x, y))
with
    (eval ((v, x, y)))
The actual replacement has type
    float
within context
    let rec eval (e, x, y) = (match e with 
                              | VarX -> x
                              | VarY -> y
                              | Sine u -> [[...other program...]]
                              | Cosine u -> [[...other program...]]
                              | Average (u, v) ->
                                (((eval (u, x, y)) +. (eval ((v, x, y)))) /. 2.0)
                              | Times (u, v) -> [[...other program...]]
                              | Thresh (s, t, u, v) -> [[...other program...]]
                              | Halve u -> [[...other program...]]
                              | Wow (u, v, w) -> [[...other program...]]) ;; 
==============================
