------------------------------------------------------------------
File "1862.ml", line 18, characters 34-36:
This expression has type expr but is here used with type expr * float * float
Relevant code: e'
------------------------------------------------------------------
Triaged the following locations:
File "1862.ml", line 18, characters 17-38:
File "1862.ml", line 19, characters 23-51:
File "1862.ml", line 20, characters 21-43:
File "1862.ml", line 22, characters 6-56:
And modified the following location:
File "1862.ml", line 17, characters 27-31:
Your code has several type errors.  If you ignore other surrounding code, try replacing
    eval
with
    eval
The actual replacement has type
    expr * float * float -> float
within context
    let rec eval (e, x, y) = (match e with 
                              | VarX -> x
                              | VarY -> y
                              | Sine e' -> (sin (pi *. (eval (e', x, y))))
                              | Cosine e' -> [[...other program...]]
                              | Average (e1, e2) -> [[...other program...]]
                              | Times (e1, e2) -> [[...other program...]]
                              | Thresh (e1, e2, e3, e4) ->
                                [[...other program...]]) ;; 
==============================
Triaged the following locations:
File "1862.ml", line 18, characters 17-38:
File "1862.ml", line 19, characters 23-51:
File "1862.ml", line 20, characters 21-43:
File "1862.ml", line 22, characters 6-56:
And modified the following location:
File "1862.ml", line 17, characters 33-35:
Your code has several type errors.  If you ignore other surrounding code, try replacing
    e'
with
    e
The actual replacement has type
    expr * float * float
within context
    let rec eval (e, x, y) = (match e with 
                              | VarX -> x
                              | VarY -> y
                              | Sine e' -> (sin (pi *. (eval (e, x, y))))
                              | Cosine e' -> [[...other program...]]
                              | Average (e1, e2) -> [[...other program...]]
                              | Times (e1, e2) -> [[...other program...]]
                              | Thresh (e1, e2, e3, e4) ->
                                [[...other program...]]) ;; 
==============================
Triaged the following locations:
File "1862.ml", line 18, characters 17-38:
File "1862.ml", line 19, characters 23-51:
File "1862.ml", line 20, characters 21-43:
File "1862.ml", line 22, characters 6-56:
And modified the following location:
File "1862.ml", line 17, characters 20-22:
Your code has several type errors.  If you ignore other surrounding code, try replacing
    pi
with
    y
The actual replacement has type
    float
within context
    let rec eval (e, x, y) = (match e with 
                              | VarX -> x
                              | VarY -> y
                              | Sine e' -> (sin (y *. (eval (e', x, y))))
                              | Cosine e' -> [[...other program...]]
                              | Average (e1, e2) -> [[...other program...]]
                              | Times (e1, e2) -> [[...other program...]]
                              | Thresh (e1, e2, e3, e4) ->
                                [[...other program...]]) ;; 
==============================
Triaged the following locations:
File "1862.ml", line 18, characters 17-38:
File "1862.ml", line 19, characters 23-51:
File "1862.ml", line 20, characters 21-43:
File "1862.ml", line 22, characters 6-56:
And modified the following location:
File "1862.ml", line 17, characters 20-22:
Your code has several type errors.  If you ignore other surrounding code, try replacing
    pi
with
    pi
The actual replacement has type
    float
within context
    let rec eval (e, x, y) = (match e with 
                              | VarX -> x
                              | VarY -> y
                              | Sine e' -> (sin (pi *. (eval (e', x, y))))
                              | Cosine e' -> [[...other program...]]
                              | Average (e1, e2) -> [[...other program...]]
                              | Times (e1, e2) -> [[...other program...]]
                              | Thresh (e1, e2, e3, e4) ->
                                [[...other program...]]) ;; 
==============================
Triaged the following locations:
File "1862.ml", line 18, characters 17-38:
File "1862.ml", line 19, characters 23-51:
File "1862.ml", line 20, characters 21-43:
File "1862.ml", line 22, characters 6-56:
And modified the following location:
File "1862.ml", line 17, characters 20-22:
Your code has several type errors.  If you ignore other surrounding code, try replacing
    pi
with
    x
The actual replacement has type
    float
within context
    let rec eval (e, x, y) = (match e with 
                              | VarX -> x
                              | VarY -> y
                              | Sine e' -> (sin (x *. (eval (e', x, y))))
                              | Cosine e' -> [[...other program...]]
                              | Average (e1, e2) -> [[...other program...]]
                              | Times (e1, e2) -> [[...other program...]]
                              | Thresh (e1, e2, e3, e4) ->
                                [[...other program...]]) ;; 
==============================
Triaged the following locations:
File "1862.ml", line 18, characters 17-38:
File "1862.ml", line 19, characters 23-51:
File "1862.ml", line 20, characters 21-43:
File "1862.ml", line 22, characters 6-56:
And modified the following location:
File "1862.ml", line 17, characters 27-42:
Your code has several type errors.  If you ignore other surrounding code, try replacing
    (eval (e', x, y))
with
    (eval ((e', x, y)))
The actual replacement has type
    float
within context
    let rec eval (e, x, y) = (match e with 
                              | VarX -> x
                              | VarY -> y
                              | Sine e' -> (sin (pi *. (eval ((e', x, y)))))
                              | Cosine e' -> [[...other program...]]
                              | Average (e1, e2) -> [[...other program...]]
                              | Times (e1, e2) -> [[...other program...]]
                              | Thresh (e1, e2, e3, e4) ->
                                [[...other program...]]) ;; 
==============================
Triaged the following locations:
File "1862.ml", line 18, characters 17-38:
File "1862.ml", line 19, characters 23-51:
File "1862.ml", line 20, characters 21-43:
File "1862.ml", line 22, characters 6-56:
And modified the following location:
File "1862.ml", line 17, characters 40-41:
Your code has several type errors.  If you ignore other surrounding code, try replacing
    y
with
    x
The actual replacement has type
    expr * float * float
within context
    let rec eval (e, x, y) = (match e with 
                              | VarX -> x
                              | VarY -> y
                              | Sine e' -> (sin (pi *. (eval (e', x, x))))
                              | Cosine e' -> [[...other program...]]
                              | Average (e1, e2) -> [[...other program...]]
                              | Times (e1, e2) -> [[...other program...]]
                              | Thresh (e1, e2, e3, e4) ->
                                [[...other program...]]) ;; 
==============================
Triaged the following locations:
File "1862.ml", line 18, characters 17-38:
File "1862.ml", line 19, characters 23-51:
File "1862.ml", line 20, characters 21-43:
File "1862.ml", line 22, characters 6-56:
And modified the following location:
File "1862.ml", line 17, characters 37-38:
Your code has several type errors.  If you ignore other surrounding code, try replacing
    x
with
    y
The actual replacement has type
    expr * float * float
within context
    let rec eval (e, x, y) = (match e with 
                              | VarX -> x
                              | VarY -> y
                              | Sine e' -> (sin (pi *. (eval (e', y, y))))
                              | Cosine e' -> [[...other program...]]
                              | Average (e1, e2) -> [[...other program...]]
                              | Times (e1, e2) -> [[...other program...]]
                              | Thresh (e1, e2, e3, e4) ->
                                [[...other program...]]) ;; 
==============================
Triaged the following locations:
File "1862.ml", line 18, characters 17-38:
File "1862.ml", line 19, characters 23-51:
File "1862.ml", line 20, characters 21-43:
File "1862.ml", line 22, characters 6-56:
And modified the following location:
File "1862.ml", line 17, characters 33-35:
Your code has several type errors.  If you ignore other surrounding code, try replacing
    e'
with
    e'
The actual replacement has type
    expr * float * float
within context
    let rec eval (e, x, y) = (match e with 
                              | VarX -> x
                              | VarY -> y
                              | Sine e' -> (sin (pi *. (eval (e', x, y))))
                              | Cosine e' -> [[...other program...]]
                              | Average (e1, e2) -> [[...other program...]]
                              | Times (e1, e2) -> [[...other program...]]
                              | Thresh (e1, e2, e3, e4) ->
                                [[...other program...]]) ;; 
==============================
Triaged the following locations:
File "1862.ml", line 18, characters 17-38:
File "1862.ml", line 19, characters 23-51:
File "1862.ml", line 20, characters 21-43:
File "1862.ml", line 22, characters 6-56:
And modified the following location:
File "1862.ml", line 17, characters 37-38:
Your code has several type errors.  If you ignore other surrounding code, try replacing
    x
with
    x
The actual replacement has type
    expr * float * float
within context
    let rec eval (e, x, y) = (match e with 
                              | VarX -> x
                              | VarY -> y
                              | Sine e' -> (sin (pi *. (eval (e', x, y))))
                              | Cosine e' -> [[...other program...]]
                              | Average (e1, e2) -> [[...other program...]]
                              | Times (e1, e2) -> [[...other program...]]
                              | Thresh (e1, e2, e3, e4) ->
                                [[...other program...]]) ;; 
==============================
Triaged the following locations:
File "1862.ml", line 18, characters 17-38:
File "1862.ml", line 19, characters 23-51:
File "1862.ml", line 20, characters 21-43:
File "1862.ml", line 22, characters 6-56:
And modified the following location:
File "1862.ml", line 17, characters 33-38:
Your code has several type errors.  If you ignore other surrounding code, try replacing
    e', x, y
with
    e', x, y
The actual replacement has type
    expr * float * float
within context
    let rec eval (e, x, y) = (match e with 
                              | VarX -> x
                              | VarY -> y
                              | Sine e' -> (sin (pi *. (eval (e', x, y))))
                              | Cosine e' -> [[...other program...]]
                              | Average (e1, e2) -> [[...other program...]]
                              | Times (e1, e2) -> [[...other program...]]
                              | Thresh (e1, e2, e3, e4) ->
                                [[...other program...]]) ;; 
==============================
Triaged the following locations:
File "1862.ml", line 18, characters 17-38:
File "1862.ml", line 19, characters 23-51:
File "1862.ml", line 20, characters 21-43:
File "1862.ml", line 22, characters 6-56:
And modified the following location:
File "1862.ml", line 17, characters 40-41:
Your code has several type errors.  If you ignore other surrounding code, try replacing
    y
with
    y
The actual replacement has type
    expr * float * float
within context
    let rec eval (e, x, y) = (match e with 
                              | VarX -> x
                              | VarY -> y
                              | Sine e' -> (sin (pi *. (eval (e', x, y))))
                              | Cosine e' -> [[...other program...]]
                              | Average (e1, e2) -> [[...other program...]]
                              | Times (e1, e2) -> [[...other program...]]
                              | Thresh (e1, e2, e3, e4) ->
                                [[...other program...]]) ;; 
==============================
Triaged the following locations:
File "1862.ml", line 18, characters 17-38:
File "1862.ml", line 19, characters 23-51:
File "1862.ml", line 20, characters 21-43:
File "1862.ml", line 22, characters 6-56:
And modified the following location:
File "1862.ml", line 17, characters 37-41:
Your code has several type errors.  If you ignore other surrounding code, try replacing
    e', x, y
with
    e', y, x
The actual replacement has type
    expr * float * float
within context
    let rec eval (e, x, y) = (match e with 
                              | VarX -> x
                              | VarY -> y
                              | Sine e' -> (sin (pi *. (eval (e', y, x))))
                              | Cosine e' -> [[...other program...]]
                              | Average (e1, e2) -> [[...other program...]]
                              | Times (e1, e2) -> [[...other program...]]
                              | Thresh (e1, e2, e3, e4) ->
                                [[...other program...]]) ;; 
==============================
Triaged the following locations:
File "1862.ml", line 18, characters 17-38:
File "1862.ml", line 19, characters 23-51:
File "1862.ml", line 20, characters 21-43:
File "1862.ml", line 22, characters 6-56:
And modified the following location:
File "1862.ml", line 17, characters 15-18:
Your code has several type errors.  If you ignore other surrounding code, try replacing
    sin
with
    sin
The actual replacement has type
    float -> float
within context
    let rec eval (e, x, y) = (match e with 
                              | VarX -> x
                              | VarY -> y
                              | Sine e' -> (sin (pi *. (eval (e', x, y))))
                              | Cosine e' -> [[...other program...]]
                              | Average (e1, e2) -> [[...other program...]]
                              | Times (e1, e2) -> [[...other program...]]
                              | Thresh (e1, e2, e3, e4) ->
                                [[...other program...]]) ;; 
==============================
Triaged the following locations:
File "1862.ml", line 18, characters 17-38:
File "1862.ml", line 19, characters 23-51:
File "1862.ml", line 20, characters 21-43:
File "1862.ml", line 22, characters 6-56:
And modified the following location:
File "1862.ml", line 17, characters 15-18:
Your code has several type errors.  If you ignore other surrounding code, try replacing
    sin
with
    cos
The actual replacement has type
    float -> float
within context
    let rec eval (e, x, y) = (match e with 
                              | VarX -> x
                              | VarY -> y
                              | Sine e' -> (cos (pi *. (eval (e', x, y))))
                              | Cosine e' -> [[...other program...]]
                              | Average (e1, e2) -> [[...other program...]]
                              | Times (e1, e2) -> [[...other program...]]
                              | Thresh (e1, e2, e3, e4) ->
                                [[...other program...]]) ;; 
==============================
