------------------------------------------------------------------
File "1870.ml", line 30, characters 44-46:
This expression has type expr but is here used with type int
Relevant code: e3
------------------------------------------------------------------
Triaged the following locations:
File "1870.ml", line 30, characters 52-62:
And modified the following location:
File "1870.ml", line 30, characters 40-43:
Your code has several type errors.  If you ignore other surrounding code, try replacing
    abs
with
    abs; [[...]]
The actual replacement has type
    expr -> float
within context
    let rec eval (e, x, y) = (match e with 
                              | VarX -> x
                              | VarY -> y
                              | Sine e' -> (sin (pi *. (eval (e', x, y))))
                              | Cosine e' -> (cos (pi *. (eval (e', x, y))))
                              | Average (e1, e2) ->
                                (((eval (e1, x, y)) +. (eval (e2, x, y))) /. 2.0)
                              | Times (e1, e2) ->
                                ((eval (e1, x, y)) *. (eval (e2, x, y)))
                              | Thresh (e1, e2, e3, e4) ->
                                (if (eval (e1, x, y)) < (eval (e2, x, y)) then
                                    (eval (e3, x, y))
                                    else
                                    (eval (e4, x, y)))
                              | Acossin (e1, e2) ->
                                ((((acos (eval (e1, x, y)))
                                              *. (asin (eval (e2, x, y))))
                                          *. 2.0)
                                      /. (pi *. pi))
                              | Crazy (e1, e2, e3) ->
                                (if e1 > e2 then ((abs; [[...]]) e3) else
                                    [[...other program...]])) ;; 
==============================
