------------------------------------------------------------------
File "1889.ml", line 6, characters 28-34:
This expression has type (('a -> 'a) * 'a -> 'a * bool) * 'b
but is here used with type
  (('a -> 'a) * 'a -> (('a -> 'a) * 'a) * bool) * (('a -> 'a) * 'a)
Relevant code: (g, b)
------------------------------------------------------------------
File "1889.ml", line 6, characters 29-33:
Try replacing
    g, b
with
    b, g
of type
    ((('c -> 'c) * 'c -> 'c * bool) -> (('c -> 'c) * 'c -> 'c * bool) * bool) *
    (('c -> 'c) * 'c -> 'c * bool)
within context
    let fixpoint (f, b) = (wwhile (b, g)) ;; 
==============================
File "1889.ml", line 6, characters 21-27:
Try replacing
    wwhile
with
    f
of type
    (('d -> 'd) * 'd -> 'd * bool) * 'e -> 'f
within context
    let fixpoint (f, b) = (f (g, b)) ;; 
==============================
File "1889.ml", line 6, characters 21-27:
Try replacing
    wwhile
with
    =
of type
    (('g -> 'g) * 'g -> 'g * bool) * 'h ->
    (('g -> 'g) * 'g -> 'g * bool) * 'h -> bool
within context
    let fixpoint (f, b) = (= (g, b)) ;; 
==============================
File "1889.ml", line 6, characters 29-30:
Try replacing
    g
with
    f
of type
    ('i -> 'i * bool) * 'i
within context
    let fixpoint (f, b) = (wwhile (f, b)) ;; 
==============================
