------------------------------------------------------------------
File "1899.ml", line 17, characters 25-26:
This expression has type expr but is here used with type float
Relevant code: e
------------------------------------------------------------------
File "1899.ml", line 14, characters 2-353:
Try replacing
    (match e with 
     | VarX -> x
     | VarY -> y
     | Sine e -> (sin (pi *. e))
     | Cosine e -> (cos (pi *. e))
     | Average (e1, e2) -> (((eval (e, x, y)) +. (eval (e, x, y))) /. 2.)
     | Times (e1, e2) -> ((eval (e, x, y)) *. (eval (e, x, y)))
     | Thresh (e1, e2, e3, e4) ->
       (if (eval (e, x, y)) < (eval (e, x, y)) then (eval (e, x, y)) else
           (eval (e, x, y))))
with
    [[...]]
of type
    'a
==============================
