------------------------------------------------------------------
File "1925.ml", line 7, characters 28-51:
This expression has type ('a -> 'a * bool) * ('a -> 'a * bool)
but is here used with type ('a -> 'a * bool) * 'a
Relevant code: ((let f b = b in b), b)
------------------------------------------------------------------
File "1925.ml", line 7, characters 21-27:
Try replacing
    wwhile
with
    f
of type
    'b * 'b -> 'c
within context
    let fixpoint (f, b) = (f ((let f b = b in b), b)) ;; 
==============================
File "1925.ml", line 7, characters 49-50:
Try replacing
    b
with
    f
of type
    ('d -> 'd * bool) * 'd
within context
    let fixpoint (f, b) = (wwhile ((let f b = b in b), f)) ;; 
==============================
File "1925.ml", line 7, characters 49-50:
Try replacing
    b
with
    wwhile
of type
    ((('e -> 'e * bool) * 'e -> 'e) -> (('e -> 'e * bool) * 'e -> 'e) * bool) *
    (('e -> 'e * bool) * 'e -> 'e)
within context
    let fixpoint (f, b) = (wwhile ((let f b = b in b), wwhile)) ;; 
==============================
