------------------------------------------------------------------
File "1926.ml", line 7, characters 43-49:
This expression has type ('a -> 'a) * 'b but is here used with type
  ('a -> 'a * bool) * 'a
Relevant code: (g, b)
------------------------------------------------------------------
File "1926.ml", line 7, characters 44-48:
Try replacing
    g, b
with
    b, g
of type
    (('c -> 'c) -> ('c -> 'c) * bool) * ('c -> 'c)
within context
    let fixpoint (f, b) = let g b = b in (wwhile (b, g)) ;; 
==============================
File "1926.ml", line 7, characters 36-42:
Try replacing
    wwhile
with
    f
of type
    ('d -> 'd) * 'e -> 'f
within context
    let fixpoint (f, b) = let g b = b in (f (g, b)) ;; 
==============================
File "1926.ml", line 7, characters 36-42:
Try replacing
    wwhile
with
    g
of type
    ('g -> 'g) * 'h -> ('g -> 'g) * 'h
within context
    let fixpoint (f, b) = let g b = b in (g (g, b)) ;; 
==============================
File "1926.ml", line 7, characters 31-32:
Try replacing
    b
with
    f
of type
    'i * bool
within context
    let fixpoint (f, b) = let g b = f in (wwhile (g, b)) ;; 
==============================
File "1926.ml", line 7, characters 44-45:
Try replacing
    g
with
    f
of type
    ('j -> 'j * bool) * 'j
within context
    let fixpoint (f, b) = let g b = b in (wwhile (f, b)) ;; 
==============================
