------------------------------------------------------------------
File "1944.ml", line 7, characters 58-64:
This expression has type (('a -> 'a) -> ('a -> 'a) * bool) * 'a
but is here used with type (('a -> 'a) -> ('a -> 'a) * bool) * ('a -> 'a)
Relevant code: (f, b)
------------------------------------------------------------------
File "1944.ml", line 7, characters 37-38:
Try replacing
    (f b) = b
with
    (f (b = b))
of type
    (bool -> bool) * bool
within context
    let fixpoint (f, b) = let f x = f, (f (b = b)) in (wwhile (f, b)) ;; 
==============================
File "1944.ml", line 7, characters 51-57:
Try replacing
    wwhile
with
    =
of type
    ('b -> ('c -> 'c) * bool) * 'c -> ('b -> ('c -> 'c) * bool) * 'c -> bool
within context
    let fixpoint (f, b) = let f x = f, (f b) = b in (= (f, b)) ;; 
==============================
File "1944.ml", line 7, characters 51-57:
Try replacing
    wwhile
with
    f
of type
    ('d -> ('e -> 'e) * bool) * 'e -> ('e -> 'e) * bool
within context
    let fixpoint (f, b) = let f x = f, (f b) = b in (f (f, b)) ;; 
==============================
File "1944.ml", line 7, characters 32-33:
Try replacing
    f
with
    x
of type
    'f * bool
within context
    let fixpoint (f, b) = let f x = x, (f b) = b in (wwhile (f, b)) ;; 
==============================
File "1944.ml", line 7, characters 32-33:
Try replacing
    f
with
    =
of type
    ('g -> 'g -> bool) * bool
within context
    let fixpoint (f, b) = let f x = =, (f b) = b in (wwhile (f, b)) ;; 
==============================
File "1944.ml", line 7, characters 32-33:
Try replacing
    f
with
    b
of type
    'h * bool
within context
    let fixpoint (f, b) = let f x = b, (f b) = b in (wwhile (f, b)) ;; 
==============================
