------------------------------------------------------------------
File "1954.ml", line 8, characters 30-34:
This expression has type 'a but is here used with type 'a list list
Relevant code: seen
------------------------------------------------------------------
File "1954.ml", line 7, characters 8-109:
Try replacing
    (if (not (List.mem seen h)) then
      (let seen' = h :: seen in let rest' = t in (helper (seen', rest'))))
with
    [[...]]
of type
    'b
within context
    let removeDuplicates l = let rec helper (seen, rest) = (match rest with 
                                                            | [] -> seen
                                                            | h :: t ->
                                                              [[...]]) in (List.rev
          (helper ([], l))) ;; 
==============================
