------------------------------------------------------------------
File "2045.ml", line 27, characters 15-27:
This expression has type expr -> string but is here used with type string
Relevant code: exprToString
------------------------------------------------------------------
File "2045.ml", line 27, characters 15-27:
Try replacing
    exprToString
with
    exprToString; [[...]]
of type
    string
within context
    (match e with 
     | VarX -> "x"
     | VarY -> "y"
     | Sine m -> "sin(pi*" ^ ((exprToString m) ^ ")")
     | Cosine m -> "cos(pi*" ^ ((exprToString m) ^ ")")
     | Square m -> "(" ^ ((exprToString m) ^ "^2)")
     | Average (m, n) ->
       "((" ^ ((exprToString m) ^ ("+" ^ ((exprToString n) ^ ")/2)")))
     | Times (m, n) -> (exprToString m) ^ ("*" ^ (exprToString n))
     | MyExpr (m, n, o) ->
       "(" ^
           ((exprToString m) ^
               ("<" ^
                   ((exprToString; [[...]]) ^
                       ("?sqrt(|" ^
                           ((exprToString o) ^
                               ("|)" ^
                                   (":" ^ ("(" ^ ((exprToString o) ^ "/2)")))))))))
     | Thresh (m, n, o, p) ->
       "(" ^
           ((exprToString m) ^
               ("<" ^
                   ((exprToString n) ^
                       ("?" ^
                           ((exprToString o) ^
                               (":" ^ ((exprToString p) ^ ")"))))))))
==============================
File "2045.ml", line 27, characters 28-29:
Try replacing
    ^
with
    ^; [[...]]
of type
    (expr -> string) -> string -> string
within context
    (match e with 
     | VarX -> "x"
     | VarY -> "y"
     | Sine m -> "sin(pi*" ^ ((exprToString m) ^ ")")
     | Cosine m -> "cos(pi*" ^ ((exprToString m) ^ ")")
     | Square m -> "(" ^ ((exprToString m) ^ "^2)")
     | Average (m, n) ->
       "((" ^ ((exprToString m) ^ ("+" ^ ((exprToString n) ^ ")/2)")))
     | Times (m, n) -> (exprToString m) ^ ("*" ^ (exprToString n))
     | MyExpr (m, n, o) ->
       "(" ^
           ((exprToString m) ^
               ("<" ^
                   (exprToString ^; [[...]]
                       "?sqrt(|" ^
                         ((exprToString o) ^
                             ("|)" ^ (":" ^ ("(" ^ ((exprToString o) ^ "/2)"))))))))
     | Thresh (m, n, o, p) ->
       "(" ^
           ((exprToString m) ^
               ("<" ^
                   ((exprToString n) ^
                       ("?" ^
                           ((exprToString o) ^
                               (":" ^ ((exprToString p) ^ ")"))))))))
==============================
