------------------------------------------------------------------
File "2151.ml", line 5, characters 28-65:
This expression has type ('a -> 'a * bool) * ('a -> 'a * bool)
but is here used with type ('a -> 'a * bool) * 'a
Relevant code: ((f (if (f b) = b then b else b)), b)
------------------------------------------------------------------
File "2151.ml", line 5, characters 21-27:
Try replacing
    wwhile
with
    =
of type
    'b * 'b -> 'b * 'b -> bool
within context
    let fixpoint (f, b) = (= ((f (if (f b) = b then b else b)), b)) ;; 
==============================
File "2151.ml", line 5, characters 63-64:
Try replacing
    b
with
    not
of type
    ((bool -> bool) -> (bool -> bool) * bool) * (bool -> bool)
within context
    let fixpoint (f, b) = (wwhile ((f (if (f b) = b then b else b)), not)) ;; 
==============================
File "2151.ml", line 5, characters 63-64:
Try replacing
    b
with
    =
of type
    (('c -> 'c -> bool) -> ('c -> 'c -> bool) * bool) * ('c -> 'c -> bool)
within context
    let fixpoint (f, b) = (wwhile ((f (if (f b) = b then b else b)), =)) ;; 
==============================
File "2151.ml", line 5, characters 63-64:
Try replacing
    b
with
    wwhile
of type
    ((('d -> 'd * bool) * 'd -> 'd) -> (('d -> 'd * bool) * 'd -> 'd) * bool) *
    (('d -> 'd * bool) * 'd -> 'd)
within context
    let fixpoint (f, b) = (wwhile ((f (if (f b) = b then b else b)), wwhile)) ;; 
==============================
File "2151.ml", line 5, characters 37-38:
Try replacing
    f
with
    not
of type
    bool -> bool
within context
    (f (if (not b) = b then b else b)), b
==============================
