------------------------------------------------------------------
File "2154.ml", line 5, characters 28-46:
This expression has type ('a -> 'a) * 'b but is here used with type
  ('a -> 'a * bool) * 'a
Relevant code: ((fun x  -> x), b)
------------------------------------------------------------------
File "2154.ml", line 5, characters 29-45:
Try replacing
    (fun x -> x), b
with
    b, (fun x -> x)
of type
    (('c -> 'c) -> ('c -> 'c) * bool) * ('c -> 'c)
within context
    let fixpoint (f, b) = (wwhile (b, (fun x -> x))) ;; 
==============================
File "2154.ml", line 5, characters 21-27:
Try replacing
    wwhile
with
    f
of type
    ('d -> 'd) * 'e -> 'f
within context
    let fixpoint (f, b) = (f ((fun x -> x), b)) ;; 
==============================
File "2154.ml", line 5, characters 40-41:
Try replacing
    x
with
    f
of type
    'g * bool
within context
    let fixpoint (f, b) = (wwhile ((fun x -> f), b)) ;; 
==============================
