------------------------------------------------------------------
File "2156.ml", line 5, characters 63-73:
This expression has type ('a -> 'a * bool) * ('a * bool)
but is here used with type ('a -> 'a * bool) * 'a
Relevant code: (f, (f b))
------------------------------------------------------------------
File "2156.ml", line 5, characters 56-73:
Try replacing
    (if (wwhile (f, b)) = b then b else (wwhile (f, (f b))))
with
    (if (wwhile (f, b)) = b then b)
of type
    unit
within context
    let fixpoint (f, b) = (if (wwhile (f, b)) = b then b) ;; 
==============================
File "2156.ml", line 5, characters 68-69:
Try replacing
    f
with
    not
of type
    bool -> bool
within context
    fun (f, b) -> (if (wwhile (f, b)) = b then b else (wwhile (f, (not b))))
==============================
