------------------------------------------------------------------
File "2166.ml", line 7, characters 44-47:
This expression has type 'a list but is here used with type unit
Relevant code: [2]
------------------------------------------------------------------
File "2166.ml", line 7, characters 20-47:
Try replacing
    (if (List.mem h seen) then [2])
with
    [[...]]
of type
    'b
within context
    fun l -> (let rec helper (seen, rest) = (match rest with 
                                             | [] -> seen
                                             | h :: t ->
                                               (let seen' = [[...]] in
                                                     let rest' = t in
                                                     (helper
                                                         (seen',
                                                             rest')))) in (List.rev
              (helper ([], l))))
==============================
