------------------------------------------------------------------
File "2173.ml", line 10, characters 54-57:
This expression has type string but is here used with type string list
Relevant code: "]"
------------------------------------------------------------------
File "2173.ml", line 10, characters 54-57:
Try replacing
    "]"
with
    "]"; [[...]]
of type
    string list
within context
    let stringOfList f l =
    (sepConcat "; " (List.append "[" :: (List.map f l) ("]"; [[...]])))
    ;; 
==============================
File "2173.ml", line 10, characters 18-29:
Try replacing
    List.append
with
    List.append; [[...]]
of type
    string list -> string -> string list
within context
    let stringOfList f l =
    (sepConcat "; " ((List.append; [[...]]) "[" :: (List.map f l) "]"))
    ;; 
==============================
