------------------------------------------------------------------
File "2216.ml", line 28, characters 24-59:
This expression has type float but is here used with type expr
Relevant code: (pi *. (build (rand, (depth - 1))))
------------------------------------------------------------------
Triaged the following locations:
File "2216.ml", line 29, characters 14-61:
File "2216.ml", line 30, characters 14-59:
File "2216.ml", line 31, characters 14-61:
File "2216.ml", line 32, characters 14-59:
File "2216.ml", line 33, characters 14-61:
And modified the following location:
File "2216.ml", line 28, characters 28-30:
Your code has several type errors.  If you ignore other surrounding code, try replacing
    *.
with
    *.; [[...]]
The actual replacement has type
    float -> expr -> expr
within context
    let rec build (rand, depth) = (match depth with 
                                   | 0 -> (match (rand (1, 3)) with 
                                           | 1 -> (buildX ())
                                           | _ -> (buildY ()))
                                   | _ -> (match (rand (1, 10)) with 
                                           | 1 ->
                                             (buildSine
                                                 (pi *.; [[...]]
                                                     (build (rand, depth - 1))))
                                           | 2 -> [[...other program...]]
                                           | 3 -> [[...other program...]]
                                           | 4 -> [[...other program...]]
                                           | 5 -> [[...other program...]]
                                           | 6 -> [[...other program...]]
                                           | 7 ->
                                             (buildThresh
                                                 ((build (rand, depth - 1)),
                                                     (build (rand, depth - 1)),
                                                     (build (rand, depth - 1)),
                                                     (build (rand, depth - 1))))
                                           | 8 -> (buildX ())
                                           | 9 -> (buildY ()))) ;; 
==============================
Triaged the following locations:
File "2216.ml", line 28, characters 14-59:
File "2216.ml", line 29, characters 14-61:
File "2216.ml", line 30, characters 14-59:
File "2216.ml", line 32, characters 14-59:
File "2216.ml", line 33, characters 14-61:
And modified the following location:
File "2216.ml", line 31, characters 30-32:
Your code has several type errors.  If you ignore other surrounding code, try replacing
    *.
with
    *.; [[...]]
The actual replacement has type
    float -> expr -> expr
within context
    let rec build (rand, depth) = (match depth with 
                                   | 0 -> (match (rand (1, 3)) with 
                                           | 1 -> (buildX ())
                                           | _ -> (buildY ()))
                                   | _ -> (match (rand (1, 10)) with 
                                           | 1 -> [[...other program...]]
                                           | 2 -> [[...other program...]]
                                           | 3 -> [[...other program...]]
                                           | 4 ->
                                             (buildCosine
                                                 (pi *.; [[...]]
                                                     (build (rand, depth - 1))))
                                           | 5 -> [[...other program...]]
                                           | 6 -> [[...other program...]]
                                           | 7 ->
                                             (buildThresh
                                                 ((build (rand, depth - 1)),
                                                     (build (rand, depth - 1)),
                                                     (build (rand, depth - 1)),
                                                     (build (rand, depth - 1))))
                                           | 8 -> (buildX ())
                                           | 9 -> (buildY ()))) ;; 
==============================
Triaged the following locations:
File "2216.ml", line 28, characters 14-59:
File "2216.ml", line 29, characters 14-61:
File "2216.ml", line 31, characters 14-61:
File "2216.ml", line 32, characters 14-59:
File "2216.ml", line 33, characters 14-61:
And modified the following location:
File "2216.ml", line 30, characters 28-30:
Your code has several type errors.  If you ignore other surrounding code, try replacing
    *.
with
    *.; [[...]]
The actual replacement has type
    float -> expr -> expr
within context
    let rec build (rand, depth) = (match depth with 
                                   | 0 -> (match (rand (1, 3)) with 
                                           | 1 -> (buildX ())
                                           | _ -> (buildY ()))
                                   | _ -> (match (rand (1, 10)) with 
                                           | 1 -> [[...other program...]]
                                           | 2 -> [[...other program...]]
                                           | 3 ->
                                             (buildSine
                                                 (pi *.; [[...]]
                                                     (build (rand, depth - 1))))
                                           | 4 -> [[...other program...]]
                                           | 5 -> [[...other program...]]
                                           | 6 -> [[...other program...]]
                                           | 7 ->
                                             (buildThresh
                                                 ((build (rand, depth - 1)),
                                                     (build (rand, depth - 1)),
                                                     (build (rand, depth - 1)),
                                                     (build (rand, depth - 1))))
                                           | 8 -> (buildX ())
                                           | 9 -> (buildY ()))) ;; 
==============================
Triaged the following locations:
File "2216.ml", line 28, characters 14-59:
File "2216.ml", line 30, characters 14-59:
File "2216.ml", line 31, characters 14-61:
File "2216.ml", line 32, characters 14-59:
File "2216.ml", line 33, characters 14-61:
And modified the following location:
File "2216.ml", line 29, characters 30-32:
Your code has several type errors.  If you ignore other surrounding code, try replacing
    *.
with
    *.; [[...]]
The actual replacement has type
    float -> expr -> expr
within context
    let rec build (rand, depth) = (match depth with 
                                   | 0 -> (match (rand (1, 3)) with 
                                           | 1 -> (buildX ())
                                           | _ -> (buildY ()))
                                   | _ -> (match (rand (1, 10)) with 
                                           | 1 -> [[...other program...]]
                                           | 2 ->
                                             (buildCosine
                                                 (pi *.; [[...]]
                                                     (build (rand, depth - 1))))
                                           | 3 -> [[...other program...]]
                                           | 4 -> [[...other program...]]
                                           | 5 -> [[...other program...]]
                                           | 6 -> [[...other program...]]
                                           | 7 ->
                                             (buildThresh
                                                 ((build (rand, depth - 1)),
                                                     (build (rand, depth - 1)),
                                                     (build (rand, depth - 1)),
                                                     (build (rand, depth - 1))))
                                           | 8 -> (buildX ())
                                           | 9 -> (buildY ()))) ;; 
==============================
Triaged the following locations:
File "2216.ml", line 28, characters 14-59:
File "2216.ml", line 29, characters 14-61:
File "2216.ml", line 30, characters 14-59:
File "2216.ml", line 31, characters 14-61:
File "2216.ml", line 32, characters 14-59:
And modified the following location:
File "2216.ml", line 33, characters 30-32:
Your code has several type errors.  If you ignore other surrounding code, try replacing
    *.
with
    *.; [[...]]
The actual replacement has type
    float -> expr -> expr
within context
    let rec build (rand, depth) = (match depth with 
                                   | 0 -> (match (rand (1, 3)) with 
                                           | 1 -> (buildX ())
                                           | _ -> (buildY ()))
                                   | _ -> (match (rand (1, 10)) with 
                                           | 1 -> [[...other program...]]
                                           | 2 -> [[...other program...]]
                                           | 3 -> [[...other program...]]
                                           | 4 -> [[...other program...]]
                                           | 5 -> [[...other program...]]
                                           | 6 ->
                                             (buildCosine
                                                 (pi *.; [[...]]
                                                     (build (rand, depth - 1))))
                                           | 7 ->
                                             (buildThresh
                                                 ((build (rand, depth - 1)),
                                                     (build (rand, depth - 1)),
                                                     (build (rand, depth - 1)),
                                                     (build (rand, depth - 1))))
                                           | 8 -> (buildX ())
                                           | 9 -> (buildY ()))) ;; 
==============================
Triaged the following locations:
File "2216.ml", line 28, characters 14-59:
File "2216.ml", line 29, characters 14-61:
File "2216.ml", line 30, characters 14-59:
File "2216.ml", line 31, characters 14-61:
File "2216.ml", line 33, characters 14-61:
And modified the following location:
File "2216.ml", line 32, characters 28-30:
Your code has several type errors.  If you ignore other surrounding code, try replacing
    *.
with
    *.; [[...]]
The actual replacement has type
    float -> expr -> expr
within context
    let rec build (rand, depth) = (match depth with 
                                   | 0 -> (match (rand (1, 3)) with 
                                           | 1 -> (buildX ())
                                           | _ -> (buildY ()))
                                   | _ -> (match (rand (1, 10)) with 
                                           | 1 -> [[...other program...]]
                                           | 2 -> [[...other program...]]
                                           | 3 -> [[...other program...]]
                                           | 4 -> [[...other program...]]
                                           | 5 ->
                                             (buildSine
                                                 (pi *.; [[...]]
                                                     (build (rand, depth - 1))))
                                           | 6 -> [[...other program...]]
                                           | 7 ->
                                             (buildThresh
                                                 ((build (rand, depth - 1)),
                                                     (build (rand, depth - 1)),
                                                     (build (rand, depth - 1)),
                                                     (build (rand, depth - 1))))
                                           | 8 -> (buildX ())
                                           | 9 -> (buildY ()))) ;; 
==============================
