------------------------------------------------------------------
File "2222.ml", line 30, characters 22-24:
This expression has type float but is here used with type int
Relevant code: pi
------------------------------------------------------------------
File "2222.ml", line 30, characters 20-21:
Try replacing
    ~-
with
    ~-; [[...]]
of type
    float -> float
within context
    (match e with 
     | VarX -> x
     | VarY -> y
     | Sine x1 -> (sin (pi *. (eval (x1, x, y))))
     | Cosine x1 -> (cos (pi *. (eval (x1, x, y))))
     | Average (x1, x2) -> (((eval (x1, x, y)) +. (eval (x2, x, y))) /. 2.)
     | Times (x1, x2) -> ((eval (x1, x, y)) *. (eval (x2, x, y)))
     | Thresh (x1, x2, x3, x4) ->
       (if (eval (x1, x, y)) < (eval (x2, x, y)) then (eval (x3, x, y)) else
           (eval (x4, x, y)))
     | CosE (x1, x2, x3) ->
       ((cos ((pi *. (eval (x1, x, y))) *. (eval (x2, x, y))))
             *. e_num ** ((( ~-; [[...]] ) pi) *. (eval (x3, x, y)) ** 2.)))
==============================
