------------------------------------------------------------------
File "2264.ml", line 17, characters 4-13:
The constructor Average expects 2 argument(s),
but is here applied to 1 argument(s)
Relevant code: Average e
------------------------------------------------------------------
Triaged the following locations:
File "2264.ml", line 15, characters 14-42:
File "2264.ml", line 16, characters 16-44:
File "2264.ml", line 17, characters 17-32:
File "2264.ml", line 18, characters 19-25:
File "2264.ml", line 19, characters 24-38:
And modified the following location:
File "2264.ml", line 17, characters 12-13:
Your code has several type errors.  If you ignore other surrounding code, try replacing
    e
with
    _
The actual replacement has type
    expr * 'c * 'd -> 'e
within context
    let rec eval (e, x, y) = (match e with 
                              | Sine e -> [[...other program...]]
                              | Cosine e -> [[...other program...]]
                              | Average _ -> [[...other program...]]
                              | Times (x, y) -> [[...other program...]]
                              | Thresh (e, f, g, h) -> [[...other program...]]) ;; 
==============================
