------------------------------------------------------------------
File "2271.ml", line 31, characters 6-36:
This expression has type float but is here used with type int
Relevant code: (sin (pi *. (eval (e, x, y))))
------------------------------------------------------------------
File "2271.ml", line 31, characters 37-38:
Try replacing
    *
with
    *; [[...]]
of type
    float -> float -> float
within context
    let rec eval (e, x, y) = (match e with 
                              | VarX -> x
                              | VarY -> y
                              | Sine e -> (sin (pi *. (eval (e, x, y))))
                              | Cosine e -> (cos (pi *. (eval (e, x, y))))
                              | Average (e1, e2) ->
                                (((eval (e1, x, y)) +. (eval (e2, x, y))) /. 2.0)
                              | Times (e1, e2) ->
                                ((eval (e1, x, y)) *. (eval (e2, x, y)))
                              | Thresh (e1, e2, e3, e4) ->
                                (if (eval (e1, x, y)) < (eval (e2, x, y)) then
                                    (eval (e3, x, y))
                                    else
                                    (eval (e4, x, y)))
                              | Timmy1 (e1, e2, e3) ->
                                (((sin (pi *. (eval (e, x, y))))
                                          /. (cos (pi *. (eval (e, x, y)))))
                                      *. (sin (pi *. (eval (e, x, y)))))
                              | Timmy2 (e1, e2) ->
                                ((sin (pi *. (eval (e, x, y))))
                                      *; [[...]]
                                      (cos (pi *. (eval (e, x, y)))))) ;; 
==============================
