------------------------------------------------------------------
File "2291.ml", line 7, characters 41-44:
This expression has type 'a list but is here used with type unit
Relevant code: [h]
------------------------------------------------------------------
File "2291.ml", line 7, characters 20-44:
Try replacing
    (if (List.mem h t) then [h])
with
    [[...]]
of type
    'b
within context
    fun l -> (let rec helper (seen, rest) = (match rest with 
                                             | [] -> seen
                                             | h :: t ->
                                               (let seen' = [[...]] in
                                                     let rest' = t in
                                                     (helper
                                                         (seen',
                                                             rest')))) in (List.rev
              (helper ([], l))))
==============================
