------------------------------------------------------------------
File "2293.ml", line 7, characters 41-43:
This expression has type 'a list but is here used with type unit
Relevant code: []
------------------------------------------------------------------
File "2293.ml", line 7, characters 20-43:
Try replacing
    (if (List.mem h t) then [])
with
    [[...]]
of type
    'b
within context
    fun l -> (let rec helper (seen, rest) = (match rest with 
                                             | [] -> seen
                                             | h :: t ->
                                               (let seen' = [[...]] in
                                                     let rest' = t in
                                                     (helper
                                                         (seen',
                                                             rest')))) in (List.rev
              (helper ([], l))))
==============================
