------------------------------------------------------------------
File "2362.ml", line 7, characters 24-26:
This expression has type string but is here used with type 'a list
Relevant code: ""
------------------------------------------------------------------
File "2362.ml", line 7, characters 20-21:
Try replacing
    t
with
    h
of type
    string
within context
    (match sl with 
     | [] -> ""
     | h :: t ->
       (let f a x = a ^ x in
             let base = (if h = "" then sep else h) in
             let l = sl in (List.fold_left f base  l)))
==============================
