------------------------------------------------------------------
File "2369.ml", line 9, characters 32-40:
This expression has type ('a -> 'b) -> 'a list -> 'b list
but is here used with type string
Relevant code: List.map
------------------------------------------------------------------
File "2369.ml", line 9, characters 32-69:
Try replacing
    (failwith List.map (fun x -> (sepConcat "" x))  l)
with
    (failwith l (fun x -> (sepConcat "" x))  List.map)
of type
    'c
within context
    let stringOfList f l = (failwith l (fun x -> (sepConcat "" x))  List.map) ;; 
==============================
File "2369.ml", line 9, characters 23-31:
Try replacing
    failwith
with
    f
of type
    (('d -> 'e) -> 'd list -> 'e list) -> (string list -> string) -> 'f -> 'g
within context
    let stringOfList f l = (f List.map (fun x -> (sepConcat "" x))  l) ;; 
==============================
File "2369.ml", line 9, characters 32-40:
Try replacing
    List.map
with
    f
of type
    string
within context
    let stringOfList f l = (failwith f (fun x -> (sepConcat "" x))  l) ;; 
==============================
File "2369.ml", line 9, characters 32-40:
Try replacing
    List.map
with
    l
of type
    string
within context
    let stringOfList f l = (failwith l (fun x -> (sepConcat "" x))  l) ;; 
==============================
