------------------------------------------------------------------
File "2405.ml", line 22, characters 40-44:
This expression has type ('a * 'b) list but is here used with type
  (int * int) list list
Relevant code: args
------------------------------------------------------------------
File "2405.ml", line 22, characters 33-34:
Try replacing
    f
with
    f; [[...]]
of type
    int * 'c list -> 'd * 'e -> int * 'c list
within context
    let f a x = (match a, x with 
                 | ((o, sum), []) -> (0, sum)
                 | ((o, sum), (b, c) :: l') ->
                   (let d = (b + c) + o in
                         (if d < 10 then 0, d :: sum else
                             1,
                               d - 10 ::
                                   sum))) in let base = 0, [] in
      let args = (List.rev (List.combine l1 l2)) in
      let (_, res) = (List.fold_left (f; [[...]]) base  args) in res
==============================
File "2405.ml", line 22, characters 40-44:
Try replacing
    args
with
    args; [[...]]
of type
    (int * int) list list
within context
    let f a x = (match a, x with 
                 | ((o, sum), []) -> (0, sum)
                 | ((o, sum), (b, c) :: l') ->
                   (let d = (b + c) + o in
                         (if d < 10 then 0, d :: sum else
                             1,
                               d - 10 ::
                                   sum))) in let base = 0, [] in
      let args = (List.rev (List.combine l1 l2)) in
      let (_, res) = (List.fold_left f base  (args; [[...]])) in res
==============================
File "2405.ml", line 22, characters 18-32:
Try replacing
    List.fold_left
with
    List.fold_left; [[...]]
of type
    (int * int list -> (int * int) list -> int * int list) ->
    int * 'f list -> ('g * 'h) list -> 'i * 'j
within context
    let f a x = (match a, x with 
                 | ((o, sum), []) -> (0, sum)
                 | ((o, sum), (b, c) :: l') ->
                   (let d = (b + c) + o in
                         (if d < 10 then 0, d :: sum else
                             1,
                               d - 10 ::
                                   sum))) in let base = 0, [] in
      let args = (List.rev (List.combine l1 l2)) in
      let (_, res) = ((List.fold_left; [[...]]) f base  args) in res
==============================
File "2405.ml", line 21, characters 15-44:
Try replacing
    (List.rev (List.combine l1 l2))
with
    (List.rev (List.combine l1 l2)); [[...]]
of type
    'k
within context
    let add (l1, l2) = let f a x = (match a, x with 
                                    | ((o, sum), []) -> (0, sum)
                                    | ((o, sum), (b, c) :: l') ->
                                      (let d = (b + c) + o in
                                            (if d < 10 then 0, d :: sum else
                                                1,
                                                  d - 10 ::
                                                      sum))) in let base = 0, [] in
        let args = (List.rev (List.combine l1 l2)); [[...]] in
        let (_, res) = (List.fold_left f base  args) in
        res in (removeZero (add (padZero l1 l2)))
==============================
File "2405.ml", line 14, characters 10-205:
Try replacing
    fun a x -> (match a, x with 
                | ((o, sum), []) -> (0, sum)
                | ((o, sum), (b, c) :: l') ->
                  (let d = (b + c) + o in
                        (if d < 10 then 0, d :: sum else 1, d - 10 :: sum)))
with
    fun a x -> (match a, x with 
                | ((o, sum), []) -> (0, sum)
                | ((o, sum), (b, c) :: l') ->
                  (let d = (b + c) + o in
                        (if d < 10 then 0, d :: sum else
                            1, d - 10 :: sum))); [[...]]
of type
    'l
==============================
