------------------------------------------------------------------
File "2439.ml", line 10, characters 9-17:
This expression has type int list * int list but is here used with type
  int -> (int list * int list) list
Relevant code: (l1, l2)
------------------------------------------------------------------
File "2439.ml", line 10, characters 9-17:
Try replacing
    l1, l2
with
    l1, l2; [[...]]
of type
    int -> (int list * int list) list
within context
    let padZero l1 l2 =
    (if (List.length l1) > (List.length l2) then (clone (l1, 0 :: l2)) else
      (if (List.length l1) < (List.length l2) then (clone (0 :: l1, l2)) else
        (l1, l2; [[...]])))
    ;; 
==============================
