------------------------------------------------------------------
File "2487.ml", line 18, characters 28-43:
This expression has type int -> int -> 'a but is here used with type float
Relevant code: (evalhelper p1)
------------------------------------------------------------------
Triaged the following locations:
File "2487.ml", line 18, characters 17-44:
And modified the following location:
File "2487.ml", line 19, characters 27-29:
Your code has several type errors.  If you ignore other surrounding code, try replacing
    *.
with
    *.; [[...]]
The actual replacement has type
    float -> (int -> int -> float) -> float
within context
    let rec evalhelper e x y = (match e with 
                                | VarX -> (float x)
                                | VarY -> (float y)
                                | Sine p1 -> [[...other program...]]
                                | Cosine p1 ->
                                  (cos
                                      (pi *.; [[...]]
                                          (evalhelper p1)))) in (evalhelper e x  y)
==============================
Triaged the following locations:
File "2487.ml", line 19, characters 19-46:
And modified the following location:
File "2487.ml", line 18, characters 28-43:
Your code has several type errors.  If you ignore other surrounding code, try replacing
    (evalhelper p1)
with
    (evalhelper p1); [[...]]
The actual replacement has type
    float
within context
    let rec evalhelper e x y = (match e with 
                                | VarX -> (float x)
                                | VarY -> (float y)
                                | Sine p1 -> (sin (pi *. (evalhelper p1); [[...]]))
                                | Cosine p1 ->
                                  [[...other program...]]) in (evalhelper e x  y)
==============================
Triaged the following locations:
File "2487.ml", line 19, characters 19-46:
And modified the following location:
File "2487.ml", line 18, characters 25-27:
Your code has several type errors.  If you ignore other surrounding code, try replacing
    *.
with
    *.; [[...]]
The actual replacement has type
    float -> (int -> int -> float) -> float
within context
    let rec evalhelper e x y = (match e with 
                                | VarX -> (float x)
                                | VarY -> (float y)
                                | Sine p1 -> (sin (pi *.; [[...]] (evalhelper p1)))
                                | Cosine p1 ->
                                  [[...other program...]]) in (evalhelper e x  y)
==============================
Triaged the following locations:
File "2487.ml", line 18, characters 17-44:
And modified the following location:
File "2487.ml", line 19, characters 30-45:
Your code has several type errors.  If you ignore other surrounding code, try replacing
    (evalhelper p1)
with
    (evalhelper p1); [[...]]
The actual replacement has type
    float
within context
    let rec evalhelper e x y = (match e with 
                                | VarX -> (float x)
                                | VarY -> (float y)
                                | Sine p1 -> [[...other program...]]
                                | Cosine p1 ->
                                  (cos
                                      (pi *.
                                          (evalhelper p1);
                                          [[...]]))) in (evalhelper e x  y)
==============================
