------------------------------------------------------------------
File "2532.ml", line 8, characters 9-63:
This expression has type ('a * bool) * 'a but is here used with type
  ('b -> 'b * bool) * 'b
Relevant code: ((let helper x = ((f x), ((f x) = x)) in helper b), b)
------------------------------------------------------------------
File "2532.ml", line 8, characters 22-46:
Try replacing
    fun x -> ((f x), (f x) = x)
with
    fun x _ -> ((f x), (f x) = x)
of type
    'c -> 'd -> 'c * bool
within context
    let fixpoint (f, b) =
    (wwhile ((let helper x _ = (f x), (f x) = x in (helper b)), b))
    ;; 
==============================
File "2532.ml", line 8, characters 22-46:
Try replacing
    fun x -> ((f x), (f x) = x)
with
    fun _ x -> ((f x), (f x) = x)
of type
    'e -> 'f -> 'f * bool
within context
    let fixpoint (f, b) =
    (wwhile ((let helper _ x = (f x), (f x) = x in (helper b)), b))
    ;; 
==============================
File "2532.ml", line 8, characters 2-8:
Try replacing
    wwhile
with
    =
of type
    ('g * bool) * 'g -> ('g * bool) * 'g -> bool
within context
    let fixpoint (f, b) = (= ((let helper x = (f x), (f x) = x in (helper b)), b))
    ;; 
==============================
