------------------------------------------------------------------
File "2722.ml", line 26, characters 18-44:
This expression has type int list but is here used with type 'a * 'b
Relevant code: List.fold_left f base args
------------------------------------------------------------------
File "2722.ml", line 26, characters 18-44:
Try replacing
    (List.fold_left f base  args)
with
    (List.fold_left f base  args); [[...]]
of type
    'c * 'd
within context
    fun (l1, l2) -> (let f a x = (match x with 
                                  | (z, y) ->
                                    (let sum = z + y in
                                          (if sum > 10 then
                                              (let result = (mod sum 10) :: a in
                                                  1 :: result)
                                              else
                                              sum ::
                                                  a))) in let base = [] in
          let args = (List.combine l1 l2) in
          let (_, res) = (List.fold_left f base  args); [[...]] in res)
==============================
