------------------------------------------------------------------
File "2731.ml", line 5, characters 45-56:
This expression has type 'a but is here used with type int -> 'a
Relevant code: (x (n - 1))
------------------------------------------------------------------
File "2731.ml", line 5, characters 56-56:
Try replacing
    (clone (x (n - 1)))
with
    (clone [[...]] (x (n - 1)))
of type
    (int -> int) list
within context
    fun x n -> (if n < 0 then [] else (match n with 
                                       | 0 -> []
                                       | _ -> (clone [[...]] (x (n - 1))) @ [x]))
==============================
File "2731.ml", line 5, characters 39-44:
Try replacing
    clone
with
    clone; [[...]]
of type
    'b -> (int -> 'b) list
within context
    fun n -> (if n < 0 then [] else (match n with 
                                     | 0 -> []
                                     | _ -> ((clone; [[...]]) (x (n - 1))) @ [x]))
==============================
