------------------------------------------------------------------
File "2767.ml", line 9, characters 41-63:
This expression has type string * 'a list but is here used with type string
Relevant code: ("; ", (List.map f l))
------------------------------------------------------------------
File "2767.ml", line 9, characters 41-63:
Try replacing
    (sepConcat ("; ", (List.map f l)))
with
    (sepConcat "; " (List.map f l))
of type
    string
within context
    let stringOfList f l = "[" ^ ((sepConcat "; " (List.map f l)) ^ "]") ;; 
==============================
File "2767.ml", line 9, characters 31-40:
Try replacing
    sepConcat
with
    f
of type
    string * string list -> string
within context
    fun f l -> "[" ^ ((f ("; ", (List.map f l))) ^ "]")
==============================
