------------------------------------------------------------------
File "2823.ml", line 6, characters 32-33:
This expression has type 'a -> 'b -> 'c but is here used with type 'a
Relevant code: f
------------------------------------------------------------------
File "2823.ml", line 6, characters 30-31:
Try replacing
    f
with
    wwhile
of type
    (('d -> 'd -> 'd * bool) -> ('d -> 'd -> 'd * bool) * bool) *
    ('d -> 'd -> 'd * bool) -> 'd -> 'd -> 'd * bool
within context
    let fixpoint (f, b) = (wwhile ((wwhile f b), b)) ;; 
==============================
File "2823.ml", line 6, characters 32-33:
Try replacing
    f
with
    wwhile
of type
    ('e -> 'e * bool) * 'e -> 'e
within context
    let fixpoint (f, b) = (wwhile ((f wwhile b), b)) ;; 
==============================
File "2823.ml", line 6, characters 32-33:
Try replacing
    f
with
    =
of type
    'f -> 'f -> bool
within context
    let fixpoint (f, b) = (wwhile ((f = b), b)) ;; 
==============================
File "2823.ml", line 6, characters 32-33:
Try replacing
    f
with
    b
of type
    'g
within context
    let fixpoint (f, b) = (wwhile ((f b b), b)) ;; 
==============================
