------------------------------------------------------------------
File "2912.ml", line 18, characters 61-62:
This expression has type int list list * int list list
but is here used with type unit
Relevant code: x
------------------------------------------------------------------
Triaged the following locations:
File "2912.ml", line 19, characters 4-92:
And modified the following location:
File "2912.ml", line 18, characters 61-62:
Your code has several type errors.  If you ignore other surrounding code, try replacing
    x
with
    x; [[...]]
The actual replacement has type
    unit
within context
    fun l1 l2 -> (let add (l1, l2) = let f a x = (match x with 
                                                  | ([], []) -> a
                                                  | (h1 :: t1 :: [], h2 :: t2 :: [])
                                                    ->
                                                    (if h1 + h2 > 9 then
                                                        (x;
                                                          [[...]]))) in [[...other program...]] in (removeZero
                (add (padZero l1 l2))))
==============================
Triaged the following locations:
File "2912.ml", line 19, characters 4-92:
And modified the following location:
File "2912.ml", line 18, characters 61-62:
Your code has several type errors.  If you ignore other surrounding code, try replacing
    x
with
    a
The actual replacement has type
    unit
within context
    fun l1 l2 -> (let add (l1, l2) = let f a x = (match x with 
                                                  | ([], []) -> a
                                                  | (h1 :: t1 :: [], h2 :: t2 :: [])
                                                    ->
                                                    (if h1 + h2 > 9 then
                                                        a)) in [[...other program...]] in (removeZero
                (add (padZero l1 l2))))
==============================
Triaged the following locations:
File "2912.ml", line 19, characters 4-92:
And modified the following location:
File "2912.ml", line 16, characters 12-13:
Your code has several type errors.  If you ignore other surrounding code, try replacing
    x
with
    x; [[...]]
The actual replacement has type
    int list list * int list list
within context
    fun l1 l2 -> (let add (l1, l2) = let f a x = (match (x; [[...]]) with 
                                                  | ([], []) -> a
                                                  | (h1 :: t1 :: [], h2 :: t2 :: [])
                                                    ->
                                                    (if h1 + h2 > 9 then
                                                        x)) in [[...other program...]] in (removeZero
                (add (padZero l1 l2))))
==============================
Triaged the following locations:
File "2912.ml", line 19, characters 4-92:
And modified the following location:
File "2912.ml", line 15, characters 4-214:
Your code has several type errors.  If you ignore other surrounding code, try replacing
    let f a x = (match x with 
                 | ([], []) -> a
                 | (h1 :: t1 :: [], h2 :: t2 :: []) ->
                   (if h1 + h2 > 9 then
                       x)) in let base = [] in
      let args = (l1 l2) in let (_, res) = (List.fold_left f base  args) in res
with
    [[...other program...]]
The actual replacement has type
    'a
==============================
