------------------------------------------------------------------
File "2913.ml", line 18, characters 65-66:
This expression has type int list list * int list list
but is here used with type 'a list
Relevant code: x
------------------------------------------------------------------
Triaged the following locations:
File "2913.ml", line 19, characters 4-92:
And modified the following location:
File "2913.ml", line 18, characters 63-64:
Your code has several type errors.  If you ignore other surrounding code, try replacing
    @
with
    @; [[...]]
The actual replacement has type
    unit -> int list list * int list list -> unit
within context
    fun l1 l2 -> (let add (l1, l2) = let f a x = (match x with 
                                                  | ([], []) -> a
                                                  | (h1 :: t1 :: [], h2 :: t2 :: [])
                                                    ->
                                                    (if h1 + h2 > 9 then
                                                        (a
                                                            @; [[...]]
                                                            x))) in [[...other program...]] in (removeZero
                (add (padZero l1 l2))))
==============================
Triaged the following locations:
File "2913.ml", line 19, characters 4-92:
And modified the following location:
File "2913.ml", line 15, characters 4-218:
Your code has several type errors.  If you ignore other surrounding code, try replacing
    let f a x = (match x with 
                 | ([], []) -> a
                 | (h1 :: t1 :: [], h2 :: t2 :: []) ->
                   (if h1 + h2 > 9 then
                       a
                         @
                         x)) in let base = [] in
      let args = (l1 l2) in let (_, res) = (List.fold_left f base  args) in res
with
    [[...other program...]]
The actual replacement has type
    'b
==============================
