------------------------------------------------------------------
File "2935.ml", line 26, characters 35-39:
This expression has type int * 'a list but is here used with type int * int
Relevant code: base
------------------------------------------------------------------
File "2935.ml", line 26, characters 33-34:
Try replacing
    f
with
    f; [[...]]
of type
    int * 'b list -> 'c * 'd -> int * 'b list
within context
    let f a x = let carry = (match a with 
                             | (f, g) -> f) in let digit = (match x with 
                                                            | (f, g) ->
                                                              (if
                                                                  (f + g) + carry
                                                                    > 9
                                                                  then
                                                                  1,
                                                                    (f + g) +
                                                                      (mod carry 10)
                                                                  else
                                                                  0,
                                                                    (f + g) +
                                                                      (mod
                                                                        carry
                                                                        10))) in digit in let
      base
      =
      0, []
      in
      let args = (List.rev (List.combine l1 l2)) in
      let (_, res) = (List.fold_left (f; [[...]]) base  args) in res
==============================
File "2935.ml", line 26, characters 18-32:
Try replacing
    List.fold_left
with
    List.fold_left; [[...]]
of type
    (int * 'e -> int * int -> int * int) ->
    int * 'f list -> ('g * 'h) list -> 'i * 'j
within context
    let f a x = let carry = (match a with 
                             | (f, g) -> f) in let digit = (match x with 
                                                            | (f, g) ->
                                                              (if
                                                                  (f + g) + carry
                                                                    > 9
                                                                  then
                                                                  1,
                                                                    (f + g) +
                                                                      (mod carry 10)
                                                                  else
                                                                  0,
                                                                    (f + g) +
                                                                      (mod
                                                                        carry
                                                                        10))) in digit in let
      base
      =
      0, []
      in
      let args = (List.rev (List.combine l1 l2)) in
      let (_, res) = ((List.fold_left; [[...]]) f base  args) in res
==============================
File "2935.ml", line 15, characters 10-270:
Try replacing
    fun a x -> (let carry = (match a with 
                             | (f, g) -> f) in let digit = (match x with 
                                                            | (f, g) ->
                                                              (if
                                                                  (f + g) + carry
                                                                    > 9
                                                                  then
                                                                  1,
                                                                    (f + g) +
                                                                      (mod carry 10)
                                                                  else
                                                                  0,
                                                                    (f + g) +
                                                                      (mod
                                                                        carry
                                                                        10))) in digit)
with
    fun a x -> (let carry = (match a with 
                             | (f, g) -> f) in let digit = (match x with 
                                                            | (f, g) ->
                                                              (if
                                                                  (f + g) + carry
                                                                    > 9
                                                                  then
                                                                  1,
                                                                    (f + g) +
                                                                      (mod carry 10)
                                                                  else
                                                                  0,
                                                                    (f + g) +
                                                                      (mod
                                                                        carry
                                                                        10))) in digit); [[...]]
of type
    'k
==============================
