------------------------------------------------------------------
File "3071.ml", line 4, characters 71-72:
This expression has type 'a list but is here used with type 'a list list
Relevant code: t
------------------------------------------------------------------
File "3071.ml", line 4, characters 71-72:
Try replacing
    t
with
    t; [[...]]
of type
    'b list list
within context
    let rec listReverse l = (match l with 
                             | [] -> []
                             | h :: t -> (cat l h) :: t; [[...]]) ;; 
==============================
File "3071.ml", line 4, characters 58-67:
Try replacing
    (cat l h)
with
    (cat l h); [[...]]
of type
    'c
within context
    let rec listReverse l = (match l with 
                             | [] -> []
                             | h :: t -> (cat l h); [[...]] :: t) ;; 
==============================
