------------------------------------------------------------------
File "3148.ml", line 27, characters 33-34:
This expression has type int * (int * int) list -> 'a -> int * int
but is here used with type
  int * (int * int) list -> 'a -> int * (int * int) list
Relevant code: f
------------------------------------------------------------------
File "3148.ml", line 27, characters 33-34:
Try replacing
    f
with
    f; [[...]]
of type
    int * 'b list -> 'c * 'd -> int * 'b list
within context
    let f a x = (match a with 
                 | (c, (d1, d2) :: ds) ->
                   (d1 + (mod d2 10),
                         d1
                           +
                           d2)) in let base = 0, [] in
      let args = (List.rev (List.combine l1 l2)) in
      let (_, res) = (List.fold_left (f; [[...]]) base  args) in res
==============================
File "3148.ml", line 27, characters 18-32:
Try replacing
    List.fold_left
with
    List.fold_left; [[...]]
of type
    ('e * (int * int) list -> 'f -> int * int) ->
    int * 'g list -> ('h * 'i) list -> 'j * 'k
within context
    let f a x = (match a with 
                 | (c, (d1, d2) :: ds) ->
                   (d1 + (mod d2 10),
                         d1
                           +
                           d2)) in let base = 0, [] in
      let args = (List.rev (List.combine l1 l2)) in
      let (_, res) = ((List.fold_left; [[...]]) f base  args) in res
==============================
File "3148.ml", line 23, characters 10-87:
Try replacing
    fun a x -> (match a with 
                | (c, (d1, d2) :: ds) -> (d1 + (mod d2 10), d1 + d2))
with
    fun a x -> (match a with 
                | (c, (d1, d2) :: ds) -> (d1 + (mod d2 10), d1 + d2)); [[...]]
of type
    'l
within context
    fun l1 l2 -> (let add (l1, l2) = let f = fun a x -> (match a with 
                                                         | (c, (d1, d2) :: ds) ->
                                                           (d1 + (mod d2 10),
                                                                 d1
                                                                   +
                                                                   d2)); [[...]] in let
              base
              =
              0, []
              in
              let args = (List.rev (List.combine l1 l2)) in
              let (_, res) = (List.fold_left f base  args) in
              res in (removeZero (add (padZero l1 l2))))
==============================
