------------------------------------------------------------------
File "3156.ml", line 26, characters 33-34:
This expression has type
  int * int -> (int * int) list -> int * (int * int) list
but is here used with type int * int -> (int * int) list -> int * int
Relevant code: f
------------------------------------------------------------------
File "3156.ml", line 26, characters 33-34:
Try replacing
    f
with
    f; [[...]]
of type
    int * 'a list -> 'b * 'c -> int * 'a list
within context
    let f a x = (match x with 
                 | (d1, d2) :: ds ->
                   (d1 + d2,
                         a ::
                             x)) in let base = 0, [] in
      let args = (List.rev (List.combine l1 l2)) in
      let (_, res) = (List.fold_left (f; [[...]]) base  args) in res
==============================
File "3156.ml", line 26, characters 18-32:
Try replacing
    List.fold_left
with
    List.fold_left; [[...]]
of type
    (int * int -> (int * int) list -> int * (int * int) list) ->
    int * 'd list -> ('e * 'f) list -> 'g * 'h
within context
    let f a x = (match x with 
                 | (d1, d2) :: ds ->
                   (d1 + d2,
                         a ::
                             x)) in let base = 0, [] in
      let args = (List.rev (List.combine l1 l2)) in
      let (_, res) = ((List.fold_left; [[...]]) f base  args) in res
==============================
File "3156.ml", line 23, characters 10-67:
Try replacing
    fun a x -> (match x with 
                | (d1, d2) :: ds -> (d1 + d2, a :: x))
with
    fun a x -> (match x with 
                | (d1, d2) :: ds -> (d1 + d2, a :: x)); [[...]]
of type
    'i
within context
    fun l1 l2 -> (let add (l1, l2) = let f = fun a x -> (match x with 
                                                         | (d1, d2) :: ds ->
                                                           (d1 + d2,
                                                                 a ::
                                                                     x)); [[...]] in let
              base
              =
              0, []
              in
              let args = (List.rev (List.combine l1 l2)) in
              let (_, res) = (List.fold_left f base  args) in
              res in (removeZero (add (padZero l1 l2))))
==============================
