------------------------------------------------------------------
File "3272.ml", line 18, characters 2-12:
This function is applied to too many arguments,
maybe you forgot a `;'
Relevant code: removeZero
------------------------------------------------------------------
File "3272.ml", line 18, characters 2-34:
Try replacing
    (removeZero
      (add (padZero l1 l2)) List.combine  (padZero [9 ; 9] [1 ; 0 ; 0 ; 2]))
with
    (removeZero
      ((add (padZero l1 l2)) List.combine (padZero [9 ; 9] [1 ; 0 ; 0 ; 2])))
of type
    int list
within context
    let bigAdd l1 l2 =
    let add (l1, l2) =
      let f a x = (failwith "to be implemented") in
        let base = (failwith "to be implemented") in
        let args = (failwith "to be implemented") in
        let (_, res) = (List.fold_left f base  args) in res
      in
      (removeZero
          ((add (padZero l1 l2)) List.combine (padZero [9 ; 9] [1 ; 0 ; 0 ; 2])))
    ;; 
==============================
