------------------------------------------------------------------
File "3274.ml", line 17, characters 33-34:
This expression has type 'a -> int * int -> int * 'a
but is here used with type 'a -> int * int -> 'a
Relevant code: f
------------------------------------------------------------------
File "3274.ml", line 17, characters 18-32:
Try replacing
    List.fold_left
with
    List.fold_left; [[...]]
of type
    ('b -> int * int -> int * 'b) -> 'c list -> ('d * 'e) list -> 'f * 'g
within context
    let f a x = (match x with 
                 | (h1, h2) ->
                   (h1 + h2,
                         a)) in let base = [] in
      let args = (List.combine l1 l2) in
      let (_, res) = ((List.fold_left; [[...]]) f base  args) in res
==============================
