------------------------------------------------------------------
File "3291.ml", line 28, characters 18-33:
This expression has type int list * int list but is here used with type
  int list list * int list list
Relevant code: (padZero l1 l2)
------------------------------------------------------------------
File "3291.ml", line 17, characters 17-18:
Try replacing
    x
with
    a
of type
    int list * int list
within context
    let f a x = (match a with 
                 | (lh1 :: lt1, lh2 :: lt2) -> (match a with 
                                                | (h1, h2) -> (match h1 with 
                                                               | x :: y ->
                                                                 (match h2 with 
                                                                  | a :: b ->
                                                                    (((x + a) + lh1)
                                                                                / 10
                                                                              ::
                                                                              lt1
                                                                          ,
                                                                          (mod
                                                                                ((x
                                                                                        +
                                                                                        a)
                                                                                    +
                                                                                    lh1) 10)
                                                                              ::
                                                                              lt2))))) in let
      base
      =
      [], []
      in
      let args = (List.combine l1 l2) in
      let (_, res) = (List.fold_left f base  args) in res
==============================
