------------------------------------------------------------------
File "3363.ml", line 5, characters 12-64:
This expression has type int list but is here used with type int
Relevant code: (List.rev (List.map (fun x  -> x * 10) t)) @ [h * i]
------------------------------------------------------------------
File "3363.ml", line 4, characters 10-11:
Try replacing
    0
with
    0; [[...]]
of type
    int list
within context
    let rec mulByDigit i l = (match (List.rev l) with 
                              | [] -> (0; [[...]])
                              | h :: t ->
                                (List.rev (List.map (fun x -> x * 10) t))
                                    @ [h * i]) ;; 
==============================
File "3363.ml", line 5, characters 12-64:
Try replacing
    (List.rev (List.map (fun x -> x * 10) t)) @ [h * i]
with
    (List.rev (List.map (fun x -> x * 10) t)) @ [h * i]; [[...]]
of type
    int
within context
    let rec mulByDigit i l = (match (List.rev l) with 
                              | [] -> 0
                              | h :: t ->
                                ((List.rev (List.map (fun x -> x * 10) t))
                                      @ [h * i];
                                    [[...]])) ;; 
==============================
