------------------------------------------------------------------
File "3372.ml", line 10, characters 17-18:
This expression has type int but is here used with type 'a list
Relevant code: h
------------------------------------------------------------------
File "3372.ml", line 10, characters 17-18:
Try replacing
    h
with
    t
of type
    int list
within context
    let rec mulByDigit i l = (match l with 
                              | [] -> []
                              | h :: t ->
                                (match
                                 (mulByDigit
                                     i (List.rev (List.map (fun x -> x * 10) t)))
                                   @ [h * i]
                                 with
                                 
                                 | [] -> []
                                 | h :: t -> t)) ;; 
==============================
File "3372.ml", line 10, characters 17-18:
Try replacing
    h
with
    l
of type
    int list
within context
    let rec mulByDigit i l = (match l with 
                              | [] -> []
                              | h :: t ->
                                (match
                                 (mulByDigit
                                     i (List.rev (List.map (fun x -> x * 10) t)))
                                   @ [h * i]
                                 with
                                 
                                 | [] -> []
                                 | h :: t -> l)) ;; 
==============================
