------------------------------------------------------------------
File "3376.ml", line 13, characters 11-20:
This expression has type int -> int list but is here used with type 'a list
Relevant code: helper []
------------------------------------------------------------------
File "3376.ml", line 13, characters 20-20:
Try replacing
    (helper [])
with
    (helper [] [[...]])
of type
    int list
within context
    fun i l -> (match (List.rev l) with 
                | [] -> []
                | h :: t ->
                  (match
                   (mulByDigit i (List.rev (List.map (fun x -> x * 10) t)))
                     @ [h * i]
                   with
                   
                   | [] -> []
                   | h :: t ->
                     (let rec helper acc v =
                           (if v = 0 then acc else
                             (helper (mod v 10) :: acc (v / 10)))
                           in
                           (helper [] [[...]]))))
==============================
