
------------------------------------------------------------------
File "3380.ml", line 11, characters 8-126:
This expression has type 'a list but is here used with type int
Relevant code: [List.fold_left f base
           ((mulByDigit i (List.rev (List.map (fun x  -> x * 10) t))) @
              [h * i])]
------------------------------------------------------------------
File "3380.ml", line 10, characters 6-12:
Try replacing
    helper
with
    @
of type
    int list -> int list -> int list
within context
    (match (List.rev l) with 
     | [] -> []
     | h :: t ->
       (let f a x = a + x in
             let base = 0 in
             let rec helper acc v =
             (if v = 0 then acc else (helper (mod v 10) :: acc (v / 10)))
             in
             (@
                 []
                 [
                     (List.fold_left
                       f base
                       ((mulByDigit i (List.rev (List.map (fun x -> x * 10) t)))
                           @ [h * i]))
                     ])))
==============================
