------------------------------------------------------------------
File "3457.ml", line 2, characters 47-55:
This expression has type int but is here used with type 'a list
Relevant code: n mod 10
------------------------------------------------------------------
File "3457.ml", line 2, characters 39-41:
Try replacing
    []
with
    []; [[...]]
of type
    int
within context
    let rec digitsOfInt n = (if (n <= 0) then ([]; [[...]]) else (mod n 10)) ;; 
==============================
File "3457.ml", line 2, characters 47-55:
Try replacing
    (mod n 10)
with
    (mod n 10); [[...]]
of type
    'b list
within context
    let rec digitsOfInt n = (if (n <= 0) then [] else ((mod n 10); [[...]])) ;; 
==============================
