------------------------------------------------------------------
File "3490.ml", line 7, characters 28-46:
This expression has type ('a -> bool) * 'a but is here used with type
  ('a -> 'a * bool) * 'a
Relevant code: ((notequals b), b)
------------------------------------------------------------------
File "3490.ml", line 7, characters 21-27:
Try replacing
    wwhile
with
    <>
of type
    ('b -> bool) * 'b -> ('b -> bool) * 'b -> bool
within context
    let fixpoint (f, b) = (<> ((notequals b), b)) ;; 
==============================
File "3490.ml", line 7, characters 21-27:
Try replacing
    wwhile
with
    f
of type
    ('c -> bool) * 'c -> 'd
within context
    let fixpoint (f, b) = (f ((notequals b), b)) ;; 
==============================
File "3490.ml", line 7, characters 30-39:
Try replacing
    notequals
with
    f
of type
    'e -> 'e -> 'e * bool
within context
    let fixpoint (f, b) = (wwhile ((f b), b)) ;; 
==============================
