------------------------------------------------------------------
File "3524.ml", line 2, characters 46-54:
This expression has type int but is here used with type 'a list
Relevant code: n mod 10
------------------------------------------------------------------
File "3524.ml", line 2, characters 38-40:
Try replacing
    []
with
    []; [[...]]
of type
    int
within context
    let rec digitsOfInt n = (if n < 0 then ([]; [[...]]) else (mod n 10)) ;; 
==============================
File "3524.ml", line 2, characters 46-54:
Try replacing
    (mod n 10)
with
    (mod n 10); [[...]]
of type
    'b list
within context
    let rec digitsOfInt n = (if n < 0 then [] else ((mod n 10); [[...]])) ;; 
==============================
