------------------------------------------------------------------
File "3535.ml", line 21, characters 18-22:
This expression is not a function, it cannot be applied
Relevant code: rand
------------------------------------------------------------------
File "3535.ml", line 21, characters 23-29:
Try replacing
    (rand (0, 2))
with
    rand
of type
    int
within context
    let rec build (rand, depth) = (match rand with 
                                   | 0 ->
                                     (let halff = rand in
                                           (if halff = 0 then (buildY ()) else
                                               (buildX ())))
                                   | 1 ->
                                     (let halff = rand in
                                           (if halff = 0 then
                                               (Cosine (build (rand, depth - 1)))
                                               else
                                               (Sine (build (rand, depth - 1)))))
                                   | 2 ->
                                     (Average
                                         (build (rand, depth - 1)),
                                           (build (rand, depth - 1))
                                         )
                                   | 3 ->
                                     (Times
                                         (build (rand, depth - 1)),
                                           (build (rand, depth - 1))
                                         )) ;; 
==============================
