(12,25)-(12,47)
(11,30)-(11,39)
(12,34)-(12,43)
(11,46)-(11,48)
(9,13)-(9,27)
(12,12)-(12,48)
(12,25)-(12,47)
(11,36)-(11,38)
(12,35)-(12,37)
(9,25)-(9,27)
(12,12)-(12,48)
(12,25)-(12,47)
(11,36)-(11,38)
(12,35)-(12,37)
(9,13)-(9,27)
(12,25)-(12,47)
(11,36)-(11,38)
(12,35)-(12,37)
(11,46)-(11,48)
(9,25)-(9,27)
(12,12)-(12,48)
(12,25)-(12,47)
(11,36)-(11,38)
(12,34)-(12,43)
(9,25)-(9,27)
(12,12)-(12,48)
(12,25)-(12,47)
(11,30)-(11,39)
(12,35)-(12,37)
(9,25)-(9,27)
(12,12)-(12,48)
(12,25)-(12,47)
(11,30)-(11,39)
(12,34)-(12,43)
(9,13)-(9,27)
(12,25)-(12,47)
(11,36)-(11,38)
(12,35)-(12,37)
(11,46)-(11,48)
(9,13)-(9,27)
(12,12)-(12,48)
(12,25)-(12,47)
(11,30)-(11,39)
(12,35)-(12,37)
(9,13)-(9,27)
(12,25)-(12,47)
(11,30)-(11,39)
(12,35)-(12,37)
(11,46)-(11,48)
(9,25)-(9,27)
(12,25)-(12,47)
(11,30)-(11,39)
(12,34)-(12,43)
(11,46)-(11,48)
(9,25)-(9,27)
(12,12)-(12,48)
(12,25)-(12,47)
(11,30)-(11,39)
(12,34)-(12,43)
(9,25)-(9,27)
(12,25)-(12,47)
(11,36)-(11,38)
(12,34)-(12,43)
(11,46)-(11,48)
(9,13)-(9,27)
(12,12)-(12,48)
(12,25)-(12,47)
(11,36)-(11,38)
(12,34)-(12,43)
(9,13)-(9,27)
(12,25)-(12,47)
(11,30)-(11,39)
(12,35)-(12,37)
(11,46)-(11,48)
(9,13)-(9,27)
(12,25)-(12,47)
(11,36)-(11,38)
(12,34)-(12,43)
(11,46)-(11,48)
(9,25)-(9,27)
(11,7)-(11,49)
(12,25)-(12,47)
(11,36)-(11,38)
(12,34)-(12,43)
(9,25)-(9,27)
(11,7)-(11,49)
(12,25)-(12,47)
(11,30)-(11,39)
(12,34)-(12,43)
(9,25)-(9,27)
