(18,18)-(18,44)
(18,35)-(18,39)
(15,16)-(15,21)
(18,4)-(18,51)
(18,35)-(18,39)
(15,16)-(15,17)
(18,4)-(18,51)
(16,15)-(16,17)
(15,16)-(15,17)
(18,4)-(18,51)
(18,18)-(18,44)
(15,16)-(15,21)
(18,18)-(18,44)
(18,35)-(18,39)
(15,16)-(15,17)
(18,4)-(18,51)
(18,18)-(18,44)
(15,16)-(15,17)
(18,18)-(18,44)
(18,18)-(18,44)
(15,16)-(15,21)
(18,18)-(18,44)
(18,18)-(18,44)
(15,16)-(15,17)
(18,4)-(18,51)
(18,35)-(18,39)
(15,16)-(15,21)
(18,4)-(18,51)
(16,15)-(16,17)
(15,16)-(15,21)
(18,18)-(18,44)
(16,15)-(16,17)
(15,16)-(15,17)
(18,18)-(18,44)
(16,15)-(16,17)
(15,16)-(15,21)
(18,18)-(18,44)
(18,18)-(18,44)
(15,20)-(15,21)
(15,16)-(15,21)
(16,15)-(16,17)
(15,20)-(15,21)
(15,16)-(15,21)
