(19,23)-(19,68)
(18,16)-(18,19)
(17,18)-(17,41)
(18,21)-(18,23)
(17,14)-(17,17)
(19,65)-(19,68)
(18,16)-(18,19)
(17,18)-(17,41)
(18,21)-(18,23)
(17,14)-(17,17)
(19,23)-(19,68)
(18,16)-(18,19)
(17,19)-(17,21)
(18,20)-(18,43)
(17,14)-(17,17)
(19,23)-(19,68)
(18,16)-(18,19)
(17,18)-(17,41)
(18,20)-(18,43)
(17,14)-(17,17)
(19,65)-(19,68)
(18,16)-(18,19)
(17,18)-(17,41)
(18,20)-(18,43)
(17,14)-(17,17)
(19,23)-(19,68)
(18,16)-(18,19)
(17,19)-(17,21)
(18,21)-(18,23)
(17,14)-(17,17)
(19,65)-(19,68)
(18,16)-(18,19)
(17,19)-(17,21)
(18,21)-(18,23)
(17,14)-(17,17)
(19,65)-(19,68)
(18,16)-(18,19)
(17,19)-(17,21)
(18,20)-(18,43)
(17,14)-(17,17)
(19,23)-(19,68)
(18,16)-(18,43)
(18,20)-(18,43)
(17,19)-(17,21)
(18,20)-(18,43)
(17,14)-(17,17)
(19,23)-(19,68)
(18,16)-(18,43)
(18,16)-(18,43)
(17,19)-(17,21)
(18,20)-(18,43)
(17,14)-(17,17)
