(24,19)-(24,20)
(23,16)-(23,17)
(25,63)-(25,67)
(24,19)-(24,20)
(23,16)-(23,21)
(25,41)-(25,67)
(25,15)-(25,23)
(23,16)-(23,21)
(26,13)-(26,34)
(25,15)-(25,23)
(24,19)-(24,20)
(23,16)-(23,17)
(23,16)-(23,21)
(26,13)-(26,34)
(25,41)-(25,67)
(23,16)-(23,21)
(26,2)-(26,34)
(25,63)-(25,67)
(25,15)-(25,23)
(24,19)-(24,20)
(23,16)-(23,21)
(25,15)-(25,23)
(23,16)-(23,17)
(26,2)-(26,34)
(24,19)-(24,20)
(23,16)-(23,21)
(25,63)-(25,67)
(23,16)-(23,17)
(25,63)-(25,67)
(25,71)-(25,74)
(25,15)-(25,23)
(23,16)-(23,17)
(26,13)-(26,34)
(23,16)-(23,17)
(26,13)-(26,34)
(25,63)-(25,67)
(24,19)-(24,20)
(23,16)-(23,17)
(25,41)-(25,67)
(23,16)-(23,17)
(26,2)-(26,34)
(25,63)-(25,67)
(23,16)-(23,21)
(26,2)-(26,34)
(25,41)-(25,67)
(25,15)-(25,23)
(23,16)-(23,21)
(26,2)-(26,34)
(23,16)-(23,21)
(26,13)-(26,34)
(25,63)-(25,67)
(23,16)-(23,17)
(26,13)-(26,34)
(25,41)-(25,67)
(23,16)-(23,17)
(25,41)-(25,67)
(25,71)-(25,74)
(23,16)-(23,17)
(26,2)-(26,34)
(25,41)-(25,67)
(23,16)-(23,21)
(25,63)-(25,67)
(25,71)-(25,74)
(23,16)-(23,21)
(25,41)-(25,67)
(25,71)-(25,74)
(25,41)-(25,67)
(25,15)-(25,23)
(23,16)-(23,17)
(25,71)-(25,74)
(25,15)-(25,23)
(23,16)-(23,21)
(25,71)-(25,74)
(23,16)-(23,17)
(25,63)-(25,67)
(26,2)-(26,12)
(25,15)-(25,23)
(23,16)-(23,17)
(26,2)-(26,12)
