(20,6)-(22,15)
(26,2)-(26,34)
(25,18)-(25,44)
(20,6)-(22,15)
(23,15)-(23,17)
(26,13)-(26,34)
(20,6)-(22,15)
(26,13)-(26,34)
(25,18)-(25,44)
(20,6)-(22,15)
(25,35)-(25,39)
(25,48)-(25,51)
(20,6)-(22,15)
(26,2)-(26,34)
(25,35)-(25,39)
(20,6)-(22,15)
(23,15)-(23,17)
(25,48)-(25,51)
(20,6)-(22,15)
(25,18)-(25,44)
(25,48)-(25,51)
(20,6)-(22,15)
(23,15)-(23,17)
(26,2)-(26,34)
(20,6)-(22,15)
(26,13)-(26,34)
(25,35)-(25,39)
(20,6)-(22,15)
(25,18)-(25,44)
(26,2)-(26,12)
(20,6)-(22,15)
(23,15)-(23,17)
(26,2)-(26,12)
