(19,19)-(19,40)
(18,16)-(18,19)
(17,21)-(17,63)
(18,27)-(18,39)
(18,21)-(18,23)
(19,14)-(19,41)
(18,21)-(18,57)
(19,19)-(19,40)
(18,16)-(18,58)
(17,21)-(17,63)
(18,26)-(18,57)
(19,14)-(19,41)
(18,21)-(18,57)
(19,19)-(19,40)
(18,16)-(18,58)
(17,21)-(17,63)
(18,40)-(18,56)
(19,14)-(19,41)
(19,19)-(19,40)
(18,16)-(18,19)
(17,21)-(17,63)
(18,27)-(18,39)
(18,20)-(18,58)
(19,14)-(19,41)
(18,21)-(18,57)
(19,19)-(19,40)
(18,16)-(18,19)
(17,21)-(17,63)
(18,26)-(18,57)
(19,14)-(19,41)
(19,19)-(19,40)
(18,16)-(18,19)
(17,21)-(17,63)
(18,27)-(18,39)
(18,21)-(18,23)
(19,14)-(19,17)
