(18,21)-(18,57)
(19,19)-(19,40)
(17,21)-(17,63)
(18,40)-(18,56)
(18,21)-(18,57)
(19,19)-(19,40)
(17,21)-(17,63)
(17,21)-(17,63)
(18,40)-(18,56)
(18,21)-(18,57)
(19,19)-(19,40)
(17,21)-(17,63)
(17,21)-(17,59)
(18,40)-(18,56)
(18,21)-(18,57)
(19,19)-(19,40)
(17,21)-(17,63)
(17,21)-(17,63)
(18,26)-(18,57)
(18,21)-(18,57)
(19,19)-(19,40)
(17,21)-(17,63)
(17,21)-(17,59)
(18,26)-(18,57)
(18,21)-(18,57)
(19,19)-(19,40)
(17,21)-(17,63)
(18,26)-(18,57)
(18,21)-(18,57)
(19,19)-(19,40)
(17,21)-(17,63)
(17,21)-(17,59)
(18,27)-(18,39)
(18,21)-(18,57)
(19,19)-(19,40)
(17,21)-(17,59)
(17,21)-(17,63)
(18,40)-(18,56)
