(13,13)-(21,70)
(19,21)-(19,48)
(17,14)-(17,40)
(17,15)-(17,31)
(13,13)-(21,70)
(19,21)-(19,48)
(17,14)-(17,40)
(17,14)-(17,36)
(19,47)-(19,48)
(17,14)-(17,40)
(17,15)-(17,31)
(14,2)-(21,70)
(19,21)-(19,48)
(17,14)-(17,40)
(17,15)-(17,31)
(14,2)-(21,70)
(19,21)-(19,48)
(17,14)-(17,40)
(17,14)-(17,36)
(14,2)-(21,70)
(13,13)-(21,70)
(19,47)-(19,48)
(17,14)-(17,40)
(17,15)-(17,31)
(19,47)-(19,48)
(17,14)-(17,40)
(17,14)-(17,36)
(14,2)-(21,70)
(13,13)-(21,70)
(19,47)-(19,48)
(17,14)-(17,40)
(17,14)-(17,36)
(17,14)-(17,40)
(19,21)-(19,48)
(17,15)-(17,31)
(14,2)-(21,70)
(17,14)-(17,40)
(19,47)-(19,48)
(17,15)-(17,31)
(14,2)-(21,70)
