(22,48)-(22,49)
(21,43)-(21,69)
(21,60)-(21,64)
(22,2)-(22,44)
(19,16)-(19,21)
(21,16)-(21,24)
(22,48)-(22,49)
(21,43)-(21,69)
(21,60)-(21,64)
(22,2)-(22,44)
(21,29)-(21,76)
(22,48)-(22,49)
(21,43)-(21,69)
(22,2)-(22,44)
(19,20)-(19,21)
(22,48)-(22,49)
(21,43)-(21,69)
(20,15)-(20,18)
(22,2)-(22,44)
(19,20)-(19,21)
(21,29)-(21,76)
(21,16)-(21,24)
(22,48)-(22,49)
(20,15)-(20,18)
(22,2)-(22,44)
(22,48)-(22,49)
(21,43)-(21,69)
(20,15)-(20,18)
(22,2)-(22,44)
(19,16)-(19,21)
(22,48)-(22,49)
(21,43)-(21,69)
(22,2)-(22,44)
(22,48)-(22,49)
(21,43)-(21,69)
(21,43)-(21,69)
(22,2)-(22,44)
(19,16)-(19,21)
(22,48)-(22,49)
(21,43)-(21,69)
(21,43)-(21,69)
(22,2)-(22,44)
(19,20)-(19,21)
(21,29)-(21,76)
(21,16)-(21,24)
(22,48)-(22,49)
(21,43)-(21,69)
(22,2)-(22,44)
(21,29)-(21,76)
(22,48)-(22,49)
(21,43)-(21,69)
(22,2)-(22,44)
(19,16)-(19,21)
(21,16)-(21,24)
(22,48)-(22,49)
(21,43)-(21,69)
(21,43)-(21,69)
(22,2)-(22,44)
(21,29)-(21,76)
(22,48)-(22,49)
(20,15)-(20,18)
(22,2)-(22,44)
(19,20)-(19,21)
(21,29)-(21,76)
(22,48)-(22,49)
(21,60)-(21,64)
(22,2)-(22,44)
(19,20)-(19,21)
(21,29)-(21,76)
(22,48)-(22,49)
(21,60)-(21,64)
(22,2)-(22,44)
(19,16)-(19,21)
(22,48)-(22,49)
(21,43)-(21,69)
(21,60)-(21,64)
(22,2)-(22,44)
(19,20)-(19,21)
(21,16)-(21,24)
(22,48)-(22,49)
(21,43)-(21,69)
(20,15)-(20,18)
(22,2)-(22,44)
(21,29)-(21,76)
(22,48)-(22,49)
(20,15)-(20,18)
(22,2)-(22,44)
(19,16)-(19,21)
(21,29)-(21,76)
(21,16)-(21,24)
(22,48)-(22,49)
(21,60)-(21,64)
(22,2)-(22,44)
(21,29)-(21,76)
(21,16)-(21,24)
(22,48)-(22,49)
(20,15)-(20,18)
(22,3)-(22,13)
(22,48)-(22,49)
(21,43)-(21,69)
(20,15)-(20,18)
(22,3)-(22,13)
(19,20)-(19,21)
