------------------------------------------------------------------
File "0047.ml", line 7, characters 33-68:
This expression has type int * int list but is here used with type int list
Relevant code: ((sum / 10), ((sum mod 10) :: res))
------------------------------------------------------------------
File "0047.ml", line 4, characters 10-13:
Try replacing
    [0]
with
    0, []
of type
    int * int list
within context
    let rec mulByDigit i l = (match l with 
                              | [] -> (0, [])
                              | h :: t ->
                                (let (cin, res) = (mulByDigit i t) in
                                      let sum = i * h + cin in
                                      sum / 10, (mod sum 10) :: res)) ;; 
==============================
