------------------------------------------------------------------
File "0051.ml", line 9, characters 17-18:
This expression is not a function, it cannot be applied
Relevant code: 0
------------------------------------------------------------------
Triaged the following locations:
File "0051.ml", line 9, characters 10-15:
And modified the following location:
File "0051.ml", line 9, characters 17-18:
Your code has several type errors.  The following subexpressions are type-correct on their own, but do not fit with the rest of the program:
    clone
If you ignore other surrounding code, try replacing
    0
with
    0; [[...]]
The actual replacement has type
    int -> 'a
within context
    let ll1 = (List.length l1) in
      (if ll1 > ll2 then l1, (clone 0 (ll1 - ll2)) @ l2 else
          ((clone; [[...]]) ((0; [[...]]) (ll2 - ll1))) @ l1, l2)
==============================
Triaged the following locations:
File "0051.ml", line 9, characters 10-15:
And modified the following location:
File "0051.ml", line 9, characters 19-30:
Your code has several type errors.  The following subexpressions are type-correct on their own, but do not fit with the rest of the program:
    clone
If you ignore other surrounding code, try replacing
    (0 (ll2 - ll1))
with
    0
The actual replacement has type
    int
within context
    let ll1 = (List.length l1) in
      (if ll1 > ll2 then l1, (clone 0 (ll1 - ll2)) @ l2 else
          ((clone; [[...]]) 0) @ l1, l2)
==============================
