------------------------------------------------------------------
File "0228.ml", line 6, characters 28-66:
This expression has type (('a -> 'a) -> ('a -> 'a) * bool) * 'a
but is here used with type (('a -> 'a) -> ('a -> 'a) * bool) * ('a -> 'a)
Relevant code: ((let g x = (f, (b = (f b))) in g), b)
------------------------------------------------------------------
File "0228.ml", line 6, characters 21-27:
Try replacing
    wwhile
with
    =
of type
    ('b -> ('c -> 'c) * bool) * 'c -> ('b -> ('c -> 'c) * bool) * 'c -> bool
within context
    let fixpoint (f, b) = (= ((let g x = f, b = (f b) in g), b)) ;; 
==============================
File "0228.ml", line 6, characters 64-65:
Try replacing
    b
with
    f
of type
    (('d -> 'd) -> ('d -> 'd) * bool) * ('d -> 'd)
within context
    let fixpoint (f, b) = (wwhile ((let g x = f, b = (f b) in g), f)) ;; 
==============================
File "0228.ml", line 6, characters 41-42:
Try replacing
    f
with
    wwhile
of type
    (('e -> 'e * bool) * 'e -> 'e) * bool
within context
    (wwhile ((let g x = wwhile, b = (f b) in g), b))
==============================
File "0228.ml", line 6, characters 41-42:
Try replacing
    f
with
    b
of type
    'f * bool
within context
    (wwhile ((let g x = b, b = (f b) in g), b))
==============================
File "0228.ml", line 6, characters 41-42:
Try replacing
    f
with
    x
of type
    'g * bool
within context
    (wwhile ((let g x = x, b = (f b) in g), b))
==============================
File "0228.ml", line 6, characters 41-42:
Try replacing
    f
with
    =
of type
    ('h -> 'h -> bool) * bool
within context
    (wwhile ((let g x = =, b = (f b) in g), b))
==============================
