------------------------------------------------------------------
File "0232.ml", line 7, characters 56-62:
This expression has type (('a -> 'a) -> ('a -> 'a) * bool) * 'a
but is here used with type (('a -> 'a) -> ('a -> 'a) * bool) * ('a -> 'a)
Relevant code: (n, b)
------------------------------------------------------------------
File "0232.ml", line 7, characters 2-8:
Try replacing
    wwhile
with
    =
of type
    ('b -> ('c -> 'c) * bool) * 'c -> ('b -> ('c -> 'c) * bool) * 'c -> bool
within context
    let fixpoint (f, b) = (= (let n x = let ff = f in ff, b = (ff b) in n, b)) ;; 
==============================
File "0232.ml", line 7, characters 35-37:
Try replacing
    ff
with
    b
of type
    'd * bool
within context
    (wwhile (let n x = let ff = f in b, b = (ff b) in n, b))
==============================
File "0232.ml", line 7, characters 35-37:
Try replacing
    ff
with
    x
of type
    'e * bool
within context
    (wwhile (let n x = let ff = f in x, b = (ff b) in n, b))
==============================
File "0232.ml", line 7, characters 35-37:
Try replacing
    ff
with
    =
of type
    ('f -> 'f -> bool) * bool
within context
    (wwhile (let n x = let ff = f in =, b = (ff b) in n, b))
==============================
File "0232.ml", line 7, characters 60-61:
Try replacing
    b
with
    f
of type
    (('g -> 'g) -> ('g -> 'g) * bool) * ('g -> 'g)
within context
    let fixpoint (f, b) = (wwhile (let n x = let ff = f in ff, b = (ff b) in n, f))
    ;; 
==============================
