------------------------------------------------------------------
File "0234.ml", line 7, characters 55-61:
This expression has type ('a -> ('a -> 'a) * bool) * 'b
but is here used with type ('a -> 'a * bool) * 'a
Relevant code: (n, b)
------------------------------------------------------------------
File "0234.ml", line 7, characters 56-60:
Try replacing
    n, b
with
    b, n
of type
    (('c -> ('c -> 'c) * bool) -> ('c -> ('c -> 'c) * bool) * bool) *
    ('c -> ('c -> 'c) * bool)
within context
    let fixpoint (f, b) = (wwhile (let n x = let ff = f in ff, x = (f x) in b, n))
    ;; 
==============================
File "0234.ml", line 7, characters 2-8:
Try replacing
    wwhile
with
    =
of type
    ('d -> ('d -> 'd) * bool) * 'e -> ('d -> ('d -> 'd) * bool) * 'e -> bool
within context
    let fixpoint (f, b) = (= (let n x = let ff = f in ff, x = (f x) in n, b)) ;; 
==============================
File "0234.ml", line 7, characters 35-37:
Try replacing
    ff
with
    x
of type
    'f * bool
within context
    (wwhile (let n x = let ff = f in x, x = (f x) in n, b))
==============================
File "0234.ml", line 7, characters 35-37:
Try replacing
    ff
with
    =
of type
    ('g -> 'g -> bool) * bool
within context
    (wwhile (let n x = let ff = f in =, x = (f x) in n, b))
==============================
File "0234.ml", line 7, characters 35-37:
Try replacing
    ff
with
    b
of type
    'h * bool
within context
    (wwhile (let n x = let ff = f in b, x = (f x) in n, b))
==============================
File "0234.ml", line 7, characters 29-30:
Try replacing
    f
with
    b
of type
    'i
within context
    fun (f, b) -> (wwhile (let n x = let ff = b in ff, x = (f x) in n, b))
==============================
File "0234.ml", line 7, characters 29-30:
Try replacing
    f
with
    x
of type
    'j
within context
    fun (f, b) -> (wwhile (let n x = let ff = x in ff, x = (f x) in n, b))
==============================
File "0234.ml", line 7, characters 29-30:
Try replacing
    f
with
    =
of type
    'k -> 'k -> bool
within context
    fun (f, b) -> (wwhile (let n x = let ff = = in ff, x = (f x) in n, b))
==============================
