------------------------------------------------------------------
File "0243.ml", line 7, characters 48-49:
This expression has type 'a list but is here used with type 'a
Relevant code: t
------------------------------------------------------------------
File "0243.ml", line 7, characters 41-42:
Try replacing
    h
with
    rest
of type
    'b list
within context
    let rec helper (seen, rest) = (match rest with 
                                   | [] -> seen
                                   | h :: t ->
                                     (let seen' =
                                           (if (List.mem h t) then rest else t)
                                           in
                                           let rest' = t in
                                           (helper
                                               (seen',
                                                   rest')))) in (List.rev
          (helper ([], l)))
==============================
File "0243.ml", line 7, characters 41-42:
Try replacing
    h
with
    l
of type
    'c list
within context
    let rec helper (seen, rest) = (match rest with 
                                   | [] -> seen
                                   | h :: t ->
                                     (let seen' = (if (List.mem h t) then l else t)
                                           in
                                           let rest' = t in
                                           (helper
                                               (seen',
                                                   rest')))) in (List.rev
          (helper ([], l)))
==============================
File "0243.ml", line 7, characters 41-42:
Try replacing
    h
with
    t
of type
    'd list
within context
    let rec helper (seen, rest) = (match rest with 
                                   | [] -> seen
                                   | h :: t ->
                                     (let seen' = (if (List.mem h t) then t else t)
                                           in
                                           let rest' = t in
                                           (helper
                                               (seen',
                                                   rest')))) in (List.rev
          (helper ([], l)))
==============================
File "0243.ml", line 7, characters 41-42:
Try replacing
    h
with
    seen
of type
    'e list
within context
    let rec helper (seen, rest) = (match rest with 
                                   | [] -> seen
                                   | h :: t ->
                                     (let seen' =
                                           (if (List.mem h t) then seen else t)
                                           in
                                           let rest' = t in
                                           (helper
                                               (seen',
                                                   rest')))) in (List.rev
          (helper ([], l)))
==============================
File "0243.ml", line 7, characters 48-49:
Try replacing
    t
with
    h
of type
    'f
within context
    let rec helper (seen, rest) = (match rest with 
                                   | [] -> seen
                                   | h :: t ->
                                     (let seen' = (if (List.mem h t) then h else h)
                                           in
                                           let rest' = t in
                                           (helper
                                               (seen',
                                                   rest')))) in (List.rev
          (helper ([], l)))
==============================
File "0243.ml", line 7, characters 48-49:
Try replacing
    t
with
    seen
of type
    'g
within context
    let rec helper (seen, rest) = (match rest with 
                                   | [] -> seen
                                   | h :: t ->
                                     (let seen' =
                                           (if (List.mem h t) then h else seen)
                                           in
                                           let rest' = t in
                                           (helper
                                               (seen',
                                                   rest')))) in (List.rev
          (helper ([], l)))
==============================
