------------------------------------------------------------------
File "0274.ml", line 4, characters 55-69:
This expression has type int but is here used with type 'a list
Relevant code: (h * i) mod 10
------------------------------------------------------------------
File "0274.ml", line 4, characters 55-69:
Try replacing
    (mod (h * i) 10)
with
    (mod (h * i) 10); [[...]]
of type
    'b list
within context
    let f a x = let c = i * x in (match a with 
                                  | [] -> []
                                  | h :: t ->
                                    ((mod (h * i) 10);
                                        [[...]])) in let base = [] in
      let args = (List.rev l) in let res = (List.fold_left f base  args) in res
==============================
