------------------------------------------------------------------
File "0281.ml", line 8, characters 7-36:
This expression has type int list -> int list but is here used with type
  'a list
Relevant code: (cloneHelper 0 ((-1) * diff))
------------------------------------------------------------------
Triaged the following locations:
File "0281.ml", line 9, characters 7-49:
And modified the following location:
File "0281.ml", line 8, characters 37-38:
Your code has several type errors.  If you ignore other surrounding code, try replacing
    @
with
    @; [[...]]
The actual replacement has type
    (int list -> int list) -> 'b list -> 'c
within context
    let padZero l1 l2 =
    let diff = (List.length l1) - (List.length l2) in
      (if diff < 0 then ((cloneHelper 0 (-1 * diff)) @; [[...]] l1) else
          [[...other program...]])
    ;; 
==============================
Triaged the following locations:
File "0281.ml", line 9, characters 7-49:
And modified the following location:
File "0281.ml", line 8, characters 36-36:
Your code has several type errors.  If you ignore other surrounding code, try replacing
    (cloneHelper 0 (-1 * diff))
with
    (cloneHelper 0 (-1 * diff)  [[...]])
The actual replacement has type
    int list
within context
    let padZero l1 l2 =
    let diff = (List.length l1) - (List.length l2) in
      (if diff < 0 then (cloneHelper 0 (-1 * diff)  [[...]]) @ l1 else
          [[...other program...]])
    ;; 
==============================
Triaged the following locations:
File "0281.ml", line 8, characters 7-41:
And modified the following location:
File "0281.ml", line 9, characters 45-46:
Your code has several type errors.  If you ignore other surrounding code, try replacing
    @
with
    @; [[...]]
The actual replacement has type
    (int list -> int list) -> 'd list -> unit
within context
    let padZero l1 l2 =
    let diff = (List.length l1) - (List.length l2) in
      (if diff < 0 then [[...other program...]] else
          (if diff > 0 then ((cloneHelper 0 diff) @; [[...]] l2)))
    ;; 
==============================
Triaged the following locations:
File "0281.ml", line 9, characters 7-49:
And modified the following location:
File "0281.ml", line 8, characters 7-38:
Your code has several type errors.  If you ignore other surrounding code, try replacing
    (cloneHelper 0 (-1 * diff)) @ l1
with
    ( @ ) ((cloneHelper 0 (-1 * diff)) l1)
The actual replacement has type
    int list -> int list
within context
    let padZero l1 l2 =
    let diff = (List.length l1) - (List.length l2) in
      (if diff < 0 then ( @ ) ((cloneHelper 0 (-1 * diff)) l1) else
          [[...other program...]])
    ;; 
==============================
