------------------------------------------------------------------
File "0284.ml", line 8, characters 7-22:
This expression has type int -> int list -> int list
but is here used with type int
Relevant code: (cloneHelper 0)
------------------------------------------------------------------
Triaged the following locations:
File "0284.ml", line 9, characters 7-49:
And modified the following location:
File "0284.ml", line 8, characters 23-24:
Your code has several type errors.  If you ignore other surrounding code, try replacing
    -
with
    -; [[...]]
The actual replacement has type
    (int -> int list -> int list) -> int -> 'a
within context
    let padZero l1 l2 =
    let diff = (List.length l1) - (List.length l2) in
      (if diff < 0 then ((cloneHelper 0) -; [[...]] 1 * diff) else
          [[...other program...]])
    ;; 
==============================
Triaged the following locations:
File "0284.ml", line 8, characters 7-35:
And modified the following location:
File "0284.ml", line 9, characters 45-46:
Your code has several type errors.  If you ignore other surrounding code, try replacing
    @
with
    @; [[...]]
The actual replacement has type
    (int list -> int list) -> 'b list -> unit
within context
    let padZero l1 l2 =
    let diff = (List.length l1) - (List.length l2) in
      (if diff < 0 then [[...other program...]] else
          (if diff > 0 then ((cloneHelper 0 diff) @; [[...]] l2)))
    ;; 
==============================
Triaged the following locations:
File "0284.ml", line 9, characters 7-49:
And modified the following location:
File "0284.ml", line 8, characters 8-19:
Your code has several type errors.  If you ignore other surrounding code, try replacing
    (cloneHelper 0) - 1 * diff
with
    (cloneHelper (0 - 1 * diff))
The actual replacement has type
    int -> int list -> int list
within context
    let padZero l1 l2 =
    let diff = (List.length l1) - (List.length l2) in
      (if diff < 0 then (cloneHelper (0 - 1 * diff)) else [[...other program...]])
    ;; 
==============================
