------------------------------------------------------------------
File "0403.ml", line 6, characters 44-51:
This expression has type ('a -> 'a) * 'b but is here used with type
  ('a -> 'a * bool) * 'a
Relevant code: (fx, b)
------------------------------------------------------------------
File "0403.ml", line 6, characters 45-50:
Try replacing
    fx, b
with
    b, fx
of type
    (('c -> 'c) -> ('c -> 'c) * bool) * ('c -> 'c)
within context
    let fixpoint (f, b) = let fx x = x in (wwhile (b, fx)) ;; 
==============================
File "0403.ml", line 6, characters 37-43:
Try replacing
    wwhile
with
    fx
of type
    ('d -> 'd) * 'e -> ('d -> 'd) * 'e
within context
    let fixpoint (f, b) = let fx x = x in (fx (fx, b)) ;; 
==============================
File "0403.ml", line 6, characters 37-43:
Try replacing
    wwhile
with
    =
of type
    ('f -> 'f) * 'g -> ('f -> 'f) * 'g -> bool
within context
    let fixpoint (f, b) = let fx x = x in (= (fx, b)) ;; 
==============================
File "0403.ml", line 6, characters 37-43:
Try replacing
    wwhile
with
    f
of type
    ('h -> 'h) * 'i -> 'j
within context
    let fixpoint (f, b) = let fx x = x in (f (fx, b)) ;; 
==============================
File "0403.ml", line 6, characters 45-47:
Try replacing
    fx
with
    f
of type
    ('k -> 'k * bool) * 'k
within context
    let fixpoint (f, b) = let fx x = x in (wwhile (f, b)) ;; 
==============================
File "0403.ml", line 6, characters 32-33:
Try replacing
    x
with
    f
of type
    'l * bool
within context
    let fixpoint (f, b) = let fx x = f in (wwhile (fx, b)) ;; 
==============================
