------------------------------------------------------------------
File "0409.ml", line 8, characters 9-20:
This expression has type int * int but is here used with type
  ('a -> 'a * bool) * 'a
Relevant code: ((fs b), b)
------------------------------------------------------------------
File "0409.ml", line 8, characters 2-8:
Try replacing
    wwhile
with
    f
of type
    int * int -> 'b
within context
    let fixpoint (f, b) =
    let fs bs = (if bs = 0 then 0 else (if bs > 1 then bs - 1 else bs + 1)) in
      (f ((fs b), b))
    ;; 
==============================
File "0409.ml", line 8, characters 2-8:
Try replacing
    wwhile
with
    =
of type
    int * int -> int * int -> bool
within context
    let fixpoint (f, b) =
    let fs bs = (if bs = 0 then 0 else (if bs > 1 then bs - 1 else bs + 1)) in
      (= ((fs b), b))
    ;; 
==============================
File "0409.ml", line 8, characters 2-8:
Try replacing
    wwhile
with
    >
of type
    int * int -> int * int -> bool
within context
    let fixpoint (f, b) =
    let fs bs = (if bs = 0 then 0 else (if bs > 1 then bs - 1 else bs + 1)) in
      (> ((fs b), b))
    ;; 
==============================
File "0409.ml", line 8, characters 11-13:
Try replacing
    fs
with
    f
of type
    'c -> 'c -> 'c * bool
within context
    fun (f, b) ->
      (let fs bs = (if bs = 0 then 0 else (if bs > 1 then bs - 1 else bs + 1)) in
          (wwhile ((f b), b)))
==============================
