------------------------------------------------------------------
File "0418.ml", line 6, characters 65-74:
This expression has type ('a -> int) * 'b but is here used with type
  ('a -> 'a * bool) * 'a
Relevant code: (funt, b)
------------------------------------------------------------------
File "0418.ml", line 6, characters 66-73:
Try replacing
    funt, b
with
    b, funt
of type
    (('c -> int) -> ('c -> int) * bool) * ('c -> int)
within context
    let fixpoint (f, b) =
    let funt b = (if (f b) then 0 else 1) in (wwhile (b, funt))
    ;; 
==============================
File "0418.ml", line 6, characters 58-64:
Try replacing
    wwhile
with
    =
of type
    ('d -> int) * 'e -> ('d -> int) * 'e -> bool
within context
    let fixpoint (f, b) = let funt b = (if (f b) then 0 else 1) in (= (funt, b)) ;; 
==============================
