------------------------------------------------------------------
File "0432.ml", line 6, characters 61-70:
This expression has type (('a -> 'a) -> ('a -> 'a) * bool) * 'a
but is here used with type (('a -> 'a) -> ('a -> 'a) * bool) * ('a -> 'a)
Relevant code: (funt, b)
------------------------------------------------------------------
File "0432.ml", line 6, characters 40-41:
Try replacing
    (f b) = b
with
    (f (b = b))
of type
    (bool -> bool) * bool
within context
    let fixpoint (f, b) = let funt x = f, (f (b = b)) in (wwhile (funt, b)) ;; 
==============================
File "0432.ml", line 6, characters 54-60:
Try replacing
    wwhile
with
    =
of type
    ('b -> ('c -> 'c) * bool) * 'c -> ('b -> ('c -> 'c) * bool) * 'c -> bool
within context
    let fixpoint (f, b) = let funt x = f, (f b) = b in (= (funt, b)) ;; 
==============================
File "0432.ml", line 6, characters 54-60:
Try replacing
    wwhile
with
    funt
of type
    ('d -> ('e -> 'e) * bool) * 'e -> ('e -> 'e) * bool
within context
    let fixpoint (f, b) = let funt x = f, (f b) = b in (funt (funt, b)) ;; 
==============================
File "0432.ml", line 6, characters 35-36:
Try replacing
    f
with
    x
of type
    'f * bool
within context
    let fixpoint (f, b) = let funt x = x, (f b) = b in (wwhile (funt, b)) ;; 
==============================
File "0432.ml", line 6, characters 35-36:
Try replacing
    f
with
    =
of type
    ('g -> 'g -> bool) * bool
within context
    let fixpoint (f, b) = let funt x = =, (f b) = b in (wwhile (funt, b)) ;; 
==============================
File "0432.ml", line 6, characters 35-36:
Try replacing
    f
with
    b
of type
    'h * bool
within context
    let fixpoint (f, b) = let funt x = b, (f b) = b in (wwhile (funt, b)) ;; 
==============================
File "0432.ml", line 6, characters 68-69:
Try replacing
    b
with
    f
of type
    (('i -> 'i) -> ('i -> 'i) * bool) * ('i -> 'i)
within context
    let fixpoint (f, b) = let funt x = f, (f b) = b in (wwhile (funt, f)) ;; 
==============================
