------------------------------------------------------------------
File "0442.ml", line 6, characters 70-72:
This expression has type int -> int * bool but is here used with type int
Relevant code: gs
------------------------------------------------------------------
File "0442.ml", line 6, characters 32-55:
Try replacing
    x, ((f x) - x >= 0)
with
    x
of type
    'a
within context
    let fixpoint (f, b) = let gs x = x in (wwhile ((f gs), b)) ;; 
==============================
File "0442.ml", line 6, characters 39-40:
Try replacing
    f
with
    b
of type
    int -> int
within context
    fun x -> (x, ((b x) - x >= 0))
==============================
