------------------------------------------------------------------
File "0473.ml", line 7, characters 23-31:
This function is applied to too many arguments,
maybe you forgot a `;'
Relevant code: List.rev
------------------------------------------------------------------
File "0473.ml", line 7, characters 23-31:
Try replacing
    List.rev
with
    List.rev; [[...]]
of type
    'l -> 'l list -> bool
within context
    fun (seen, rest) -> (match rest with 
                         | [] -> seen
                         | h :: t ->
                           (let seen' =
                                 (if ((List.rev; [[...]]) h seen) then seen else
                                   h :: seen)
                                 in
                                 let rest' = t in (helper (seen', rest'))))
==============================
