------------------------------------------------------------------
File "0684.ml", line 25, characters 57-64:
This expression is not a function, it cannot be applied
Relevant code: (exp b)
------------------------------------------------------------------
File "0684.ml", line 25, characters 65-68:
Try replacing
    ((exp b) ")")
with
    (exp b)
of type
    string
within context
    let exp = exprToString in (match e with 
                               | VarX -> "x"
                               | VarY -> "y"
                               | Sine a -> "sin(pi*" ^ ((exp a) ^ ")")
                               | Cosine a -> "cos(pi*" ^ ((exp a) ^ ")")
                               | Average (a, b) ->
                                 "((" ^ ((exp a) ^ ("+" ^ ((exp b) ^ ")/2)")))
                               | Times (a, b) -> (exp a) ^ ("*" ^ (exp b))
                               | Thresh (a, b, c, d) ->
                                 "(" ^
                                     ((exp a) ^
                                         ("<" ^
                                             ((exp b) ^
                                                 ("?" ^
                                                     ((exp c) ^
                                                         (":" ^
                                                             ((exp d) ^ ")")))))))
                               | Hoi (a, b) ->
                                 "sin(pi*" ^ ((exp a) ^ (")/(cos(pi*" ^ (exp b))))
==============================
