------------------------------------------------------------------
File "0804.ml", line 3, characters 2-103:
This expression has type int list but is here used with type int
Relevant code: if n < 0
  then []
  else
    if n < 10 then [n] else (let d = digitsOfInt (n / 10) in [d; n mod 10])
------------------------------------------------------------------
File "0804.ml", line 6, characters 62-63:
Try replacing
    d
with
    n
of type
    int
within context
    fun n ->
      (if n < 0 then [] else
        (if n < 10 then [n] else
          (let d = (digitsOfInt (n / 10)) in [n ; (mod n 10)])))
==============================
