------------------------------------------------------------------
File "0929.ml", line 46, characters 42-43:
This expression has type int list * int list but is here used with type int
Relevant code: a
------------------------------------------------------------------
File "0929.ml", line 46, characters 42-43:
Try replacing
    a
with
    a; [[...]]
of type
    int
within context
    (match a with 
     | (zeros, total) ->
       (zeros @ [0], (bigAdd total ((mulByDigit (a; [[...]]) wholeNum) @ zeros))))
==============================
File "0929.ml", line 46, characters 31-41:
Try replacing
    mulByDigit
with
    mulByDigit; [[...]]
of type
    int list * int list -> 'a -> int list
within context
    (match a with 
     | (zeros, total) ->
       (zeros @ [0], (bigAdd total (((mulByDigit; [[...]]) a wholeNum) @ zeros))))
==============================
