------------------------------------------------------------------
File "0947.ml", line 3, characters 62-66:
This expression has type ('a -> 'b) -> 'a -> 'b but is here used with type
  ('a -> 'b) -> 'b
Relevant code: base
------------------------------------------------------------------
File "0947.ml", line 3, characters 10-13:
Try replacing
    fun x t -> (t (x a))
with
    fun (x, t) -> (t (x a))
of type
    ('c -> 'd) * ('d -> 'e) -> 'e
within context
    let pipe fs =
    let f a (x, t) = (t (x a)) in let base z = z in (List.fold_left f base  fs)
    ;; 
==============================
File "0947.ml", line 3, characters 36-41:
Try replacing
    fun z -> z
with
    fun _ z -> z
of type
    'f -> 'g -> 'g
within context
    let pipe fs =
    let f a x t = (t (x a)) in let base _ z = z in (List.fold_left f base  fs)
    ;; 
==============================
File "0947.ml", line 3, characters 12-23:
Try replacing
    fun t -> (t (x a))
with
    fun t _ -> (t (x a))
of type
    ('h -> 'i) -> 'j -> 'i
within context
    let pipe fs =
    let f a x t _ = (t (x a)) in let base z = z in (List.fold_left f base  fs)
    ;; 
==============================
File "0947.ml", line 3, characters 12-23:
Try replacing
    fun t -> (t (x a))
with
    fun _ t -> (t (x a))
of type
    'k -> ('l -> 'm) -> 'm
within context
    let pipe fs =
    let f a x _ t = (t (x a)) in let base z = z in (List.fold_left f base  fs)
    ;; 
==============================
File "0947.ml", line 3, characters 45-59:
Try replacing
    List.fold_left
with
    f
of type
    ('n -> ('n -> 'o) -> ('o -> 'p) -> 'p) ->
    (('n -> ('n -> 'o) -> ('o -> 'p) -> 'p) ->
     'n -> ('n -> 'o) -> ('o -> 'p) -> 'p) ->
    (('n -> ('n -> 'o) -> ('o -> 'p) -> 'p) -> 'q) -> 'q
within context
    let pipe fs = let f a x t = (t (x a)) in let base z = z in (f f base  fs) ;; 
==============================
File "0947.ml", line 3, characters 45-59:
Try replacing
    List.fold_left
with
    base
of type
    (('r -> 'r) -> (('r -> 'r) -> 's) -> ('s -> 't) -> 't) ->
    ('r -> 'r) -> (('r -> 'r) -> 's) -> ('s -> 't) -> 't
within context
    let pipe fs = let f a x t = (t (x a)) in let base z = z in (base f base  fs) ;; 
==============================
File "0947.ml", line 3, characters 16-17:
Try replacing
    t
with
    a
of type
    'u -> 'v
within context
    let f a x t = (a (x a)) in let base z = z in (List.fold_left f base  fs)
==============================
File "0947.ml", line 3, characters 16-17:
Try replacing
    t
with
    List.fold_left
of type
    ('w -> 'x -> 'w) -> 'w -> 'x list -> 'w
within context
    let f a x t = (List.fold_left (x a)) in
      let base z = z in (List.fold_left f base  fs)
==============================
File "0947.ml", line 3, characters 40-41:
Try replacing
    z
with
    List.fold_left
of type
    ('y -> 'z -> 'y) -> 'y -> 'z list -> 'y
within context
    let pipe fs =
    let f a x t = (t (x a)) in
      let base z = List.fold_left in (List.fold_left f base  fs)
    ;; 
==============================
File "0947.ml", line 3, characters 40-41:
Try replacing
    z
with
    f
of type
    'a1 -> ('a1 -> 'b1) -> ('b1 -> 'c1) -> 'c1
within context
    let pipe fs =
    let f a x t = (t (x a)) in let base z = f in (List.fold_left f base  fs)
    ;; 
==============================
