------------------------------------------------------------------
File "0976.ml", line 15, characters 15-24:
This expression has type string but is here used with type int
Relevant code: "sin(pi*"
------------------------------------------------------------------
Triaged the following locations:
File "0976.ml", line 16, characters 16-52:
File "0976.ml", line 18, characters 6-68:
File "0976.ml", line 19, characters 19-62:
File "0976.ml", line 21, characters 6-161:
File "0976.ml", line 26, characters 9-10:
And modified the following location:
File "0976.ml", line 15, characters 14-50:
Your code has several type errors.  The following subexpressions are type-correct on their own, but do not fit with the rest of the program:
    0
If you ignore other surrounding code, try replacing
    ("sin(pi*" + (exprToString s)) + ")"
with
    [[...]]
The actual replacement has type
    string
within context
    let rec exprToString e = (match e with 
                              | VarX -> "x"
                              | VarY -> "y"
                              | Sine s -> [[...]]
                              | Cosine s -> [[...other program...]]
                              | Average (s, p) -> [[...other program...]]
                              | Times (s, p) -> [[...other program...]]
                              | Thresh (s, p, r, d) -> [[...other program...]]
                              | _ -> (0; [[...]])) ;; 
==============================
Triaged the following locations:
File "0976.ml", line 15, characters 14-50:
File "0976.ml", line 18, characters 6-68:
File "0976.ml", line 19, characters 19-62:
File "0976.ml", line 21, characters 6-161:
File "0976.ml", line 26, characters 9-10:
And modified the following location:
File "0976.ml", line 16, characters 16-52:
Your code has several type errors.  The following subexpressions are type-correct on their own, but do not fit with the rest of the program:
    0
If you ignore other surrounding code, try replacing
    ("cos(pi*" + (exprToString s)) + ")"
with
    [[...]]
The actual replacement has type
    string
within context
    let rec exprToString e = (match e with 
                              | VarX -> "x"
                              | VarY -> "y"
                              | Sine s -> [[...other program...]]
                              | Cosine s -> [[...]]
                              | Average (s, p) -> [[...other program...]]
                              | Times (s, p) -> [[...other program...]]
                              | Thresh (s, p, r, d) -> [[...other program...]]
                              | _ -> (0; [[...]])) ;; 
==============================
Triaged the following locations:
File "0976.ml", line 15, characters 14-50:
File "0976.ml", line 16, characters 16-52:
File "0976.ml", line 19, characters 19-62:
File "0976.ml", line 21, characters 6-161:
File "0976.ml", line 26, characters 9-10:
And modified the following location:
File "0976.ml", line 18, characters 6-68:
Your code has several type errors.  The following subexpressions are type-correct on their own, but do not fit with the rest of the program:
    0
If you ignore other surrounding code, try replacing
    ((("((" + (exprToString s)) + "+") + (exprToString p)) + ")/2"
with
    [[...]]
The actual replacement has type
    string
within context
    let rec exprToString e = (match e with 
                              | VarX -> "x"
                              | VarY -> "y"
                              | Sine s -> [[...other program...]]
                              | Cosine s -> [[...other program...]]
                              | Average (s, p) -> [[...]]
                              | Times (s, p) -> [[...other program...]]
                              | Thresh (s, p, r, d) -> [[...other program...]]
                              | _ -> (0; [[...]])) ;; 
==============================
Triaged the following locations:
File "0976.ml", line 15, characters 14-50:
File "0976.ml", line 16, characters 16-52:
File "0976.ml", line 18, characters 6-68:
File "0976.ml", line 21, characters 6-161:
File "0976.ml", line 26, characters 9-10:
And modified the following location:
File "0976.ml", line 19, characters 19-62:
Your code has several type errors.  The following subexpressions are type-correct on their own, but do not fit with the rest of the program:
    0
If you ignore other surrounding code, try replacing
    ((exprToString s) + "*") + (exprToString p)
with
    [[...]]
The actual replacement has type
    string
within context
    let rec exprToString e = (match e with 
                              | VarX -> "x"
                              | VarY -> "y"
                              | Sine s -> [[...other program...]]
                              | Cosine s -> [[...other program...]]
                              | Average (s, p) -> [[...other program...]]
                              | Times (s, p) -> [[...]]
                              | Thresh (s, p, r, d) -> [[...other program...]]
                              | _ -> (0; [[...]])) ;; 
==============================
Triaged the following locations:
File "0976.ml", line 15, characters 14-50:
File "0976.ml", line 16, characters 16-52:
File "0976.ml", line 18, characters 6-68:
File "0976.ml", line 19, characters 19-62:
File "0976.ml", line 26, characters 9-10:
And modified the following location:
File "0976.ml", line 21, characters 6-161:
Your code has several type errors.  The following subexpressions are type-correct on their own, but do not fit with the rest of the program:
    0
If you ignore other surrounding code, try replacing
    ((((((("(" + (exprToString s)) + "<") + (exprToString p)) + "?")
                  + (exprToString r))
              + ":")
          + (exprToString d))
      + ")"
with
    [[...]]
The actual replacement has type
    string
==============================
