------------------------------------------------------------------
File "1025.ml", line 23, characters 61-67:
This expression has type int * int but is here used with type
  ('a * 'b) list list
Relevant code: (0, 0)
------------------------------------------------------------------
File "1025.ml", line 23, characters 15-67:
Try replacing
    (List.combine (List.rev l1) (List.rev l2)) :: 0 :: 0
with
    [[...]]
of type
    'c
within context
    let add (l1, l2) =
      let f a x =
        let (y, z) = a in
          let (r, s) = x in let m = (r + s) + y in m / 10, (mod m 10) :: z
        in
        let base = 0, [] in
        let args = [[...]] in let (_, res) = (List.fold_left f base  args) in res
      in
      (removeZero (add (padZero l1 l2)))
==============================
