------------------------------------------------------------------
File "1034.ml", line 25, characters 18-33:
This expression has type int list * int list but is here used with type
  int * int
Relevant code: (padZero l1 l2)
------------------------------------------------------------------
File "1034.ml", line 25, characters 18-33:
Try replacing
    (padZero l1 l2)
with
    (padZero l1 l2); [[...]]
of type
    int * int
within context
    fun l1
      l2 ->
        (let add (l1, l2) =
            let f a x =
              let (y, z) = a in
                let (r, s) = x in let m = (r + s) + y in m / 10, (mod m 10) :: z
              in
              let base = 0, [] in
              let args = (List.combine (List.rev [l1 ; 0]) (List.rev [l2 ; 0])) in
              let (_, res) = (List.fold_left f base  args) in res
            in
            (removeZero (add ((padZero l1 l2); [[...]]))))
==============================
File "1034.ml", line 25, characters 14-17:
Try replacing
    add
with
    add; [[...]]
of type
    int list * int list -> int list
within context
    fun l1
      l2 ->
        (let add (l1, l2) =
            let f a x =
              let (y, z) = a in
                let (r, s) = x in let m = (r + s) + y in m / 10, (mod m 10) :: z
              in
              let base = 0, [] in
              let args = (List.combine (List.rev [l1 ; 0]) (List.rev [l2 ; 0])) in
              let (_, res) = (List.fold_left f base  args) in res
            in
            (removeZero ((add; [[...]]) (padZero l1 l2))))
==============================
File "1034.ml", line 18, characters 10-284:
Try replacing
    fun (l1, l2) ->
      (let f a x =
          let (y, z) = a in
            let (r, s) = x in let m = (r + s) + y in m / 10, (mod m 10) :: z
          in
          let base = 0, [] in
          let args = (List.combine (List.rev [l1 ; 0]) (List.rev [l2 ; 0])) in
          let (_, res) = (List.fold_left f base  args) in res)
with
    fun (l1, l2) ->
      (let f a x =
          let (y, z) = a in
            let (r, s) = x in let m = (r + s) + y in m / 10, (mod m 10) :: z
          in
          let base = 0, [] in
          let args = (List.combine (List.rev [l1 ; 0]) (List.rev [l2 ; 0])) in
          let (_, res) = (List.fold_left f base  args) in res);
    [[...]]
of type
    'a
==============================
