------------------------------------------------------------------
File "1088.ml", line 4, characters 49-51:
This expression has type int list but is here used with type 'a list list
Relevant code: xs
------------------------------------------------------------------
File "1088.ml", line 3, characters 10-45:
Try replacing
    fun x -> (match x with 
              | [] -> 0
              | _ -> 1)
with
    fun _ x -> (match x with 
                | [] -> 0
                | _ -> 1)
of type
    'b -> 'c list -> int
==============================
File "1088.ml", line 3, characters 20-21:
Try replacing
    x
with
    xs
of type
    int list
within context
    fun xs -> (let f a x = (match xs with 
                            | [] -> 0
                            | _ ->
                              1) in let base = (List.hd xs) in
          (List.fold_left f base  xs))
==============================
