------------------------------------------------------------------
File "1120.ml", line 24, characters 18-44:
This expression has type int list but is here used with type 'a * 'b
Relevant code: List.fold_left f base args
------------------------------------------------------------------
File "1120.ml", line 24, characters 18-44:
Try replacing
    (List.fold_left f base  args)
with
    (List.fold_left f base  args); [[...]]
of type
    'c * 'd
within context
    fun (l1, l2) -> (let f a x = (match a with 
                                  | hd :: tl ->
                                    (((fst x) + (snd x)) + hd) / 10 ::
                                          (mod (((fst x) + (snd x)) + hd) 10) :: tl
                                  | _ ->
                                    ((fst x) + (snd x)) / 10 ::
                                          (mod ((fst x) + (snd x)) 10) ::
                                          a) in let base = [] in
          let args = (List.combine l1 l2) in
          let (_, res) = (List.fold_left f base  args); [[...]] in res)
==============================
