------------------------------------------------------------------
File "1141.ml", line 48, characters 28-37:
This expression has type int but is here used with type float
Relevant code: (sum + r)
------------------------------------------------------------------
File "1141.ml", line 48, characters 28-37:
Try replacing
    sum + r
with
    sum + r; [[...]]
of type
    float
within context
    (match a with 
     | (r, v) ->
       (let sum = (intListToInt (mulByDigit (intListToInt l1) [s])) in
             (if sum + r > 9 then
                 (int_of_float (sum + r; [[...]])), (mod (sum + r) 10) :: v
                 else
                 0, (mod (sum + r) 10) :: v)))
==============================
File "1141.ml", line 48, characters 15-27:
Try replacing
    int_of_float
with
    int_of_float; [[...]]
of type
    int -> int
within context
    (match a with 
     | (r, v) ->
       (let sum = (intListToInt (mulByDigit (intListToInt l1) [s])) in
             (if sum + r > 9 then
                 ((int_of_float; [[...]]) (sum + r)), (mod (sum + r) 10) :: v
                 else
                 0, (mod (sum + r) 10) :: v)))
==============================
