------------------------------------------------------------------
File "1157.ml", line 7, characters 41-42:
This expression has type string list but is here used with type string
Relevant code: t
------------------------------------------------------------------
File "1157.ml", line 2, characters 18-172:
Try replacing
    fun sep sl -> (match sl with 
                   | [] -> ""
                   | h :: t ->
                     (let f a x = a ^ (sep ^ h) in
                           let base = "" in
                           let l = (sepConcat t) in (List.fold_left f base  l)))
with
    fun sep sl -> (match sl with 
                   | [] -> ""
                   | h :: t ->
                     (let f a x = a ^ (sep ^ h) in
                           let base = "" in
                           let l = (sepConcat t) in
                           (List.fold_left f base  l))); [[...]]
of type
    string list -> 'a list
==============================
