------------------------------------------------------------------
File "1249.ml", line 9, characters 25-27:
This expression has type 'a list but is here used with type int
Relevant code: l2
------------------------------------------------------------------
Triaged the following locations:
File "1249.ml", line 9, characters 9-27:
And modified the following location:
File "1249.ml", line 10, characters 9-14:
Your code has several type errors.  If you ignore other surrounding code, try replacing
    clone
with
    clone; [[...]]
The actual replacement has type
    'b list -> int list -> 'b list * int list
within context
    let padZero l1 l2 =
    (if (List.length l1) = (List.length l2) then l1, l2 else
      (if (List.length l1) < (List.length l2) then [[...other program...]] else
        ((clone; [[...]]) l1 0 :: l2)))
    ;; 
==============================
Triaged the following locations:
File "1249.ml", line 10, characters 9-27:
And modified the following location:
File "1249.ml", line 9, characters 9-14:
Your code has several type errors.  If you ignore other surrounding code, try replacing
    clone
with
    clone; [[...]]
The actual replacement has type
    int list -> 'c list -> int list * 'c list
within context
    let padZero l1 l2 =
    (if (List.length l1) = (List.length l2) then l1, l2 else
      (if (List.length l1) < (List.length l2) then ((clone; [[...]]) 0 :: l1 l2)
        else
        [[...other program...]]))
    ;; 
==============================
