------------------------------------------------------------------
File "1277.ml", line 12, characters 54-61:
This expression has type int list -> int but is here used with type int
Relevant code: sumList
------------------------------------------------------------------
Triaged the following locations:
File "1277.ml", line 12, characters 22-23:
And modified the following location:
File "1277.ml", line 12, characters 29-73:
Your code has several type errors.  The following subexpressions are type-correct on their own, but do not fit with the rest of the program:
    0
If you ignore other surrounding code, try replacing
    1 + (additivePersistence sumList (digits n))
with
    [[...]]
The actual replacement has type
    'a list
within context
    let rec additivePersistence n =
    (if (n <= 0) then [] else (if n < 10 then (0; [[...]]) else [[...]]))
    ;; 
==============================
