------------------------------------------------------------------
File "1291.ml", line 21, characters 38-64:
This expression has type int but is here used with type 'a * 'b
Relevant code: List.fold_left f base args
------------------------------------------------------------------
Triaged the following locations:
File "1291.ml", line 21, characters 24-71:
And modified the following location:
File "1291.ml", line 21, characters 18-20:
Your code has several type errors.  If you ignore other surrounding code, try replacing
    (l1 l2)
with
    l1
The actual replacement has type
    'c
within context
    let add (l1, l2) =
      let f a x = a + x in let base = 0 in let args = l1 in [[...other program...]]
      in
      (removeZero (add (padZero l1 l2)))
==============================
Triaged the following locations:
File "1291.ml", line 21, characters 24-71:
And modified the following location:
File "1291.ml", line 21, characters 15-17:
Your code has several type errors.  If you ignore other surrounding code, try replacing
    l1
with
    l1; [[...]]
The actual replacement has type
    'd -> 'e
within context
    let add (l1, l2) =
      let f a x = a + x in
        let base = 0 in let args = ((l1; [[...]]) l2) in [[...other program...]]
      in
      (removeZero (add (padZero l1 l2)))
==============================
Triaged the following locations:
File "1291.ml", line 21, characters 24-71:
And modified the following location:
File "1291.ml", line 21, characters 15-17:
Your code has several type errors.  If you ignore other surrounding code, try replacing
    l1
with
    <
The actual replacement has type
    'f -> 'f -> bool
within context
    let add (l1, l2) =
      let f a x = a + x in
        let base = 0 in let args = (< l2) in [[...other program...]]
      in
      (removeZero (add (padZero l1 l2)))
==============================
Triaged the following locations:
File "1291.ml", line 21, characters 24-71:
And modified the following location:
File "1291.ml", line 21, characters 15-17:
Your code has several type errors.  If you ignore other surrounding code, try replacing
    l1
with
    =
The actual replacement has type
    'g -> 'g -> bool
within context
    let add (l1, l2) =
      let f a x = a + x in
        let base = 0 in let args = (= l2) in [[...other program...]]
      in
      (removeZero (add (padZero l1 l2)))
==============================
Triaged the following locations:
File "1291.ml", line 21, characters 24-71:
And modified the following location:
File "1291.ml", line 21, characters 15-17:
Your code has several type errors.  If you ignore other surrounding code, try replacing
    l1
with
    >
The actual replacement has type
    'h -> 'h -> bool
within context
    let add (l1, l2) =
      let f a x = a + x in
        let base = 0 in let args = (> l2) in [[...other program...]]
      in
      (removeZero (add (padZero l1 l2)))
==============================
Triaged the following locations:
File "1291.ml", line 21, characters 24-71:
And modified the following location:
File "1291.ml", line 21, characters 15-17:
Your code has several type errors.  If you ignore other surrounding code, try replacing
    l1
with
    @
The actual replacement has type
    'i list -> 'i list -> 'i list
within context
    let add (l1, l2) =
      let f a x = a + x in
        let base = 0 in let args = (@ l2) in [[...other program...]]
      in
      (removeZero (add (padZero l1 l2)))
==============================
Triaged the following locations:
File "1291.ml", line 21, characters 24-71:
And modified the following location:
File "1291.ml", line 21, characters 4-71:
Your code has several type errors.  If you ignore other surrounding code, try replacing
    let args = (l1 l2) in let (_, res) = (List.fold_left f base  args) in res
with
    [[...other program...]]
The actual replacement has type
    'j
within context
    let add (l1, l2) = let f a x = a + x in let base = 0 in [[...other program...]]
      in
      (removeZero (add (padZero l1 l2)))
==============================
