------------------------------------------------------------------
File "1338.ml", line 42, characters 13-71:
This expression has type 'a * 'a but is here used with type expr
Relevant code: ((build (rand, (depth - 1))), (build (rand, (depth - 1))))
------------------------------------------------------------------
Triaged the following locations:
File "1338.ml", line 44, characters 9-152:
And modified the following location:
File "1338.ml", line 42, characters 13-71:
Your code has several type errors.  If you ignore other surrounding code, try replacing
    (build (rand, depth - 1)), (build (rand, depth - 1))
with
    (build (rand, depth - 1)), (build (rand, depth - 1)); [[...]]
The actual replacement has type
    expr
within context
    let rec build (rand, depth) = (if depth = 0 then (match (rand (0, 2)) with 
                                                      | 0 -> (buildX ())
                                                      | 1 -> (buildY ())
                                                      | _ ->
                                                        (buildX
                                                            ())) else (match
                                                                       (rand
                                                                         (0, 25))
                                                                       with
                                                                       
                                                                       | 0 ->
                                                                         (if
                                                                             depth
                                                                               < 5
                                                                             then
                                                                             (buildX
                                                                               ())
                                                                             else
                                                                             (buildCirc
                                                                               ((build
                                                                                     (rand
                                                                                         ,
                                                                                         depth
                                                                                           -
                                                                                           1))
                                                                                   ,
                                                                                   (build
                                                                                     (rand
                                                                                         ,
                                                                                         depth
                                                                                           -
                                                                                           1));
                                                                                 [[...]])))
                                                                       | 1 ->
                                                                         [[...other program...]]
                                                                       | 2 | 7 | 8
                                                                         ->
                                                                         (buildSine
                                                                             (build
                                                                               (rand
                                                                                   ,
                                                                                   depth
                                                                                     -
                                                                                     1)))
                                                                       | 3 | 9 | 13
                                                                         ->
                                                                         (buildCosine
                                                                             (build
                                                                               (rand
                                                                                   ,
                                                                                   depth
                                                                                     -
                                                                                     1)))
                                                                       | 4 | 10 | 14
                                                                         ->
                                                                         (buildAverage
                                                                             ((build
                                                                                   (rand
                                                                                       ,
                                                                                       depth
                                                                                         -
                                                                                         1))
                                                                                 ,
                                                                                 (build
                                                                                   (rand
                                                                                       ,
                                                                                       depth
                                                                                         -
                                                                                         1))))
                                                                       | 5 | 11 | 15
                                                                         ->
                                                                         (buildTimes
                                                                             ((build
                                                                                   (rand
                                                                                       ,
                                                                                       depth
                                                                                         -
                                                                                         1))
                                                                                 ,
                                                                                 (build
                                                                                   (rand
                                                                                       ,
                                                                                       depth
                                                                                         -
                                                                                         1))))
                                                                       | 6 | 12 ->
                                                                         (buildThresh
                                                                             ((build
                                                                                   (rand
                                                                                       ,
                                                                                       depth
                                                                                         -
                                                                                         1))
                                                                                 ,
                                                                                 (build
                                                                                   (rand
                                                                                       ,
                                                                                       depth
                                                                                         -
                                                                                         1))
                                                                                 ,
                                                                                 (build
                                                                                   (rand
                                                                                       ,
                                                                                       depth
                                                                                         -
                                                                                         1))
                                                                                 ,
                                                                                 (build
                                                                                   (rand
                                                                                       ,
                                                                                       depth
                                                                                         -
                                                                                         1))))
                                                                       |
                                                                         17 | 18 |
                                                                               19
                                                                             |
                                                                             23
                                                                           |
                                                                           25
                                                                         ->
                                                                         (buildCirc
                                                                             (build
                                                                               (rand
                                                                                   ,
                                                                                   depth
                                                                                     -
                                                                                     1)))
                                                                       |
                                                                         20 | 21 |
                                                                             22
                                                                           |
                                                                           16
                                                                         ->
                                                                         (buildOscillate
                                                                             (build
                                                                               (rand
                                                                                   ,
                                                                                   depth
                                                                                     -
                                                                                     1)))
                                                                       | _ ->
                                                                         (buildX
                                                                             ()))) ;; 
==============================
Triaged the following locations:
File "1338.ml", line 38, characters 9-152:
And modified the following location:
File "1338.ml", line 47, characters 11-20:
Your code has several type errors.  If you ignore other surrounding code, try replacing
    buildCirc
with
    buildTimes
The actual replacement has type
    expr * expr -> expr
within context
    let rec build (rand, depth) = (if depth = 0 then (match (rand (0, 2)) with 
                                                      | 0 -> (buildX ())
                                                      | 1 -> (buildY ())
                                                      | _ ->
                                                        (buildX
                                                            ())) else (match
                                                                       (rand
                                                                         (0, 25))
                                                                       with
                                                                       
                                                                       | 0 ->
                                                                         [[...other program...]]
                                                                       | 1 ->
                                                                         (if
                                                                             depth
                                                                               < 5
                                                                             then
                                                                             (buildY
                                                                               ())
                                                                             else
                                                                             (buildTimes
                                                                               ((build
                                                                                     (rand
                                                                                         ,
                                                                                         depth
                                                                                           -
                                                                                           1))
                                                                                   ,
                                                                                   (build
                                                                                     (rand
                                                                                         ,
                                                                                         depth
                                                                                           -
                                                                                           1)))))
                                                                       | 2 | 7 | 8
                                                                         ->
                                                                         (buildSine
                                                                             (build
                                                                               (rand
                                                                                   ,
                                                                                   depth
                                                                                     -
                                                                                     1)))
                                                                       | 3 | 9 | 13
                                                                         ->
                                                                         (buildCosine
                                                                             (build
                                                                               (rand
                                                                                   ,
                                                                                   depth
                                                                                     -
                                                                                     1)))
                                                                       | 4 | 10 | 14
                                                                         ->
                                                                         (buildAverage
                                                                             ((build
                                                                                   (rand
                                                                                       ,
                                                                                       depth
                                                                                         -
                                                                                         1))
                                                                                 ,
                                                                                 (build
                                                                                   (rand
                                                                                       ,
                                                                                       depth
                                                                                         -
                                                                                         1))))
                                                                       | 5 | 11 | 15
                                                                         ->
                                                                         (buildTimes
                                                                             ((build
                                                                                   (rand
                                                                                       ,
                                                                                       depth
                                                                                         -
                                                                                         1))
                                                                                 ,
                                                                                 (build
                                                                                   (rand
                                                                                       ,
                                                                                       depth
                                                                                         -
                                                                                         1))))
                                                                       | 6 | 12 ->
                                                                         (buildThresh
                                                                             ((build
                                                                                   (rand
                                                                                       ,
                                                                                       depth
                                                                                         -
                                                                                         1))
                                                                                 ,
                                                                                 (build
                                                                                   (rand
                                                                                       ,
                                                                                       depth
                                                                                         -
                                                                                         1))
                                                                                 ,
                                                                                 (build
                                                                                   (rand
                                                                                       ,
                                                                                       depth
                                                                                         -
                                                                                         1))
                                                                                 ,
                                                                                 (build
                                                                                   (rand
                                                                                       ,
                                                                                       depth
                                                                                         -
                                                                                         1))))
                                                                       |
                                                                         17 | 18 |
                                                                               19
                                                                             |
                                                                             23
                                                                           |
                                                                           25
                                                                         ->
                                                                         (buildCirc
                                                                             (build
                                                                               (rand
                                                                                   ,
                                                                                   depth
                                                                                     -
                                                                                     1)))
                                                                       |
                                                                         20 | 21 |
                                                                             22
                                                                           |
                                                                           16
                                                                         ->
                                                                         (buildOscillate
                                                                             (build
                                                                               (rand
                                                                                   ,
                                                                                   depth
                                                                                     -
                                                                                     1)))
                                                                       | _ ->
                                                                         (buildX
                                                                             ()))) ;; 
==============================
Triaged the following locations:
File "1338.ml", line 38, characters 9-152:
And modified the following location:
File "1338.ml", line 47, characters 11-20:
Your code has several type errors.  If you ignore other surrounding code, try replacing
    buildCirc
with
    buildCirc; [[...]]
The actual replacement has type
    expr * expr -> expr
within context
    let rec build (rand, depth) = (if depth = 0 then (match (rand (0, 2)) with 
                                                      | 0 -> (buildX ())
                                                      | 1 -> (buildY ())
                                                      | _ ->
                                                        (buildX
                                                            ())) else (match
                                                                       (rand
                                                                         (0, 25))
                                                                       with
                                                                       
                                                                       | 0 ->
                                                                         [[...other program...]]
                                                                       | 1 ->
                                                                         (if
                                                                             depth
                                                                               < 5
                                                                             then
                                                                             (buildY
                                                                               ())
                                                                             else
                                                                             ((buildCirc;
                                                                                 [[...]])
                                                                               ((build
                                                                                     (rand
                                                                                         ,
                                                                                         depth
                                                                                           -
                                                                                           1))
                                                                                   ,
                                                                                   (build
                                                                                     (rand
                                                                                         ,
                                                                                         depth
                                                                                           -
                                                                                           1)))))
                                                                       | 2 | 7 | 8
                                                                         ->
                                                                         (buildSine
                                                                             (build
                                                                               (rand
                                                                                   ,
                                                                                   depth
                                                                                     -
                                                                                     1)))
                                                                       | 3 | 9 | 13
                                                                         ->
                                                                         (buildCosine
                                                                             (build
                                                                               (rand
                                                                                   ,
                                                                                   depth
                                                                                     -
                                                                                     1)))
                                                                       | 4 | 10 | 14
                                                                         ->
                                                                         (buildAverage
                                                                             ((build
                                                                                   (rand
                                                                                       ,
                                                                                       depth
                                                                                         -
                                                                                         1))
                                                                                 ,
                                                                                 (build
                                                                                   (rand
                                                                                       ,
                                                                                       depth
                                                                                         -
                                                                                         1))))
                                                                       | 5 | 11 | 15
                                                                         ->
                                                                         (buildTimes
                                                                             ((build
                                                                                   (rand
                                                                                       ,
                                                                                       depth
                                                                                         -
                                                                                         1))
                                                                                 ,
                                                                                 (build
                                                                                   (rand
                                                                                       ,
                                                                                       depth
                                                                                         -
                                                                                         1))))
                                                                       | 6 | 12 ->
                                                                         (buildThresh
                                                                             ((build
                                                                                   (rand
                                                                                       ,
                                                                                       depth
                                                                                         -
                                                                                         1))
                                                                                 ,
                                                                                 (build
                                                                                   (rand
                                                                                       ,
                                                                                       depth
                                                                                         -
                                                                                         1))
                                                                                 ,
                                                                                 (build
                                                                                   (rand
                                                                                       ,
                                                                                       depth
                                                                                         -
                                                                                         1))
                                                                                 ,
                                                                                 (build
                                                                                   (rand
                                                                                       ,
                                                                                       depth
                                                                                         -
                                                                                         1))))
                                                                       |
                                                                         17 | 18 |
                                                                               19
                                                                             |
                                                                             23
                                                                           |
                                                                           25
                                                                         ->
                                                                         (buildCirc
                                                                             (build
                                                                               (rand
                                                                                   ,
                                                                                   depth
                                                                                     -
                                                                                     1)))
                                                                       |
                                                                         20 | 21 |
                                                                             22
                                                                           |
                                                                           16
                                                                         ->
                                                                         (buildOscillate
                                                                             (build
                                                                               (rand
                                                                                   ,
                                                                                   depth
                                                                                     -
                                                                                     1)))
                                                                       | _ ->
                                                                         (buildX
                                                                             ()))) ;; 
==============================
Triaged the following locations:
File "1338.ml", line 44, characters 9-152:
And modified the following location:
File "1338.ml", line 41, characters 11-20:
Your code has several type errors.  If you ignore other surrounding code, try replacing
    buildCirc
with
    buildCirc; [[...]]
The actual replacement has type
    expr * expr -> expr
within context
    let rec build (rand, depth) = (if depth = 0 then (match (rand (0, 2)) with 
                                                      | 0 -> (buildX ())
                                                      | 1 -> (buildY ())
                                                      | _ ->
                                                        (buildX
                                                            ())) else (match
                                                                       (rand
                                                                         (0, 25))
                                                                       with
                                                                       
                                                                       | 0 ->
                                                                         (if
                                                                             depth
                                                                               < 5
                                                                             then
                                                                             (buildX
                                                                               ())
                                                                             else
                                                                             ((buildCirc;
                                                                                 [[...]])
                                                                               ((build
                                                                                     (rand
                                                                                         ,
                                                                                         depth
                                                                                           -
                                                                                           1))
                                                                                   ,
                                                                                   (build
                                                                                     (rand
                                                                                         ,
                                                                                         depth
                                                                                           -
                                                                                           1)))))
                                                                       | 1 ->
                                                                         [[...other program...]]
                                                                       | 2 | 7 | 8
                                                                         ->
                                                                         (buildSine
                                                                             (build
                                                                               (rand
                                                                                   ,
                                                                                   depth
                                                                                     -
                                                                                     1)))
                                                                       | 3 | 9 | 13
                                                                         ->
                                                                         (buildCosine
                                                                             (build
                                                                               (rand
                                                                                   ,
                                                                                   depth
                                                                                     -
                                                                                     1)))
                                                                       | 4 | 10 | 14
                                                                         ->
                                                                         (buildAverage
                                                                             ((build
                                                                                   (rand
                                                                                       ,
                                                                                       depth
                                                                                         -
                                                                                         1))
                                                                                 ,
                                                                                 (build
                                                                                   (rand
                                                                                       ,
                                                                                       depth
                                                                                         -
                                                                                         1))))
                                                                       | 5 | 11 | 15
                                                                         ->
                                                                         (buildTimes
                                                                             ((build
                                                                                   (rand
                                                                                       ,
                                                                                       depth
                                                                                         -
                                                                                         1))
                                                                                 ,
                                                                                 (build
                                                                                   (rand
                                                                                       ,
                                                                                       depth
                                                                                         -
                                                                                         1))))
                                                                       | 6 | 12 ->
                                                                         (buildThresh
                                                                             ((build
                                                                                   (rand
                                                                                       ,
                                                                                       depth
                                                                                         -
                                                                                         1))
                                                                                 ,
                                                                                 (build
                                                                                   (rand
                                                                                       ,
                                                                                       depth
                                                                                         -
                                                                                         1))
                                                                                 ,
                                                                                 (build
                                                                                   (rand
                                                                                       ,
                                                                                       depth
                                                                                         -
                                                                                         1))
                                                                                 ,
                                                                                 (build
                                                                                   (rand
                                                                                       ,
                                                                                       depth
                                                                                         -
                                                                                         1))))
                                                                       |
                                                                         17 | 18 |
                                                                               19
                                                                             |
                                                                             23
                                                                           |
                                                                           25
                                                                         ->
                                                                         (buildCirc
                                                                             (build
                                                                               (rand
                                                                                   ,
                                                                                   depth
                                                                                     -
                                                                                     1)))
                                                                       |
                                                                         20 | 21 |
                                                                             22
                                                                           |
                                                                           16
                                                                         ->
                                                                         (buildOscillate
                                                                             (build
                                                                               (rand
                                                                                   ,
                                                                                   depth
                                                                                     -
                                                                                     1)))
                                                                       | _ ->
                                                                         (buildX
                                                                             ()))) ;; 
==============================
Triaged the following locations:
File "1338.ml", line 44, characters 9-152:
And modified the following location:
File "1338.ml", line 41, characters 11-20:
Your code has several type errors.  If you ignore other surrounding code, try replacing
    buildCirc
with
    buildTimes
The actual replacement has type
    expr * expr -> expr
within context
    let rec build (rand, depth) = (if depth = 0 then (match (rand (0, 2)) with 
                                                      | 0 -> (buildX ())
                                                      | 1 -> (buildY ())
                                                      | _ ->
                                                        (buildX
                                                            ())) else (match
                                                                       (rand
                                                                         (0, 25))
                                                                       with
                                                                       
                                                                       | 0 ->
                                                                         (if
                                                                             depth
                                                                               < 5
                                                                             then
                                                                             (buildX
                                                                               ())
                                                                             else
                                                                             (buildTimes
                                                                               ((build
                                                                                     (rand
                                                                                         ,
                                                                                         depth
                                                                                           -
                                                                                           1))
                                                                                   ,
                                                                                   (build
                                                                                     (rand
                                                                                         ,
                                                                                         depth
                                                                                           -
                                                                                           1)))))
                                                                       | 1 ->
                                                                         [[...other program...]]
                                                                       | 2 | 7 | 8
                                                                         ->
                                                                         (buildSine
                                                                             (build
                                                                               (rand
                                                                                   ,
                                                                                   depth
                                                                                     -
                                                                                     1)))
                                                                       | 3 | 9 | 13
                                                                         ->
                                                                         (buildCosine
                                                                             (build
                                                                               (rand
                                                                                   ,
                                                                                   depth
                                                                                     -
                                                                                     1)))
                                                                       | 4 | 10 | 14
                                                                         ->
                                                                         (buildAverage
                                                                             ((build
                                                                                   (rand
                                                                                       ,
                                                                                       depth
                                                                                         -
                                                                                         1))
                                                                                 ,
                                                                                 (build
                                                                                   (rand
                                                                                       ,
                                                                                       depth
                                                                                         -
                                                                                         1))))
                                                                       | 5 | 11 | 15
                                                                         ->
                                                                         (buildTimes
                                                                             ((build
                                                                                   (rand
                                                                                       ,
                                                                                       depth
                                                                                         -
                                                                                         1))
                                                                                 ,
                                                                                 (build
                                                                                   (rand
                                                                                       ,
                                                                                       depth
                                                                                         -
                                                                                         1))))
                                                                       | 6 | 12 ->
                                                                         (buildThresh
                                                                             ((build
                                                                                   (rand
                                                                                       ,
                                                                                       depth
                                                                                         -
                                                                                         1))
                                                                                 ,
                                                                                 (build
                                                                                   (rand
                                                                                       ,
                                                                                       depth
                                                                                         -
                                                                                         1))
                                                                                 ,
                                                                                 (build
                                                                                   (rand
                                                                                       ,
                                                                                       depth
                                                                                         -
                                                                                         1))
                                                                                 ,
                                                                                 (build
                                                                                   (rand
                                                                                       ,
                                                                                       depth
                                                                                         -
                                                                                         1))))
                                                                       |
                                                                         17 | 18 |
                                                                               19
                                                                             |
                                                                             23
                                                                           |
                                                                           25
                                                                         ->
                                                                         (buildCirc
                                                                             (build
                                                                               (rand
                                                                                   ,
                                                                                   depth
                                                                                     -
                                                                                     1)))
                                                                       |
                                                                         20 | 21 |
                                                                             22
                                                                           |
                                                                           16
                                                                         ->
                                                                         (buildOscillate
                                                                             (build
                                                                               (rand
                                                                                   ,
                                                                                   depth
                                                                                     -
                                                                                     1)))
                                                                       | _ ->
                                                                         (buildX
                                                                             ()))) ;; 
==============================
Triaged the following locations:
File "1338.ml", line 38, characters 9-152:
And modified the following location:
File "1338.ml", line 48, characters 13-71:
Your code has several type errors.  If you ignore other surrounding code, try replacing
    (build (rand, depth - 1)), (build (rand, depth - 1))
with
    (build (rand, depth - 1)), (build (rand, depth - 1)); [[...]]
The actual replacement has type
    expr
within context
    let rec build (rand, depth) = (if depth = 0 then (match (rand (0, 2)) with 
                                                      | 0 -> (buildX ())
                                                      | 1 -> (buildY ())
                                                      | _ ->
                                                        (buildX
                                                            ())) else (match
                                                                       (rand
                                                                         (0, 25))
                                                                       with
                                                                       
                                                                       | 0 ->
                                                                         [[...other program...]]
                                                                       | 1 ->
                                                                         (if
                                                                             depth
                                                                               < 5
                                                                             then
                                                                             (buildY
                                                                               ())
                                                                             else
                                                                             (buildCirc
                                                                               ((build
                                                                                     (rand
                                                                                         ,
                                                                                         depth
                                                                                           -
                                                                                           1))
                                                                                   ,
                                                                                   (build
                                                                                     (rand
                                                                                         ,
                                                                                         depth
                                                                                           -
                                                                                           1));
                                                                                 [[...]])))
                                                                       | 2 | 7 | 8
                                                                         ->
                                                                         (buildSine
                                                                             (build
                                                                               (rand
                                                                                   ,
                                                                                   depth
                                                                                     -
                                                                                     1)))
                                                                       | 3 | 9 | 13
                                                                         ->
                                                                         (buildCosine
                                                                             (build
                                                                               (rand
                                                                                   ,
                                                                                   depth
                                                                                     -
                                                                                     1)))
                                                                       | 4 | 10 | 14
                                                                         ->
                                                                         (buildAverage
                                                                             ((build
                                                                                   (rand
                                                                                       ,
                                                                                       depth
                                                                                         -
                                                                                         1))
                                                                                 ,
                                                                                 (build
                                                                                   (rand
                                                                                       ,
                                                                                       depth
                                                                                         -
                                                                                         1))))
                                                                       | 5 | 11 | 15
                                                                         ->
                                                                         (buildTimes
                                                                             ((build
                                                                                   (rand
                                                                                       ,
                                                                                       depth
                                                                                         -
                                                                                         1))
                                                                                 ,
                                                                                 (build
                                                                                   (rand
                                                                                       ,
                                                                                       depth
                                                                                         -
                                                                                         1))))
                                                                       | 6 | 12 ->
                                                                         (buildThresh
                                                                             ((build
                                                                                   (rand
                                                                                       ,
                                                                                       depth
                                                                                         -
                                                                                         1))
                                                                                 ,
                                                                                 (build
                                                                                   (rand
                                                                                       ,
                                                                                       depth
                                                                                         -
                                                                                         1))
                                                                                 ,
                                                                                 (build
                                                                                   (rand
                                                                                       ,
                                                                                       depth
                                                                                         -
                                                                                         1))
                                                                                 ,
                                                                                 (build
                                                                                   (rand
                                                                                       ,
                                                                                       depth
                                                                                         -
                                                                                         1))))
                                                                       |
                                                                         17 | 18 |
                                                                               19
                                                                             |
                                                                             23
                                                                           |
                                                                           25
                                                                         ->
                                                                         (buildCirc
                                                                             (build
                                                                               (rand
                                                                                   ,
                                                                                   depth
                                                                                     -
                                                                                     1)))
                                                                       |
                                                                         20 | 21 |
                                                                             22
                                                                           |
                                                                           16
                                                                         ->
                                                                         (buildOscillate
                                                                             (build
                                                                               (rand
                                                                                   ,
                                                                                   depth
                                                                                     -
                                                                                     1)))
                                                                       | _ ->
                                                                         (buildX
                                                                             ()))) ;; 
==============================
