------------------------------------------------------------------
File "1360.ml", line 17, characters 22-24:
This expression has type float but is here used with type int
Relevant code: pi
------------------------------------------------------------------
Triaged the following locations:
File "1360.ml", line 17, characters 17-20:
And modified the following location:
File "1360.ml", line 17, characters 21-39:
Your code has several type errors.  The following subexpressions are type-correct on their own, but do not fit with the rest of the program:
    sin
If you ignore other surrounding code, try replacing
    pi * (eval sine)
with
    [[...]]
The actual replacement has type
    'a
within context
    let rec eval (e, x, y) = (match e with 
                              | VarX -> x
                              | VarY -> y
                              | Sine sine -> ((sin; [[...]]) [[...]])
                              | Cosine cos -> "cos(pi*" ^ ((eval (cos, x, y)) ^ ")")
                              | Average (e1, e2) ->
                                "((" ^
                                    ((eval (e1, x, y)) ^
                                        ("+" ^ ((eval (e2, x, y)) ^ ")/2)")))
                              | Times (t1, t2) ->
                                (eval (t1, x, y)) ^ ("*" ^ (eval (t2, x, y)))
                              | Thresh (th1, th2, th3, th4) ->
                                "(" ^
                                    ((eval (th1, x, y)) ^
                                        ("<*" ^
                                            ((eval (th2, x, y)) ^
                                                ("?" ^
                                                    ((eval (th3, x, y)) ^
                                                        (":" ^
                                                            ((eval (th4, x, y))
                                                                ^ ")")))))))) ;; 
==============================
