------------------------------------------------------------------
File "1363.ml", line 16, characters 31-49:
This expression has type float but is here used with type string
Relevant code: (eval (cos, x, y))
------------------------------------------------------------------
File "1363.ml", line 15, characters 17-20:
Try replacing
    sin
with
    sin; [[...]]
of type
    string -> string
within context
    let rec eval (e, x, y) = (match e with 
                              | VarX -> x
                              | VarY -> y
                              | Sine sine -> ((sin; [[...]]) (eval (sine, x, y)))
                              | Cosine cos -> "cos(pi*" ^ ((eval (cos, x, y)) ^ ")")
                              | Average (e1, e2) ->
                                "((" ^
                                    ((eval (e1, x, y)) ^
                                        ("+" ^ ((eval (e2, x, y)) ^ ")/2)")))
                              | Times (t1, t2) ->
                                (eval (t1, x, y)) ^ ("*" ^ (eval (t2, x, y)))
                              | Thresh (th1, th2, th3, th4) ->
                                "(" ^
                                    ((eval (th1, x, y)) ^
                                        ("<*" ^
                                            ((eval (th2, x, y)) ^
                                                ("?" ^
                                                    ((eval (th3, x, y)) ^
                                                        (":" ^
                                                            ((eval (th4, x, y))
                                                                ^ ")")))))))) ;; 
==============================
