------------------------------------------------------------------
File "1368.ml", line 19, characters 67-68:
This expression has type int but is here used with type float
Relevant code: 2
------------------------------------------------------------------
File "1368.ml", line 19, characters 67-68:
Try replacing
    2
with
    2; [[...]]
of type
    float
within context
    let rec eval (e, x, y) = (match e with 
                              | VarX -> x
                              | VarY -> y
                              | Sine sine -> (sin (pi *. (eval (sine, x, y))))
                              | Cosine cosine -> (cos (pi *. (eval (cosine, x, y))))
                              | Average (e1, e2) ->
                                (((eval (e1, x, y)) +. (eval (e2, x, y)))
                                      /. 2; [[...]])
                              | Times (t1, t2) ->
                                ((eval (t1, x, y)) *. (eval (t2, x, y)))
                              | Thresh (th1, th2, th3, th4) ->
                                (if (eval (th1, x, y)) < (eval (th2, x, y)) then
                                    (eval (th3, x, y))
                                    else
                                    (eval (th4, x, y)))) ;; 
==============================
File "1368.ml", line 19, characters 64-66:
Try replacing
    /.
with
    /.; [[...]]
of type
    float -> int -> float
within context
    let rec eval (e, x, y) = (match e with 
                              | VarX -> x
                              | VarY -> y
                              | Sine sine -> (sin (pi *. (eval (sine, x, y))))
                              | Cosine cosine -> (cos (pi *. (eval (cosine, x, y))))
                              | Average (e1, e2) ->
                                (((eval (e1, x, y)) +. (eval (e2, x, y)))
                                      /.; [[...]] 2)
                              | Times (t1, t2) ->
                                ((eval (t1, x, y)) *. (eval (t2, x, y)))
                              | Thresh (th1, th2, th3, th4) ->
                                (if (eval (th1, x, y)) < (eval (th2, x, y)) then
                                    (eval (th3, x, y))
                                    else
                                    (eval (th4, x, y)))) ;; 
==============================
