------------------------------------------------------------------
File "1382.ml", line 29, characters 56-57:
This expression has type int but is here used with type float
Relevant code: 5
------------------------------------------------------------------
File "1382.ml", line 29, characters 56-57:
Try replacing
    5
with
    5; [[...]]
of type
    float
within context
    (match e with 
     | VarX -> x
     | VarY -> y
     | Sine sine -> (sin (pi *. (eval (sine, x, y))))
     | Cosine cosine -> (cos (pi *. (eval (cosine, x, y))))
     | Average (e1, e2) -> (((eval (e1, x, y)) +. (eval (e2, x, y))) /. 2.0)
     | Times (t1, t2) -> ((eval (t1, x, y)) *. (eval (t2, x, y)))
     | Thresh (th1, th2, th3, th4) ->
       (if (eval (th1, x, y)) < (eval (th2, x, y)) then (eval (th3, x, y)) else
           (eval (th4, x, y)))
     | Circ (circ1, circ2) ->
       (sqrt ((eval (circ1, x, y)) ** 2.0 +. (eval (circ2, x, y)) ** 2.0))
     | GoldTimes m4 -> (((eval (m4, x, y)) *. (1.0 +. (sqrt (5; [[...]])))) /. 2.0))
==============================
File "1382.ml", line 29, characters 51-55:
Try replacing
    sqrt
with
    sqrt; [[...]]
of type
    int -> float
within context
    (match e with 
     | VarX -> x
     | VarY -> y
     | Sine sine -> (sin (pi *. (eval (sine, x, y))))
     | Cosine cosine -> (cos (pi *. (eval (cosine, x, y))))
     | Average (e1, e2) -> (((eval (e1, x, y)) +. (eval (e2, x, y))) /. 2.0)
     | Times (t1, t2) -> ((eval (t1, x, y)) *. (eval (t2, x, y)))
     | Thresh (th1, th2, th3, th4) ->
       (if (eval (th1, x, y)) < (eval (th2, x, y)) then (eval (th3, x, y)) else
           (eval (th4, x, y)))
     | Circ (circ1, circ2) ->
       (sqrt ((eval (circ1, x, y)) ** 2.0 +. (eval (circ2, x, y)) ** 2.0))
     | GoldTimes m4 -> (((eval (m4, x, y)) *. (1.0 +. ((sqrt; [[...]]) 5))) /. 2.0))
==============================
