------------------------------------------------------------------
File "1470.ml", line 15, characters 14-27:
This expression is not a function, it cannot be applied
Relevant code: "sin (pi*%s)"
------------------------------------------------------------------
Triaged the following locations:
File "1470.ml", line 16, characters 16-31:
File "1470.ml", line 17, characters 22-68:
File "1470.ml", line 18, characters 20-54:
File "1470.ml", line 20, characters 6-97:
And modified the following location:
File "1470.ml", line 15, characters 28-29:
Your code has several type errors.  If you ignore other surrounding code, try replacing
    (( "sin (pi*%s)" ) e)
with
    "sin (pi*%s)"
The actual replacement has type
    string
within context
    let rec exprToString e = (match e with 
                              | VarX -> "x"
                              | VarY -> "y"
                              | Sine e -> "sin (pi*%s)"
                              | Cosine e -> [[...other program...]]
                              | Average (e, ex) -> [[...other program...]]
                              | Times (e, ex) -> [[...other program...]]
                              | Thresh (e1, e2, e3, e4) ->
                                [[...other program...]]) ;; 
==============================
Triaged the following locations:
File "1470.ml", line 16, characters 16-31:
File "1470.ml", line 17, characters 22-68:
File "1470.ml", line 18, characters 20-54:
File "1470.ml", line 20, characters 6-97:
And modified the following location:
File "1470.ml", line 15, characters 14-27:
Your code has several type errors.  If you ignore other surrounding code, try replacing
    "sin (pi*%s)"
with
    "sin (pi*%s)"; [[...]]
The actual replacement has type
    expr -> string
within context
    let rec exprToString e = (match e with 
                              | VarX -> "x"
                              | VarY -> "y"
                              | Sine e -> (( "sin (pi*%s)"; [[...]] ) e)
                              | Cosine e -> [[...other program...]]
                              | Average (e, ex) -> [[...other program...]]
                              | Times (e, ex) -> [[...other program...]]
                              | Thresh (e1, e2, e3, e4) ->
                                [[...other program...]]) ;; 
==============================
Triaged the following locations:
File "1470.ml", line 15, characters 14-29:
File "1470.ml", line 17, characters 22-68:
File "1470.ml", line 18, characters 20-54:
File "1470.ml", line 20, characters 6-97:
And modified the following location:
File "1470.ml", line 16, characters 16-29:
Your code has several type errors.  If you ignore other surrounding code, try replacing
    "cos (pi*%s)"
with
    "cos (pi*%s)"; [[...]]
The actual replacement has type
    expr -> string
within context
    let rec exprToString e = (match e with 
                              | VarX -> "x"
                              | VarY -> "y"
                              | Sine e -> [[...other program...]]
                              | Cosine e -> (( "cos (pi*%s)"; [[...]] ) e)
                              | Average (e, ex) -> [[...other program...]]
                              | Times (e, ex) -> [[...other program...]]
                              | Thresh (e1, e2, e3, e4) ->
                                [[...other program...]]) ;; 
==============================
Triaged the following locations:
File "1470.ml", line 15, characters 14-29:
File "1470.ml", line 17, characters 22-68:
File "1470.ml", line 18, characters 20-54:
File "1470.ml", line 20, characters 6-97:
And modified the following location:
File "1470.ml", line 16, characters 30-31:
Your code has several type errors.  If you ignore other surrounding code, try replacing
    (( "cos (pi*%s)" ) e)
with
    "cos (pi*%s)"
The actual replacement has type
    string
within context
    let rec exprToString e = (match e with 
                              | VarX -> "x"
                              | VarY -> "y"
                              | Sine e -> [[...other program...]]
                              | Cosine e -> "cos (pi*%s)"
                              | Average (e, ex) -> [[...other program...]]
                              | Times (e, ex) -> [[...other program...]]
                              | Thresh (e1, e2, e3, e4) ->
                                [[...other program...]]) ;; 
==============================
Triaged the following locations:
File "1470.ml", line 15, characters 14-29:
File "1470.ml", line 16, characters 16-31:
File "1470.ml", line 18, characters 20-54:
File "1470.ml", line 20, characters 6-97:
And modified the following location:
File "1470.ml", line 17, characters 22-26:
Your code has several type errors.  If you ignore other surrounding code, try replacing
    "(("
with
    "(("; [[...]]
The actual replacement has type
    (expr -> string) ->
    expr ->
    string ->
    (expr -> string) ->
    expr -> string -> string
within context
    let rec exprToString e = (match e with 
                              | VarX -> "x"
                              | VarY -> "y"
                              | Sine e -> [[...other program...]]
                              | Cosine e -> [[...other program...]]
                              | Average (e, ex) ->
                                (( "(("; [[...]] )
                                      exprToString e "+" exprToString ex ")/2)")
                              | Times (e, ex) -> [[...other program...]]
                              | Thresh (e1, e2, e3, e4) ->
                                [[...other program...]]) ;; 
==============================
Triaged the following locations:
File "1470.ml", line 15, characters 14-29:
File "1470.ml", line 16, characters 16-31:
File "1470.ml", line 17, characters 22-68:
File "1470.ml", line 18, characters 20-54:
And modified the following location:
File "1470.ml", line 20, characters 6-9:
Your code has several type errors.  If you ignore other surrounding code, try replacing
    "("
with
    "("; [[...]]
The actual replacement has type
    (expr -> string) ->
    expr ->
    string ->
    (expr -> string) ->
    expr ->
    string ->
    (expr -> string) ->
    expr ->
    string ->
    (expr -> string) ->
    expr -> string -> string
within context
    let rec exprToString e = (match e with 
                              | VarX -> "x"
                              | VarY -> "y"
                              | Sine e -> [[...other program...]]
                              | Cosine e -> [[...other program...]]
                              | Average (e, ex) -> [[...other program...]]
                              | Times (e, ex) -> [[...other program...]]
                              | Thresh (e1, e2, e3, e4) ->
                                (( "("; [[...]] )
                                      exprToString
                                      e1
                                      "<"
                                      exprToString
                                      e2
                                      "?"
                                      exprToString
                                      e3
                                      ":"
                                      exprToString
                                      e4
                                      ")")) ;; 
==============================
Triaged the following locations:
File "1470.ml", line 15, characters 14-29:
File "1470.ml", line 16, characters 16-31:
File "1470.ml", line 17, characters 22-68:
File "1470.ml", line 20, characters 6-97:
And modified the following location:
File "1470.ml", line 18, characters 20-32:
Your code has several type errors.  If you ignore other surrounding code, try replacing
    exprToString
with
    exprToString; [[...]]
The actual replacement has type
    expr ->
    string ->
    (expr -> string) -> expr -> string
within context
    let rec exprToString e = (match e with 
                              | VarX -> "x"
                              | VarY -> "y"
                              | Sine e -> [[...other program...]]
                              | Cosine e -> [[...other program...]]
                              | Average (e, ex) -> [[...other program...]]
                              | Times (e, ex) ->
                                ((exprToString; [[...]]) e "*"  exprToString  ex)
                              | Thresh (e1, e2, e3, e4) ->
                                [[...other program...]]) ;; 
==============================
