------------------------------------------------------------------
File "1499.ml", line 7, characters 61-65:
This expression has type 'a but is here used with type 'a list
Relevant code: seen
------------------------------------------------------------------
File "1499.ml", line 7, characters 58-59:
Try replacing
    @
with
    @; [[...]]
of type
    'b list list -> 'b list -> 'b
within context
    fun (seen, rest) -> (match rest with 
                         | [] -> seen
                         | h :: t ->
                           (let seen' =
                                 (if (List.mem seen h) then seen else
                                   ([h] @; [[...]] [seen]))
                                 in
                                 let rest' = t in (helper (seen', rest'))))
==============================
