------------------------------------------------------------------
File "1528.ml", line 27, characters 18-35:
This expression has type float but is here used with type int
Relevant code: (eval (e1, x, y))
------------------------------------------------------------------
File "1528.ml", line 27, characters 16-17:
Try replacing
    *
with
    *; [[...]]
of type
    int -> float -> float
within context
    let rec eval (e, x, y) = (match e with 
                              | VarX -> x
                              | VarY -> y
                              | Sine e1 -> (sin (pi *. (eval (e1, x, y))))
                              | Cosine e1 -> (cos (pi *. (eval (e1, x, y))))
                              | Average (e1, e2) ->
                                (((eval (e1, x, y)) +. (eval (e2, x, y))) /. 2.0)
                              | Times (e1, e2) ->
                                ((eval (e1, x, y)) *. (eval (e2, x, y)))
                              | Thresh (e1, e2, e3, e4) ->
                                (if (eval (e1, x, y)) < (eval (e2, x, y)) then
                                    (eval (e3, x, y))
                                    else
                                    (eval (e4, x, y)))
                              | Tan e1 -> (1 *; [[...]] (eval (e1, x, y)))
                              | Wavvy (e1, e2, e3) ->
                                (sin
                                    (((eval (e1, x, y)) +. (eval (e2, x, y)))
                                        -. (eval (e2, x, y))))) ;; 
==============================
Triaged the following locations:
File "1528.ml", line 19, characters 15-44:
File "1528.ml", line 20, characters 17-46:
File "1528.ml", line 21, characters 23-70:
File "1528.ml", line 22, characters 21-59:
File "1528.ml", line 24, characters 6-100:
File "1528.ml", line 29, characters 6-73:
And modified the following location:
File "1528.ml", line 27, characters 29-33:
Your code has several type errors.  If you ignore other surrounding code, try replacing
    e1, x, y
with
    e1, y, x
The actual replacement has type
    expr * int * int
within context
    let rec eval (e, x, y) = (match e with 
                              | VarX -> x
                              | VarY -> y
                              | Sine e1 -> [[...other program...]]
                              | Cosine e1 -> [[...other program...]]
                              | Average (e1, e2) -> [[...other program...]]
                              | Times (e1, e2) -> [[...other program...]]
                              | Thresh (e1, e2, e3, e4) -> [[...other program...]]
                              | Tan e1 -> 1 * (eval (e1, y, x))
                              | Wavvy (e1, e2, e3) -> [[...other program...]]) ;; 
==============================
Triaged the following locations:
File "1528.ml", line 19, characters 15-44:
File "1528.ml", line 20, characters 17-46:
File "1528.ml", line 21, characters 23-70:
File "1528.ml", line 22, characters 21-59:
File "1528.ml", line 24, characters 6-100:
File "1528.ml", line 29, characters 6-73:
And modified the following location:
File "1528.ml", line 27, characters 19-23:
Your code has several type errors.  If you ignore other surrounding code, try replacing
    eval
with
    eval
The actual replacement has type
    expr * int * int -> int
within context
    let rec eval (e, x, y) = (match e with 
                              | VarX -> x
                              | VarY -> y
                              | Sine e1 -> [[...other program...]]
                              | Cosine e1 -> [[...other program...]]
                              | Average (e1, e2) -> [[...other program...]]
                              | Times (e1, e2) -> [[...other program...]]
                              | Thresh (e1, e2, e3, e4) -> [[...other program...]]
                              | Tan e1 -> 1 * (eval (e1, x, y))
                              | Wavvy (e1, e2, e3) -> [[...other program...]]) ;; 
==============================
Triaged the following locations:
File "1528.ml", line 19, characters 15-44:
File "1528.ml", line 20, characters 17-46:
File "1528.ml", line 21, characters 23-70:
File "1528.ml", line 22, characters 21-59:
File "1528.ml", line 24, characters 6-100:
File "1528.ml", line 29, characters 6-73:
And modified the following location:
File "1528.ml", line 27, characters 19-34:
Your code has several type errors.  If you ignore other surrounding code, try replacing
    (eval (e1, x, y))
with
    (eval ((e1, x, y)))
The actual replacement has type
    int
within context
    let rec eval (e, x, y) = (match e with 
                              | VarX -> x
                              | VarY -> y
                              | Sine e1 -> [[...other program...]]
                              | Cosine e1 -> [[...other program...]]
                              | Average (e1, e2) -> [[...other program...]]
                              | Times (e1, e2) -> [[...other program...]]
                              | Thresh (e1, e2, e3, e4) -> [[...other program...]]
                              | Tan e1 -> 1 * (eval ((e1, x, y)))
                              | Wavvy (e1, e2, e3) -> [[...other program...]]) ;; 
==============================
Triaged the following locations:
File "1528.ml", line 19, characters 15-44:
File "1528.ml", line 20, characters 17-46:
File "1528.ml", line 21, characters 23-70:
File "1528.ml", line 22, characters 21-59:
File "1528.ml", line 24, characters 6-100:
File "1528.ml", line 29, characters 6-73:
And modified the following location:
File "1528.ml", line 27, characters 29-30:
Your code has several type errors.  If you ignore other surrounding code, try replacing
    x
with
    x
The actual replacement has type
    expr * int * int
within context
    let rec eval (e, x, y) = (match e with 
                              | VarX -> x
                              | VarY -> y
                              | Sine e1 -> [[...other program...]]
                              | Cosine e1 -> [[...other program...]]
                              | Average (e1, e2) -> [[...other program...]]
                              | Times (e1, e2) -> [[...other program...]]
                              | Thresh (e1, e2, e3, e4) -> [[...other program...]]
                              | Tan e1 -> 1 * (eval (e1, x, y))
                              | Wavvy (e1, e2, e3) -> [[...other program...]]) ;; 
==============================
Triaged the following locations:
File "1528.ml", line 19, characters 15-44:
File "1528.ml", line 20, characters 17-46:
File "1528.ml", line 21, characters 23-70:
File "1528.ml", line 22, characters 21-59:
File "1528.ml", line 24, characters 6-100:
File "1528.ml", line 29, characters 6-73:
And modified the following location:
File "1528.ml", line 27, characters 32-33:
Your code has several type errors.  If you ignore other surrounding code, try replacing
    y
with
    y
The actual replacement has type
    expr * int * int
within context
    let rec eval (e, x, y) = (match e with 
                              | VarX -> x
                              | VarY -> y
                              | Sine e1 -> [[...other program...]]
                              | Cosine e1 -> [[...other program...]]
                              | Average (e1, e2) -> [[...other program...]]
                              | Times (e1, e2) -> [[...other program...]]
                              | Thresh (e1, e2, e3, e4) -> [[...other program...]]
                              | Tan e1 -> 1 * (eval (e1, x, y))
                              | Wavvy (e1, e2, e3) -> [[...other program...]]) ;; 
==============================
Triaged the following locations:
File "1528.ml", line 19, characters 15-44:
File "1528.ml", line 20, characters 17-46:
File "1528.ml", line 21, characters 23-70:
File "1528.ml", line 22, characters 21-59:
File "1528.ml", line 24, characters 6-100:
File "1528.ml", line 29, characters 6-73:
And modified the following location:
File "1528.ml", line 27, characters 25-30:
Your code has several type errors.  If you ignore other surrounding code, try replacing
    e1, x, y
with
    e1, x, y
The actual replacement has type
    expr * int * int
within context
    let rec eval (e, x, y) = (match e with 
                              | VarX -> x
                              | VarY -> y
                              | Sine e1 -> [[...other program...]]
                              | Cosine e1 -> [[...other program...]]
                              | Average (e1, e2) -> [[...other program...]]
                              | Times (e1, e2) -> [[...other program...]]
                              | Thresh (e1, e2, e3, e4) -> [[...other program...]]
                              | Tan e1 -> 1 * (eval (e1, x, y))
                              | Wavvy (e1, e2, e3) -> [[...other program...]]) ;; 
==============================
Triaged the following locations:
File "1528.ml", line 19, characters 15-44:
File "1528.ml", line 20, characters 17-46:
File "1528.ml", line 21, characters 23-70:
File "1528.ml", line 22, characters 21-59:
File "1528.ml", line 24, characters 6-100:
File "1528.ml", line 29, characters 6-73:
And modified the following location:
File "1528.ml", line 27, characters 32-33:
Your code has several type errors.  If you ignore other surrounding code, try replacing
    y
with
    x
The actual replacement has type
    expr * int * int
within context
    let rec eval (e, x, y) = (match e with 
                              | VarX -> x
                              | VarY -> y
                              | Sine e1 -> [[...other program...]]
                              | Cosine e1 -> [[...other program...]]
                              | Average (e1, e2) -> [[...other program...]]
                              | Times (e1, e2) -> [[...other program...]]
                              | Thresh (e1, e2, e3, e4) -> [[...other program...]]
                              | Tan e1 -> 1 * (eval (e1, x, x))
                              | Wavvy (e1, e2, e3) -> [[...other program...]]) ;; 
==============================
Triaged the following locations:
File "1528.ml", line 19, characters 15-44:
File "1528.ml", line 20, characters 17-46:
File "1528.ml", line 21, characters 23-70:
File "1528.ml", line 22, characters 21-59:
File "1528.ml", line 24, characters 6-100:
File "1528.ml", line 29, characters 6-73:
And modified the following location:
File "1528.ml", line 27, characters 25-27:
Your code has several type errors.  If you ignore other surrounding code, try replacing
    e1
with
    e1
The actual replacement has type
    expr * int * int
within context
    let rec eval (e, x, y) = (match e with 
                              | VarX -> x
                              | VarY -> y
                              | Sine e1 -> [[...other program...]]
                              | Cosine e1 -> [[...other program...]]
                              | Average (e1, e2) -> [[...other program...]]
                              | Times (e1, e2) -> [[...other program...]]
                              | Thresh (e1, e2, e3, e4) -> [[...other program...]]
                              | Tan e1 -> 1 * (eval (e1, x, y))
                              | Wavvy (e1, e2, e3) -> [[...other program...]]) ;; 
==============================
Triaged the following locations:
File "1528.ml", line 19, characters 15-44:
File "1528.ml", line 20, characters 17-46:
File "1528.ml", line 21, characters 23-70:
File "1528.ml", line 22, characters 21-59:
File "1528.ml", line 24, characters 6-100:
File "1528.ml", line 29, characters 6-73:
And modified the following location:
File "1528.ml", line 27, characters 29-30:
Your code has several type errors.  If you ignore other surrounding code, try replacing
    x
with
    y
The actual replacement has type
    expr * int * int
within context
    let rec eval (e, x, y) = (match e with 
                              | VarX -> x
                              | VarY -> y
                              | Sine e1 -> [[...other program...]]
                              | Cosine e1 -> [[...other program...]]
                              | Average (e1, e2) -> [[...other program...]]
                              | Times (e1, e2) -> [[...other program...]]
                              | Thresh (e1, e2, e3, e4) -> [[...other program...]]
                              | Tan e1 -> 1 * (eval (e1, y, y))
                              | Wavvy (e1, e2, e3) -> [[...other program...]]) ;; 
==============================
Triaged the following locations:
File "1528.ml", line 19, characters 15-44:
File "1528.ml", line 20, characters 17-46:
File "1528.ml", line 21, characters 23-70:
File "1528.ml", line 22, characters 21-59:
File "1528.ml", line 24, characters 6-100:
File "1528.ml", line 29, characters 6-73:
And modified the following location:
File "1528.ml", line 27, characters 25-27:
Your code has several type errors.  If you ignore other surrounding code, try replacing
    e1
with
    e
The actual replacement has type
    expr * int * int
within context
    let rec eval (e, x, y) = (match e with 
                              | VarX -> x
                              | VarY -> y
                              | Sine e1 -> [[...other program...]]
                              | Cosine e1 -> [[...other program...]]
                              | Average (e1, e2) -> [[...other program...]]
                              | Times (e1, e2) -> [[...other program...]]
                              | Thresh (e1, e2, e3, e4) -> [[...other program...]]
                              | Tan e1 -> 1 * (eval (e, x, y))
                              | Wavvy (e1, e2, e3) -> [[...other program...]]) ;; 
==============================
