------------------------------------------------------------------
File "1534.ml", line 5, characters 28-63:
This expression has type bool * 'a but is here used with type
  ('b -> 'b * bool) * 'b
Relevant code: ((let f' b = (f b) = b in f' b), b)
------------------------------------------------------------------
File "1534.ml", line 5, characters 42-43:
Try replacing
    (f b) = b
with
    (f (b = b))
of type
    'c -> 'c * bool
within context
    fun (f, b) -> (wwhile ((let f' b = (f (b = b)) in (f' b)), b))
==============================
File "1534.ml", line 5, characters 21-27:
Try replacing
    wwhile
with
    =
of type
    bool * 'd -> bool * 'd -> bool
within context
    let fixpoint (f, b) = (= ((let f' b = (f b) = b in (f' b)), b)) ;; 
==============================
File "1534.ml", line 5, characters 47-48:
Try replacing
    =
with
    wwhile
of type
    (('e -> 'e -> 'e * bool) -> ('e -> 'e -> 'e * bool) * bool) *
    ('e -> 'e -> 'e * bool) -> 'e -> 'e -> 'e * bool
within context
    (wwhile ((let f' b = ((f b) wwhile b) in (f' b)), b))
==============================
