------------------------------------------------------------------
File "1539.ml", line 6, characters 57-58:
This expression has type ('a -> 'b) -> 'a -> 'b but is here used with type
  'a -> 'b
Relevant code: f
------------------------------------------------------------------
File "1539.ml", line 6, characters 57-58:
Try replacing
    f
with
    f; [[...]]
of type
    'c -> 'c -> 'c * bool
within context
    fun (f, b) ->
      (wwhile
        ((let f' b = (if (f b) = b then b else (f b)) in (f' (f; [[...]]) b)), b))
==============================
File "1539.ml", line 6, characters 54-56:
Try replacing
    f'
with
    f'; [[...]]
of type
    ('d -> 'd) -> 'e -> 'e -> 'e * bool
within context
    fun (f, b) ->
      (wwhile
        ((let f' b = (if (f b) = b then b else (f b)) in ((f'; [[...]]) f b)), b))
==============================
File "1539.ml", line 6, characters 18-50:
Try replacing
    fun b -> (if (f b) = b then b else (f b))
with
    fun b -> (if (f b) = b then b else (f b)); [[...]]
of type
    'f
within context
    let fixpoint (f, b) =
    (wwhile
      ((let f' = fun b -> (if (f b) = b then b else (f b)); [[...]] in (f' f b)),
          b))
    ;; 
==============================
