------------------------------------------------------------------
File "1554.ml", line 7, characters 4-77:
This expression has type ('a * bool) * 'a but is here used with type
  ('b -> 'b * bool) * 'b
Relevant code: ((let f' b = if (f b) = b then (b, false) else ((f b), true) in f' b), b)
------------------------------------------------------------------
File "1554.ml", line 7, characters 13-64:
Try replacing
    fun b -> (if (f b) = b then b, false else (f b), true)
with
    fun b _ -> (if (f b) = b then b, false else (f b), true)
of type
    'c -> 'd -> 'c * bool
within context
    let fixpoint (f, b) =
    (wwhile
      ((let f' b _ = (if (f b) = b then b, false else (f b), true) in (f' b)), b))
    ;; 
==============================
File "1554.ml", line 7, characters 13-64:
Try replacing
    fun b -> (if (f b) = b then b, false else (f b), true)
with
    fun _ b -> (if (f b) = b then b, false else (f b), true)
of type
    'e -> 'f -> 'f * bool
within context
    let fixpoint (f, b) =
    (wwhile
      ((let f' _ b = (if (f b) = b then b, false else (f b), true) in (f' b)), b))
    ;; 
==============================
File "1554.ml", line 6, characters 2-8:
Try replacing
    wwhile
with
    =
of type
    ('g * bool) * 'g -> ('g * bool) * 'g -> bool
within context
    let fixpoint (f, b) =
    (= ((let f' b = (if (f b) = b then b, false else (f b), true) in (f' b)), b))
    ;; 
==============================
