------------------------------------------------------------------
File "1619.ml", line 3, characters 15-69:
This expression has type int list but is here used with type int
Relevant code: if n < 0 then [] else [digitsOfInt (n / 10); m mod 10]
------------------------------------------------------------------
File "1619.ml", line 2, characters 20-93:
Try replacing
    fun n ->
      (let m = n in (if n < 0 then [] else [(digitsOfInt (n / 10)) ; (mod m 10)]))
with
    fun n ->
      (let m = n in (if n < 0 then [] else [(digitsOfInt (n / 10)) ; (mod m 10)]));
    [[...]]
of type
    int -> int
within context
    let rec digitsOfInt =
    fun n ->
      (let m = n in (if n < 0 then [] else [(digitsOfInt (n / 10)) ; (mod m 10)]));
    [[...]]
    ;; 
==============================
