------------------------------------------------------------------
File "1694.ml", line 23, characters 9-20:
This expression has type expr but is here used with type bool
Relevant code: (buildX ())
------------------------------------------------------------------
Triaged the following locations:
File "1694.ml", line 25, characters 6-202:
And modified the following location:
File "1694.ml", line 23, characters 21-23:
Your code has several type errors.  If you ignore other surrounding code, try replacing
    ||
with
    ||; [[...]]
The actual replacement has type
    expr -> expr -> 'a
within context
    let rec build (rand, depth) = (match depth with 
                                   | 0 -> ((buildX ()) ||; [[...]] (buildY ()))
                                   | _ -> [[...other program...]]) ;; 
==============================
