------------------------------------------------------------------
File "1696.ml", line 17, characters 20-22:
This expression has type float but is here used with type int
Relevant code: pi
------------------------------------------------------------------
Triaged the following locations:
File "1696.ml", line 18, characters 17-45:
File "1696.ml", line 19, characters 23-66:
File "1696.ml", line 20, characters 21-58:
File "1696.ml", line 22, characters 6-96:
And modified the following location:
File "1696.ml", line 17, characters 23-24:
Your code has several type errors.  If you ignore other surrounding code, try replacing
    *
with
    *; [[...]]
The actual replacement has type
    float -> float -> float
within context
    let rec eval (e, x, y) = (match e with 
                              | VarX -> x
                              | VarY -> y
                              | Sine e' -> (sin (pi *; [[...]] (eval (e', x, y))))
                              | Cosine e' -> [[...other program...]]
                              | Average (e1, e2) -> [[...other program...]]
                              | Times (e1, e2) -> [[...other program...]]
                              | Thresh (a, b, c, d) -> [[...other program...]]) ;; 
==============================
Triaged the following locations:
File "1696.ml", line 17, characters 15-43:
File "1696.ml", line 18, characters 17-45:
File "1696.ml", line 20, characters 21-58:
File "1696.ml", line 22, characters 6-96:
And modified the following location:
File "1696.ml", line 19, characters 55-59:
Your code has several type errors.  If you ignore other surrounding code, try replacing
    e2, x, y
with
    e2, y, x
The actual replacement has type
    expr * int * int
within context
    let rec eval (e, x, y) = (match e with 
                              | VarX -> x
                              | VarY -> y
                              | Sine e' -> [[...other program...]]
                              | Cosine e' -> [[...other program...]]
                              | Average (e1, e2) ->
                                ((eval (e1, x, y)) + (eval (e2, y, x))) / 2
                              | Times (e1, e2) -> [[...other program...]]
                              | Thresh (a, b, c, d) -> [[...other program...]]) ;; 
==============================
Triaged the following locations:
File "1696.ml", line 17, characters 15-43:
File "1696.ml", line 19, characters 23-66:
File "1696.ml", line 20, characters 21-58:
File "1696.ml", line 22, characters 6-96:
And modified the following location:
File "1696.ml", line 18, characters 25-26:
Your code has several type errors.  If you ignore other surrounding code, try replacing
    *
with
    *; [[...]]
The actual replacement has type
    float -> float -> float
within context
    let rec eval (e, x, y) = (match e with 
                              | VarX -> x
                              | VarY -> y
                              | Sine e' -> [[...other program...]]
                              | Cosine e' -> (cos (pi *; [[...]] (eval (e', x, y))))
                              | Average (e1, e2) -> [[...other program...]]
                              | Times (e1, e2) -> [[...other program...]]
                              | Thresh (a, b, c, d) -> [[...other program...]]) ;; 
==============================
Triaged the following locations:
File "1696.ml", line 17, characters 15-43:
File "1696.ml", line 18, characters 17-45:
File "1696.ml", line 20, characters 21-58:
File "1696.ml", line 22, characters 6-96:
And modified the following location:
File "1696.ml", line 19, characters 42-43:
Your code has several type errors.  If you ignore other surrounding code, try replacing
    +
with
    /
The actual replacement has type
    int -> int -> int
within context
    let rec eval (e, x, y) = (match e with 
                              | VarX -> x
                              | VarY -> y
                              | Sine e' -> [[...other program...]]
                              | Cosine e' -> [[...other program...]]
                              | Average (e1, e2) ->
                                ((eval (e1, x, y)) / (eval (e2, x, y))) / 2
                              | Times (e1, e2) -> [[...other program...]]
                              | Thresh (a, b, c, d) -> [[...other program...]]) ;; 
==============================
Triaged the following locations:
File "1696.ml", line 17, characters 15-43:
File "1696.ml", line 18, characters 17-45:
File "1696.ml", line 20, characters 21-58:
File "1696.ml", line 22, characters 6-96:
And modified the following location:
File "1696.ml", line 19, characters 42-43:
Your code has several type errors.  If you ignore other surrounding code, try replacing
    +
with
    +
The actual replacement has type
    int -> int -> int
within context
    let rec eval (e, x, y) = (match e with 
                              | VarX -> x
                              | VarY -> y
                              | Sine e' -> [[...other program...]]
                              | Cosine e' -> [[...other program...]]
                              | Average (e1, e2) ->
                                ((eval (e1, x, y)) + (eval (e2, x, y))) / 2
                              | Times (e1, e2) -> [[...other program...]]
                              | Thresh (a, b, c, d) -> [[...other program...]]) ;; 
==============================
Triaged the following locations:
File "1696.ml", line 17, characters 15-43:
File "1696.ml", line 18, characters 17-45:
File "1696.ml", line 20, characters 21-58:
File "1696.ml", line 22, characters 6-96:
And modified the following location:
File "1696.ml", line 19, characters 42-43:
Your code has several type errors.  If you ignore other surrounding code, try replacing
    +
with
    *
The actual replacement has type
    int -> int -> int
within context
    let rec eval (e, x, y) = (match e with 
                              | VarX -> x
                              | VarY -> y
                              | Sine e' -> [[...other program...]]
                              | Cosine e' -> [[...other program...]]
                              | Average (e1, e2) ->
                                ((eval (e1, x, y)) * (eval (e2, x, y))) / 2
                              | Times (e1, e2) -> [[...other program...]]
                              | Thresh (a, b, c, d) -> [[...other program...]]) ;; 
==============================
Triaged the following locations:
File "1696.ml", line 17, characters 15-43:
File "1696.ml", line 18, characters 17-45:
File "1696.ml", line 20, characters 21-58:
File "1696.ml", line 22, characters 6-96:
And modified the following location:
File "1696.ml", line 19, characters 31-33:
Your code has several type errors.  If you ignore other surrounding code, try replacing
    e1
with
    e2
The actual replacement has type
    expr * int * int
within context
    let rec eval (e, x, y) = (match e with 
                              | VarX -> x
                              | VarY -> y
                              | Sine e' -> [[...other program...]]
                              | Cosine e' -> [[...other program...]]
                              | Average (e1, e2) ->
                                ((eval (e2, x, y)) + (eval (e2, x, y))) / 2
                              | Times (e1, e2) -> [[...other program...]]
                              | Thresh (a, b, c, d) -> [[...other program...]]) ;; 
==============================
Triaged the following locations:
File "1696.ml", line 17, characters 15-43:
File "1696.ml", line 18, characters 17-45:
File "1696.ml", line 20, characters 21-58:
File "1696.ml", line 22, characters 6-96:
And modified the following location:
File "1696.ml", line 19, characters 25-40:
Your code has several type errors.  If you ignore other surrounding code, try replacing
    (eval (e1, x, y))
with
    (eval ((e1, x, y)))
The actual replacement has type
    int
within context
    let rec eval (e, x, y) = (match e with 
                              | VarX -> x
                              | VarY -> y
                              | Sine e' -> [[...other program...]]
                              | Cosine e' -> [[...other program...]]
                              | Average (e1, e2) ->
                                ((eval ((e1, x, y))) + (eval (e2, x, y))) / 2
                              | Times (e1, e2) -> [[...other program...]]
                              | Thresh (a, b, c, d) -> [[...other program...]]) ;; 
==============================
Triaged the following locations:
File "1696.ml", line 17, characters 15-43:
File "1696.ml", line 18, characters 17-45:
File "1696.ml", line 20, characters 21-58:
File "1696.ml", line 22, characters 6-96:
And modified the following location:
File "1696.ml", line 19, characters 31-33:
Your code has several type errors.  If you ignore other surrounding code, try replacing
    e1
with
    e1
The actual replacement has type
    expr * int * int
within context
    let rec eval (e, x, y) = (match e with 
                              | VarX -> x
                              | VarY -> y
                              | Sine e' -> [[...other program...]]
                              | Cosine e' -> [[...other program...]]
                              | Average (e1, e2) ->
                                ((eval (e1, x, y)) + (eval (e2, x, y))) / 2
                              | Times (e1, e2) -> [[...other program...]]
                              | Thresh (a, b, c, d) -> [[...other program...]]) ;; 
==============================
Triaged the following locations:
File "1696.ml", line 17, characters 15-43:
File "1696.ml", line 18, characters 17-45:
File "1696.ml", line 20, characters 21-58:
File "1696.ml", line 22, characters 6-96:
And modified the following location:
File "1696.ml", line 19, characters 31-33:
Your code has several type errors.  If you ignore other surrounding code, try replacing
    e1
with
    e
The actual replacement has type
    expr * int * int
within context
    let rec eval (e, x, y) = (match e with 
                              | VarX -> x
                              | VarY -> y
                              | Sine e' -> [[...other program...]]
                              | Cosine e' -> [[...other program...]]
                              | Average (e1, e2) ->
                                ((eval (e, x, y)) + (eval (e2, x, y))) / 2
                              | Times (e1, e2) -> [[...other program...]]
                              | Thresh (a, b, c, d) -> [[...other program...]]) ;; 
==============================
Triaged the following locations:
File "1696.ml", line 17, characters 15-43:
File "1696.ml", line 18, characters 17-45:
File "1696.ml", line 20, characters 21-58:
File "1696.ml", line 22, characters 6-96:
And modified the following location:
File "1696.ml", line 19, characters 35-39:
Your code has several type errors.  If you ignore other surrounding code, try replacing
    e1, x, y
with
    e1, y, x
The actual replacement has type
    expr * int * int
within context
    let rec eval (e, x, y) = (match e with 
                              | VarX -> x
                              | VarY -> y
                              | Sine e' -> [[...other program...]]
                              | Cosine e' -> [[...other program...]]
                              | Average (e1, e2) ->
                                ((eval (e1, y, x)) + (eval (e2, x, y))) / 2
                              | Times (e1, e2) -> [[...other program...]]
                              | Thresh (a, b, c, d) -> [[...other program...]]) ;; 
==============================
Triaged the following locations:
File "1696.ml", line 17, characters 15-43:
File "1696.ml", line 18, characters 17-45:
File "1696.ml", line 20, characters 21-58:
File "1696.ml", line 22, characters 6-96:
And modified the following location:
File "1696.ml", line 19, characters 38-39:
Your code has several type errors.  If you ignore other surrounding code, try replacing
    y
with
    y
The actual replacement has type
    expr * int * int
within context
    let rec eval (e, x, y) = (match e with 
                              | VarX -> x
                              | VarY -> y
                              | Sine e' -> [[...other program...]]
                              | Cosine e' -> [[...other program...]]
                              | Average (e1, e2) ->
                                ((eval (e1, x, y)) + (eval (e2, x, y))) / 2
                              | Times (e1, e2) -> [[...other program...]]
                              | Thresh (a, b, c, d) -> [[...other program...]]) ;; 
==============================
Triaged the following locations:
File "1696.ml", line 17, characters 15-43:
File "1696.ml", line 18, characters 17-45:
File "1696.ml", line 20, characters 21-58:
File "1696.ml", line 22, characters 6-96:
And modified the following location:
File "1696.ml", line 19, characters 35-36:
Your code has several type errors.  If you ignore other surrounding code, try replacing
    x
with
    x
The actual replacement has type
    expr * int * int
within context
    let rec eval (e, x, y) = (match e with 
                              | VarX -> x
                              | VarY -> y
                              | Sine e' -> [[...other program...]]
                              | Cosine e' -> [[...other program...]]
                              | Average (e1, e2) ->
                                ((eval (e1, x, y)) + (eval (e2, x, y))) / 2
                              | Times (e1, e2) -> [[...other program...]]
                              | Thresh (a, b, c, d) -> [[...other program...]]) ;; 
==============================
Triaged the following locations:
File "1696.ml", line 17, characters 15-43:
File "1696.ml", line 18, characters 17-45:
File "1696.ml", line 20, characters 21-58:
File "1696.ml", line 22, characters 6-96:
And modified the following location:
File "1696.ml", line 19, characters 31-36:
Your code has several type errors.  If you ignore other surrounding code, try replacing
    e1, x, y
with
    e1, x, y
The actual replacement has type
    expr * int * int
within context
    let rec eval (e, x, y) = (match e with 
                              | VarX -> x
                              | VarY -> y
                              | Sine e' -> [[...other program...]]
                              | Cosine e' -> [[...other program...]]
                              | Average (e1, e2) ->
                                ((eval (e1, x, y)) + (eval (e2, x, y))) / 2
                              | Times (e1, e2) -> [[...other program...]]
                              | Thresh (a, b, c, d) -> [[...other program...]]) ;; 
==============================
Triaged the following locations:
File "1696.ml", line 17, characters 15-43:
File "1696.ml", line 18, characters 17-45:
File "1696.ml", line 20, characters 21-58:
File "1696.ml", line 22, characters 6-96:
And modified the following location:
File "1696.ml", line 19, characters 25-29:
Your code has several type errors.  If you ignore other surrounding code, try replacing
    eval
with
    eval
The actual replacement has type
    expr * int * int -> int
within context
    let rec eval (e, x, y) = (match e with 
                              | VarX -> x
                              | VarY -> y
                              | Sine e' -> [[...other program...]]
                              | Cosine e' -> [[...other program...]]
                              | Average (e1, e2) ->
                                ((eval (e1, x, y)) + (eval (e2, x, y))) / 2
                              | Times (e1, e2) -> [[...other program...]]
                              | Thresh (a, b, c, d) -> [[...other program...]]) ;; 
==============================
