------------------------------------------------------------------
File "1736.ml", line 5, characters 28-64:
This expression has type ('a -> 'a * bool) * ('a -> 'a * bool)
but is here used with type ('a -> 'a * bool) * 'a
Relevant code: ((let inc f' = f (f b) in inc f), b)
------------------------------------------------------------------
File "1736.ml", line 5, characters 62-63:
Try replacing
    b
with
    not
of type
    ((bool -> bool) -> (bool -> bool) * bool) * (bool -> bool)
within context
    let fixpoint (f, b) = (wwhile ((let inc f' = (f (f b)) in (inc f)), not)) ;; 
==============================
File "1736.ml", line 5, characters 43-44:
Try replacing
    f
with
    wwhile
of type
    (('b -> 'b * bool) -> ('b -> 'b * bool) * bool) * ('b -> 'b * bool) ->
    'b -> 'b * bool
within context
    (wwhile ((let inc f' = (wwhile (f b)) in (inc f)), b))
==============================
File "1736.ml", line 5, characters 62-63:
Try replacing
    b
with
    wwhile
of type
    ((('c -> 'c * bool) * 'c -> 'c) -> (('c -> 'c * bool) * 'c -> 'c) * bool) *
    (('c -> 'c * bool) * 'c -> 'c)
within context
    let fixpoint (f, b) = (wwhile ((let inc f' = (f (f b)) in (inc f)), wwhile)) ;; 
==============================
File "1736.ml", line 5, characters 46-47:
Try replacing
    f
with
    wwhile
of type
    ('d -> 'd * bool) * 'd -> 'd
within context
    (let inc f' = (f (wwhile b)) in (inc f)), b
==============================
File "1736.ml", line 5, characters 46-47:
Try replacing
    f
with
    not
of type
    bool -> bool
within context
    (let inc f' = (f (not b)) in (inc f)), b
==============================
