------------------------------------------------------------------
File "1743.ml", line 6, characters 9-59:
This expression has type ('a -> ((bool -> bool) -> 'a) * bool) * 'b
but is here used with type ('a -> 'a * bool) * 'a
Relevant code: ((let f' b = ((f b), (((f b) not) = b)) in f'), b)
------------------------------------------------------------------
File "1743.ml", line 6, characters 32-37:
Try replacing
    ((f b) not) = b
with
    ((f b) (not = b))
of type
    (bool -> bool) * bool
within context
    (wwhile ((let f' b = (f b), ((f b) (not = b)) in f'), b))
==============================
File "1743.ml", line 6, characters 2-8:
Try replacing
    wwhile
with
    =
of type
    ('c -> ((bool -> bool) -> 'c) * bool) * 'd ->
    ('c -> ((bool -> bool) -> 'c) * bool) * 'd -> bool
within context
    let fixpoint (f, b) = (= ((let f' b = (f b), ((f b) not) = b in f'), b)) ;; 
==============================
File "1743.ml", line 6, characters 24-25:
Try replacing
    f
with
    not
of type
    bool -> bool
within context
    (let f' b = (not b), ((f b) not) = b in f'), b
==============================
File "1743.ml", line 6, characters 45-46:
Try replacing
    b
with
    not
of type
    bool -> bool
within context
    (let f' b = (f b), ((f b) not) = not in f'), b
==============================
File "1743.ml", line 6, characters 45-46:
Try replacing
    b
with
    =
of type
    'e -> 'e -> bool
within context
    (let f' b = (f b), ((f b) not) = = in f'), b
==============================
File "1743.ml", line 6, characters 45-46:
Try replacing
    b
with
    wwhile
of type
    ('f -> 'f * bool) * 'f -> 'f
within context
    (let f' b = (f b), ((f b) not) = wwhile in f'), b
==============================
