------------------------------------------------------------------
File "1780.ml", line 45, characters 12-14:
This expression has type 'a list but is here used with type expr
Relevant code: []
------------------------------------------------------------------
File "1780.ml", line 45, characters 12-14:
Try replacing
    []
with
    []; [[...]]
of type
    expr
within context
    let rec build (rand, depth) =
    (if depth = 0 then (if (rand 0 1) = 0 then (buildX ()) else (buildY ())) else
      (let x = (rand 0 6) in (match x with 
                              | 0 -> (buildX ())
                              | 1 -> (buildY ())
                              | 2 -> (buildSine (build (rand, depth - 1)))
                              | 3 -> (buildCosine (build (rand, depth - 1)))
                              | 4 ->
                                (buildAverage
                                    ((build (rand, depth - 1)),
                                        (build (rand, depth - 1))))
                              | 5 ->
                                (buildTimes
                                    ((build (rand, depth - 1)),
                                        (build (rand, depth - 1))))
                              | 6 ->
                                (buildThresh
                                    ((build (rand, depth - 1)),
                                        (build (rand, depth - 1)),
                                        (build (rand, depth - 1)),
                                        (build (rand, depth - 1))))
                              | _ -> ([]; [[...]]))))
    ;; 
==============================
