------------------------------------------------------------------
File "1785.ml", line 19, characters 38-40:
This expression has type expr but is here used with type expr list
Relevant code: e1
------------------------------------------------------------------
Triaged the following locations:
File "1785.ml", line 17, characters 18-41:
File "1785.ml", line 19, characters 11-70:
File "1785.ml", line 21, characters 11-70:
File "1785.ml", line 23, characters 11-127:
File "1785.ml", line 27, characters 11-91:
File "1785.ml", line 30, characters 11-308:
And modified the following location:
File "1785.ml", line 16, characters 22-23:
Your code has several type errors.  If you ignore other surrounding code, try replacing
    ^
with
    ^; [[...]]
The actual replacement has type
    string -> 'a list -> 'a list
within context
    let rec exprToString e = (match e with 
                              | [] -> []
                              | h :: e' -> (match h with 
                                            | VarX ->
                                              ("x" ^; [[...]] (exprToString e'))
                                            | VarY -> [[...other program...]]
                                            | Sine e1 -> [[...other program...]]
                                            | Cosine e1 -> [[...other program...]]
                                            | Average (e1, e2) ->
                                              [[...other program...]]
                                            | Times (e1, e2) ->
                                              [[...other program...]]
                                            | Thresh (e1, e2, e3, e4) ->
                                              [[...other program...]])) ;; 
==============================
Triaged the following locations:
File "1785.ml", line 16, characters 18-41:
File "1785.ml", line 19, characters 11-70:
File "1785.ml", line 21, characters 11-70:
File "1785.ml", line 23, characters 11-127:
File "1785.ml", line 27, characters 11-91:
File "1785.ml", line 30, characters 11-308:
And modified the following location:
File "1785.ml", line 17, characters 22-23:
Your code has several type errors.  If you ignore other surrounding code, try replacing
    ^
with
    ^; [[...]]
The actual replacement has type
    string -> 'b list -> 'b list
within context
    let rec exprToString e = (match e with 
                              | [] -> []
                              | h :: e' -> (match h with 
                                            | VarX -> [[...other program...]]
                                            | VarY ->
                                              ("y" ^; [[...]] (exprToString e'))
                                            | Sine e1 -> [[...other program...]]
                                            | Cosine e1 -> [[...other program...]]
                                            | Average (e1, e2) ->
                                              [[...other program...]]
                                            | Times (e1, e2) ->
                                              [[...other program...]]
                                            | Thresh (e1, e2, e3, e4) ->
                                              [[...other program...]])) ;; 
==============================
