------------------------------------------------------------------
File "1801.ml", line 4, characters 28-59:
This expression has type bool * 'a but is here used with type
  ('b -> 'b * bool) * 'b
Relevant code: ((let (i,t) = f b in i = b), b)
------------------------------------------------------------------
File "1801.ml", line 4, characters 29-58:
Try replacing
    (let (i, t) = (f b) in i = b), b
with
    b, (let (i, t) = (f b) in i = b)
of type
    (bool -> bool * bool) * bool
within context
    let fixpoint (f, b) = (wwhile (b, (let (i, t) = (f b) in i = b))) ;; 
==============================
File "1801.ml", line 4, characters 21-27:
Try replacing
    wwhile
with
    =
of type
    bool * 'c -> bool * 'c -> bool
within context
    let fixpoint (f, b) = (= ((let (i, t) = (f b) in i = b), b)) ;; 
==============================
File "1801.ml", line 4, characters 51-52:
Try replacing
    =
with
    t
of type
    'd -> 'e -> 'e -> 'e * bool
within context
    fun (f, b) -> (wwhile ((let (i, t) = (f b) in (i t b)), b))
==============================
File "1801.ml", line 4, characters 51-52:
Try replacing
    =
with
    wwhile
of type
    (('f -> 'f -> 'f * bool) -> ('f -> 'f -> 'f * bool) * bool) *
    ('f -> 'f -> 'f * bool) -> 'f -> 'f -> 'f * bool
within context
    fun (f, b) -> (wwhile ((let (i, t) = (f b) in (i wwhile b)), b))
==============================
