------------------------------------------------------------------
File "1802.ml", line 6, characters 28-41:
This expression has type unit * unit but is here used with type
  ('a -> 'a * bool) * 'a
Relevant code: ((fp f b), b)
------------------------------------------------------------------
File "1802.ml", line 6, characters 21-27:
Try replacing
    wwhile
with
    =
of type
    unit * unit -> unit * unit -> bool
within context
    let fixpoint (f, b) = (= ((fp f b), b)) ;; 
==============================
File "1802.ml", line 6, characters 30-32:
Try replacing
    fp
with
    wwhile
of type
    (('b -> 'b -> 'b * bool) -> ('b -> 'b -> 'b * bool) * bool) *
    ('b -> 'b -> 'b * bool) -> 'b -> 'b -> 'b * bool
within context
    let fixpoint (f, b) = (wwhile ((wwhile f b), b)) ;; 
==============================
