------------------------------------------------------------------
File "1896.ml", line 26, characters 20-45:
This expression has type float but is here used with type int
Relevant code: ((eval (a, x, y)) ** 2.0)
------------------------------------------------------------------
File "1896.ml", line 26, characters 46-47:
Try replacing
    +
with
    +; [[...]]
of type
    float -> float -> float
within context
    let rec eval (e, x, y) = (match e with 
                              | VarX -> x
                              | VarY -> y
                              | Sine a -> (sin (pi *. (eval (a, x, y))))
                              | Cosine a -> (cos (pi *. (eval (a, x, y))))
                              | Average (e1, e2) ->
                                (((eval (e1, x, y)) +. (eval (e2, x, y))) /. 2.0)
                              | Times (e1, e2) ->
                                ((eval (e1, x, y)) *. (eval (e2, x, y)))
                              | Thresh (a, b, c, d) ->
                                (if (eval (a, x, y)) < (eval (b, x, y)) then
                                    (eval (c, x, y))
                                    else
                                    (eval (d, x, y)))
                              | SqDist (a, b) ->
                                ((eval (a, x, y)) ** 2.0
                                      +; [[...]] (eval (b, x, y)) ** 2.0)) ;; 
==============================
