------------------------------------------------------------------
File "1989.ml", line 2, characters 70-74:
This expression has type int but is here used with type float
Relevant code: base
------------------------------------------------------------------
File "1989.ml", line 2, characters 48-49:
Try replacing
    0
with
    0; [[...]]
of type
    'a
within context
    let sqsum xs =
    let f a x = a ** x in let base = 0; [[...]] in (List.fold_left f base  xs)
    ;; 
==============================
File "1989.ml", line 2, characters 68-69:
Try replacing
    f
with
    f; [[...]]
of type
    int -> 'b -> int
within context
    let sqsum xs =
    let f a x = a ** x in let base = 0 in (List.fold_left (f; [[...]]) base  xs)
    ;; 
==============================
File "1989.ml", line 2, characters 70-74:
Try replacing
    base
with
    base; [[...]]
of type
    float
within context
    let sqsum xs =
    let f a x = a ** x in let base = 0 in (List.fold_left f (base; [[...]])  xs)
    ;; 
==============================
File "1989.ml", line 2, characters 21-33:
Try replacing
    fun a x -> a ** x
with
    fun a x -> a ** x; [[...]]
of type
    'c
within context
    let sqsum xs =
    let f = fun a x -> a ** x; [[...]] in
      let base = 0 in (List.fold_left f base  xs)
    ;; 
==============================
File "1989.ml", line 2, characters 53-67:
Try replacing
    List.fold_left
with
    List.fold_left; [[...]]
of type
    (float -> float -> float) -> int -> 'd -> 'e
within context
    let sqsum xs =
    let f a x = a ** x in let base = 0 in ((List.fold_left; [[...]]) f base  xs)
    ;; 
==============================
