------------------------------------------------------------------
File "1997.ml", line 17, characters 63-64:
This expression has type int but is here used with type float
Relevant code: 2
------------------------------------------------------------------
File "1997.ml", line 17, characters 63-64:
Try replacing
    2
with
    2; [[...]]
of type
    float
within context
    let rec eval (e, x, y) = (match e with 
                              | VarX -> x
                              | VarY -> y
                              | Sine n -> (sin (3.14 *. (eval (n, x, y))))
                              | Cosine n -> (cos (3.14 *. (eval (n, x, y))))
                              | Average (m, n) ->
                                (((eval (m, x, y)) +. (eval (n, x, y)))
                                      /. 2; [[...]])
                              | Times (m, n) ->
                                ((eval (m, x, y)) *. (eval (n, x, y)))) ;; 
==============================
File "1997.ml", line 17, characters 60-62:
Try replacing
    /.
with
    /.; [[...]]
of type
    float -> int -> float
within context
    let rec eval (e, x, y) = (match e with 
                              | VarX -> x
                              | VarY -> y
                              | Sine n -> (sin (3.14 *. (eval (n, x, y))))
                              | Cosine n -> (cos (3.14 *. (eval (n, x, y))))
                              | Average (m, n) ->
                                (((eval (m, x, y)) +. (eval (n, x, y)))
                                      /.; [[...]] 2)
                              | Times (m, n) ->
                                ((eval (m, x, y)) *. (eval (n, x, y)))) ;; 
==============================
