------------------------------------------------------------------
File "2000.ml", line 33, characters 14-30:
This expression has type float but is here used with type int
Relevant code: (eval (m, x, y))
------------------------------------------------------------------
File "2000.ml", line 33, characters 31-32:
Try replacing
    *
with
    **
of type
    float -> float -> float
within context
    let rec eval (e, x, y) = (match e with 
                              | VarX -> x
                              | VarY -> y
                              | Sine n -> (sin (pi *. (eval (n, x, y))))
                              | Cosine n -> (cos (pi *. (eval (n, x, y))))
                              | Average (m, n) ->
                                (((eval (m, x, y)) +. (eval (n, x, y))) /. 2.0)
                              | Times (m, n) ->
                                ((eval (m, x, y)) *. (eval (n, x, y)))
                              | Thresh (m, n, o, p) ->
                                (if (eval (m, x, y)) < (eval (n, x, y)) then
                                    (eval (o, x, y))
                                    else
                                    (eval (p, x, y)))
                              | Power (m, n) ->
                                (let d = (eval (n, x, y)) in
                                      (if d > 1.0 then (eval (m, x, y)) else
                                          (eval (m, x, y)) ** (eval (n, x, y))))
                              | Op (m, n, o) ->
                                (let d = (eval (m, x, y)) ** (eval (n, x, y)) in
                                      (if d > 0.0 then (d /. d) else
                                          (d /. (eval (o, x, y)))))) ;; 
==============================
