------------------------------------------------------------------
File "2063.ml", line 9, characters 33-54:
This expression has type string * 'a list but is here used with type string
Relevant code: (";", (List.map f l))
------------------------------------------------------------------
File "2063.ml", line 9, characters 33-54:
Try replacing
    (sepConcat (";", (List.map f l)))
with
    (sepConcat ";" (List.map f l))
of type
    string
within context
    let stringOfList f l = (sepConcat ";" (List.map f l)) ;; 
==============================
File "2063.ml", line 9, characters 23-32:
Try replacing
    sepConcat
with
    f
of type
    string * 'b list -> 'b
within context
    let stringOfList f l = (f (";", (List.map f l))) ;; 
==============================
