------------------------------------------------------------------
File "2080.ml", line 14, characters 30-31:
This expression has type 'a list but is here used with type string
Relevant code: w
------------------------------------------------------------------
File "2080.ml", line 14, characters 30-31:
Try replacing
    w
with
    w; [[...]]
of type
    string
within context
    let palindrome w = (match w with 
                        | [] -> true
                        | h :: t ->
                          (let separated = (explode (w; [[...]])) in
                                let reversed = (listReverse separated) in
                                (if w == reversed then true else false))) ;; 
==============================
File "2080.ml", line 14, characters 22-29:
Try replacing
    explode
with
    explode; [[...]]
of type
    'b list -> 'c
within context
    let palindrome w = (match w with 
                        | [] -> true
                        | h :: t ->
                          (let separated = ((explode; [[...]]) w) in
                                let reversed = (listReverse separated) in
                                (if w == reversed then true else false))) ;; 
==============================
