------------------------------------------------------------------
File "2107.ml", line 9, characters 57-66:
This expression has type int list but is here used with type unit
Relevant code: clone 0 n
------------------------------------------------------------------
File "2107.ml", line 8, characters 4-110:
Try replacing
    (if (List.length l2) < (List.length l1) then
      (let n = (List.length l1) - (List.length l2) in (clone 0 n)))
with
    [[...]]
of type
    int list
within context
    let padZero l1 l2 =
    (if (List.length l1) < (List.length l2) then
      (let n = (List.length l2) - (List.length l1) in (clone 0 n))
      else
      [[...]])
    ;; 
==============================
