------------------------------------------------------------------
File "2148.ml", line 32, characters 19-21:
This expression has type float but is here used with type int
Relevant code: pi
------------------------------------------------------------------
Triaged the following locations:
File "2148.ml", line 33, characters 16-43:
File "2148.ml", line 34, characters 21-62:
File "2148.ml", line 35, characters 19-54:
File "2148.ml", line 37, characters 6-140:
And modified the following location:
File "2148.ml", line 32, characters 22-23:
Your code has several type errors.  If you ignore other surrounding code, try replacing
    *
with
    *; [[...]]
The actual replacement has type
    float -> float -> float
within context
    let rec eval (e, x, y) = (match e with 
                              | VarX -> x
                              | VarY -> y
                              | Sine v -> (sin (pi *; [[...]] (eval (v, x, y))))
                              | Cosine v -> [[...other program...]]
                              | Average (v, w) -> [[...other program...]]
                              | Times (v, w) -> [[...other program...]]
                              | Thresh (v, w, x, y) -> [[...other program...]]) ;; 
==============================
Triaged the following locations:
File "2148.ml", line 32, characters 14-41:
File "2148.ml", line 33, characters 16-43:
File "2148.ml", line 35, characters 19-54:
File "2148.ml", line 37, characters 6-140:
And modified the following location:
File "2148.ml", line 34, characters 54-55:
Your code has several type errors.  If you ignore other surrounding code, try replacing
    y
with
    y
The actual replacement has type
    expr * int * int
within context
    let rec eval (e, x, y) = (match e with 
                              | VarX -> x
                              | VarY -> y
                              | Sine v -> [[...other program...]]
                              | Cosine v -> [[...other program...]]
                              | Average (v, w) ->
                                ((eval (v, x, y)) + (eval (w, x, y))) / 2
                              | Times (v, w) -> [[...other program...]]
                              | Thresh (v, w, x, y) -> [[...other program...]]) ;; 
==============================
Triaged the following locations:
File "2148.ml", line 32, characters 14-41:
File "2148.ml", line 34, characters 21-62:
File "2148.ml", line 35, characters 19-54:
File "2148.ml", line 37, characters 6-140:
And modified the following location:
File "2148.ml", line 33, characters 24-25:
Your code has several type errors.  If you ignore other surrounding code, try replacing
    *
with
    *; [[...]]
The actual replacement has type
    float -> float -> float
within context
    let rec eval (e, x, y) = (match e with 
                              | VarX -> x
                              | VarY -> y
                              | Sine v -> [[...other program...]]
                              | Cosine v -> (cos (pi *; [[...]] (eval (v, x, y))))
                              | Average (v, w) -> [[...other program...]]
                              | Times (v, w) -> [[...other program...]]
                              | Thresh (v, w, x, y) -> [[...other program...]]) ;; 
==============================
Triaged the following locations:
File "2148.ml", line 32, characters 14-41:
File "2148.ml", line 33, characters 16-43:
File "2148.ml", line 35, characters 19-54:
File "2148.ml", line 37, characters 6-140:
And modified the following location:
File "2148.ml", line 34, characters 39-40:
Your code has several type errors.  If you ignore other surrounding code, try replacing
    +
with
    /
The actual replacement has type
    int -> int -> int
within context
    let rec eval (e, x, y) = (match e with 
                              | VarX -> x
                              | VarY -> y
                              | Sine v -> [[...other program...]]
                              | Cosine v -> [[...other program...]]
                              | Average (v, w) ->
                                ((eval (v, x, y)) / (eval (w, x, y))) / 2
                              | Times (v, w) -> [[...other program...]]
                              | Thresh (v, w, x, y) -> [[...other program...]]) ;; 
==============================
Triaged the following locations:
File "2148.ml", line 32, characters 14-41:
File "2148.ml", line 33, characters 16-43:
File "2148.ml", line 35, characters 19-54:
File "2148.ml", line 37, characters 6-140:
And modified the following location:
File "2148.ml", line 34, characters 39-40:
Your code has several type errors.  If you ignore other surrounding code, try replacing
    +
with
    +
The actual replacement has type
    int -> int -> int
within context
    let rec eval (e, x, y) = (match e with 
                              | VarX -> x
                              | VarY -> y
                              | Sine v -> [[...other program...]]
                              | Cosine v -> [[...other program...]]
                              | Average (v, w) ->
                                ((eval (v, x, y)) + (eval (w, x, y))) / 2
                              | Times (v, w) -> [[...other program...]]
                              | Thresh (v, w, x, y) -> [[...other program...]]) ;; 
==============================
Triaged the following locations:
File "2148.ml", line 32, characters 14-41:
File "2148.ml", line 33, characters 16-43:
File "2148.ml", line 35, characters 19-54:
File "2148.ml", line 37, characters 6-140:
And modified the following location:
File "2148.ml", line 34, characters 39-40:
Your code has several type errors.  If you ignore other surrounding code, try replacing
    +
with
    *
The actual replacement has type
    int -> int -> int
within context
    let rec eval (e, x, y) = (match e with 
                              | VarX -> x
                              | VarY -> y
                              | Sine v -> [[...other program...]]
                              | Cosine v -> [[...other program...]]
                              | Average (v, w) ->
                                ((eval (v, x, y)) * (eval (w, x, y))) / 2
                              | Times (v, w) -> [[...other program...]]
                              | Thresh (v, w, x, y) -> [[...other program...]]) ;; 
==============================
Triaged the following locations:
File "2148.ml", line 32, characters 14-41:
File "2148.ml", line 33, characters 16-43:
File "2148.ml", line 35, characters 19-54:
File "2148.ml", line 37, characters 6-140:
And modified the following location:
File "2148.ml", line 34, characters 29-30:
Your code has several type errors.  If you ignore other surrounding code, try replacing
    v
with
    w
The actual replacement has type
    expr * int * int
within context
    let rec eval (e, x, y) = (match e with 
                              | VarX -> x
                              | VarY -> y
                              | Sine v -> [[...other program...]]
                              | Cosine v -> [[...other program...]]
                              | Average (v, w) ->
                                ((eval (w, x, y)) + (eval (w, x, y))) / 2
                              | Times (v, w) -> [[...other program...]]
                              | Thresh (v, w, x, y) -> [[...other program...]]) ;; 
==============================
Triaged the following locations:
File "2148.ml", line 32, characters 14-41:
File "2148.ml", line 33, characters 16-43:
File "2148.ml", line 35, characters 19-54:
File "2148.ml", line 37, characters 6-140:
And modified the following location:
File "2148.ml", line 34, characters 23-37:
Your code has several type errors.  If you ignore other surrounding code, try replacing
    (eval (v, x, y))
with
    (eval ((v, x, y)))
The actual replacement has type
    int
within context
    let rec eval (e, x, y) = (match e with 
                              | VarX -> x
                              | VarY -> y
                              | Sine v -> [[...other program...]]
                              | Cosine v -> [[...other program...]]
                              | Average (v, w) ->
                                ((eval ((v, x, y))) + (eval (w, x, y))) / 2
                              | Times (v, w) -> [[...other program...]]
                              | Thresh (v, w, x, y) -> [[...other program...]]) ;; 
==============================
Triaged the following locations:
File "2148.ml", line 32, characters 14-41:
File "2148.ml", line 33, characters 16-43:
File "2148.ml", line 35, characters 19-54:
File "2148.ml", line 37, characters 6-140:
And modified the following location:
File "2148.ml", line 34, characters 29-30:
Your code has several type errors.  If you ignore other surrounding code, try replacing
    v
with
    v
The actual replacement has type
    expr * int * int
within context
    let rec eval (e, x, y) = (match e with 
                              | VarX -> x
                              | VarY -> y
                              | Sine v -> [[...other program...]]
                              | Cosine v -> [[...other program...]]
                              | Average (v, w) ->
                                ((eval (v, x, y)) + (eval (w, x, y))) / 2
                              | Times (v, w) -> [[...other program...]]
                              | Thresh (v, w, x, y) -> [[...other program...]]) ;; 
==============================
Triaged the following locations:
File "2148.ml", line 32, characters 14-41:
File "2148.ml", line 33, characters 16-43:
File "2148.ml", line 35, characters 19-54:
File "2148.ml", line 37, characters 6-140:
And modified the following location:
File "2148.ml", line 34, characters 29-30:
Your code has several type errors.  If you ignore other surrounding code, try replacing
    v
with
    e
The actual replacement has type
    expr * int * int
within context
    let rec eval (e, x, y) = (match e with 
                              | VarX -> x
                              | VarY -> y
                              | Sine v -> [[...other program...]]
                              | Cosine v -> [[...other program...]]
                              | Average (v, w) ->
                                ((eval (e, x, y)) + (eval (w, x, y))) / 2
                              | Times (v, w) -> [[...other program...]]
                              | Thresh (v, w, x, y) -> [[...other program...]]) ;; 
==============================
Triaged the following locations:
File "2148.ml", line 32, characters 14-41:
File "2148.ml", line 33, characters 16-43:
File "2148.ml", line 35, characters 19-54:
File "2148.ml", line 37, characters 6-140:
And modified the following location:
File "2148.ml", line 34, characters 32-33:
Your code has several type errors.  If you ignore other surrounding code, try replacing
    x
with
    x
The actual replacement has type
    expr * int * int
within context
    let rec eval (e, x, y) = (match e with 
                              | VarX -> x
                              | VarY -> y
                              | Sine v -> [[...other program...]]
                              | Cosine v -> [[...other program...]]
                              | Average (v, w) ->
                                ((eval (v, x, y)) + (eval (w, x, y))) / 2
                              | Times (v, w) -> [[...other program...]]
                              | Thresh (v, w, x, y) -> [[...other program...]]) ;; 
==============================
Triaged the following locations:
File "2148.ml", line 32, characters 14-41:
File "2148.ml", line 33, characters 16-43:
File "2148.ml", line 35, characters 19-54:
File "2148.ml", line 37, characters 6-140:
And modified the following location:
File "2148.ml", line 34, characters 32-33:
Your code has several type errors.  If you ignore other surrounding code, try replacing
    x
with
    y
The actual replacement has type
    expr * int * int
within context
    let rec eval (e, x, y) = (match e with 
                              | VarX -> x
                              | VarY -> y
                              | Sine v -> [[...other program...]]
                              | Cosine v -> [[...other program...]]
                              | Average (v, w) ->
                                ((eval (v, y, y)) + (eval (w, x, y))) / 2
                              | Times (v, w) -> [[...other program...]]
                              | Thresh (v, w, x, y) -> [[...other program...]]) ;; 
==============================
Triaged the following locations:
File "2148.ml", line 32, characters 14-41:
File "2148.ml", line 33, characters 16-43:
File "2148.ml", line 35, characters 19-54:
File "2148.ml", line 37, characters 6-140:
And modified the following location:
File "2148.ml", line 34, characters 35-36:
Your code has several type errors.  If you ignore other surrounding code, try replacing
    y
with
    y
The actual replacement has type
    expr * int * int
within context
    let rec eval (e, x, y) = (match e with 
                              | VarX -> x
                              | VarY -> y
                              | Sine v -> [[...other program...]]
                              | Cosine v -> [[...other program...]]
                              | Average (v, w) ->
                                ((eval (v, x, y)) + (eval (w, x, y))) / 2
                              | Times (v, w) -> [[...other program...]]
                              | Thresh (v, w, x, y) -> [[...other program...]]) ;; 
==============================
Triaged the following locations:
File "2148.ml", line 32, characters 14-41:
File "2148.ml", line 33, characters 16-43:
File "2148.ml", line 35, characters 19-54:
File "2148.ml", line 37, characters 6-140:
And modified the following location:
File "2148.ml", line 34, characters 35-36:
Your code has several type errors.  If you ignore other surrounding code, try replacing
    y
with
    x
The actual replacement has type
    expr * int * int
within context
    let rec eval (e, x, y) = (match e with 
                              | VarX -> x
                              | VarY -> y
                              | Sine v -> [[...other program...]]
                              | Cosine v -> [[...other program...]]
                              | Average (v, w) ->
                                ((eval (v, x, x)) + (eval (w, x, y))) / 2
                              | Times (v, w) -> [[...other program...]]
                              | Thresh (v, w, x, y) -> [[...other program...]]) ;; 
==============================
Triaged the following locations:
File "2148.ml", line 32, characters 14-41:
File "2148.ml", line 33, characters 16-43:
File "2148.ml", line 35, characters 19-54:
File "2148.ml", line 37, characters 6-140:
And modified the following location:
File "2148.ml", line 34, characters 32-36:
Your code has several type errors.  If you ignore other surrounding code, try replacing
    v, x, y
with
    v, y, x
The actual replacement has type
    expr * int * int
within context
    let rec eval (e, x, y) = (match e with 
                              | VarX -> x
                              | VarY -> y
                              | Sine v -> [[...other program...]]
                              | Cosine v -> [[...other program...]]
                              | Average (v, w) ->
                                ((eval (v, y, x)) + (eval (w, x, y))) / 2
                              | Times (v, w) -> [[...other program...]]
                              | Thresh (v, w, x, y) -> [[...other program...]]) ;; 
==============================
