------------------------------------------------------------------
File "2223.ml", line 7, characters 23-26:
This function is applied to too many arguments,
maybe you forgot a `;'
Relevant code: not
------------------------------------------------------------------
File "2223.ml", line 7, characters 23-35:
Try replacing
    (not List.mem h  l)
with
    (not (List.mem h l))
of type
    bool
within context
    let rec helper (seen, rest) = (match rest with 
                                   | [] -> seen
                                   | h :: t ->
                                     (let seen' =
                                           (if (not (List.mem h l)) then h :: seen
                                             else
                                             seen)
                                           in
                                           let rest' = t in
                                           (helper
                                               (seen',
                                                   rest')))) in (List.rev
          (helper ([], l)))
==============================
