------------------------------------------------------------------
File "2230.ml", line 23, characters 18-44:
This expression has type int but is here used with type 'a * 'b
Relevant code: List.fold_left f base args
------------------------------------------------------------------
File "2230.ml", line 23, characters 18-32:
Try replacing
    List.fold_left
with
    f
of type
    ('c -> 'd -> 'e) -> int -> int list -> 'f * 'g
within context
    let f a x = (failwith "to be implemented") in
      let base = 0 in
      let args =
      let combine (a, b) = a + b in
        (List.map combine (List.rev (List.combine l1 l2)))
      in
      let (_, res) = (f f base  args) in res
==============================
