------------------------------------------------------------------
File "2319.ml", line 28, characters 17-29:
This function is applied to too many arguments,
maybe you forgot a `;'
Relevant code: exprToString
------------------------------------------------------------------
File "2319.ml", line 28, characters 17-29:
Try replacing
    exprToString
with
    exprToString; [[...]]
of type
    expr ->
    string ->
    (expr -> string) -> expr -> string
within context
    let rec exprToString e = (match e with 
                              | VarX -> "x"
                              | VarY -> "y"
                              | Sine e -> "sin(pi*" ^ ((exprToString e) ^ ")")
                              | Cosine e -> "cos(pi*" ^ ((exprToString e) ^ ")")
                              | Average (x, y) ->
                                "((" ^
                                    ((exprToString y) ^
                                        ("+" ^ ((exprToString y) ^ ")/2)")))
                              | Times (x, y) ->
                                (exprToString x) ^ ("*" ^ (exprToString y))
                              | Thresh (w, x, y, z) ->
                                "(" ^
                                    ((exprToString w) ^
                                        ("<" ^
                                            ((exprToString x) ^
                                                ("?" ^
                                                    ((exprToString y) ^
                                                        (":" ^
                                                            (exprToString z)))))))
                              | Squares e ->
                                ((exprToString; [[...]]) e "*"  exprToString  e)
                              | Volume (l, w, h) ->
                                "(" ^
                                    ((exprToString e) ^
                                        ("*(" ^
                                            ((exprToString e) ^
                                                (")*" ^
                                                    ((exprToString e)
                                                        ^ ")")))))) ;; 
==============================
