------------------------------------------------------------------
File "2399.ml", line 21, characters 57-68:
This expression has type char list but is here used with type 'a list list
Relevant code: (explode w)
------------------------------------------------------------------
File "2399.ml", line 21, characters 57-68:
Try replacing
    (explode w)
with
    (explode w); [[...]]
of type
    'b list list
within context
    let palindrome w = (match (explode w) with 
                        | [] -> true
                        | h :: t -> (matchHeads ((explode w); [[...]]))) ;; 
==============================
File "2399.ml", line 21, characters 46-56:
Try replacing
    matchHeads
with
    matchHeads; [[...]]
of type
    char list -> bool
within context
    let palindrome w = (match (explode w) with 
                        | [] -> true
                        | h :: t -> ((matchHeads; [[...]]) (explode w))) ;; 
==============================
