------------------------------------------------------------------
File "2443.ml", line 24, characters 35-39:
This expression has type 'a list * 'b list but is here used with type
  int * int list
Relevant code: base
------------------------------------------------------------------
File "2443.ml", line 24, characters 33-34:
Try replacing
    f
with
    f; [[...]]
of type
    'c list * 'd list -> 'e * 'f -> 'c list * 'd list
within context
    let f a x =
      let (l1x, l2x) = x in
        let (a1, a2) = a in let sum = l1x + l2x in 0, (mod sum 10) :: a2
      in
      let base = [], [] in
      let args = (List.rev (List.combine l1 l2)) in
      let (_, res) = (List.fold_left (f; [[...]]) base  args) in res
==============================
File "2443.ml", line 24, characters 35-39:
Try replacing
    base
with
    base; [[...]]
of type
    int * int list
within context
    let f a x =
      let (l1x, l2x) = x in
        let (a1, a2) = a in let sum = l1x + l2x in 0, (mod sum 10) :: a2
      in
      let base = [], [] in
      let args = (List.rev (List.combine l1 l2)) in
      let (_, res) = (List.fold_left f (base; [[...]])  args) in res
==============================
File "2443.ml", line 22, characters 15-23:
Try replacing
    [], []
with
    [], []; [[...]]
of type
    'g
within context
    fun l2 ->
      (let add (l1, l2) =
          let f a x =
            let (l1x, l2x) = x in
              let (a1, a2) = a in let sum = l1x + l2x in 0, (mod sum 10) :: a2
            in
            let base = [], []; [[...]] in
            let args = (List.rev (List.combine l1 l2)) in
            let (_, res) = (List.fold_left f base  args) in res
          in
          (removeZero (add (padZero l1 l2))))
==============================
File "2443.ml", line 24, characters 18-32:
Try replacing
    List.fold_left
with
    List.fold_left; [[...]]
of type
    ('h * int list -> int * int -> int * int list) ->
    'i list * 'j list -> ('k * 'l) list -> 'm * 'n
within context
    let f a x =
      let (l1x, l2x) = x in
        let (a1, a2) = a in let sum = l1x + l2x in 0, (mod sum 10) :: a2
      in
      let base = [], [] in
      let args = (List.rev (List.combine l1 l2)) in
      let (_, res) = ((List.fold_left; [[...]]) f base  args) in res
==============================
File "2443.ml", line 19, characters 10-116:
Try replacing
    fun a
      x ->
        (let (l1x, l2x) = x in
            let (a1, a2) = a in let sum = l1x + l2x in 0, (mod sum 10) :: a2)
with
    fun a
      x ->
        (let (l1x, l2x) = x in
            let (a1, a2) = a in let sum = l1x + l2x in 0, (mod sum 10) :: a2);
    [[...]]
of type
    'o
==============================
