------------------------------------------------------------------
File "2457.ml", line 3, characters 59-60:
This expression has type ('a -> 'b) -> 'c -> 'a -> 'a -> 'b
but is here used with type ('a -> 'b) -> 'c -> 'a -> 'b
Relevant code: f
------------------------------------------------------------------
File "2457.ml", line 3, characters 8-11:
Try replacing
    fun a x mb x -> (a x)
with
    fun x a mb x -> (a x)
of type
    'd -> ('e -> 'f) -> 'g -> 'e -> 'f
within context
    let pipe fs =
    let f x a mb x = (a x) in let base x = x in (List.fold_left f base  fs)
    ;; 
==============================
File "2457.ml", line 3, characters 44-60:
Try replacing
    (List.fold_left f base  fs)
with
    (List.fold_left (f base fs))
of type
    'h -> 'h list -> 'h
within context
    let pipe fs =
    let f a x mb x = (a x) in let base x = x in (List.fold_left (f base fs))
    ;; 
==============================
File "2457.ml", line 3, characters 44-58:
Try replacing
    List.fold_left
with
    f
of type
    (('i -> 'j) -> 'k -> 'l -> 'i -> 'j) ->
    ('m -> 'm) -> 'n -> ('i -> 'j) -> 'k -> 'l -> 'i -> 'j
within context
    let pipe fs = let f a x mb x = (a x) in let base x = x in (f f base  fs) ;; 
==============================
File "2457.ml", line 3, characters 44-58:
Try replacing
    List.fold_left
with
    base
of type
    (('o -> 'o) -> 'p -> 'q -> 'o -> 'o) -> ('o -> 'o) -> 'p -> 'q -> 'o -> 'o
within context
    let pipe fs = let f a x mb x = (a x) in let base x = x in (base f base  fs) ;; 
==============================
File "2457.ml", line 3, characters 19-20:
Try replacing
    a
with
    List.fold_left
of type
    ('r -> 's -> 'r) -> 'r -> 's list -> 'r
within context
    fun a x mb x -> (List.fold_left x)
==============================
File "2457.ml", line 3, characters 19-20:
Try replacing
    a
with
    mb
of type
    't -> 'u
within context
    fun a x mb x -> (mb x)
==============================
