------------------------------------------------------------------
File "2515.ml", line 6, characters 9-64:
This expression has type ('a * bool) * 'a but is here used with type
  ('b -> 'b * bool) * 'b
Relevant code: ((let func output = ((f b), ((f b) = b)) in func b), b)
------------------------------------------------------------------
File "2515.ml", line 6, characters 20-49:
Try replacing
    fun output -> ((f b), (f b) = b)
with
    fun output _ -> ((f b), (f b) = b)
of type
    'c -> 'd -> 'e * bool
within context
    let fixpoint (f, b) =
    (wwhile ((let func output _ = (f b), (f b) = b in (func b)), b))
    ;; 
==============================
File "2515.ml", line 6, characters 20-49:
Try replacing
    fun output -> ((f b), (f b) = b)
with
    fun _ output -> ((f b), (f b) = b)
of type
    'f -> 'g -> 'h * bool
within context
    let fixpoint (f, b) =
    (wwhile ((let func _ output = (f b), (f b) = b in (func b)), b))
    ;; 
==============================
File "2515.ml", line 6, characters 2-8:
Try replacing
    wwhile
with
    =
of type
    ('i * bool) * 'i -> ('i * bool) * 'i -> bool
within context
    let fixpoint (f, b) = (= ((let func output = (f b), (f b) = b in (func b)), b))
    ;; 
==============================
