------------------------------------------------------------------
File "2523.ml", line 7, characters 66-67:
This expression has type 'a but is here used with type 'a list
Relevant code: h
------------------------------------------------------------------
File "2523.ml", line 7, characters 20-68:
Try replacing
    (if (List.mem h seen) then [seen] else [seen] @ [h])
with
    [[...]]
of type
    'b
within context
    fun l -> (let rec helper (seen, rest) = (match rest with 
                                             | [] -> seen
                                             | h :: t ->
                                               (let seen' = [[...]] in
                                                     let rest' = t in
                                                     (helper
                                                         (seen',
                                                             rest')))) in (List.rev
              (helper ([], l))))
==============================
