------------------------------------------------------------------
File "2538.ml", line 21, characters 13-34:
This expression has type int but is here used with type int list
Relevant code: (add (padZero l1 l2))
------------------------------------------------------------------
File "2538.ml", line 21, characters 2-12:
Try replacing
    removeZero
with
    +
of type
    int -> int -> int
within context
    let bigAdd l1 l2 = let add (l1, l2) = let f a x = (match x with 
                                                       | (j, k) ->
                                                         (if j + k > 10 then
                                                             1, (j + k) - 10
                                                             else
                                                             0,
                                                               j
                                                                 +
                                                                 k)) in let base =
        0, 0
        in
        let args = (List.rev (List.combine l1 l2)) in
        let (_, res) = (List.fold_left f base  args) in
        res in (+ (add (padZero l1 l2))) ;; 
==============================
File "2538.ml", line 21, characters 2-12:
Try replacing
    removeZero
with
    >
of type
    int -> int -> bool
within context
    let bigAdd l1 l2 = let add (l1, l2) = let f a x = (match x with 
                                                       | (j, k) ->
                                                         (if j + k > 10 then
                                                             1, (j + k) - 10
                                                             else
                                                             0,
                                                               j
                                                                 +
                                                                 k)) in let base =
        0, 0
        in
        let args = (List.rev (List.combine l1 l2)) in
        let (_, res) = (List.fold_left f base  args) in
        res in (> (add (padZero l1 l2))) ;; 
==============================
File "2538.ml", line 21, characters 2-12:
Try replacing
    removeZero
with
    -
of type
    int -> int -> int
within context
    let bigAdd l1 l2 = let add (l1, l2) = let f a x = (match x with 
                                                       | (j, k) ->
                                                         (if j + k > 10 then
                                                             1, (j + k) - 10
                                                             else
                                                             0,
                                                               j
                                                                 +
                                                                 k)) in let base =
        0, 0
        in
        let args = (List.rev (List.combine l1 l2)) in
        let (_, res) = (List.fold_left f base  args) in
        res in (- (add (padZero l1 l2))) ;; 
==============================
File "2538.ml", line 21, characters 2-12:
Try replacing
    removeZero
with
    clone
of type
    int -> int -> int list
within context
    let bigAdd l1 l2 = let add (l1, l2) = let f a x = (match x with 
                                                       | (j, k) ->
                                                         (if j + k > 10 then
                                                             1, (j + k) - 10
                                                             else
                                                             0,
                                                               j
                                                                 +
                                                                 k)) in let base =
        0, 0
        in
        let args = (List.rev (List.combine l1 l2)) in
        let (_, res) = (List.fold_left f base  args) in
        res in (clone (add (padZero l1 l2))) ;; 
==============================
