------------------------------------------------------------------
File "2592.ml", line 4, characters 28-61:
This expression has type (('a -> 'a) -> ('a -> 'a) * bool) * 'a
but is here used with type (('a -> 'a) -> ('a -> 'a) * bool) * ('a -> 'a)
Relevant code: ((fun x  -> (f, (b = (f b)))), b)
------------------------------------------------------------------
File "2592.ml", line 4, characters 21-27:
Try replacing
    wwhile
with
    =
of type
    ('b -> ('c -> 'c) * bool) * 'c -> ('b -> ('c -> 'c) * bool) * 'c -> bool
within context
    let fixpoint (f, b) = (= ((fun x -> (f, b = (f b))), b)) ;; 
==============================
File "2592.ml", line 4, characters 59-60:
Try replacing
    b
with
    f
of type
    (('d -> 'd) -> ('d -> 'd) * bool) * ('d -> 'd)
within context
    let fixpoint (f, b) = (wwhile ((fun x -> (f, b = (f b))), f)) ;; 
==============================
File "2592.ml", line 4, characters 41-42:
Try replacing
    f
with
    =
of type
    ('e -> 'e -> bool) * bool
within context
    fun (f, b) -> (wwhile ((fun x -> (=, b = (f b))), b))
==============================
File "2592.ml", line 4, characters 41-42:
Try replacing
    f
with
    x
of type
    'f * bool
within context
    fun (f, b) -> (wwhile ((fun x -> (x, b = (f b))), b))
==============================
File "2592.ml", line 4, characters 41-42:
Try replacing
    f
with
    wwhile
of type
    (('g -> 'g * bool) * 'g -> 'g) * bool
within context
    fun (f, b) -> (wwhile ((fun x -> (wwhile, b = (f b))), b))
==============================
File "2592.ml", line 4, characters 41-42:
Try replacing
    f
with
    b
of type
    'h * bool
within context
    fun (f, b) -> (wwhile ((fun x -> (b, b = (f b))), b))
==============================
