------------------------------------------------------------------
File "2606.ml", line 17, characters 18-44:
This expression has type (int * int) list but is here used with type 'a * 'b
Relevant code: List.fold_left f base args
------------------------------------------------------------------
File "2606.ml", line 17, characters 18-44:
Try replacing
    (List.fold_left f base  args)
with
    (List.fold_left f base  args); [[...]]
of type
    'c * 'd
within context
    fun (l1, l2) -> (let f a x = (match x with 
                                  | (x, y) ->
                                    [0, x + y
                                          ]) in let base = [] in
          let args = (List.combine (List.rev l1) (List.rev l2)) in
          let (_, res) = (List.fold_left f base  args); [[...]] in res)
==============================
