------------------------------------------------------------------
File "2618.ml", line 3, characters 58-59:
This expression has type 'a -> 'b -> ('b -> 'a -> 'c) -> 'c
but is here used with type 'a -> 'b -> 'a
Relevant code: f
------------------------------------------------------------------
File "2618.ml", line 3, characters 43-57:
Try replacing
    List.fold_left
with
    base
of type
    (('d -> 'd) -> 'e -> ('e -> ('d -> 'd) -> 'f) -> 'f) ->
    ('d -> 'd) -> 'e -> ('e -> ('d -> 'd) -> 'f) -> 'f
within context
    let pipe fs = let f a x y = (y x a) in let base y = y in (base f base  fs) ;; 
==============================
File "2618.ml", line 3, characters 43-57:
Try replacing
    List.fold_left
with
    f
of type
    ('g -> 'h -> ('h -> 'g -> 'i) -> 'i) ->
    ('j -> 'j) ->
    (('j -> 'j) -> ('g -> 'h -> ('h -> 'g -> 'i) -> 'i) -> 'k) -> 'k
within context
    let pipe fs = let f a x y = (y x a) in let base y = y in (f f base  fs) ;; 
==============================
