------------------------------------------------------------------
File "2664.ml", line 4, characters 52-59:
This expression has type ('a -> bool) * 'b but is here used with type
  ('a -> 'a * bool) * 'a
Relevant code: (f', b)
------------------------------------------------------------------
File "2664.ml", line 4, characters 33-34:
Try replacing
    (f b) = b
with
    (f (b = b))
of type
    'c * bool
within context
    let fixpoint (f, b) = let f' b = (f (b = b)) in (wwhile (f', b)) ;; 
==============================
File "2664.ml", line 4, characters 53-58:
Try replacing
    f', b
with
    b, f'
of type
    (('d -> bool) -> ('d -> bool) * bool) * ('d -> bool)
within context
    let fixpoint (f, b) = let f' b = (f b) = b in (wwhile (b, f')) ;; 
==============================
File "2664.ml", line 4, characters 45-51:
Try replacing
    wwhile
with
    =
of type
    ('e -> bool) * 'f -> ('e -> bool) * 'f -> bool
within context
    let fixpoint (f, b) = let f' b = (f b) = b in (= (f', b)) ;; 
==============================
File "2664.ml", line 4, characters 38-39:
Try replacing
    =
with
    wwhile
of type
    (('g -> 'g * bool) -> ('g -> 'g * bool) * bool) * ('g -> 'g * bool) ->
    'g -> 'g * bool
within context
    let fixpoint (f, b) = let f' b = ((f b) wwhile b) in (wwhile (f', b)) ;; 
==============================
