------------------------------------------------------------------
File "2709.ml", line 19, characters 21-59:
This expression has type float but is here used with type int
Relevant code: ((eval (a, x, y)) +. (eval (b, x, y)))
------------------------------------------------------------------
File "2709.ml", line 19, characters 60-61:
Try replacing
    /
with
    /; [[...]]
of type
    float -> int -> float
within context
    let rec eval (e, x, y) = (match e with 
                              | VarX -> x
                              | VarY -> y
                              | Sine a -> (sin (pi *. (eval (a, x, y))))
                              | Cosine a -> (cos (pi *. (eval (a, x, y))))
                              | Average (a, b) ->
                                (((eval (a, x, y)) +. (eval (b, x, y)))
                                      /; [[...]] 2)
                              | Times (a, b) ->
                                ((eval (a, x, y)) *. (eval (b, x, y)))
                              | Thresh (a, b, c, d) ->
                                (if (eval (a, x, y)) < (eval (b, x, y)) then
                                    (eval (c, x, y))
                                    else
                                    (eval (d, x, y)))) ;; 
==============================
Triaged the following locations:
File "2709.ml", line 17, characters 14-42:
File "2709.ml", line 18, characters 16-44:
File "2709.ml", line 20, characters 19-55:
File "2709.ml", line 22, characters 6-96:
And modified the following location:
File "2709.ml", line 19, characters 39-41:
Your code has several type errors.  If you ignore other surrounding code, try replacing
    +.
with
    /
The actual replacement has type
    int -> int -> int
within context
    let rec eval (e, x, y) = (match e with 
                              | VarX -> x
                              | VarY -> y
                              | Sine a -> [[...other program...]]
                              | Cosine a -> [[...other program...]]
                              | Average (a, b) ->
                                ((eval (a, x, y)) / (eval (b, x, y))) / 2
                              | Times (a, b) -> [[...other program...]]
                              | Thresh (a, b, c, d) -> [[...other program...]]) ;; 
==============================
Triaged the following locations:
File "2709.ml", line 17, characters 14-42:
File "2709.ml", line 18, characters 16-44:
File "2709.ml", line 20, characters 19-55:
File "2709.ml", line 22, characters 6-96:
And modified the following location:
File "2709.ml", line 19, characters 39-41:
Your code has several type errors.  If you ignore other surrounding code, try replacing
    +.
with
    +.; [[...]]
The actual replacement has type
    int -> int -> int
within context
    let rec eval (e, x, y) = (match e with 
                              | VarX -> x
                              | VarY -> y
                              | Sine a -> [[...other program...]]
                              | Cosine a -> [[...other program...]]
                              | Average (a, b) ->
                                ((eval (a, x, y)) +.; [[...]] (eval (b, x, y))) / 2
                              | Times (a, b) -> [[...other program...]]
                              | Thresh (a, b, c, d) -> [[...other program...]]) ;; 
==============================
