------------------------------------------------------------------
File "2714.ml", line 5, characters 66-76:
This expression has type ('a * bool) * 'a but is here used with type
  ('b -> 'b * bool) * 'b
Relevant code: ((g b), b)
------------------------------------------------------------------
File "2714.ml", line 5, characters 16-62:
Try replacing
    fun x -> (let calcfx = (f x) in calcfx, calcfx = x)
with
    fun _ x -> (let calcfx = (f x) in calcfx, calcfx = x)
of type
    'c -> 'd -> 'd * bool
within context
    let fixpoint (f, b) =
    (wwhile (let g _ x = let calcfx = (f x) in calcfx, calcfx = x in (g b), b))
    ;; 
==============================
File "2714.ml", line 5, characters 16-62:
Try replacing
    fun x -> (let calcfx = (f x) in calcfx, calcfx = x)
with
    fun x _ -> (let calcfx = (f x) in calcfx, calcfx = x)
of type
    'e -> 'f -> 'e * bool
within context
    let fixpoint (f, b) =
    (wwhile (let g x _ = let calcfx = (f x) in calcfx, calcfx = x in (g b), b))
    ;; 
==============================
File "2714.ml", line 5, characters 2-8:
Try replacing
    wwhile
with
    =
of type
    ('g * bool) * 'g -> ('g * bool) * 'g -> bool
within context
    let fixpoint (f, b) =
    (= (let g x = let calcfx = (f x) in calcfx, calcfx = x in (g b), b))
    ;; 
==============================
