------------------------------------------------------------------
File "2716.ml", line 4, characters 28-64:
This expression has type (('a -> 'a) -> 'a -> bool) * 'b
but is here used with type (('a -> 'a) -> ('a -> 'a) * bool) * ('a -> 'a)
Relevant code: ((fun f  -> fun x  -> x = (f x)), b)
------------------------------------------------------------------
File "2716.ml", line 4, characters 21-27:
Try replacing
    wwhile
with
    =
of type
    (('c -> 'c) -> 'c -> bool) * 'd -> (('c -> 'c) -> 'c -> bool) * 'd -> bool
within context
    let fixpoint (f, b) = (= ((fun f x -> x = (f x)), b)) ;; 
==============================
File "2716.ml", line 4, characters 21-27:
Try replacing
    wwhile
with
    f
of type
    (('e -> 'e) -> 'e -> bool) * 'f -> 'g
within context
    let fixpoint (f, b) = (f ((fun f x -> x = (f x)), b)) ;; 
==============================
