------------------------------------------------------------------
File "2721.ml", line 7, characters 54-58:
This expression has type 'a list but is here used with type 'a
Relevant code: seen
------------------------------------------------------------------
File "2721.ml", line 7, characters 54-63:
Try replacing
    seen :: h
with
    [[...]]
of type
    'b list
within context
    let rec helper (seen, rest) = (match rest with 
                                   | [] -> seen
                                   | h :: t ->
                                     (let seen' =
                                           (if (List.mem h seen) then seen else
                                             [[...]])
                                           in
                                           let rest' = t in
                                           (helper
                                               (seen',
                                                   rest')))) in (List.rev
          (helper ([], l)))
==============================
