------------------------------------------------------------------
File "2744.ml", line 40, characters 13-34:
This expression has type int * int list but is here used with type int list
Relevant code: (add (padZero l1 l2))
------------------------------------------------------------------
File "2744.ml", line 40, characters 2-12:
Try replacing
    removeZero
with
    =
of type
    int * int list -> int * int list -> bool
within context
    let bigAdd l1 l2 = let add (l1, l2) = let f a x = (match x with 
                                                       | (x1, x2) -> (match a with 
                                                                      | (car, cur)
                                                                        ->
                                                                        (match cur
                                                                         with
                                                                         
                                                                         | [] ->
                                                                           (if
                                                                               (car
                                                                                       +
                                                                                       x1)
                                                                                   +
                                                                                   x2
                                                                                 >
                                                                                 10
                                                                               then
                                                                               car
                                                                                   +
                                                                                   1
                                                                                 ,
                                                                                 [
                                                                                       car
                                                                                         +
                                                                                         1
                                                                                       ]
                                                                                   @
                                                                                   [
                                                                                       ((remain
                                                                                               car)
                                                                                             +
                                                                                             x1)
                                                                                         +
                                                                                         x2
                                                                                       ]
                                                                               else
                                                                               0,
                                                                                 [
                                                                                       car
                                                                                       ]
                                                                                   @
                                                                                   [
                                                                                       (car
                                                                                             +
                                                                                             x1)
                                                                                         +
                                                                                         x2
                                                                                       ])
                                                                         | h :: t ->
                                                                           (if
                                                                               (x1
                                                                                       +
                                                                                       x2)
                                                                                   +
                                                                                   h
                                                                                 <
                                                                                 10
                                                                               then
                                                                               0,
                                                                                 [0]
                                                                                   @
                                                                                   ([
                                                                                           (x1
                                                                                                 +
                                                                                                 x2)
                                                                                             +
                                                                                             h
                                                                                           ]
                                                                                       @
                                                                                       t)
                                                                               else
                                                                               car
                                                                                   +
                                                                                   1
                                                                                 ,
                                                                                 [
                                                                                       ((carry
                                                                                               h)
                                                                                             +
                                                                                             x1)
                                                                                         +
                                                                                         x2
                                                                                       ]
                                                                                   @
                                                                                   ([
                                                                                           ((remain
                                                                                                   h)
                                                                                                 +
                                                                                                 x1)
                                                                                             +
                                                                                             x2
                                                                                           ]
                                                                                       @
                                                                                       t))))) in let
        base
        =
        0, []
        in
        let args = (List.rev (List.combine l1 l2)) in
        (List.fold_left f base  args) in (= (add (padZero l1 l2))) ;; 
==============================
File "2744.ml", line 40, characters 2-12:
Try replacing
    removeZero
with
    <
of type
    int * int list -> int * int list -> bool
within context
    let bigAdd l1 l2 = let add (l1, l2) = let f a x = (match x with 
                                                       | (x1, x2) -> (match a with 
                                                                      | (car, cur)
                                                                        ->
                                                                        (match cur
                                                                         with
                                                                         
                                                                         | [] ->
                                                                           (if
                                                                               (car
                                                                                       +
                                                                                       x1)
                                                                                   +
                                                                                   x2
                                                                                 >
                                                                                 10
                                                                               then
                                                                               car
                                                                                   +
                                                                                   1
                                                                                 ,
                                                                                 [
                                                                                       car
                                                                                         +
                                                                                         1
                                                                                       ]
                                                                                   @
                                                                                   [
                                                                                       ((remain
                                                                                               car)
                                                                                             +
                                                                                             x1)
                                                                                         +
                                                                                         x2
                                                                                       ]
                                                                               else
                                                                               0,
                                                                                 [
                                                                                       car
                                                                                       ]
                                                                                   @
                                                                                   [
                                                                                       (car
                                                                                             +
                                                                                             x1)
                                                                                         +
                                                                                         x2
                                                                                       ])
                                                                         | h :: t ->
                                                                           (if
                                                                               (x1
                                                                                       +
                                                                                       x2)
                                                                                   +
                                                                                   h
                                                                                 <
                                                                                 10
                                                                               then
                                                                               0,
                                                                                 [0]
                                                                                   @
                                                                                   ([
                                                                                           (x1
                                                                                                 +
                                                                                                 x2)
                                                                                             +
                                                                                             h
                                                                                           ]
                                                                                       @
                                                                                       t)
                                                                               else
                                                                               car
                                                                                   +
                                                                                   1
                                                                                 ,
                                                                                 [
                                                                                       ((carry
                                                                                               h)
                                                                                             +
                                                                                             x1)
                                                                                         +
                                                                                         x2
                                                                                       ]
                                                                                   @
                                                                                   ([
                                                                                           ((remain
                                                                                                   h)
                                                                                                 +
                                                                                                 x1)
                                                                                             +
                                                                                             x2
                                                                                           ]
                                                                                       @
                                                                                       t))))) in let
        base
        =
        0, []
        in
        let args = (List.rev (List.combine l1 l2)) in
        (List.fold_left f base  args) in (< (add (padZero l1 l2))) ;; 
==============================
