------------------------------------------------------------------
File "2752.ml", line 11, characters 23-24:
This expression has type 'a -> int list -> string list
but is here used with type int
Relevant code: x
------------------------------------------------------------------
File "2752.ml", line 11, characters 13-22:
Try replacing
    remainder
with
    h
of type
    ('b -> int list -> string list) -> int list -> 'c
within context
    fun l -> (match (List.rev l) with 
              | [] -> []
              | h :: t -> [(h x y)] @ (mulByDigit i t))
==============================
File "2752.ml", line 11, characters 13-22:
Try replacing
    remainder
with
    i
of type
    ('d -> int list -> string list) -> int list -> 'e
within context
    fun l -> (match (List.rev l) with 
              | [] -> []
              | h :: t -> [(i x y)] @ (mulByDigit i t))
==============================
