------------------------------------------------------------------
File "2776.ml", line 40, characters 53-60:
This expression is not a function, it cannot be applied
Relevant code: (i - 1)
------------------------------------------------------------------
Triaged the following locations:
File "2776.ml", line 40, characters 32-38:
And modified the following location:
File "2776.ml", line 40, characters 53-60:
Your code has several type errors.  The following subexpressions are type-correct on their own, but do not fit with the rest of the program:
    bigAdd
If you ignore other surrounding code, try replacing
    i - 1
with
    i - 1; [[...]]
The actual replacement has type
    'f -> int
within context
    let rec mulByDigit i l = (match i with 
                              | 0 -> []
                              | _ ->
                                ((bigAdd; [[...]])
                                    ((mulByDigit ((i - 1; [[...]]) l)) l))) ;; 
==============================
Triaged the following locations:
File "2776.ml", line 40, characters 32-38:
And modified the following location:
File "2776.ml", line 40, characters 61-62:
Your code has several type errors.  The following subexpressions are type-correct on their own, but do not fit with the rest of the program:
    bigAdd
If you ignore other surrounding code, try replacing
    ((i - 1) l)
with
    i - 1
The actual replacement has type
    int
within context
    let rec mulByDigit i l = (match i with 
                              | 0 -> []
                              | _ ->
                                ((bigAdd; [[...]]) ((mulByDigit (i - 1)) l))) ;; 
==============================
