------------------------------------------------------------------
File "2919.ml", line 6, characters 28-50:
This expression has type (('a -> 'a) * bool) * 'a but is here used with type
  ('b -> 'b * bool) * 'b
Relevant code: ((f, (b != (f b))), b)
------------------------------------------------------------------
File "2919.ml", line 6, characters 21-27:
Try replacing
    wwhile
with
    =
of type
    (('c -> 'c) * bool) * 'c -> (('c -> 'c) * bool) * 'c -> bool
within context
    let fixpoint (f, b) = (= ((f, b != (f b)), b)) ;; 
==============================
File "2919.ml", line 6, characters 21-27:
Try replacing
    wwhile
with
    !=
of type
    (('d -> 'd) * bool) * 'd -> (('d -> 'd) * bool) * 'd -> bool
within context
    let fixpoint (f, b) = (!= ((f, b != (f b)), b)) ;; 
==============================
