------------------------------------------------------------------
File "2923.ml", line 6, characters 28-37:
This expression has type bool * 'a but is here used with type
  ('b -> 'b * bool) * 'b
Relevant code: (true, b)
------------------------------------------------------------------
File "2923.ml", line 6, characters 29-36:
Try replacing
    true, b
with
    b, true
of type
    (bool -> bool * bool) * bool
within context
    let fixpoint (f, b) = (wwhile (b, true)) ;; 
==============================
File "2923.ml", line 6, characters 21-27:
Try replacing
    wwhile
with
    =
of type
    bool * 'c -> bool * 'c -> bool
within context
    let fixpoint (f, b) = (= (true, b)) ;; 
==============================
File "2923.ml", line 6, characters 21-27:
Try replacing
    wwhile
with
    f
of type
    bool * 'd -> 'e
within context
    let fixpoint (f, b) = (f (true, b)) ;; 
==============================
