------------------------------------------------------------------
File "3030.ml", line 18, characters 33-34:
This expression has type int * int -> int * int -> (int * int) list
but is here used with type int * int -> int * int -> int * int
Relevant code: f
------------------------------------------------------------------
File "3030.ml", line 18, characters 18-32:
Try replacing
    List.fold_left
with
    List.fold_left; [[...]]
of type
    (int * int -> int * int -> (int * int) list) ->
    int * int -> ('a * 'b) list -> 'c * 'd
within context
    let f a x =
      let (num1, num2) = x in [(num1 + num2) / 10, (mod (num1 + num2) 10) ; a]
      in
      let base = 0, 0 in
      let args = (List.combine l1 l2) in
      let (_, res) = ((List.fold_left; [[...]]) f base  args) in res
==============================
