------------------------------------------------------------------
File "3032.ml", line 18, characters 11-57:
This expression has type int * int list but is here used with type int
Relevant code: (0, ((((num1 + num2) + carry) mod 10) :: sum))
------------------------------------------------------------------
File "3032.ml", line 17, characters 11-12:
Try replacing
    1
with
    1; [[...]]
of type
    int * int list
within context
    fun a
      x ->
        (let (num1, num2) = x in
            let (carry, sum) = a in
            (if ((num1 + num2) + carry >= 10) then (1; [[...]]) else
                0, (mod ((num1 + num2) + carry) 10) :: sum))
==============================
