------------------------------------------------------------------
File "3106.ml", line 4, characters 28-40:
This expression has type bool * 'a but is here used with type
  ('b -> 'b * bool) * 'b
Relevant code: ((not f), b)
------------------------------------------------------------------
File "3106.ml", line 4, characters 29-39:
Try replacing
    (not f), b
with
    b, (not f)
of type
    (bool -> bool * bool) * bool
within context
    let fixpoint (f, b) = (wwhile (b, (not f))) ;; 
==============================
File "3106.ml", line 4, characters 30-33:
Try replacing
    not
with
    wwhile
of type
    (('c -> 'c * bool) -> ('c -> 'c * bool) * bool) * ('c -> 'c * bool) ->
    'c -> 'c * bool
within context
    let fixpoint (f, b) = (wwhile ((wwhile f), b)) ;; 
==============================
