------------------------------------------------------------------
File "3107.ml", line 5, characters 61-72:
This expression has type ('a -> bool) * 'b but is here used with type
  ('a -> 'a * bool) * 'a
Relevant code: (helper, b)
------------------------------------------------------------------
File "3107.ml", line 5, characters 62-71:
Try replacing
    helper, b
with
    b, helper
of type
    (('c -> bool) -> ('c -> bool) * bool) * ('c -> bool)
within context
    let fixpoint (f, b) =
    let helper b = (if (f b) = b then false else true) in (wwhile (b, helper))
    ;; 
==============================
File "3107.ml", line 5, characters 54-60:
Try replacing
    wwhile
with
    =
of type
    ('d -> bool) * 'e -> ('d -> bool) * 'e -> bool
within context
    let fixpoint (f, b) =
    let helper b = (if (f b) = b then false else true) in (= (helper, b))
    ;; 
==============================
