------------------------------------------------------------------
File "3120.ml", line 43, characters 19-36:
This expression has type expr but is here used with type unit
Relevant code: (build (rand, d))
------------------------------------------------------------------
File "3120.ml", line 43, characters 12-18:
Try replacing
    buildX
with
    buildSine
of type
    expr -> expr
within context
    (if depth = 0 then (let r = (rand (0, 2)) in (match r with 
                                                  | 0 -> (buildX ())
                                                  | 1 ->
                                                    (buildY
                                                        ()))) else (let r =
          (rand (0, 11))
          in
          let d = depth - 1 in (match r with 
                                | 0 ->
                                  (buildAverage
                                      ((build (rand, d)), (build (rand, d))))
                                | 1 -> (buildCosine (build (rand, d)))
                                | 2 -> (buildSine (build (rand, d)))
                                | 3 ->
                                  (buildTimes
                                      ((build (rand, d)), (build (rand, d))))
                                | 4 ->
                                  (buildThresh
                                      ((build (rand, d)),
                                          (build (rand, d)),
                                          (build (rand, d)), (build (rand, d))))
                                | 5 ->
                                  (buildTimes
                                      ((build (rand, d)), (build (rand, d))))
                                | 6 -> (buildSine (build (rand, d)))
                                | 7 -> (buildCosine (build (rand, d)))
                                | 8 -> (buildSine (build (rand, d)))
                                | 9 -> (buildSine (build (rand, d)))
                                | 10 -> (buildCosine (build (rand, d))))))
==============================
