------------------------------------------------------------------
File "3128.ml", line 6, characters 9-77:
This expression has type ('a * bool) * 'a but is here used with type
  ('b -> 'b * bool) * 'b
Relevant code: ((match b with | b' -> if b = b' then (b, false) else (b, true)), b)
------------------------------------------------------------------
File "3128.ml", line 6, characters 2-8:
Try replacing
    wwhile
with
    =
of type
    ('c * bool) * 'c -> ('c * bool) * 'c -> bool
within context
    let fixpoint (f, b) = (= ((match b with 
                               | b' ->
                                 (if b = b' then b, false else b, true)), b)) ;; 
==============================
File "3128.ml", line 6, characters 2-8:
Try replacing
    wwhile
with
    f
of type
    ('d * bool) * 'd -> 'e
within context
    let fixpoint (f, b) = (f ((match b with 
                               | b' ->
                                 (if b = b' then b, false else b, true)), b)) ;; 
==============================
