------------------------------------------------------------------
File "3133.ml", line 28, characters 37-40:
This expression has type float but is here used with type int
Relevant code: 1.0
------------------------------------------------------------------
Triaged the following locations:
File "3133.ml", line 20, characters 17-46:
File "3133.ml", line 21, characters 23-70:
File "3133.ml", line 22, characters 21-59:
File "3133.ml", line 24, characters 6-100:
File "3133.ml", line 28, characters 6-70:
File "3133.ml", line 30, characters 6-210:
And modified the following location:
File "3133.ml", line 19, characters 27-31:
Your code has several type errors.  If you ignore other surrounding code, try replacing
    eval
with
    eval
The actual replacement has type
    expr * float * float -> float
within context
    let rec eval (e, x, y) = (match e with 
                              | VarX -> x
                              | VarY -> y
                              | Sine e1 -> (sin (pi *. (eval (e1, x, y))))
                              | Cosine e1 -> [[...other program...]]
                              | Average (e1, e2) -> [[...other program...]]
                              | Times (e1, e2) -> [[...other program...]]
                              | Thresh (e1, e2, e3, e4) -> [[...other program...]]
                              | OneOver e -> [[...other program...]]
                              | OneOverAvg (e1, e2, e3) ->
                                [[...other program...]]) ;; 
==============================
Triaged the following locations:
File "3133.ml", line 20, characters 17-46:
File "3133.ml", line 21, characters 23-70:
File "3133.ml", line 22, characters 21-59:
File "3133.ml", line 24, characters 6-100:
File "3133.ml", line 28, characters 6-70:
File "3133.ml", line 30, characters 6-210:
And modified the following location:
File "3133.ml", line 19, characters 33-35:
Your code has several type errors.  If you ignore other surrounding code, try replacing
    e1
with
    e
The actual replacement has type
    expr * float * float
within context
    let rec eval (e, x, y) = (match e with 
                              | VarX -> x
                              | VarY -> y
                              | Sine e1 -> (sin (pi *. (eval (e, x, y))))
                              | Cosine e1 -> [[...other program...]]
                              | Average (e1, e2) -> [[...other program...]]
                              | Times (e1, e2) -> [[...other program...]]
                              | Thresh (e1, e2, e3, e4) -> [[...other program...]]
                              | OneOver e -> [[...other program...]]
                              | OneOverAvg (e1, e2, e3) ->
                                [[...other program...]]) ;; 
==============================
Triaged the following locations:
File "3133.ml", line 20, characters 17-46:
File "3133.ml", line 21, characters 23-70:
File "3133.ml", line 22, characters 21-59:
File "3133.ml", line 24, characters 6-100:
File "3133.ml", line 28, characters 6-70:
File "3133.ml", line 30, characters 6-210:
And modified the following location:
File "3133.ml", line 19, characters 20-22:
Your code has several type errors.  If you ignore other surrounding code, try replacing
    pi
with
    y
The actual replacement has type
    float
within context
    let rec eval (e, x, y) = (match e with 
                              | VarX -> x
                              | VarY -> y
                              | Sine e1 -> (sin (y *. (eval (e1, x, y))))
                              | Cosine e1 -> [[...other program...]]
                              | Average (e1, e2) -> [[...other program...]]
                              | Times (e1, e2) -> [[...other program...]]
                              | Thresh (e1, e2, e3, e4) -> [[...other program...]]
                              | OneOver e -> [[...other program...]]
                              | OneOverAvg (e1, e2, e3) ->
                                [[...other program...]]) ;; 
==============================
Triaged the following locations:
File "3133.ml", line 20, characters 17-46:
File "3133.ml", line 21, characters 23-70:
File "3133.ml", line 22, characters 21-59:
File "3133.ml", line 24, characters 6-100:
File "3133.ml", line 28, characters 6-70:
File "3133.ml", line 30, characters 6-210:
And modified the following location:
File "3133.ml", line 19, characters 20-22:
Your code has several type errors.  If you ignore other surrounding code, try replacing
    pi
with
    pi
The actual replacement has type
    float
within context
    let rec eval (e, x, y) = (match e with 
                              | VarX -> x
                              | VarY -> y
                              | Sine e1 -> (sin (pi *. (eval (e1, x, y))))
                              | Cosine e1 -> [[...other program...]]
                              | Average (e1, e2) -> [[...other program...]]
                              | Times (e1, e2) -> [[...other program...]]
                              | Thresh (e1, e2, e3, e4) -> [[...other program...]]
                              | OneOver e -> [[...other program...]]
                              | OneOverAvg (e1, e2, e3) ->
                                [[...other program...]]) ;; 
==============================
Triaged the following locations:
File "3133.ml", line 20, characters 17-46:
File "3133.ml", line 21, characters 23-70:
File "3133.ml", line 22, characters 21-59:
File "3133.ml", line 24, characters 6-100:
File "3133.ml", line 28, characters 6-70:
File "3133.ml", line 30, characters 6-210:
And modified the following location:
File "3133.ml", line 19, characters 20-22:
Your code has several type errors.  If you ignore other surrounding code, try replacing
    pi
with
    x
The actual replacement has type
    float
within context
    let rec eval (e, x, y) = (match e with 
                              | VarX -> x
                              | VarY -> y
                              | Sine e1 -> (sin (x *. (eval (e1, x, y))))
                              | Cosine e1 -> [[...other program...]]
                              | Average (e1, e2) -> [[...other program...]]
                              | Times (e1, e2) -> [[...other program...]]
                              | Thresh (e1, e2, e3, e4) -> [[...other program...]]
                              | OneOver e -> [[...other program...]]
                              | OneOverAvg (e1, e2, e3) ->
                                [[...other program...]]) ;; 
==============================
Triaged the following locations:
File "3133.ml", line 20, characters 17-46:
File "3133.ml", line 21, characters 23-70:
File "3133.ml", line 22, characters 21-59:
File "3133.ml", line 24, characters 6-100:
File "3133.ml", line 28, characters 6-70:
File "3133.ml", line 30, characters 6-210:
And modified the following location:
File "3133.ml", line 19, characters 27-42:
Your code has several type errors.  If you ignore other surrounding code, try replacing
    (eval (e1, x, y))
with
    (eval ((e1, x, y)))
The actual replacement has type
    float
within context
    let rec eval (e, x, y) = (match e with 
                              | VarX -> x
                              | VarY -> y
                              | Sine e1 -> (sin (pi *. (eval ((e1, x, y)))))
                              | Cosine e1 -> [[...other program...]]
                              | Average (e1, e2) -> [[...other program...]]
                              | Times (e1, e2) -> [[...other program...]]
                              | Thresh (e1, e2, e3, e4) -> [[...other program...]]
                              | OneOver e -> [[...other program...]]
                              | OneOverAvg (e1, e2, e3) ->
                                [[...other program...]]) ;; 
==============================
Triaged the following locations:
File "3133.ml", line 20, characters 17-46:
File "3133.ml", line 21, characters 23-70:
File "3133.ml", line 22, characters 21-59:
File "3133.ml", line 24, characters 6-100:
File "3133.ml", line 28, characters 6-70:
File "3133.ml", line 30, characters 6-210:
And modified the following location:
File "3133.ml", line 19, characters 40-41:
Your code has several type errors.  If you ignore other surrounding code, try replacing
    y
with
    x
The actual replacement has type
    expr * float * float
within context
    let rec eval (e, x, y) = (match e with 
                              | VarX -> x
                              | VarY -> y
                              | Sine e1 -> (sin (pi *. (eval (e1, x, x))))
                              | Cosine e1 -> [[...other program...]]
                              | Average (e1, e2) -> [[...other program...]]
                              | Times (e1, e2) -> [[...other program...]]
                              | Thresh (e1, e2, e3, e4) -> [[...other program...]]
                              | OneOver e -> [[...other program...]]
                              | OneOverAvg (e1, e2, e3) ->
                                [[...other program...]]) ;; 
==============================
Triaged the following locations:
File "3133.ml", line 20, characters 17-46:
File "3133.ml", line 21, characters 23-70:
File "3133.ml", line 22, characters 21-59:
File "3133.ml", line 24, characters 6-100:
File "3133.ml", line 28, characters 6-70:
File "3133.ml", line 30, characters 6-210:
And modified the following location:
File "3133.ml", line 19, characters 37-38:
Your code has several type errors.  If you ignore other surrounding code, try replacing
    x
with
    y
The actual replacement has type
    expr * float * float
within context
    let rec eval (e, x, y) = (match e with 
                              | VarX -> x
                              | VarY -> y
                              | Sine e1 -> (sin (pi *. (eval (e1, y, y))))
                              | Cosine e1 -> [[...other program...]]
                              | Average (e1, e2) -> [[...other program...]]
                              | Times (e1, e2) -> [[...other program...]]
                              | Thresh (e1, e2, e3, e4) -> [[...other program...]]
                              | OneOver e -> [[...other program...]]
                              | OneOverAvg (e1, e2, e3) ->
                                [[...other program...]]) ;; 
==============================
Triaged the following locations:
File "3133.ml", line 20, characters 17-46:
File "3133.ml", line 21, characters 23-70:
File "3133.ml", line 22, characters 21-59:
File "3133.ml", line 24, characters 6-100:
File "3133.ml", line 28, characters 6-70:
File "3133.ml", line 30, characters 6-210:
And modified the following location:
File "3133.ml", line 19, characters 33-35:
Your code has several type errors.  If you ignore other surrounding code, try replacing
    e1
with
    e1
The actual replacement has type
    expr * float * float
within context
    let rec eval (e, x, y) = (match e with 
                              | VarX -> x
                              | VarY -> y
                              | Sine e1 -> (sin (pi *. (eval (e1, x, y))))
                              | Cosine e1 -> [[...other program...]]
                              | Average (e1, e2) -> [[...other program...]]
                              | Times (e1, e2) -> [[...other program...]]
                              | Thresh (e1, e2, e3, e4) -> [[...other program...]]
                              | OneOver e -> [[...other program...]]
                              | OneOverAvg (e1, e2, e3) ->
                                [[...other program...]]) ;; 
==============================
Triaged the following locations:
File "3133.ml", line 20, characters 17-46:
File "3133.ml", line 21, characters 23-70:
File "3133.ml", line 22, characters 21-59:
File "3133.ml", line 24, characters 6-100:
File "3133.ml", line 28, characters 6-70:
File "3133.ml", line 30, characters 6-210:
And modified the following location:
File "3133.ml", line 19, characters 37-38:
Your code has several type errors.  If you ignore other surrounding code, try replacing
    x
with
    x
The actual replacement has type
    expr * float * float
within context
    let rec eval (e, x, y) = (match e with 
                              | VarX -> x
                              | VarY -> y
                              | Sine e1 -> (sin (pi *. (eval (e1, x, y))))
                              | Cosine e1 -> [[...other program...]]
                              | Average (e1, e2) -> [[...other program...]]
                              | Times (e1, e2) -> [[...other program...]]
                              | Thresh (e1, e2, e3, e4) -> [[...other program...]]
                              | OneOver e -> [[...other program...]]
                              | OneOverAvg (e1, e2, e3) ->
                                [[...other program...]]) ;; 
==============================
Triaged the following locations:
File "3133.ml", line 20, characters 17-46:
File "3133.ml", line 21, characters 23-70:
File "3133.ml", line 22, characters 21-59:
File "3133.ml", line 24, characters 6-100:
File "3133.ml", line 28, characters 6-70:
File "3133.ml", line 30, characters 6-210:
And modified the following location:
File "3133.ml", line 19, characters 33-38:
Your code has several type errors.  If you ignore other surrounding code, try replacing
    e1, x, y
with
    e1, x, y
The actual replacement has type
    expr * float * float
within context
    let rec eval (e, x, y) = (match e with 
                              | VarX -> x
                              | VarY -> y
                              | Sine e1 -> (sin (pi *. (eval (e1, x, y))))
                              | Cosine e1 -> [[...other program...]]
                              | Average (e1, e2) -> [[...other program...]]
                              | Times (e1, e2) -> [[...other program...]]
                              | Thresh (e1, e2, e3, e4) -> [[...other program...]]
                              | OneOver e -> [[...other program...]]
                              | OneOverAvg (e1, e2, e3) ->
                                [[...other program...]]) ;; 
==============================
Triaged the following locations:
File "3133.ml", line 20, characters 17-46:
File "3133.ml", line 21, characters 23-70:
File "3133.ml", line 22, characters 21-59:
File "3133.ml", line 24, characters 6-100:
File "3133.ml", line 28, characters 6-70:
File "3133.ml", line 30, characters 6-210:
And modified the following location:
File "3133.ml", line 19, characters 40-41:
Your code has several type errors.  If you ignore other surrounding code, try replacing
    y
with
    y
The actual replacement has type
    expr * float * float
within context
    let rec eval (e, x, y) = (match e with 
                              | VarX -> x
                              | VarY -> y
                              | Sine e1 -> (sin (pi *. (eval (e1, x, y))))
                              | Cosine e1 -> [[...other program...]]
                              | Average (e1, e2) -> [[...other program...]]
                              | Times (e1, e2) -> [[...other program...]]
                              | Thresh (e1, e2, e3, e4) -> [[...other program...]]
                              | OneOver e -> [[...other program...]]
                              | OneOverAvg (e1, e2, e3) ->
                                [[...other program...]]) ;; 
==============================
Triaged the following locations:
File "3133.ml", line 20, characters 17-46:
File "3133.ml", line 21, characters 23-70:
File "3133.ml", line 22, characters 21-59:
File "3133.ml", line 24, characters 6-100:
File "3133.ml", line 28, characters 6-70:
File "3133.ml", line 30, characters 6-210:
And modified the following location:
File "3133.ml", line 19, characters 37-41:
Your code has several type errors.  If you ignore other surrounding code, try replacing
    e1, x, y
with
    e1, y, x
The actual replacement has type
    expr * float * float
within context
    let rec eval (e, x, y) = (match e with 
                              | VarX -> x
                              | VarY -> y
                              | Sine e1 -> (sin (pi *. (eval (e1, y, x))))
                              | Cosine e1 -> [[...other program...]]
                              | Average (e1, e2) -> [[...other program...]]
                              | Times (e1, e2) -> [[...other program...]]
                              | Thresh (e1, e2, e3, e4) -> [[...other program...]]
                              | OneOver e -> [[...other program...]]
                              | OneOverAvg (e1, e2, e3) ->
                                [[...other program...]]) ;; 
==============================
Triaged the following locations:
File "3133.ml", line 20, characters 17-46:
File "3133.ml", line 21, characters 23-70:
File "3133.ml", line 22, characters 21-59:
File "3133.ml", line 24, characters 6-100:
File "3133.ml", line 28, characters 6-70:
File "3133.ml", line 30, characters 6-210:
And modified the following location:
File "3133.ml", line 19, characters 15-18:
Your code has several type errors.  If you ignore other surrounding code, try replacing
    sin
with
    sin
The actual replacement has type
    float -> float
within context
    let rec eval (e, x, y) = (match e with 
                              | VarX -> x
                              | VarY -> y
                              | Sine e1 -> (sin (pi *. (eval (e1, x, y))))
                              | Cosine e1 -> [[...other program...]]
                              | Average (e1, e2) -> [[...other program...]]
                              | Times (e1, e2) -> [[...other program...]]
                              | Thresh (e1, e2, e3, e4) -> [[...other program...]]
                              | OneOver e -> [[...other program...]]
                              | OneOverAvg (e1, e2, e3) ->
                                [[...other program...]]) ;; 
==============================
Triaged the following locations:
File "3133.ml", line 20, characters 17-46:
File "3133.ml", line 21, characters 23-70:
File "3133.ml", line 22, characters 21-59:
File "3133.ml", line 24, characters 6-100:
File "3133.ml", line 28, characters 6-70:
File "3133.ml", line 30, characters 6-210:
And modified the following location:
File "3133.ml", line 19, characters 15-18:
Your code has several type errors.  If you ignore other surrounding code, try replacing
    sin
with
    cos
The actual replacement has type
    float -> float
within context
    let rec eval (e, x, y) = (match e with 
                              | VarX -> x
                              | VarY -> y
                              | Sine e1 -> (cos (pi *. (eval (e1, x, y))))
                              | Cosine e1 -> [[...other program...]]
                              | Average (e1, e2) -> [[...other program...]]
                              | Times (e1, e2) -> [[...other program...]]
                              | Thresh (e1, e2, e3, e4) -> [[...other program...]]
                              | OneOver e -> [[...other program...]]
                              | OneOverAvg (e1, e2, e3) ->
                                [[...other program...]]) ;; 
==============================
