------------------------------------------------------------------
File "3138.ml", line 5, characters 28-73:
This expression should not be a function, the expected type is
('a -> 'a * bool) * 'a
Relevant code: (fun x  -> let b = f b in ((b, (b != b)), b))
------------------------------------------------------------------
File "3138.ml", line 5, characters 21-27:
Try replacing
    wwhile
with
    =
of type
    ('b -> ('c * bool) * 'c) -> ('b -> ('c * bool) * 'c) -> bool
within context
    let fixpoint (f, b) = (= (fun x -> (let b = (f b) in (b, b != b), b))) ;; 
==============================
File "3138.ml", line 5, characters 21-27:
Try replacing
    wwhile
with
    f
of type
    ('d -> ('e * bool) * 'e) -> 'e
within context
    let fixpoint (f, b) = (f (fun x -> (let b = (f b) in (b, b != b), b))) ;; 
==============================
File "3138.ml", line 5, characters 21-27:
Try replacing
    wwhile
with
    !=
of type
    ('f -> ('g * bool) * 'g) -> ('f -> ('g * bool) * 'g) -> bool
within context
    let fixpoint (f, b) = (!= (fun x -> (let b = (f b) in (b, b != b), b))) ;; 
==============================
File "3138.ml", line 5, characters 21-27:
Try replacing
    wwhile
with
    b
of type
    ('h -> ('i * bool) * 'i) -> 'j
within context
    let fixpoint (f, b) = (b (fun x -> (let b = (f b) in (b, b != b), b))) ;; 
==============================
