------------------------------------------------------------------
File "3139.ml", line 5, characters 44-62:
This expression has type ('a * bool) * 'a but is here used with type
  ('b -> 'b * bool) * 'b
Relevant code: ((b, (b != b)), b)
------------------------------------------------------------------
File "3139.ml", line 5, characters 21-27:
Try replacing
    wwhile
with
    =
of type
    ('c * bool) * 'c -> ('c * bool) * 'c -> bool
within context
    let fixpoint (f, b) = (= (let b = (f b) in (b, b != b), b)) ;; 
==============================
File "3139.ml", line 5, characters 21-27:
Try replacing
    wwhile
with
    f
of type
    ('d * bool) * 'd -> 'd
within context
    let fixpoint (f, b) = (f (let b = (f b) in (b, b != b), b)) ;; 
==============================
File "3139.ml", line 5, characters 21-27:
Try replacing
    wwhile
with
    b
of type
    ('e * bool) * 'e -> 'f
within context
    let fixpoint (f, b) = (b (let b = (f b) in (b, b != b), b)) ;; 
==============================
File "3139.ml", line 5, characters 21-27:
Try replacing
    wwhile
with
    !=
of type
    ('g * bool) * 'g -> ('g * bool) * 'g -> bool
within context
    let fixpoint (f, b) = (!= (let b = (f b) in (b, b != b), b)) ;; 
==============================
