------------------------------------------------------------------
File "3226.ml", line 3, characters 2-96:
This expression has type int list but is here used with type int
Relevant code: match l with
  | [] -> []
  | x::x' -> [(x * i) / 10] @ [((x * i) mod 10) + (mulByDigit i x')]
------------------------------------------------------------------
File "3226.ml", line 2, characters 19-121:
Try replacing
    fun i l -> (match l with 
                | [] -> []
                | x :: x' ->
                  [(x * i) / 10] @ [(mod (x * i) 10) + (mulByDigit i x')])
with
    fun i l -> (match l with 
                | [] -> []
                | x :: x' ->
                  [(x * i) / 10] @ [(mod (x * i) 10) + (mulByDigit i x')]); [[...]]
of type
    int -> int list -> int
==============================
