------------------------------------------------------------------
File "3234.ml", line 32, characters 41-72:
This expression has type int list * int list but is here used with type
  int list
Relevant code: bigAdd l (mulByDigit (i - 1) l)
------------------------------------------------------------------
File "3234.ml", line 32, characters 41-72:
Try replacing
    (bigAdd l (mulByDigit (i - 1) l))
with
    (bigAdd l (mulByDigit (i - 1) l)); [[...]]
of type
    int list
within context
    let rec mulByDigit i l = (match i with 
                              | 0 -> []
                              | 1 -> l
                              | _ ->
                                ((bigAdd l (mulByDigit (i - 1) l)); [[...]])) ;; 
==============================
