------------------------------------------------------------------
File "3235.ml", line 10, characters 54-71:
This expression has type int list but is here used with type
  'a list * int list
Relevant code: clone 0 (s2 - s1)
------------------------------------------------------------------
File "3235.ml", line 10, characters 54-71:
Try replacing
    (clone 0 (s2 - s1))
with
    (clone 0 (s2 - s1)); [[...]]
of type
    'b list * int list
within context
    fun l2 ->
      (let s1 = (List.length l1) in
          let s2 = (List.length l2) in
          (if s1 = s2 then l1, l2 else
              (if s1 > s2 then l1, (clone 0 (s1 - s2)) else
                ((clone 0 (s2 - s1)); [[...]]))))
==============================
