(16,33)-(16,51)
(17,44)-(17,45)
(20,18)-(20,44)
(16,50)-(16,51)
(17,44)-(17,45)
(20,18)-(20,44)
(18,15)-(18,17)
(16,33)-(16,51)
(17,34)-(17,45)
(16,50)-(16,51)
(17,34)-(17,45)
(20,35)-(20,39)
(16,33)-(16,51)
(17,34)-(17,45)
(20,18)-(20,44)
(18,15)-(18,17)
(16,50)-(16,51)
(17,44)-(17,45)
(16,50)-(16,51)
(17,34)-(17,45)
(20,18)-(20,44)
(16,33)-(16,51)
(17,44)-(17,45)
(20,35)-(20,39)
(18,15)-(18,17)
(16,50)-(16,51)
(17,34)-(17,45)
(16,50)-(16,51)
(17,44)-(17,45)
(20,35)-(20,39)
(16,33)-(16,51)
(17,34)-(17,45)
(20,35)-(20,39)
(18,15)-(18,17)
(16,33)-(16,51)
(17,44)-(17,45)
(18,15)-(18,17)
(16,33)-(16,51)
(17,44)-(17,45)
(19,31)-(19,33)
(16,33)-(16,51)
(17,44)-(17,45)
(20,35)-(20,39)
(19,31)-(19,33)
