(9,18)-(9,19)
(8,12)-(8,40)
(8,14)-(8,27)
(9,8)-(9,38)
(9,18)-(9,19)
(8,12)-(8,40)
(8,14)-(8,27)
(9,9)-(9,32)
(9,18)-(9,19)
(8,13)-(8,34)
(8,13)-(8,34)
(9,8)-(9,38)
(9,18)-(9,19)
(8,12)-(8,40)
(8,13)-(8,34)
(9,8)-(9,38)
(9,18)-(9,19)
(8,13)-(8,34)
(8,14)-(8,27)
(9,9)-(9,32)
(9,18)-(9,19)
(8,12)-(8,40)
(8,13)-(8,34)
(9,9)-(9,32)
(9,18)-(9,19)
(8,13)-(8,34)
(8,14)-(8,27)
(9,8)-(9,38)
(9,18)-(9,19)
(8,13)-(8,34)
(8,13)-(8,34)
(9,9)-(9,32)
(9,18)-(9,19)
(8,13)-(8,34)
(8,14)-(8,27)
(9,10)-(9,15)
(9,18)-(9,19)
(8,12)-(8,40)
(8,14)-(8,27)
(9,10)-(9,15)
