(30,13)-(30,34)
(26,52)-(26,57)
(26,68)-(26,73)
(29,50)-(29,60)
(26,52)-(26,53)
(26,68)-(26,73)
(30,13)-(30,34)
(26,52)-(26,57)
(26,68)-(26,69)
(30,13)-(30,34)
(26,52)-(26,53)
(26,68)-(26,69)
(30,13)-(30,34)
(26,52)-(26,53)
(26,68)-(26,73)
(30,2)-(30,34)
(26,52)-(26,57)
(26,68)-(26,73)
(30,2)-(30,34)
(26,52)-(26,53)
(26,68)-(26,69)
(30,2)-(30,34)
(26,52)-(26,57)
(26,68)-(26,69)
(29,50)-(29,60)
(26,52)-(26,53)
(26,68)-(26,69)
(29,50)-(29,60)
(26,52)-(26,57)
(26,68)-(26,73)
(29,50)-(29,60)
(26,52)-(26,57)
(26,68)-(26,69)
(30,2)-(30,34)
(26,52)-(26,53)
(26,68)-(26,73)
(26,52)-(26,53)
(26,68)-(26,73)
(30,2)-(30,12)
(26,52)-(26,57)
(26,68)-(26,73)
(30,2)-(30,12)
