(8,7)-(8,31)
(9,24)-(9,49)
(9,24)-(9,49)
(8,26)-(8,30)
(8,22)-(8,25)
(9,24)-(9,49)
(9,24)-(9,49)
(8,26)-(8,30)
(8,22)-(8,25)
(9,24)-(9,49)
(9,24)-(9,44)
(8,26)-(8,30)
(8,7)-(8,31)
(9,24)-(9,49)
(9,24)-(9,44)
(8,7)-(8,31)
(9,24)-(9,49)
(9,24)-(9,44)
(8,7)-(8,31)
(8,22)-(8,25)
(9,24)-(9,49)
(9,24)-(9,44)
(8,7)-(8,31)
(8,7)-(8,31)
(9,24)-(9,49)
(9,24)-(9,44)
(8,26)-(8,30)
(8,22)-(8,25)
(9,24)-(9,49)
(9,24)-(9,49)
(8,7)-(8,31)
(9,24)-(9,49)
(9,24)-(9,49)
(8,7)-(8,31)
(8,7)-(8,31)
(9,24)-(9,49)
(9,24)-(9,49)
(8,7)-(8,31)
(9,24)-(9,49)
(9,24)-(9,44)
(8,8)-(8,19)
(9,24)-(9,49)
(9,24)-(9,49)
(8,8)-(8,19)
