(5,28)-(5,30)
(5,34)-(5,50)
(7,41)-(7,44)
(8,40)-(8,50)
(7,17)-(7,31)
(5,28)-(5,30)
(5,47)-(5,49)
(8,40)-(8,50)
(8,18)-(8,36)
(5,15)-(5,31)
(5,34)-(5,50)
(7,40)-(7,50)
(5,15)-(5,31)
(5,34)-(5,50)
(7,40)-(7,50)
(8,40)-(8,50)
(7,17)-(7,31)
(5,15)-(5,31)
(5,47)-(5,49)
(8,40)-(8,50)
(8,18)-(8,36)
(5,28)-(5,30)
(5,47)-(5,49)
(7,40)-(7,50)
(5,28)-(5,30)
(5,47)-(5,49)
(7,41)-(7,44)
(8,41)-(8,44)
(8,18)-(8,36)
(5,28)-(5,30)
(5,34)-(5,50)
(7,40)-(7,50)
(5,15)-(5,31)
(5,34)-(5,50)
(7,41)-(7,44)
(8,40)-(8,50)
(8,18)-(8,36)
(5,28)-(5,30)
(5,34)-(5,50)
(7,41)-(7,44)
(5,15)-(5,31)
(5,34)-(5,50)
(7,41)-(7,44)
(8,41)-(8,44)
(5,28)-(5,30)
(5,47)-(5,49)
(7,40)-(7,50)
(8,41)-(8,44)
(5,15)-(5,31)
(5,34)-(5,50)
(7,40)-(7,50)
(8,41)-(8,44)
(7,17)-(7,31)
(5,28)-(5,30)
(5,34)-(5,50)
(8,41)-(8,44)
(7,17)-(7,31)
(5,28)-(5,30)
(5,47)-(5,49)
(8,41)-(8,44)
(5,15)-(5,31)
(5,47)-(5,49)
(7,41)-(7,44)
(8,41)-(8,44)
(7,17)-(7,31)
(5,15)-(5,31)
(5,47)-(5,49)
(8,41)-(8,44)
(5,28)-(5,30)
(5,47)-(5,49)
(7,40)-(7,50)
(8,40)-(8,50)
(7,17)-(7,31)
(5,15)-(5,31)
(5,34)-(5,50)
(8,40)-(8,50)
(7,17)-(7,31)
(5,28)-(5,30)
(5,34)-(5,50)
(8,40)-(8,50)
(8,18)-(8,36)
(5,28)-(5,30)
(5,47)-(5,49)
(7,41)-(7,44)
(5,15)-(5,31)
(5,47)-(5,49)
(7,40)-(7,50)
(8,40)-(8,50)
(8,18)-(8,36)
(5,15)-(5,31)
(5,47)-(5,49)
(7,40)-(7,50)
(5,28)-(5,30)
(5,34)-(5,50)
(7,41)-(7,44)
(8,41)-(8,44)
(7,17)-(7,31)
(8,18)-(8,36)
(5,28)-(5,30)
(5,34)-(5,50)
(5,28)-(5,30)
(5,34)-(5,50)
(7,40)-(7,50)
(8,40)-(8,50)
(5,15)-(5,31)
(5,47)-(5,49)
(7,40)-(7,50)
(8,41)-(8,44)
(8,18)-(8,36)
(5,15)-(5,31)
(5,34)-(5,50)
(7,41)-(7,44)
(7,17)-(7,31)
(5,15)-(5,31)
(5,34)-(5,50)
(8,41)-(8,44)
(5,28)-(5,30)
(5,34)-(5,50)
(7,40)-(7,50)
(8,41)-(8,44)
(8,18)-(8,36)
(5,15)-(5,31)
(5,47)-(5,49)
(7,41)-(7,44)
(7,17)-(7,31)
(8,18)-(8,36)
(5,28)-(5,30)
(5,47)-(5,49)
(5,28)-(5,30)
(5,47)-(5,49)
(7,41)-(7,44)
(8,40)-(8,50)
(7,17)-(7,31)
(8,18)-(8,36)
(5,15)-(5,31)
(5,47)-(5,49)
(5,15)-(5,31)
(5,47)-(5,49)
(7,41)-(7,44)
(8,40)-(8,50)
(7,17)-(7,31)
(8,18)-(8,36)
(5,15)-(5,31)
(5,34)-(5,50)
(5,35)-(5,46)
(5,15)-(5,31)
(7,40)-(7,50)
(8,40)-(8,50)
(5,35)-(5,46)
(5,15)-(5,31)
(7,40)-(7,50)
(8,41)-(8,44)
