(19,24)-(19,62)
(18,17)-(18,20)
(17,19)-(17,43)
(18,22)-(18,24)
(17,15)-(17,18)
(19,24)-(19,62)
(18,17)-(18,20)
(17,20)-(17,22)
(18,22)-(18,24)
(17,15)-(17,18)
(19,24)-(19,62)
(18,17)-(18,20)
(17,20)-(17,22)
(18,21)-(18,45)
(17,15)-(17,18)
(19,24)-(19,62)
(18,17)-(18,20)
(17,19)-(17,43)
(18,21)-(18,45)
(17,15)-(17,18)
(18,17)-(18,20)
(19,23)-(19,63)
(19,24)-(19,41)
(17,19)-(17,43)
(18,22)-(18,24)
(17,15)-(17,18)
(18,17)-(18,20)
(19,23)-(19,67)
(19,24)-(19,41)
(17,19)-(17,43)
(18,22)-(18,24)
(17,15)-(17,18)
