(9,7)-(9,39)
(8,7)-(8,39)
(8,7)-(8,39)
(8,7)-(8,34)
(9,7)-(9,39)
(8,37)-(8,39)
(9,37)-(9,39)
(8,7)-(8,34)
(9,7)-(9,34)
(8,7)-(8,39)
(9,7)-(9,39)
(8,7)-(8,34)
(9,7)-(9,34)
(8,37)-(8,39)
(9,7)-(9,39)
(8,7)-(8,34)
(9,7)-(9,34)
(8,37)-(8,39)
(9,37)-(9,39)
(8,7)-(8,34)
(9,7)-(9,39)
(8,7)-(8,39)
(9,7)-(9,39)
(8,7)-(8,39)
(9,7)-(9,34)
(9,37)-(9,39)
(8,7)-(8,39)
(9,7)-(9,34)
(8,37)-(8,39)
(9,37)-(9,39)
(8,7)-(8,39)
(9,7)-(9,34)
(8,7)-(8,39)
(9,37)-(9,39)
(8,7)-(8,34)
(9,7)-(9,39)
(8,37)-(8,39)
(9,7)-(9,39)
(9,7)-(9,39)
(8,7)-(8,34)
(8,37)-(8,39)
(8,7)-(8,34)
(9,7)-(9,34)
(8,7)-(8,39)
(9,37)-(9,39)
(8,7)-(8,39)
(9,7)-(9,39)
(8,7)-(8,39)
(9,7)-(9,39)
(8,37)-(8,39)
(9,37)-(9,39)
(8,7)-(8,39)
(9,7)-(9,39)
(9,7)-(9,39)
(8,7)-(8,39)
(9,7)-(9,39)
(8,7)-(8,39)
(9,7)-(9,39)
(8,7)-(8,39)
(9,7)-(9,39)
(8,37)-(8,39)
(9,7)-(9,39)
(9,7)-(9,39)
(8,7)-(8,39)
(8,37)-(8,39)
(8,7)-(8,39)
(9,7)-(9,39)
(8,7)-(8,39)
(9,37)-(9,39)
(8,7)-(8,39)
(9,7)-(9,34)
(8,7)-(8,39)
(9,7)-(9,39)
(8,7)-(8,39)
(9,7)-(9,39)
(9,37)-(9,39)
(8,7)-(8,34)
(9,7)-(9,39)
(8,7)-(8,39)
(9,37)-(9,39)
(8,7)-(8,39)
(9,7)-(9,34)
(8,37)-(8,39)
(9,7)-(9,39)
(8,7)-(8,39)
(9,7)-(9,34)
(9,7)-(9,39)
(9,7)-(9,39)
(8,7)-(8,34)
(8,7)-(8,39)
(8,7)-(8,34)
(9,7)-(9,34)
(8,37)-(8,39)
(9,7)-(9,39)
(8,7)-(8,39)
(9,7)-(9,34)
(8,7)-(8,39)
(9,7)-(9,39)
