(26,50)-(26,63)
(29,18)-(29,44)
(28,15)-(28,28)
(26,61)-(26,62)
(29,35)-(29,39)
(28,15)-(28,28)
(26,50)-(26,63)
(29,18)-(29,44)
(29,18)-(29,44)
(26,50)-(26,63)
(29,18)-(29,44)
(29,35)-(29,39)
(26,61)-(26,62)
(29,40)-(29,44)
(29,18)-(29,44)
(27,15)-(27,17)
(26,50)-(26,63)
(29,40)-(29,44)
(27,15)-(27,17)
(26,61)-(26,62)
(29,18)-(29,44)
(26,61)-(26,62)
(29,18)-(29,44)
(29,35)-(29,39)
(27,15)-(27,17)
(26,50)-(26,63)
(28,15)-(28,28)
(26,50)-(26,63)
(29,40)-(29,44)
(29,35)-(29,39)
(27,15)-(27,17)
(26,50)-(26,63)
(29,18)-(29,44)
(26,61)-(26,62)
(29,40)-(29,44)
(29,35)-(29,39)
(27,15)-(27,17)
(26,61)-(26,62)
(28,15)-(28,28)
(26,61)-(26,62)
(29,18)-(29,44)
(28,15)-(28,28)
(26,50)-(26,63)
(29,35)-(29,39)
(28,15)-(28,28)
(26,61)-(26,62)
(29,18)-(29,44)
(29,18)-(29,44)
(26,50)-(26,63)
(29,40)-(29,44)
(29,18)-(29,44)
(27,15)-(27,17)
(26,61)-(26,62)
(29,40)-(29,44)
(27,15)-(27,17)
(26,50)-(26,63)
(28,15)-(28,28)
(27,15)-(27,17)
(26,61)-(26,62)
(28,15)-(28,28)
